

Microchip Technology PIC LITE Macro Assembler V1.35 build -356382666 
                                                                                               Mon Nov 16 19:11:34 2015

Microchip Technology Omniscient Code Generator v1.35 (Free mode) build 201507080246
     1                           	processor	16F1827
     2                           	opt	pw 120
     3                           	opt	lm
     4                           	psect	idataBANK0,global,class=CODE,delta=2
     5                           	psect	cinit,global,class=CODE,merge=1,delta=2
     6                           	psect	dataBANK0,global,class=BANK0,space=1,delta=1
     7                           	psect	inittext,global,class=CODE,delta=2
     8                           	psect	cstackCOMMON,global,class=COMMON,space=1,delta=1
     9                           	psect	cstackBANK0,global,class=BANK0,space=1,delta=1
    10                           	psect	maintext,global,class=CODE,merge=1,split=1,delta=2
    11                           	psect	text1,local,class=CODE,merge=1,delta=2
    12                           	psect	text2,local,class=CODE,merge=1,delta=2
    13                           	psect	intentry,global,class=CODE,delta=2
    14                           	dabs	1,0x7E,2
    15  0000                     	;# 
    16  0001                     	;# 
    17  0002                     	;# 
    18  0003                     	;# 
    19  0004                     	;# 
    20  0005                     	;# 
    21  0006                     	;# 
    22  0007                     	;# 
    23  0008                     	;# 
    24  0009                     	;# 
    25  000A                     	;# 
    26  000B                     	;# 
    27  000C                     	;# 
    28  000D                     	;# 
    29  0011                     	;# 
    30  0012                     	;# 
    31  0013                     	;# 
    32  0014                     	;# 
    33  0015                     	;# 
    34  0016                     	;# 
    35  0016                     	;# 
    36  0017                     	;# 
    37  0018                     	;# 
    38  0019                     	;# 
    39  001A                     	;# 
    40  001B                     	;# 
    41  001C                     	;# 
    42  001E                     	;# 
    43  001F                     	;# 
    44  008C                     	;# 
    45  008D                     	;# 
    46  0091                     	;# 
    47  0092                     	;# 
    48  0093                     	;# 
    49  0094                     	;# 
    50  0095                     	;# 
    51  0096                     	;# 
    52  0097                     	;# 
    53  0098                     	;# 
    54  0099                     	;# 
    55  009A                     	;# 
    56  009B                     	;# 
    57  009B                     	;# 
    58  009C                     	;# 
    59  009D                     	;# 
    60  009E                     	;# 
    61  010C                     	;# 
    62  010D                     	;# 
    63  0111                     	;# 
    64  0112                     	;# 
    65  0113                     	;# 
    66  0114                     	;# 
    67  0115                     	;# 
    68  0116                     	;# 
    69  0117                     	;# 
    70  0118                     	;# 
    71  0119                     	;# 
    72  011A                     	;# 
    73  011B                     	;# 
    74  011D                     	;# 
    75  011E                     	;# 
    76  018C                     	;# 
    77  018D                     	;# 
    78  0191                     	;# 
    79  0191                     	;# 
    80  0192                     	;# 
    81  0193                     	;# 
    82  0193                     	;# 
    83  0193                     	;# 
    84  0194                     	;# 
    85  0195                     	;# 
    86  0196                     	;# 
    87  0199                     	;# 
    88  019A                     	;# 
    89  019B                     	;# 
    90  019B                     	;# 
    91  019B                     	;# 
    92  019B                     	;# 
    93  019C                     	;# 
    94  019C                     	;# 
    95  019D                     	;# 
    96  019E                     	;# 
    97  019F                     	;# 
    98  020C                     	;# 
    99  020D                     	;# 
   100  0211                     	;# 
   101  0211                     	;# 
   102  0212                     	;# 
   103  0212                     	;# 
   104  0213                     	;# 
   105  0213                     	;# 
   106  0214                     	;# 
   107  0214                     	;# 
   108  0215                     	;# 
   109  0215                     	;# 
   110  0215                     	;# 
   111  0216                     	;# 
   112  0216                     	;# 
   113  0217                     	;# 
   114  0217                     	;# 
   115  0219                     	;# 
   116  021A                     	;# 
   117  021B                     	;# 
   118  021C                     	;# 
   119  021D                     	;# 
   120  021E                     	;# 
   121  021F                     	;# 
   122  0291                     	;# 
   123  0291                     	;# 
   124  0292                     	;# 
   125  0293                     	;# 
   126  0294                     	;# 
   127  0295                     	;# 
   128  0295                     	;# 
   129  0296                     	;# 
   130  0298                     	;# 
   131  0298                     	;# 
   132  0299                     	;# 
   133  029A                     	;# 
   134  029B                     	;# 
   135  029C                     	;# 
   136  029C                     	;# 
   137  029D                     	;# 
   138  029E                     	;# 
   139  029E                     	;# 
   140  0311                     	;# 
   141  0311                     	;# 
   142  0312                     	;# 
   143  0313                     	;# 
   144  0318                     	;# 
   145  0318                     	;# 
   146  0319                     	;# 
   147  031A                     	;# 
   148  0394                     	;# 
   149  0395                     	;# 
   150  0396                     	;# 
   151  039A                     	;# 
   152  039C                     	;# 
   153  039D                     	;# 
   154  039E                     	;# 
   155  039F                     	;# 
   156  0415                     	;# 
   157  0416                     	;# 
   158  0417                     	;# 
   159  041C                     	;# 
   160  041D                     	;# 
   161  041E                     	;# 
   162  0FE4                     	;# 
   163  0FE5                     	;# 
   164  0FE6                     	;# 
   165  0FE7                     	;# 
   166  0FE8                     	;# 
   167  0FE9                     	;# 
   168  0FEA                     	;# 
   169  0FEB                     	;# 
   170  0FED                     	;# 
   171  0FEE                     	;# 
   172  0FEF                     	;# 
   173                           
   174                           	psect	idataBANK0
   175  0094                     __pidataBANK0:	
   176                           
   177                           ;initializer for main@F2780
   178  0094  3448               	retlw	72
   179  0095  3465               	retlw	101
   180  0096  346C               	retlw	108
   181  0097  346C               	retlw	108
   182  0098  346F               	retlw	111
   183  0099  3420               	retlw	32
   184  009A  3457               	retlw	87
   185  009B  346F               	retlw	111
   186  009C  3472               	retlw	114
   187  009D  346C               	retlw	108
   188  009E  3464               	retlw	100
   189  009F  3421               	retlw	33
   190  00A0  3400               	retlw	0
   191  000C                     _PORTA	set	12
   192  005F                     _GIE	set	95
   193  005E                     _PEIE	set	94
   194  008D                     _RCIF	set	141
   195  0099                     _OSCCON	set	153
   196  008C                     _TRISA	set	140
   197  008D                     _TRISB	set	141
   198  048D                     _RCIE	set	1165
   199  08EF                     _RXDTSEL	set	2287
   200  08F0                     _TXCKSEL	set	2288
   201  018C                     _ANSELA	set	396
   202  018D                     _ANSELB	set	397
   203  0199                     _RCREG	set	409
   204  019D                     _RCSTA	set	413
   205  019C                     _SPBRGH	set	412
   206  019B                     _SPBRGL	set	411
   207  019A                     _TXREG	set	410
   208  019E                     _TXSTA	set	414
   209  0CFB                     _BRG16	set	3323
   210  0CEF                     _SPEN	set	3311
   211  0CF1                     _TRMT	set	3313
   212                           
   213                           ; #config settings
   214  0000                     
   215                           	psect	cinit
   216  0018                     start_initialization:	
   217  0018                     __initialization:	
   218                           
   219                           ; Initialize objects allocated to BANK0
   220  0018  3094               	movlw	low __pidataBANK0
   221  0019  0084               	movwf	4
   222  001A  3080               	movlw	(high __pidataBANK0)| (0+128)
   223  001B  0085               	movwf	5
   224  001C  302F               	movlw	low __pdataBANK0
   225  001D  0086               	movwf	6
   226  001E  3000               	movlw	high __pdataBANK0
   227  001F  0087               	movwf	7
   228  0020  300D               	movlw	13
   229  0021  3180  20A8         	fcall	init_ram
   230  0023                     end_of_initialization:	
   231                           ;End of C runtime variable initialization code
   232                           
   233  0023                     __end_of__initialization:	
   234  0023  107E               	bcf	int$flags,0	;clear compiler interrupt flag (level 1)
   235  0024  0020               	movlb	0
   236  0025  3180  2827         	ljmp	_main	;jump to C main() function
   237                           
   238                           	psect	dataBANK0
   239  002F                     __pdataBANK0:	
   240  002F                     main@F2780:	
   241  002F                     	ds	13
   242                           
   243                           	psect	inittext
   244  00A8                     init_ram:	
   245  00A8  00FE               	movwf	126
   246  00A9                     initloop:	
   247  00A9  0012               	moviw fsr0++
   248  00AA  001E               	movwi fsr1++
   249  00AB  0BFE               	decfsz	126,f
   250  00AC  28A9               	goto	initloop
   251  00AD  3400               	retlw	0
   252                           
   253                           	psect	cstackCOMMON
   254  0070                     __pcstackCOMMON:	
   255  0070                     ?_RSI:	
   256  0070                     ??_RSI:	
   257                           ; 0 bytes @ 0x0
   258                           
   259  0070                     ?_tx:	
   260                           ; 0 bytes @ 0x0
   261                           
   262  0070                     ?_main:	
   263                           ; 0 bytes @ 0x0
   264                           
   265                           
   266                           ; 0 bytes @ 0x0
   267  0070                     	ds	1
   268  0071                     ?_Delay_ms:	
   269  0071                     ??_tx:	
   270                           ; 0 bytes @ 0x1
   271                           
   272  0071                     tx@t:	
   273                           ; 0 bytes @ 0x1
   274                           
   275  0071                     Delay_ms@t:	
   276                           ; 1 bytes @ 0x1
   277                           
   278                           
   279                           ; 2 bytes @ 0x1
   280  0071                     	ds	2
   281  0073                     ??_Delay_ms:	
   282                           
   283                           ; 0 bytes @ 0x3
   284  0073                     	ds	2
   285  0075                     ??_main:	
   286                           
   287                           ; 0 bytes @ 0x5
   288  0075                     	ds	1
   289                           
   290                           	psect	cstackBANK0
   291  0020                     __pcstackBANK0:	
   292  0020                     main@a:	
   293                           
   294                           ; 13 bytes @ 0x0
   295  0020                     	ds	13
   296  002D                     main@i:	
   297                           
   298                           ; 2 bytes @ 0xD
   299  002D                     	ds	2
   300                           
   301                           	psect	maintext
   302  0027                     __pmaintext:	
   303 ;;
   304 ;;Main: autosize = 0, tempsize = 1, incstack = 0, save=0
   305 ;;
   306 ;; *************** function _main *****************
   307 ;; Defined at:
   308 ;;		line 51 in file "PIC16F1827-UART01.c"
   309 ;; Parameters:    Size  Location     Type
   310 ;;		None
   311 ;; Auto vars:     Size  Location     Type
   312 ;;  i               2   13[BANK0 ] int 
   313 ;;  a              13    0[BANK0 ] unsigned char [13]
   314 ;; Return value:  Size  Location     Type
   315 ;;		None               void
   316 ;; Registers used:
   317 ;;		wreg, fsr0l, fsr0h, fsr1l, fsr1h, status,2, status,0, pclath, cstack
   318 ;; Tracked objects:
   319 ;;		On entry : B1F/0
   320 ;;		On exit  : 0/0
   321 ;;		Unchanged: 0/0
   322 ;; Data sizes:     COMMON   BANK0   BANK1   BANK2   BANK3   BANK4
   323 ;;      Params:         0       0       0       0       0       0
   324 ;;      Locals:         0      15       0       0       0       0
   325 ;;      Temps:          1       0       0       0       0       0
   326 ;;      Totals:         1      15       0       0       0       0
   327 ;;Total ram usage:       16 bytes
   328 ;; Hardware stack levels required when called:    2
   329 ;; This function calls:
   330 ;;		_Delay_ms
   331 ;;		_tx
   332 ;; This function is called by:
   333 ;;		Startup code after reset
   334 ;; This function uses a non-reentrant model
   335 ;;
   336                           
   337                           
   338                           ;psect for function _main
   339  0027                     _main:	
   340                           
   341                           ;PIC16F1827-UART01.c: 52: TRISA = 0X00;
   342                           
   343                           ;incstack = 0
   344                           ; Regs used in _main: [wreg-fsr1h+status,2+status,0+pclath+cstack]
   345  0027  0021               	movlb	1	; select bank1
   346  0028  018C               	clrf	12	;volatile
   347                           
   348                           ;PIC16F1827-UART01.c: 53: TRISB = 0X02;
   349  0029  3002               	movlw	2
   350  002A  008D               	movwf	13	;volatile
   351                           
   352                           ;PIC16F1827-UART01.c: 54: ANSELA = 0X00;
   353  002B  0023               	movlb	3	; select bank3
   354  002C  018C               	clrf	12	;volatile
   355                           
   356                           ;PIC16F1827-UART01.c: 55: ANSELB = 0X00;
   357  002D  018D               	clrf	13	;volatile
   358                           
   359                           ;PIC16F1827-UART01.c: 57: OSCCON = 0X70;
   360  002E  3070               	movlw	112
   361  002F  0021               	movlb	1	; select bank1
   362  0030  0099               	movwf	25	;volatile
   363                           
   364                           ;PIC16F1827-UART01.c: 59: SPEN = 1;
   365  0031  0023               	movlb	3	; select bank3
   366  0032  179D               	bsf	29,7	;volatile
   367                           
   368                           ;PIC16F1827-UART01.c: 60: TXCKSEL = 0;
   369  0033  0022               	movlb	2	; select bank2
   370  0034  101E               	bcf	30,0	;volatile
   371                           
   372                           ;PIC16F1827-UART01.c: 61: RXDTSEL = 0;
   373  0035  139D               	bcf	29,7	;volatile
   374                           
   375                           ;PIC16F1827-UART01.c: 62: RCSTA = 0X90;
   376  0036  3090               	movlw	144
   377  0037  0023               	movlb	3	; select bank3
   378  0038  009D               	movwf	29	;volatile
   379                           
   380                           ;PIC16F1827-UART01.c: 63: BRG16 = 0;
   381  0039  119F               	bcf	31,3	;volatile
   382                           
   383                           ;PIC16F1827-UART01.c: 64: SPBRGH = 0;
   384  003A  019C               	clrf	28	;volatile
   385                           
   386                           ;PIC16F1827-UART01.c: 65: SPBRGL = 207;
   387  003B  30CF               	movlw	207
   388  003C  009B               	movwf	27	;volatile
   389                           
   390                           ;PIC16F1827-UART01.c: 66: TXSTA = 0X24;
   391  003D  3024               	movlw	36
   392  003E  009E               	movwf	30	;volatile
   393                           
   394                           ;PIC16F1827-UART01.c: 68: RCIE = 1;
   395  003F  0021               	movlb	1	; select bank1
   396  0040  1691               	bsf	17,5	;volatile
   397                           
   398                           ;PIC16F1827-UART01.c: 69: PEIE = 1;
   399  0041  170B               	bsf	11,6	;volatile
   400                           
   401                           ;PIC16F1827-UART01.c: 70: GIE = 1;
   402  0042  178B               	bsf	11,7	;volatile
   403  0043                     l633:	
   404                           ;PIC16F1827-UART01.c: 72: while (1) {
   405                           
   406                           
   407                           ;PIC16F1827-UART01.c: 73: unsigned char a[] = "Hello World!";
   408  0043  302F               	movlw	low main@F2780
   409  0044  0086               	movwf	6
   410  0045  3000               	movlw	high main@F2780
   411  0046  0087               	movwf	7
   412  0047  3020               	movlw	low main@a
   413  0048  0084               	movwf	4
   414  0049  3000               	movlw	high main@a
   415  004A  0085               	movwf	5
   416  004B  300D               	movlw	13
   417  004C  00F5               	movwf	??_main
   418  004D                     u100:	
   419  004D  0016               	moviw fsr1++
   420  004E  001A               	movwi fsr0++
   421  004F  0BF5               	decfsz	??_main,f
   422  0050  284D               	goto	u100
   423                           
   424                           ;PIC16F1827-UART01.c: 74: for (int i = 0; i < 12; i++) {
   425  0051  0020               	movlb	0	; select bank0
   426  0052  01AD               	clrf	main@i
   427  0053  01AE               	clrf	main@i+1
   428  0054  082E               	movf	main@i+1,w
   429  0055  3A80               	xorlw	128
   430  0056  00F5               	movwf	??_main
   431  0057  3080               	movlw	128
   432  0058  0275               	subwf	??_main,w
   433  0059  1D03               	skipz
   434  005A  285D               	goto	u115
   435  005B  300C               	movlw	12
   436  005C  022D               	subwf	main@i,w
   437  005D                     u115:	
   438  005D  1803               	btfsc	3,0
   439  005E  287A               	goto	l649
   440  005F                     l641:	
   441                           
   442                           ;PIC16F1827-UART01.c: 75: PORTA = 0x01;
   443  005F  3001               	movlw	1
   444  0060  0020               	movlb	0	; select bank0
   445  0061  008C               	movwf	12	;volatile
   446                           
   447                           ;PIC16F1827-UART01.c: 76: tx(a[i]);
   448  0062  082D               	movf	main@i,w
   449  0063  3E20               	addlw	(low (main@a| 0))& (0+255)
   450  0064  0086               	movwf	6
   451  0065  0187               	clrf	7
   452  0066  0801               	movf	1,w
   453  0067  3180  20A1  3180   	fcall	_tx
   454  006A  3001               	movlw	1
   455  006B  0020               	movlb	0	; select bank0
   456  006C  07AD               	addwf	main@i,f
   457  006D  3000               	movlw	0
   458  006E  3DAE               	addwfc	main@i+1,f
   459  006F  082E               	movf	main@i+1,w
   460  0070  3A80               	xorlw	128
   461  0071  00F5               	movwf	??_main
   462  0072  3080               	movlw	128
   463  0073  0275               	subwf	??_main,w
   464  0074  1D03               	skipz
   465  0075  2878               	goto	u125
   466  0076  300C               	movlw	12
   467  0077  022D               	subwf	main@i,w
   468  0078                     u125:	
   469  0078  1C03               	skipc
   470  0079  285F               	goto	l641
   471  007A                     l649:	
   472                           
   473                           ;PIC16F1827-UART01.c: 77: }
   474                           ;PIC16F1827-UART01.c: 78: Delay_ms(1000);
   475  007A  30E8               	movlw	232
   476  007B  00F1               	movwf	Delay_ms@t
   477  007C  3003               	movlw	3
   478  007D  00F2               	movwf	Delay_ms@t+1
   479  007E  3180  2082  3180   	fcall	_Delay_ms
   480  0081  2843               	goto	l633
   481  0082                     __end_of_main:	
   482                           
   483                           	psect	text1
   484  00A1                     __ptext1:	
   485 ;; *************** function _tx *****************
   486 ;; Defined at:
   487 ;;		line 46 in file "PIC16F1827-UART01.c"
   488 ;; Parameters:    Size  Location     Type
   489 ;;  t               1    wreg     unsigned char 
   490 ;; Auto vars:     Size  Location     Type
   491 ;;  t               1    1[COMMON] unsigned char 
   492 ;; Return value:  Size  Location     Type
   493 ;;		None               void
   494 ;; Registers used:
   495 ;;		wreg
   496 ;; Tracked objects:
   497 ;;		On entry : 0/0
   498 ;;		On exit  : 0/0
   499 ;;		Unchanged: 0/0
   500 ;; Data sizes:     COMMON   BANK0   BANK1   BANK2   BANK3   BANK4
   501 ;;      Params:         0       0       0       0       0       0
   502 ;;      Locals:         1       0       0       0       0       0
   503 ;;      Temps:          0       0       0       0       0       0
   504 ;;      Totals:         1       0       0       0       0       0
   505 ;;Total ram usage:        1 bytes
   506 ;; Hardware stack levels used:    1
   507 ;; Hardware stack levels required when called:    1
   508 ;; This function calls:
   509 ;;		Nothing
   510 ;; This function is called by:
   511 ;;		_main
   512 ;; This function uses a non-reentrant model
   513 ;;
   514                           
   515                           
   516                           ;psect for function _tx
   517  00A1                     _tx:	
   518                           
   519                           ;incstack = 0
   520                           ; Regs used in _tx: [wreg]
   521                           ;tx@t stored from wreg
   522  00A1  00F1               	movwf	tx@t
   523  00A2                     l60:	
   524                           ;PIC16F1827-UART01.c: 47: while (!TRMT);
   525                           
   526  00A2  0023               	movlb	3	; select bank3
   527  00A3  1C9E               	btfss	30,1	;volatile
   528  00A4  28A2               	goto	l60
   529                           
   530                           ;PIC16F1827-UART01.c: 48: TXREG = t;
   531  00A5  0871               	movf	tx@t,w
   532  00A6  009A               	movwf	26	;volatile
   533  00A7  0008               	return
   534  00A8                     __end_of_tx:	
   535                           
   536                           	psect	text2
   537  0082                     __ptext2:	
   538 ;; *************** function _Delay_ms *****************
   539 ;; Defined at:
   540 ;;		line 31 in file "PIC16F1827-UART01.c"
   541 ;; Parameters:    Size  Location     Type
   542 ;;  t               2    1[COMMON] int 
   543 ;; Auto vars:     Size  Location     Type
   544 ;;		None
   545 ;; Return value:  Size  Location     Type
   546 ;;		None               void
   547 ;; Registers used:
   548 ;;		wreg, status,2, status,0
   549 ;; Tracked objects:
   550 ;;		On entry : 0/0
   551 ;;		On exit  : 0/0
   552 ;;		Unchanged: 0/0
   553 ;; Data sizes:     COMMON   BANK0   BANK1   BANK2   BANK3   BANK4
   554 ;;      Params:         2       0       0       0       0       0
   555 ;;      Locals:         0       0       0       0       0       0
   556 ;;      Temps:          2       0       0       0       0       0
   557 ;;      Totals:         4       0       0       0       0       0
   558 ;;Total ram usage:        4 bytes
   559 ;; Hardware stack levels used:    1
   560 ;; Hardware stack levels required when called:    1
   561 ;; This function calls:
   562 ;;		Nothing
   563 ;; This function is called by:
   564 ;;		_main
   565 ;; This function uses a non-reentrant model
   566 ;;
   567                           
   568                           
   569                           ;psect for function _Delay_ms
   570  0082                     _Delay_ms:	
   571  0082                     l599:	
   572                           ;PIC16F1827-UART01.c: 32: while (t) {
   573                           
   574                           ;incstack = 0
   575                           ; Regs used in _Delay_ms: [wreg+status,2+status,0]
   576                           
   577  0082  0871               	movf	Delay_ms@t,w
   578  0083  0472               	iorwf	Delay_ms@t+1,w
   579  0084  1903               	btfsc	3,2
   580  0085  0008               	return
   581                           
   582                           ;PIC16F1827-UART01.c: 33: _delay((unsigned long)((1)*(32000000/4000.0)));
   583  0086  300B               	movlw	11
   584  0087  00F4               	movwf	??_Delay_ms+1
   585  0088  3062               	movlw	98
   586  0089  00F3               	movwf	??_Delay_ms
   587  008A                     u137:	
   588  008A  0BF3               	decfsz	??_Delay_ms,f
   589  008B  288A               	goto	u137
   590  008C  0BF4               	decfsz	??_Delay_ms+1,f
   591  008D  288A               	goto	u137
   592  008E  0000               	nop
   593                           
   594                           ;PIC16F1827-UART01.c: 34: t--;
   595  008F  30FF               	movlw	255
   596  0090  07F1               	addwf	Delay_ms@t,f
   597  0091  30FF               	movlw	255
   598  0092  3DF2               	addwfc	Delay_ms@t+1,f
   599  0093  2882               	goto	l599
   600  0094                     __end_of_Delay_ms:	
   601                           
   602                           	psect	intentry
   603  0004                     __pintentry:	
   604 ;; *************** function _RSI *****************
   605 ;; Defined at:
   606 ;;		line 38 in file "PIC16F1827-UART01.c"
   607 ;; Parameters:    Size  Location     Type
   608 ;;		None
   609 ;; Auto vars:     Size  Location     Type
   610 ;;		None
   611 ;; Return value:  Size  Location     Type
   612 ;;		None               void
   613 ;; Registers used:
   614 ;;		wreg
   615 ;; Tracked objects:
   616 ;;		On entry : 0/0
   617 ;;		On exit  : 0/0
   618 ;;		Unchanged: 0/0
   619 ;; Data sizes:     COMMON   BANK0   BANK1   BANK2   BANK3   BANK4
   620 ;;      Params:         0       0       0       0       0       0
   621 ;;      Locals:         0       0       0       0       0       0
   622 ;;      Temps:          1       0       0       0       0       0
   623 ;;      Totals:         1       0       0       0       0       0
   624 ;;Total ram usage:        1 bytes
   625 ;; Hardware stack levels used:    1
   626 ;; This function calls:
   627 ;;		Nothing
   628 ;; This function is called by:
   629 ;;		Interrupt level 1
   630 ;; This function uses a non-reentrant model
   631 ;;
   632                           
   633  0004                     _RSI:	
   634                           
   635                           ;incstack = 0
   636                           ; Regs used in _RSI: [wreg]
   637  0004  147E               	bsf	126,0	;set compiler interrupt flag (level 1)
   638  0005  3180               	pagesel	$
   639  0006  0020               	movlb	0	; select bank0
   640  0007  087F               	movf	127,w
   641  0008  00F0               	movwf	??_RSI
   642                           
   643                           ;PIC16F1827-UART01.c: 39: if (RCIF) {
   644  0009  1E91               	btfss	17,5	;volatile
   645  000A  2811               	goto	i1l57
   646                           
   647                           ;PIC16F1827-UART01.c: 40: RCIF = 0;
   648  000B  1291               	bcf	17,5	;volatile
   649  000C                     i1l54:	
   650                           ;PIC16F1827-UART01.c: 41: while (!TRMT);
   651                           
   652  000C  0023               	movlb	3	; select bank3
   653  000D  1C9E               	btfss	30,1	;volatile
   654  000E  280C               	goto	i1l54
   655                           
   656                           ;PIC16F1827-UART01.c: 42: TXREG = RCREG;
   657  000F  0819               	movf	25,w	;volatile
   658  0010  009A               	movwf	26	;volatile
   659  0011                     i1l57:	
   660  0011  0870               	movf	??_RSI,w
   661  0012  0020               	movlb	0	; select bank0
   662  0013  00FF               	movwf	127
   663  0014  107E               	bcf	126,0	;clear compiler interrupt flag (level 1)
   664  0015  0009               	retfie
   665  0016                     __end_of_RSI:	
   666  007E                     btemp	set	126	;btemp
   667  007E                     int$flags	set	126
   668  007E                     wtemp	set	126
   669  007E                     wtemp0	set	126
   670  0080                     wtemp1	set	128
   671  0082                     wtemp2	set	130
   672  0084                     wtemp3	set	132
   673  0086                     wtemp4	set	134
   674  0088                     wtemp5	set	136
   675  007F                     wtemp6	set	127
   676  007E                     ttemp	set	126
   677  007E                     ttemp0	set	126
   678  0081                     ttemp1	set	129
   679  0084                     ttemp2	set	132
   680  0087                     ttemp3	set	135
   681  007F                     ttemp4	set	127
   682  007E                     ltemp	set	126
   683  007E                     ltemp0	set	126
   684  0082                     ltemp1	set	130
   685  0086                     ltemp2	set	134
   686  0080                     ltemp3	set	128


Data Sizes:
    Strings     0
    Constant    0
    Data        13
    BSS         0
    Persistent  0
    Stack       0

Auto Spaces:
    Space          Size  Autos    Used
    COMMON           14      6       6
    BANK0            80     15      28
    BANK1            80      0       0
    BANK2            80      0       0
    BANK3            80      0       0
    BANK4            48      0       0

Pointer List with Targets:

    None.

Critical Paths under _main in COMMON

    _main->_Delay_ms

Critical Paths under _RSI in COMMON

    None.

Critical Paths under _main in BANK0

    None.

Critical Paths under _RSI in BANK0

    None.

Critical Paths under _main in BANK1

    None.

Critical Paths under _RSI in BANK1

    None.

Critical Paths under _main in BANK2

    None.

Critical Paths under _RSI in BANK2

    None.

Critical Paths under _main in BANK3

    None.

Critical Paths under _RSI in BANK3

    None.

Critical Paths under _main in BANK4

    None.

Critical Paths under _RSI in BANK4

    None.

Call Graph Tables:

 ---------------------------------------------------------------------------------
 (Depth) Function   	        Calls       Base Space   Used Autos Params    Refs
 ---------------------------------------------------------------------------------
 (0) _main                                                16    16      0     190
                                              5 COMMON     1     1      0
                                              0 BANK0     15    15      0
                           _Delay_ms
                                 _tx
 ---------------------------------------------------------------------------------
 (1) _tx                                                   1     1      0      22
                                              1 COMMON     1     1      0
 ---------------------------------------------------------------------------------
 (1) _Delay_ms                                             4     2      2      76
                                              1 COMMON     4     2      2
 ---------------------------------------------------------------------------------
 Estimated maximum stack depth 1
 ---------------------------------------------------------------------------------
 (Depth) Function   	        Calls       Base Space   Used Autos Params    Refs
 ---------------------------------------------------------------------------------
 (2) _RSI                                                  1     1      0       0
                                              0 COMMON     1     1      0
 ---------------------------------------------------------------------------------
 Estimated maximum stack depth 2
 ---------------------------------------------------------------------------------

 Call Graph Graphs:

 _main (ROOT)
   _Delay_ms
   _tx

 _RSI (ROOT)

 Address spaces:
Name               Size   Autos  Total    Cost      Usage
BIGRAM             170      0       0       0        0.0%
EEDATA             100      0       0       0        0.0%
NULL                 0      0       0       0        0.0%
CODE                 0      0       0       0        0.0%
BITCOMMON            E      0       0       1        0.0%
BITSFR0              0      0       0       1        0.0%
SFR0                 0      0       0       1        0.0%
COMMON               E      6       6       2       42.9%
BITSFR1              0      0       0       2        0.0%
SFR1                 0      0       0       2        0.0%
BITSFR2              0      0       0       3        0.0%
SFR2                 0      0       0       3        0.0%
STACK                0      0       0       3        0.0%
BITSFR3              0      0       0       4        0.0%
SFR3                 0      0       0       4        0.0%
ABS                  0      0      22       4        0.0%
BITBANK0            50      0       0       5        0.0%
BITSFR4              0      0       0       5        0.0%
SFR4                 0      0       0       5        0.0%
BANK0               50      F      1C       6       35.0%
BITSFR5              0      0       0       6        0.0%
SFR5                 0      0       0       6        0.0%
BITBANK1            50      0       0       7        0.0%
BITSFR6              0      0       0       7        0.0%
SFR6                 0      0       0       7        0.0%
BANK1               50      0       0       8        0.0%
BITSFR7              0      0       0       8        0.0%
SFR7                 0      0       0       8        0.0%
BITBANK2            50      0       0       9        0.0%
BITSFR8              0      0       0       9        0.0%
SFR8                 0      0       0       9        0.0%
BANK2               50      0       0      10        0.0%
BITSFR9              0      0       0      10        0.0%
SFR9                 0      0       0      10        0.0%
BITBANK3            50      0       0      11        0.0%
BITSFR10             0      0       0      11        0.0%
SFR10                0      0       0      11        0.0%
BANK3               50      0       0      12        0.0%
BITSFR11             0      0       0      12        0.0%
SFR11                0      0       0      12        0.0%
BITBANK4            30      0       0      13        0.0%
BITSFR12             0      0       0      13        0.0%
SFR12                0      0       0      13        0.0%
BANK4               30      0       0      14        0.0%
BITSFR13             0      0       0      14        0.0%
SFR13                0      0       0      14        0.0%
BITSFR14             0      0       0      15        0.0%
SFR14                0      0       0      15        0.0%
DATA                 0      0      22      15        0.0%
BITSFR15             0      0       0      16        0.0%
SFR15                0      0       0      16        0.0%
BITSFR16             0      0       0      17        0.0%
SFR16                0      0       0      17        0.0%
BITSFR17             0      0       0      18        0.0%
SFR17                0      0       0      18        0.0%
BITSFR18             0      0       0      19        0.0%
SFR18                0      0       0      19        0.0%
BITSFR19             0      0       0      20        0.0%
SFR19                0      0       0      20        0.0%
BITSFR20             0      0       0      21        0.0%
SFR20                0      0       0      21        0.0%
BITSFR21             0      0       0      22        0.0%
SFR21                0      0       0      22        0.0%
BITSFR22             0      0       0      23        0.0%
SFR22                0      0       0      23        0.0%
BITSFR23             0      0       0      24        0.0%
SFR23                0      0       0      24        0.0%
BITSFR24             0      0       0      25        0.0%
SFR24                0      0       0      25        0.0%
BITSFR25             0      0       0      26        0.0%
SFR25                0      0       0      26        0.0%
BITSFR26             0      0       0      27        0.0%
SFR26                0      0       0      27        0.0%
BITSFR27             0      0       0      28        0.0%
SFR27                0      0       0      28        0.0%
BITSFR28             0      0       0      29        0.0%
SFR28                0      0       0      29        0.0%
BITSFR29             0      0       0      30        0.0%
SFR29                0      0       0      30        0.0%
BITSFR30             0      0       0      31        0.0%
SFR30                0      0       0      31        0.0%
BITSFR31             0      0       0      32        0.0%
SFR31                0      0       0      32        0.0%


Microchip Technology PIC Macro Assembler V1.35 build -356382666 
Symbol Table                                                                                   Mon Nov 16 19:11:34 2015

            __CFG_CP$OFF 0000                       l60 00A2                       _tx 00A1  
                    l641 005F                      l633 0043                      ?_tx 0070  
                    l649 007A                      l599 0082                      _GIE 005F  
                    u100 004D                      u115 005D                      u125 0078  
                    u137 008A             __CFG_CPD$OFF 0000                      _RSI 0004  
                    tx@t 0071             __CFG_BORV$LO 0000                     ??_tx 0071  
           __CFG_LVP$OFF 0000                     ?_RSI 0070                     _PEIE 005E  
                   _RCIE 048D                     _RCIF 008D                     i1l54 000C  
                   i1l57 0011                     _SPEN 0CEF                     _TRMT 0CF1  
           __CFG_WRT$OFF 0000                     _main 0027                     fsr0h 0005  
                   fsr1h 0007                     fsr0l 0004                     indf1 0001  
                   fsr1l 0006                     btemp 007E                     ltemp 007E  
                   start 0016                     ttemp 007E                     wtemp 007E  
          __CFG_IESO$OFF 0000                    ??_RSI 0070            __CFG_PLLEN$ON 0000  
                  ?_main 0070                    _BRG16 0CFB            __CFG_WDTE$OFF 0000  
                  _RCREG 0199                    _RCSTA 019D                    _PORTA 000C  
                  _TRISA 008C                    _TRISB 008D                    _TXREG 019A  
                  _TXSTA 019E           __CFG_FCMEN$OFF 0000                    main@a 0020  
                  main@i 002D           __CFG_BOREN$OFF 0000                    ltemp0 007E  
                  ltemp1 0082                    ltemp2 0086                    ltemp3 0080  
                  ttemp0 007E                    ttemp1 0081                    ttemp2 0084  
                  ttemp3 0087                    ttemp4 007F                    status 0003  
                  wtemp0 007E                    wtemp1 0080                    wtemp2 0082  
                  wtemp3 0084                    wtemp4 0086                    wtemp5 0088  
                  wtemp6 007F         __end_of_Delay_ms 0094           __CFG_MCLRE$OFF 0000  
        __initialization 0018             __end_of_main 0082                   ??_main 0075  
                 _ANSELA 018C                   _ANSELB 018D                   _OSCCON 0099  
                 _SPBRGH 019C                   _SPBRGL 019B           __CFG_PWRTE$OFF 0000  
__end_of__initialization 0023           __pcstackCOMMON 0070             __pidataBANK0 0094  
             __end_of_tx 00A8                ?_Delay_ms 0071               __pmaintext 0027  
             __pintentry 0004               ??_Delay_ms 0073                  _RXDTSEL 08EF  
                _TXCKSEL 08F0          __CFG_STVREN$OFF 0000                  __ptext1 00A1  
                __ptext2 0082             __size_of_RSI 0012     end_of_initialization 0023  
              Delay_ms@t 0071                  init_ram 00A8                  initloop 00A9  
       __CFG_FOSC$INTOSC 0000      start_initialization 0018              __end_of_RSI 0016  
      __size_of_Delay_ms 0012              __pdataBANK0 002F                ___latbits 0001  
          __pcstackBANK0 0020              __size_of_tx 0007                main@F2780 002F  
               _Delay_ms 0082            __size_of_main 005B                 int$flags 007E  
               intlevel1 0000        __CFG_CLKOUTEN$OFF 0000  
