

Microchip Technology PIC LITE Macro Assembler V1.35 build -356382666 
                                                                                               Thu Jan 07 22:59:53 2016

Microchip Technology Omniscient Code Generator v1.35 (Free mode) build 201507080246
     1                           	processor	12F1822
     2                           	opt	pw 120
     3                           	opt	lm
     4                           	psect	nvCOMMON,global,class=COMMON,space=1,delta=1
     5                           	psect	cinit,global,class=CODE,merge=1,delta=2
     6                           	psect	cstackCOMMON,global,class=COMMON,space=1,delta=1
     7                           	psect	maintext,global,class=CODE,merge=1,split=1,delta=2
     8                           	psect	text1,local,class=CODE,merge=1,delta=2
     9                           	dabs	1,0x7E,2
    10  0000                     	;# 
    11  0001                     	;# 
    12  0002                     	;# 
    13  0003                     	;# 
    14  0004                     	;# 
    15  0005                     	;# 
    16  0006                     	;# 
    17  0007                     	;# 
    18  0008                     	;# 
    19  0009                     	;# 
    20  000A                     	;# 
    21  000B                     	;# 
    22  000C                     	;# 
    23  0011                     	;# 
    24  0012                     	;# 
    25  0015                     	;# 
    26  0016                     	;# 
    27  0016                     	;# 
    28  0017                     	;# 
    29  0018                     	;# 
    30  0019                     	;# 
    31  001A                     	;# 
    32  001B                     	;# 
    33  001C                     	;# 
    34  001E                     	;# 
    35  001F                     	;# 
    36  008C                     	;# 
    37  0091                     	;# 
    38  0092                     	;# 
    39  0095                     	;# 
    40  0096                     	;# 
    41  0097                     	;# 
    42  0098                     	;# 
    43  0099                     	;# 
    44  009A                     	;# 
    45  009B                     	;# 
    46  009B                     	;# 
    47  009C                     	;# 
    48  009D                     	;# 
    49  009E                     	;# 
    50  010C                     	;# 
    51  0111                     	;# 
    52  0112                     	;# 
    53  0115                     	;# 
    54  0116                     	;# 
    55  0117                     	;# 
    56  0118                     	;# 
    57  0119                     	;# 
    58  011A                     	;# 
    59  011B                     	;# 
    60  011D                     	;# 
    61  011D                     	;# 
    62  018C                     	;# 
    63  0191                     	;# 
    64  0191                     	;# 
    65  0192                     	;# 
    66  0193                     	;# 
    67  0193                     	;# 
    68  0193                     	;# 
    69  0194                     	;# 
    70  0195                     	;# 
    71  0196                     	;# 
    72  0199                     	;# 
    73  019A                     	;# 
    74  019B                     	;# 
    75  019B                     	;# 
    76  019B                     	;# 
    77  019B                     	;# 
    78  019C                     	;# 
    79  019C                     	;# 
    80  019D                     	;# 
    81  019E                     	;# 
    82  019F                     	;# 
    83  020C                     	;# 
    84  0211                     	;# 
    85  0211                     	;# 
    86  0212                     	;# 
    87  0212                     	;# 
    88  0213                     	;# 
    89  0213                     	;# 
    90  0214                     	;# 
    91  0214                     	;# 
    92  0215                     	;# 
    93  0215                     	;# 
    94  0215                     	;# 
    95  0216                     	;# 
    96  0216                     	;# 
    97  0217                     	;# 
    98  0217                     	;# 
    99  0291                     	;# 
   100  0291                     	;# 
   101  0292                     	;# 
   102  0293                     	;# 
   103  0294                     	;# 
   104  0295                     	;# 
   105  0295                     	;# 
   106  0296                     	;# 
   107  0391                     	;# 
   108  0392                     	;# 
   109  0393                     	;# 
   110  039A                     	;# 
   111  039C                     	;# 
   112  039D                     	;# 
   113  039E                     	;# 
   114  039F                     	;# 
   115  0FE4                     	;# 
   116  0FE5                     	;# 
   117  0FE6                     	;# 
   118  0FE7                     	;# 
   119  0FE8                     	;# 
   120  0FE9                     	;# 
   121  0FEA                     	;# 
   122  0FEB                     	;# 
   123  0FED                     	;# 
   124  0FEE                     	;# 
   125  0FEF                     	;# 
   126                           
   127                           	psect	nvCOMMON
   128  0079                     __pnvCOMMON:	
   129  0079                     _temp:	
   130  0079                     	ds	2
   131  001B                     _PR2	set	27
   132  001C                     _T2CON	set	28
   133  009D                     _ADCON0	set	157
   134  009E                     _ADCON1	set	158
   135  009C                     _ADRESH	set	156
   136  009B                     _ADRESL	set	155
   137  0099                     _OSCCON	set	153
   138  008C                     _TRISA	set	140
   139  018C                     _ANSELA	set	396
   140  0293                     _CCP1CON	set	659
   141  0291                     _CCPR1L	set	657
   142                           
   143                           ; #config settings
   144  0000                     
   145                           	psect	cinit
   146  07FE                     start_initialization:	
   147  07FE                     __initialization:	
   148  07FE                     end_of_initialization:	
   149                           ;End of C runtime variable initialization code
   150                           
   151  07FE                     __end_of__initialization:	
   152  07FE  0020               	movlb	0
   153  07FF  2FD6               	ljmp	_main	;jump to C main() function
   154                           
   155                           	psect	cstackCOMMON
   156  0070                     __pcstackCOMMON:	
   157  0070                     ?_adc:	
   158                           
   159                           ; 2 bytes @ 0x0
   160  0070                     	ds	2
   161  0072                     ??_adc:	
   162                           
   163                           ; 0 bytes @ 0x2
   164  0072                     	ds	1
   165  0073                     ?_main:	
   166  0073                     main@argc:	
   167                           ; 2 bytes @ 0x3
   168                           
   169                           
   170                           ; 2 bytes @ 0x3
   171  0073                     	ds	2
   172  0075                     main@argv:	
   173                           
   174                           ; 2 bytes @ 0x5
   175  0075                     	ds	2
   176  0077                     ??_main:	
   177                           
   178                           ; 0 bytes @ 0x7
   179  0077                     	ds	2
   180                           
   181                           	psect	maintext
   182  07D6                     __pmaintext:	
   183 ;;
   184 ;;Main: autosize = 0, tempsize = 2, incstack = 0, save=0
   185 ;;
   186 ;; *************** function _main *****************
   187 ;; Defined at:
   188 ;;		line 47 in file "main.c"
   189 ;; Parameters:    Size  Location     Type
   190 ;;  argc            2    3[COMMON] int 
   191 ;;  argv            2    5[COMMON] PTR PTR unsigned char 
   192 ;; Auto vars:     Size  Location     Type
   193 ;;		None
   194 ;; Return value:  Size  Location     Type
   195 ;;                  2    3[COMMON] int 
   196 ;; Registers used:
   197 ;;		wreg, status,2, status,0, pclath, cstack
   198 ;; Tracked objects:
   199 ;;		On entry : B1F/0
   200 ;;		On exit  : 0/0
   201 ;;		Unchanged: 0/0
   202 ;; Data sizes:     COMMON   BANK0   BANK1
   203 ;;      Params:         4       0       0
   204 ;;      Locals:         0       0       0
   205 ;;      Temps:          2       0       0
   206 ;;      Totals:         6       0       0
   207 ;;Total ram usage:        6 bytes
   208 ;; Hardware stack levels required when called:    1
   209 ;; This function calls:
   210 ;;		_adc
   211 ;; This function is called by:
   212 ;;		Startup code after reset
   213 ;; This function uses a non-reentrant model
   214 ;;
   215                           
   216                           
   217                           ;psect for function _main
   218  07D6                     _main:	
   219                           
   220                           ;main.c: 48: OSCCON = 0x70;
   221                           
   222                           ;incstack = 0
   223                           ; Regs used in _main: [wreg+status,2+status,0+pclath+cstack]
   224  07D6  3070               	movlw	112
   225  07D7  0021               	movlb	1	; select bank1
   226  07D8  0099               	movwf	25	;volatile
   227                           
   228                           ;main.c: 49: TRISA = 0x01;
   229  07D9  3001               	movlw	1
   230  07DA  008C               	movwf	12	;volatile
   231                           
   232                           ;main.c: 50: ANSELA = 0x01;
   233  07DB  3001               	movlw	1
   234  07DC  0023               	movlb	3	; select bank3
   235  07DD  008C               	movwf	12	;volatile
   236                           
   237                           ;main.c: 51: CCP1CON = 0x0A;
   238  07DE  300A               	movlw	10
   239  07DF  0025               	movlb	5	; select bank5
   240  07E0  0093               	movwf	19	;volatile
   241                           
   242                           ;main.c: 52: T2CON = 0x04;
   243  07E1  3004               	movlw	4
   244  07E2  0020               	movlb	0	; select bank0
   245  07E3  009C               	movwf	28	;volatile
   246                           
   247                           ;main.c: 53: PR2 = 0b00111111;
   248  07E4  303F               	movlw	63
   249  07E5  009B               	movwf	27	;volatile
   250                           
   251                           ;main.c: 54: ADCON1 = 0b10000000;
   252  07E6  3080               	movlw	128
   253  07E7  0021               	movlb	1	; select bank1
   254  07E8  009E               	movwf	30	;volatile
   255  07E9                     l35:	
   256                           ;main.c: 55: while (1) {
   257                           
   258                           
   259                           ;main.c: 56: CCP1CON = 0b00111100;
   260  07E9  303C               	movlw	60
   261  07EA  0025               	movlb	5	; select bank5
   262  07EB  0093               	movwf	19	;volatile
   263                           
   264                           ;main.c: 57: temp = adc();
   265  07EC  27C1               	fcall	_adc
   266  07ED  0871               	movf	?_adc+1,w
   267  07EE  00FA               	movwf	_temp+1
   268  07EF  0870               	movf	?_adc,w
   269  07F0  00F9               	movwf	_temp
   270                           
   271                           ;main.c: 58: CCPR1L = temp >> 4;
   272  07F1  087A               	movf	_temp+1,w
   273  07F2  00F8               	movwf	??_main+1
   274  07F3  0879               	movf	_temp,w
   275  07F4  00F7               	movwf	??_main
   276  07F5  3004               	movlw	4
   277  07F6                     u45:	
   278  07F6  36F8               	lsrf	??_main+1,f
   279  07F7  0CF7               	rrf	??_main,f
   280  07F8  0B89               	decfsz	9,f
   281  07F9  2FF6               	goto	u45
   282  07FA  0877               	movf	??_main,w
   283  07FB  0025               	movlb	5	; select bank5
   284  07FC  0091               	movwf	17	;volatile
   285  07FD  2FE9               	goto	l35
   286  07FE                     __end_of_main:	
   287                           ;main.c: 59: }
   288                           ;main.c: 60: return 0;
   289                           ;	Return value of _main is never used
   290                           
   291                           
   292                           	psect	text1
   293  07C1                     __ptext1:	
   294 ;; *************** function _adc *****************
   295 ;; Defined at:
   296 ;;		line 39 in file "main.c"
   297 ;; Parameters:    Size  Location     Type
   298 ;;		None
   299 ;; Auto vars:     Size  Location     Type
   300 ;;		None
   301 ;; Return value:  Size  Location     Type
   302 ;;                  2    0[COMMON] unsigned int 
   303 ;; Registers used:
   304 ;;		wreg, status,2, status,0
   305 ;; Tracked objects:
   306 ;;		On entry : 0/0
   307 ;;		On exit  : 0/0
   308 ;;		Unchanged: 0/0
   309 ;; Data sizes:     COMMON   BANK0   BANK1
   310 ;;      Params:         2       0       0
   311 ;;      Locals:         0       0       0
   312 ;;      Temps:          1       0       0
   313 ;;      Totals:         3       0       0
   314 ;;Total ram usage:        3 bytes
   315 ;; Hardware stack levels used:    1
   316 ;; This function calls:
   317 ;;		Nothing
   318 ;; This function is called by:
   319 ;;		_main
   320 ;; This function uses a non-reentrant model
   321 ;;
   322                           
   323                           
   324                           ;psect for function _adc
   325  07C1                     _adc:	
   326                           
   327                           ;main.c: 40: ADCON0 = (ADCON0 & 0b11111110) + 0b00000001;
   328                           
   329                           ;incstack = 0
   330                           ; Regs used in _adc: [wreg+status,2+status,0]
   331  07C1  0021               	movlb	1	; select bank1
   332  07C2  081D               	movf	29,w	;volatile
   333  07C3  39FE               	andlw	254
   334  07C4  3E01               	addlw	1
   335  07C5  009D               	movwf	29	;volatile
   336                           
   337                           ;main.c: 41: _delay((unsigned long)((20)*(8000000/4000000.0)));
   338  07C6  300D               	movlw	13
   339  07C7  00F2               	movwf	??_adc
   340  07C8                     u57:	
   341  07C8  0BF2               	decfsz	??_adc,f
   342  07C9  2FC8               	goto	u57
   343                           
   344                           ;main.c: 42: ADCON0 = (ADCON0 & 0b11111101) + 0b00000010;
   345  07CA  0021               	movlb	1	; select bank1
   346  07CB  081D               	movf	29,w	;volatile
   347  07CC  39FD               	andlw	253
   348  07CD  3E02               	addlw	2
   349  07CE  009D               	movwf	29	;volatile
   350  07CF                     l29:	
   351                           ;main.c: 43: while (ADCON0 & 0b00000010);
   352                           
   353  07CF  189D               	btfsc	29,1	;volatile
   354  07D0  2FCF               	goto	l29
   355                           
   356                           ;main.c: 44: return (ADRESH << 8)+ADRESL;
   357  07D1  081C               	movf	28,w	;volatile
   358  07D2  00F1               	movwf	?_adc+1
   359  07D3  081B               	movf	27,w	;volatile
   360  07D4  00F0               	movwf	?_adc
   361  07D5  0008               	return
   362  07D6                     __end_of_adc:	
   363  007E                     btemp	set	126	;btemp
   364  007E                     wtemp	set	126
   365  007E                     wtemp0	set	126
   366  0080                     wtemp1	set	128
   367  0082                     wtemp2	set	130
   368  0084                     wtemp3	set	132
   369  0086                     wtemp4	set	134
   370  0088                     wtemp5	set	136
   371  007F                     wtemp6	set	127
   372  007E                     ttemp	set	126
   373  007E                     ttemp0	set	126
   374  0081                     ttemp1	set	129
   375  0084                     ttemp2	set	132
   376  0087                     ttemp3	set	135
   377  007F                     ttemp4	set	127
   378  007E                     ltemp	set	126
   379  007E                     ltemp0	set	126
   380  0082                     ltemp1	set	130
   381  0086                     ltemp2	set	134
   382  0080                     ltemp3	set	128


Data Sizes:
    Strings     0
    Constant    0
    Data        0
    BSS         0
    Persistent  2
    Stack       0

Auto Spaces:
    Space          Size  Autos    Used
    COMMON           14      9      11
    BANK0            80      0       0
    BANK1            32      0       0

Pointer List with Targets:

    None.

Critical Paths under _main in COMMON

    _main->_adc

Critical Paths under _main in BANK0

    None.

Critical Paths under _main in BANK1

    None.

Call Graph Tables:

 ---------------------------------------------------------------------------------
 (Depth) Function   	        Calls       Base Space   Used Autos Params    Refs
 ---------------------------------------------------------------------------------
 (0) _main                                                 6     2      4       0
                                              3 COMMON     6     2      4
                                _adc
 ---------------------------------------------------------------------------------
 (1) _adc                                                  3     1      2       0
                                              0 COMMON     3     1      2
 ---------------------------------------------------------------------------------
 Estimated maximum stack depth 1
 ---------------------------------------------------------------------------------

 Call Graph Graphs:

 _main (ROOT)
   _adc

 Address spaces:
Name               Size   Autos  Total    Cost      Usage
BIGRAM              70      0       0       0        0.0%
EEDATA             100      0       0       0        0.0%
NULL                 0      0       0       0        0.0%
CODE                 0      0       0       0        0.0%
BITCOMMON            E      0       0       1        0.0%
BITSFR0              0      0       0       1        0.0%
SFR0                 0      0       0       1        0.0%
COMMON               E      9       B       2       78.6%
BITSFR1              0      0       0       2        0.0%
SFR1                 0      0       0       2        0.0%
BITSFR2              0      0       0       3        0.0%
SFR2                 0      0       0       3        0.0%
STACK                0      0       0       3        0.0%
BITSFR3              0      0       0       4        0.0%
SFR3                 0      0       0       4        0.0%
ABS                  0      0       B       4        0.0%
BITBANK0            50      0       0       5        0.0%
BITSFR4              0      0       0       5        0.0%
SFR4                 0      0       0       5        0.0%
BANK0               50      0       0       6        0.0%
BITSFR5              0      0       0       6        0.0%
SFR5                 0      0       0       6        0.0%
BITBANK1            20      0       0       7        0.0%
BITSFR6              0      0       0       7        0.0%
SFR6                 0      0       0       7        0.0%
BANK1               20      0       0       8        0.0%
BITSFR7              0      0       0       8        0.0%
SFR7                 0      0       0       8        0.0%
BITSFR8              0      0       0       9        0.0%
SFR8                 0      0       0       9        0.0%
DATA                 0      0       B       9        0.0%
BITSFR9              0      0       0      10        0.0%
SFR9                 0      0       0      10        0.0%
BITSFR10             0      0       0      11        0.0%
SFR10                0      0       0      11        0.0%
BITSFR11             0      0       0      12        0.0%
SFR11                0      0       0      12        0.0%
BITSFR12             0      0       0      13        0.0%
SFR12                0      0       0      13        0.0%
BITSFR13             0      0       0      14        0.0%
SFR13                0      0       0      14        0.0%
BITSFR14             0      0       0      15        0.0%
SFR14                0      0       0      15        0.0%
BITSFR15             0      0       0      16        0.0%
SFR15                0      0       0      16        0.0%
BITSFR16             0      0       0      17        0.0%
SFR16                0      0       0      17        0.0%
BITSFR17             0      0       0      18        0.0%
SFR17                0      0       0      18        0.0%
BITSFR18             0      0       0      19        0.0%
SFR18                0      0       0      19        0.0%
BITSFR19             0      0       0      20        0.0%
SFR19                0      0       0      20        0.0%
BITSFR20             0      0       0      21        0.0%
SFR20                0      0       0      21        0.0%
BITSFR21             0      0       0      22        0.0%
SFR21                0      0       0      22        0.0%
BITSFR22             0      0       0      23        0.0%
SFR22                0      0       0      23        0.0%
BITSFR23             0      0       0      24        0.0%
SFR23                0      0       0      24        0.0%
BITSFR24             0      0       0      25        0.0%
SFR24                0      0       0      25        0.0%
BITSFR25             0      0       0      26        0.0%
SFR25                0      0       0      26        0.0%
BITSFR26             0      0       0      27        0.0%
SFR26                0      0       0      27        0.0%
BITSFR27             0      0       0      28        0.0%
SFR27                0      0       0      28        0.0%
BITSFR28             0      0       0      29        0.0%
SFR28                0      0       0      29        0.0%
BITSFR29             0      0       0      30        0.0%
SFR29                0      0       0      30        0.0%
BITSFR30             0      0       0      31        0.0%
SFR30                0      0       0      31        0.0%
BITSFR31             0      0       0      32        0.0%
SFR31                0      0       0      32        0.0%


Microchip Technology PIC Macro Assembler V1.35 build -356382666 
Symbol Table                                                                                   Thu Jan 07 22:59:53 2016

            __CFG_CP$OFF 0000                       l35 07E9                       l29 07CF  
                     u45 07F6                       u57 07C8                      _PR2 001B  
           __CFG_CPD$OFF 0000                      _adc 07C1             __CFG_BORV$LO 0000  
                    wreg 0009             __CFG_LVP$OFF 0000                     ?_adc 0070  
           __CFG_WRT$OFF 0000                     _main 07D6                     _temp 0079  
                   btemp 007E                     ltemp 007E                     start 0001  
                   ttemp 007E                     wtemp 007E            __CFG_IESO$OFF 0000  
                  ??_adc 0072                    ?_main 0073            __CFG_WDTE$OFF 0000  
                  _T2CON 001C                    _TRISA 008C           __CFG_FCMEN$OFF 0000  
         __CFG_BOREN$OFF 0000                    ltemp0 007E                    ltemp1 0082  
                  ltemp2 0086                    ltemp3 0080                    ttemp0 007E  
                  ttemp1 0081                    ttemp2 0084                    ttemp3 0087  
                  ttemp4 007F                    wtemp0 007E                    wtemp1 0080  
                  wtemp2 0082                    wtemp3 0084                    wtemp4 0086  
                  wtemp5 0088                    wtemp6 007F           __CFG_MCLRE$OFF 0000  
        __initialization 07FE             __end_of_main 07FE                   ??_main 0077  
         __CFG_PLLEN$OFF 0000                   _ADCON0 009D                   _ADCON1 009E  
                 _ADRESH 009C                   _ADRESL 009B                   _CCPR1L 0291  
                 _ANSELA 018C                   _OSCCON 0099           __CFG_PWRTE$OFF 0000  
__end_of__initialization 07FE           __pcstackCOMMON 0070               __pnvCOMMON 0079  
             __pmaintext 07D6                  _CCP1CON 0293          __CFG_STVREN$OFF 0000  
                __ptext1 07C1             __size_of_adc 0015     end_of_initialization 07FE  
       __CFG_FOSC$INTOSC 0000      start_initialization 07FE              __end_of_adc 07D6  
              ___latbits 0000            __size_of_main 0028                 main@argc 0073  
               main@argv 0075        __CFG_CLKOUTEN$OFF 0000  
