

Microchip Technology PIC LITE Macro Assembler V1.33 build 59893 
                                                                                               Wed Dec 03 13:49:56 2014

Microchip Technology Omniscient Code Generator (Lite mode) build 59893
     1                           	processor	16F1827
     2                           	opt	pw 120
     3                           	opt	lm
     4                           	psect	nvBANK0,global,class=BANK0,space=1,delta=1
     5                           	psect	cinit,global,class=CODE,merge=1,delta=2
     6                           	psect	bssBANK0,global,class=BANK0,space=1,delta=1
     7                           	psect	clrtext,global,class=CODE,delta=2
     8                           	psect	cstackCOMMON,global,class=COMMON,space=1,delta=1
     9                           	psect	cstackBANK0,global,class=BANK0,space=1,delta=1
    10                           	psect	maintext,global,class=CODE,merge=1,split=1,delta=2
    11                           	psect	intentry,global,class=CODE,delta=2
    12                           	psect	text2,local,class=CODE,merge=1,delta=2
    13                           	psect	text3,local,class=CODE,merge=1,delta=2
    14                           	dabs	1,0x7E,2
    15  0000                     	;# 
    16  0001                     	;# 
    17  0002                     	;# 
    18  0003                     	;# 
    19  0004                     	;# 
    20  0005                     	;# 
    21  0006                     	;# 
    22  0007                     	;# 
    23  0008                     	;# 
    24  0009                     	;# 
    25  000A                     	;# 
    26  000B                     	;# 
    27  000C                     	;# 
    28  000D                     	;# 
    29  0011                     	;# 
    30  0012                     	;# 
    31  0013                     	;# 
    32  0014                     	;# 
    33  0015                     	;# 
    34  0016                     	;# 
    35  0016                     	;# 
    36  0017                     	;# 
    37  0018                     	;# 
    38  0019                     	;# 
    39  001A                     	;# 
    40  001B                     	;# 
    41  001C                     	;# 
    42  001E                     	;# 
    43  001F                     	;# 
    44  008C                     	;# 
    45  008D                     	;# 
    46  0091                     	;# 
    47  0092                     	;# 
    48  0093                     	;# 
    49  0094                     	;# 
    50  0095                     	;# 
    51  0096                     	;# 
    52  0097                     	;# 
    53  0098                     	;# 
    54  0099                     	;# 
    55  009A                     	;# 
    56  009B                     	;# 
    57  009B                     	;# 
    58  009C                     	;# 
    59  009D                     	;# 
    60  009E                     	;# 
    61  010C                     	;# 
    62  010D                     	;# 
    63  0111                     	;# 
    64  0112                     	;# 
    65  0113                     	;# 
    66  0114                     	;# 
    67  0115                     	;# 
    68  0116                     	;# 
    69  0117                     	;# 
    70  0118                     	;# 
    71  0119                     	;# 
    72  011A                     	;# 
    73  011B                     	;# 
    74  011D                     	;# 
    75  011E                     	;# 
    76  018C                     	;# 
    77  018D                     	;# 
    78  0191                     	;# 
    79  0191                     	;# 
    80  0192                     	;# 
    81  0193                     	;# 
    82  0193                     	;# 
    83  0193                     	;# 
    84  0194                     	;# 
    85  0195                     	;# 
    86  0196                     	;# 
    87  0199                     	;# 
    88  019A                     	;# 
    89  019B                     	;# 
    90  019B                     	;# 
    91  019B                     	;# 
    92  019B                     	;# 
    93  019C                     	;# 
    94  019C                     	;# 
    95  019D                     	;# 
    96  019E                     	;# 
    97  019F                     	;# 
    98  020C                     	;# 
    99  020D                     	;# 
   100  0211                     	;# 
   101  0211                     	;# 
   102  0212                     	;# 
   103  0212                     	;# 
   104  0213                     	;# 
   105  0213                     	;# 
   106  0214                     	;# 
   107  0214                     	;# 
   108  0215                     	;# 
   109  0215                     	;# 
   110  0215                     	;# 
   111  0216                     	;# 
   112  0216                     	;# 
   113  0217                     	;# 
   114  0217                     	;# 
   115  0219                     	;# 
   116  021A                     	;# 
   117  021B                     	;# 
   118  021C                     	;# 
   119  021D                     	;# 
   120  021E                     	;# 
   121  021F                     	;# 
   122  0291                     	;# 
   123  0291                     	;# 
   124  0292                     	;# 
   125  0293                     	;# 
   126  0294                     	;# 
   127  0295                     	;# 
   128  0295                     	;# 
   129  0296                     	;# 
   130  0298                     	;# 
   131  0298                     	;# 
   132  0299                     	;# 
   133  029A                     	;# 
   134  029B                     	;# 
   135  029C                     	;# 
   136  029C                     	;# 
   137  029D                     	;# 
   138  029E                     	;# 
   139  029E                     	;# 
   140  0311                     	;# 
   141  0311                     	;# 
   142  0312                     	;# 
   143  0313                     	;# 
   144  0318                     	;# 
   145  0318                     	;# 
   146  0319                     	;# 
   147  031A                     	;# 
   148  0394                     	;# 
   149  0395                     	;# 
   150  0396                     	;# 
   151  039A                     	;# 
   152  039C                     	;# 
   153  039D                     	;# 
   154  039E                     	;# 
   155  039F                     	;# 
   156  0415                     	;# 
   157  0416                     	;# 
   158  0417                     	;# 
   159  041C                     	;# 
   160  041D                     	;# 
   161  041E                     	;# 
   162  0FE4                     	;# 
   163  0FE5                     	;# 
   164  0FE6                     	;# 
   165  0FE7                     	;# 
   166  0FE8                     	;# 
   167  0FE9                     	;# 
   168  0FEA                     	;# 
   169  0FEB                     	;# 
   170  0FED                     	;# 
   171  0FEE                     	;# 
   172  0FEF                     	;# 
   173                           
   174                           	psect	nvBANK0
   175  0066                     __pnvBANK0:	
   176  0066                     _i:	
   177  0066                     	ds	2
   178  000B                     _INTCONbits	set	11
   179  0011                     _PIR1bits	set	17
   180  000C                     _PORTAbits	set	12
   181  000D                     _PORTB	set	13
   182  000D                     _PORTBbits	set	13
   183  0018                     _T1CON	set	24
   184  0017                     _TMR1H	set	23
   185  0016                     _TMR1L	set	22
   186  009B                     _ADRES	set	155
   187  009D                     _ADCON0bits	set	157
   188  009E                     _ADCON1	set	158
   189  0095                     _OPTION_REG	set	149
   190  0099                     _OSCCON	set	153
   191  0091                     _PIE1bits	set	145
   192  008C                     _TRISA	set	140
   193  008D                     _TRISB	set	141
   194  0117                     _FVRCON	set	279
   195  018C                     _ANSELA	set	396
   196  018D                     _ANSELB	set	397
   197                           
   198                           ; #config settings
   199  0000                     
   200                           	psect	cinit
   201  016A                     start_initialization:	
   202  016A                     __initialization:	
   203                           
   204                           ; Clear objects allocated to BANK0
   205  016A  3020               	movlw	low __pbssBANK0
   206  016B  0084               	movwf	4
   207  016C  3000               	movlw	high __pbssBANK0
   208  016D  0085               	movwf	5
   209  016E  303A               	movlw	58
   210  016F  3182  227C         	fcall	clear_ram0
   211  0171                     end_of_initialization:	
   212                           ;End of C runtime variable initialization code
   213                           
   214  0171                     __end_of__initialization:	
   215  0171  107E               	bcf	pic14e$flags,0	;clear compiler interrupt flag
   216  0172  0020               	movlb	0
   217  0173  3181  2975         	ljmp	_main	;jump to C main() function
   218                           
   219                           	psect	bssBANK0
   220  0020                     __pbssBANK0:	
   221  0020                     _temp:	
   222  0020                     	ds	16
   223  0030                     _v:	
   224  0030                     	ds	16
   225  0040                     _cut:	
   226  0040                     	ds	8
   227  0048                     _cutf:	
   228  0048                     	ds	4
   229  004C                     _d:	
   230  004C                     	ds	4
   231  0050                     _cnt:	
   232  0050                     	ds	2
   233  0052                     _cnt0:	
   234  0052                     	ds	2
   235  0054                     _cnt1:	
   236  0054                     	ds	2
   237  0056                     _j:	
   238  0056                     	ds	2
   239  0058                     _k:	
   240  0058                     	ds	2
   241                           
   242                           	psect	clrtext
   243  027C                     clear_ram0:	
   244                           ;	Called with FSR0 containing the base address, and
   245                           ;	WREG with the size to clear
   246                           
   247  027C  0064               	clrwdt	;clear the watchdog before getting into this loop
   248  027D                     clrloop0:	
   249  027D  0180               	clrf	0	;clear RAM location pointed to by FSR
   250  027E  3101               	addfsr 0,1
   251  027F  0B89               	decfsz	9,f	;Have we reached the end of clearing yet?
   252  0280  2A7D               	goto	clrloop0	;have we reached the end yet?
   253  0281  3400               	retlw	0	;all done for this memory range, return
   254                           
   255                           	psect	cstackCOMMON
   256  0070                     __pcstackCOMMON:	
   257  0070                     ?_isr:	
   258  0070                     ?_adc:	
   259                           ; 0 bytes @ 0x0
   260                           
   261  0070                     ?_main:	
   262                           ; 2 bytes @ 0x0
   263                           
   264  0070                     ?___lldiv:	
   265                           ; 2 bytes @ 0x0
   266                           
   267  0070                     ___lldiv@divisor:	
   268                           ; 4 bytes @ 0x0
   269                           
   270                           
   271                           ; 4 bytes @ 0x0
   272  0070                     	ds	2
   273  0072                     ??_adc:	
   274                           
   275                           ; 0 bytes @ 0x2
   276  0072                     	ds	1
   277  0073                     adc@ch:	
   278                           
   279                           ; 1 bytes @ 0x3
   280  0073                     	ds	1
   281  0074                     ___lldiv@dividend:	
   282                           
   283                           ; 4 bytes @ 0x4
   284  0074                     	ds	4
   285  0078                     ??___lldiv:	
   286                           
   287                           ; 0 bytes @ 0x8
   288  0078                     	ds	1
   289  0079                     ___lldiv@quotient:	
   290                           
   291                           ; 4 bytes @ 0x9
   292  0079                     	ds	4
   293  007D                     ___lldiv@counter:	
   294                           
   295                           ; 1 bytes @ 0xD
   296  007D                     	ds	1
   297                           
   298                           	psect	cstackBANK0
   299  005A                     __pcstackBANK0:	
   300  005A                     ??_isr:	
   301                           
   302                           ; 0 bytes @ 0x0
   303  005A                     	ds	7
   304  0061                     ??_main:	
   305                           
   306                           ; 0 bytes @ 0x7
   307  0061                     	ds	5
   308                           
   309                           	psect	maintext
   310  0175                     __pmaintext:	
   311 ;;
   312 ;;Main: autosize = 0, tempsize = 5, incstack = 0, save=0
   313 ;;
   314 ;; *************** function _main *****************
   315 ;; Defined at:
   316 ;;		line 98 in file "PIC16F1827-ChargeStation02.c"
   317 ;; Parameters:    Size  Location     Type
   318 ;;		None
   319 ;; Auto vars:     Size  Location     Type
   320 ;;		None
   321 ;; Return value:  Size  Location     Type
   322 ;;                  2   91[COMMON] int 
   323 ;; Registers used:
   324 ;;		wreg, fsr0l, fsr0h, fsr1l, fsr1h, status,2, status,0
   325 ;; Tracked objects:
   326 ;;		On entry : 17F/0
   327 ;;		On exit  : 0/0
   328 ;;		Unchanged: 0/0
   329 ;; Data sizes:     COMMON   BANK0   BANK1   BANK2   BANK3   BANK4
   330 ;;      Params:         0       0       0       0       0       0
   331 ;;      Locals:         0       0       0       0       0       0
   332 ;;      Temps:          0       5       0       0       0       0
   333 ;;      Totals:         0       5       0       0       0       0
   334 ;;Total ram usage:        5 bytes
   335 ;; Hardware stack levels required when called:    2
   336 ;; This function calls:
   337 ;;		Nothing
   338 ;; This function is called by:
   339 ;;		Startup code after reset
   340 ;; This function uses a non-reentrant model
   341 ;;
   342                           
   343                           
   344                           ;psect for function _main
   345  0175                     _main:	
   346                           
   347                           ;PIC16F1827-ChargeStation02.c: 99: OSCCON = 0x70;
   348                           
   349                           ;incstack = 0
   350                           ; Regs used in _main: [wreg-fsr1h+status,2+status,0]
   351  0175  3070               	movlw	112
   352  0176  0021               	movlb	1	; select bank1
   353  0177  0099               	movwf	25	;volatile
   354                           
   355                           ;PIC16F1827-ChargeStation02.c: 100: TRISA = 0xFF;
   356  0178  30FF               	movlw	255
   357  0179  008C               	movwf	12	;volatile
   358                           
   359                           ;PIC16F1827-ChargeStation02.c: 101: TRISB = 0x00;
   360  017A  018D               	clrf	13	;volatile
   361                           
   362                           ;PIC16F1827-ChargeStation02.c: 102: ANSELA = 0x0F;
   363  017B  300F               	movlw	15
   364  017C  0023               	movlb	3	; select bank3
   365  017D  008C               	movwf	12	;volatile
   366                           
   367                           ;PIC16F1827-ChargeStation02.c: 103: ANSELB = 0x00;
   368  017E  018D               	clrf	13	;volatile
   369                           
   370                           ;PIC16F1827-ChargeStation02.c: 104: ADCON1 = 0x93;
   371  017F  3093               	movlw	147
   372  0180  0021               	movlb	1	; select bank1
   373  0181  009E               	movwf	30	;volatile
   374                           
   375                           ;PIC16F1827-ChargeStation02.c: 105: FVRCON = 0x83;
   376  0182  3083               	movlw	131
   377  0183  0022               	movlb	2	; select bank2
   378  0184  0097               	movwf	23	;volatile
   379                           
   380                           ;PIC16F1827-ChargeStation02.c: 107: PORTB = 0xF0;
   381  0185  30F0               	movlw	240
   382  0186  0020               	movlb	0	; select bank0
   383  0187  008D               	movwf	13	;volatile
   384                           
   385                           ;PIC16F1827-ChargeStation02.c: 109: OPTION_REG = 0b10010011;
   386  0188  3093               	movlw	147
   387  0189  0021               	movlb	1	; select bank1
   388  018A  0095               	movwf	21	;volatile
   389                           
   390                           ;PIC16F1827-ChargeStation02.c: 110: INTCONbits.TMR0IE = 1;
   391  018B  168B               	bsf	11,5	;volatile
   392                           
   393                           ;PIC16F1827-ChargeStation02.c: 112: T1CON = 0x21;
   394  018C  3021               	movlw	33
   395  018D  0020               	movlb	0	; select bank0
   396  018E  0098               	movwf	24	;volatile
   397                           
   398                           ;PIC16F1827-ChargeStation02.c: 113: TMR1H = 0x00;
   399  018F  0197               	clrf	23	;volatile
   400                           
   401                           ;PIC16F1827-ChargeStation02.c: 114: TMR1L = 0x00;
   402  0190  0196               	clrf	22	;volatile
   403                           
   404                           ;PIC16F1827-ChargeStation02.c: 115: PIE1bits.TMR1IE = 1;
   405  0191  0021               	movlb	1	; select bank1
   406  0192  1411               	bsf	17,0	;volatile
   407                           
   408                           ;PIC16F1827-ChargeStation02.c: 116: INTCONbits.PEIE = 1;
   409  0193  170B               	bsf	11,6	;volatile
   410                           
   411                           ;PIC16F1827-ChargeStation02.c: 117: INTCONbits.GIE = 1;
   412  0194  178B               	bsf	11,7	;volatile
   413  0195                     l901:	
   414                           ;PIC16F1827-ChargeStation02.c: 119: while (1) {
   415                           
   416                           
   417                           ;PIC16F1827-ChargeStation02.c: 120: for (i = 0; i < 4; i++) {
   418  0195  0020               	movlb	0	; select bank0
   419  0196  01E6               	clrf	_i
   420  0197  01E7               	clrf	_i+1
   421  0198                     L1:	
   422  0198  0867               	movf	_i+1,w
   423  0199  3A80               	xorlw	128
   424  019A  00E1               	movwf	??_main
   425  019B  3080               	movlw	128
   426  019C  0261               	subwf	??_main,w
   427  019D  1D03               	skipz
   428  019E  29A1               	goto	u705
   429  019F  3004               	movlw	4
   430  01A0  0266               	subwf	_i,w
   431  01A1                     u705:	
   432  01A1  1803               	btfsc	3,0
   433  01A2  2995               	goto	l901
   434                           
   435                           ;PIC16F1827-ChargeStation02.c: 121: if (PORTAbits.RA4 == 0) {
   436  01A3  0020               	movlb	0	; select bank0
   437  01A4  1E0C               	btfss	12,4	;volatile
   438                           
   439                           ;PIC16F1827-ChargeStation02.c: 122: PORTBbits.RB0 = 0;
   440  01A5  100D               	bcf	13,0	;volatile
   441                           
   442                           ;PIC16F1827-ChargeStation02.c: 123: }
   443                           ;PIC16F1827-ChargeStation02.c: 124: if (PORTAbits.RA5 == 0) {
   444  01A6  1E8C               	btfss	12,5	;volatile
   445                           
   446                           ;PIC16F1827-ChargeStation02.c: 125: PORTBbits.RB1 = 0;
   447  01A7  108D               	bcf	13,1	;volatile
   448                           
   449                           ;PIC16F1827-ChargeStation02.c: 126: }
   450                           ;PIC16F1827-ChargeStation02.c: 127: if (PORTAbits.RA6 == 0) {
   451  01A8  1F0C               	btfss	12,6	;volatile
   452                           
   453                           ;PIC16F1827-ChargeStation02.c: 128: PORTBbits.RB2 = 0;
   454  01A9  110D               	bcf	13,2	;volatile
   455                           
   456                           ;PIC16F1827-ChargeStation02.c: 129: }
   457                           ;PIC16F1827-ChargeStation02.c: 130: if (PORTAbits.RA7 == 0) {
   458  01AA  1F8C               	btfss	12,7	;volatile
   459                           
   460                           ;PIC16F1827-ChargeStation02.c: 131: PORTBbits.RB3 = 0;
   461  01AB  118D               	bcf	13,3	;volatile
   462                           
   463                           ;PIC16F1827-ChargeStation02.c: 132: }
   464                           ;PIC16F1827-ChargeStation02.c: 133: if (v[i] < 75) {
   465  01AC  0866               	movf	_i,w
   466  01AD  00E1               	movwf	??_main
   467  01AE  3001               	movlw	1
   468  01AF                     u755:	
   469  01AF  35E1               	lslf	??_main,f
   470  01B0  3EFF               	addlw	-1
   471  01B1  1D03               	skipz
   472  01B2  29AF               	goto	u755
   473  01B3  3561               	lslf	??_main,w
   474  01B4  3E30               	addlw	_v& (0+255)
   475  01B5  0086               	movwf	6
   476  01B6  0187               	clrf	7
   477  01B7  3F40               	moviw [0]fsr1
   478  01B8  00E2               	movwf	??_main+1
   479  01B9  3F41               	moviw [1]fsr1
   480  01BA  00E3               	movwf	??_main+2
   481  01BB  3F42               	moviw [2]fsr1
   482  01BC  00E4               	movwf	??_main+3
   483  01BD  3F43               	moviw [3]fsr1
   484  01BE  00E5               	movwf	??_main+4
   485  01BF  3000               	movlw	0
   486  01C0  0265               	subwf	??_main+4,w
   487  01C1  1D03               	skipz
   488  01C2  29CD               	goto	u765
   489  01C3  3000               	movlw	0
   490  01C4  0264               	subwf	??_main+3,w
   491  01C5  1D03               	skipz
   492  01C6  29CD               	goto	u765
   493  01C7  3000               	movlw	0
   494  01C8  0263               	subwf	??_main+2,w
   495  01C9  1D03               	skipz
   496  01CA  29CD               	goto	u765
   497  01CB  304B               	movlw	75
   498  01CC  0262               	subwf	??_main+1,w
   499  01CD                     u765:	
   500  01CD  1803               	skipnc
   501  01CE  29D6               	goto	l917
   502                           
   503                           ;PIC16F1827-ChargeStation02.c: 134: cutf[i] = 1;
   504  01CF  0866               	movf	_i,w
   505  01D0  3E48               	addlw	_cutf& (0+255)
   506  01D1  0086               	movwf	6
   507  01D2  0187               	clrf	7
   508  01D3  0181               	clrf	1
   509  01D4  0A81               	incf	1,f
   510                           
   511                           ;PIC16F1827-ChargeStation02.c: 135: } else {
   512  01D5  29E2               	goto	l100
   513  01D6                     l917:	
   514                           
   515                           ;PIC16F1827-ChargeStation02.c: 136: cutf[i] = 0;
   516  01D6  0866               	movf	_i,w
   517  01D7  3E48               	addlw	_cutf& (0+255)
   518  01D8  0086               	movwf	6
   519  01D9  0187               	clrf	7
   520  01DA  0181               	clrf	1
   521                           
   522                           ;PIC16F1827-ChargeStation02.c: 137: cut[i] = 0;
   523  01DB  3566               	lslf	_i,w
   524  01DC  3E40               	addlw	_cut& (0+255)
   525  01DD  0086               	movwf	6
   526  01DE  0187               	clrf	7
   527  01DF  3000               	movlw	0
   528  01E0  3FC0               	movwi [0]fsr1
   529  01E1  3FC1               	movwi [1]fsr1
   530  01E2                     l100:	
   531                           
   532                           ;PIC16F1827-ChargeStation02.c: 138: }
   533                           ;PIC16F1827-ChargeStation02.c: 140: if (cut[i] == 50) {
   534  01E2  3566               	lslf	_i,w
   535  01E3  3E40               	addlw	_cut& (0+255)
   536  01E4  0086               	movwf	6
   537  01E5  0187               	clrf	7
   538  01E6  3F40               	moviw [0]fsr1
   539  01E7  3A32               	xorlw	50
   540  01E8  1D03               	skipz
   541  01E9  29EC               	goto	u775
   542  01EA  3F41               	moviw [1]fsr1
   543  01EB  3A00               	xorlw	0
   544  01EC                     u775:	
   545  01EC  1903               	btfsc	3,2
   546  01ED  29F7               	goto	l923
   547  01EE  2A0A               	goto	l925
   548  01EF                     l103:	
   549                           ;PIC16F1827-ChargeStation02.c: 142: case 0:
   550                           
   551                           ;PIC16F1827-ChargeStation02.c: 141: switch (i) {
   552                           
   553                           
   554                           ;PIC16F1827-ChargeStation02.c: 143: PORTBbits.RB0 = 1;
   555  01EF  140D               	bsf	13,0	;volatile
   556                           
   557                           ;PIC16F1827-ChargeStation02.c: 144: break;
   558  01F0  2A0A               	goto	l925
   559  01F1                     l105:	
   560                           ;PIC16F1827-ChargeStation02.c: 145: case 1:
   561                           
   562                           
   563                           ;PIC16F1827-ChargeStation02.c: 146: PORTBbits.RB2 = 1;
   564  01F1  150D               	bsf	13,2	;volatile
   565                           
   566                           ;PIC16F1827-ChargeStation02.c: 147: break;
   567  01F2  2A0A               	goto	l925
   568  01F3                     l106:	
   569                           ;PIC16F1827-ChargeStation02.c: 148: case 3:
   570                           
   571                           
   572                           ;PIC16F1827-ChargeStation02.c: 149: PORTBbits.RB1 = 1;
   573  01F3  148D               	bsf	13,1	;volatile
   574                           
   575                           ;PIC16F1827-ChargeStation02.c: 150: break;
   576  01F4  2A0A               	goto	l925
   577  01F5                     l107:	
   578                           ;PIC16F1827-ChargeStation02.c: 151: case 2:
   579                           
   580                           
   581                           ;PIC16F1827-ChargeStation02.c: 152: PORTBbits.RB3 = 1;
   582  01F5  158D               	bsf	13,3	;volatile
   583                           
   584                           ;PIC16F1827-ChargeStation02.c: 154: }
   585                           
   586                           ;PIC16F1827-ChargeStation02.c: 153: break;
   587  01F6  2A0A               	goto	l925
   588  01F7                     l923:	
   589                           
   590                           ; Switch on 2 bytes has been partitioned into a top level switch of size 1, and 1 sub-sw
      +                          itches
   591                           ; Switch size 1, requested type "space"
   592                           ; Number of cases is 1, Range of values is 0 to 0
   593                           ; switch strategies available:
   594                           ; Name         Instructions Cycles
   595                           ; simple_byte            4     3 (average)
   596                           ; direct_byte            8     6 (fixed)
   597                           ; jumptable            260     6 (fixed)
   598                           ;	Chosen strategy is simple_byte
   599  01F7  0867               	movf	_i+1,w
   600  01F8  3A00               	xorlw	0	; case 0
   601  01F9  1903               	skipnz
   602  01FA  29FC               	goto	l963
   603  01FB  2A0A               	goto	l925
   604  01FC                     l963:	
   605                           
   606                           ; Switch size 1, requested type "space"
   607                           ; Number of cases is 4, Range of values is 0 to 3
   608                           ; switch strategies available:
   609                           ; Name         Instructions Cycles
   610                           ; simple_byte           13     7 (average)
   611                           ; direct_byte           14     6 (fixed)
   612                           ; jumptable            260     6 (fixed)
   613                           ;	Chosen strategy is simple_byte
   614  01FC  0866               	movf	_i,w
   615  01FD  3A00               	xorlw	0	; case 0
   616  01FE  1903               	skipnz
   617  01FF  29EF               	goto	l103
   618  0200  3A01               	xorlw	1	; case 1
   619  0201  1903               	skipnz
   620  0202  29F1               	goto	l105
   621  0203  3A03               	xorlw	3	; case 2
   622  0204  1903               	skipnz
   623  0205  29F5               	goto	l107
   624  0206  3A01               	xorlw	1	; case 3
   625  0207  1903               	skipnz
   626  0208  29F3               	goto	l106
   627  0209  2A0A               	goto	l925
   628  020A                     l925:	
   629  020A  3001               	movlw	1
   630  020B  07E6               	addwf	_i,f
   631  020C  3000               	movlw	0
   632  020D  3DE7               	addwfc	_i+1,f
   633  020E  2998               	goto	L1
   634  020F                     __end_of_main:	
   635                           ;PIC16F1827-ChargeStation02.c: 156: }
   636                           ;PIC16F1827-ChargeStation02.c: 157: }
   637                           ;PIC16F1827-ChargeStation02.c: 158: }
   638                           ;PIC16F1827-ChargeStation02.c: 159: return 0;
   639                           ;	Return value of _main is never used
   640                           
   641                           
   642                           	psect	intentry
   643  0004                     __pintentry:	
   644 ;; *************** function _isr *****************
   645 ;; Defined at:
   646 ;;		line 49 in file "PIC16F1827-ChargeStation02.c"
   647 ;; Parameters:    Size  Location     Type
   648 ;;		None
   649 ;; Auto vars:     Size  Location     Type
   650 ;;		None
   651 ;; Return value:  Size  Location     Type
   652 ;;		None               void
   653 ;; Registers used:
   654 ;;		wreg, fsr1l, fsr1h, status,2, status,0, pclath, cstack
   655 ;; Tracked objects:
   656 ;;		On entry : 0/0
   657 ;;		On exit  : 0/0
   658 ;;		Unchanged: 0/0
   659 ;; Data sizes:     COMMON   BANK0   BANK1   BANK2   BANK3   BANK4
   660 ;;      Params:         0       0       0       0       0       0
   661 ;;      Locals:         0       0       0       0       0       0
   662 ;;      Temps:          0       7       0       0       0       0
   663 ;;      Totals:         0       7       0       0       0       0
   664 ;;Total ram usage:        7 bytes
   665 ;; Hardware stack levels used:    1
   666 ;; Hardware stack levels required when called:    1
   667 ;; This function calls:
   668 ;;		___lldiv
   669 ;;		_adc
   670 ;; This function is called by:
   671 ;;		Interrupt level 1
   672 ;; This function uses a non-reentrant model
   673 ;;
   674                           
   675  0004                     _isr:	
   676                           
   677                           ;incstack = 0
   678                           ; Regs used in _isr: [wreg+fsr1l+fsr1h+status,2+status,0+pclath+cstack]
   679  0004  147E               	bsf	126,0	;set compiler interrupt flag
   680  0005  3180               	pagesel	$
   681  0006  0020               	movlb	0	; select bank0
   682  0007  087F               	movf	127,w
   683  0008  00E0               	movwf	??_isr+6
   684                           
   685                           ;PIC16F1827-ChargeStation02.c: 50: if (PIR1bits.TMR1IF == 1) {
   686  0009  1C11               	btfss	17,0	;volatile
   687  000A  287F               	goto	i1l71
   688                           
   689                           ;PIC16F1827-ChargeStation02.c: 51: PIR1bits.TMR1IF = 0;
   690  000B  1011               	bcf	17,0	;volatile
   691                           
   692                           ;PIC16F1827-ChargeStation02.c: 53: cnt1++;
   693  000C  3001               	movlw	1
   694  000D  07D4               	addwf	_cnt1,f
   695  000E  3000               	movlw	0
   696  000F  3DD5               	addwfc	_cnt1+1,f
   697                           
   698                           ;PIC16F1827-ChargeStation02.c: 54: if (cnt1 == 15) {
   699  0010  300F               	movlw	15
   700  0011  0654               	xorwf	_cnt1,w
   701  0012  0455               	iorwf	_cnt1+1,w
   702  0013  1D03               	skipz
   703  0014  287F               	goto	i1l71
   704                           
   705                           ;PIC16F1827-ChargeStation02.c: 55: cnt1 = 0;
   706  0015  01D4               	clrf	_cnt1
   707  0016  01D5               	clrf	_cnt1+1
   708                           
   709                           ;PIC16F1827-ChargeStation02.c: 57: for (i = 0; i < 4; i++) {
   710  0017  01E6               	clrf	_i
   711  0018  01E7               	clrf	_i+1
   712  0019  0867               	movf	_i+1,w
   713  001A  3A80               	xorlw	128
   714  001B  00DA               	movwf	??_isr
   715  001C  3080               	movlw	128
   716  001D  025A               	subwf	??_isr,w
   717  001E  1D03               	skipz
   718  001F  2822               	goto	u50_25
   719  0020  3004               	movlw	4
   720  0021  0266               	subwf	_i,w
   721  0022                     u50_25:	
   722  0022  1803               	btfsc	3,0
   723  0023  287F               	goto	i1l71
   724  0024                     i1l815:	
   725                           
   726                           ;PIC16F1827-ChargeStation02.c: 58: temp[i] = adc(i);
   727  0024  0020               	movlb	0	; select bank0
   728  0025  0866               	movf	_i,w
   729  0026  3182  2261  3180   	fcall	_adc
   730  0029  0870               	movf	?_adc,w
   731  002A  0020               	movlb	0	; select bank0
   732  002B  00DA               	movwf	??_isr
   733  002C  0871               	movf	?_adc+1,w
   734  002D  00DB               	movwf	??_isr+1
   735  002E  01DC               	clrf	??_isr+2
   736  002F  01DD               	clrf	??_isr+3
   737  0030  0866               	movf	_i,w
   738  0031  00DE               	movwf	??_isr+4
   739  0032  3001               	movlw	1
   740  0033                     u51_25:	
   741  0033  35DE               	lslf	??_isr+4,f
   742  0034  3EFF               	addlw	-1
   743  0035  1D03               	skipz
   744  0036  2833               	goto	u51_25
   745  0037  355E               	lslf	??_isr+4,w
   746  0038  3E20               	addlw	_temp& (0+255)
   747  0039  0086               	movwf	6
   748  003A  0187               	clrf	7
   749  003B  085A               	movf	??_isr,w
   750  003C  3FC0               	movwi [0]fsr1
   751  003D  085B               	movf	??_isr+1,w
   752  003E  3FC1               	movwi [1]fsr1
   753  003F  085C               	movf	??_isr+2,w
   754  0040  3FC2               	movwi [2]fsr1
   755  0041  085D               	movf	??_isr+3,w
   756  0042  3FC3               	movwi [3]fsr1
   757                           
   758                           ;PIC16F1827-ChargeStation02.c: 59: v[i] = temp[i] * 2;
   759  0043  0866               	movf	_i,w
   760  0044  00DA               	movwf	??_isr
   761  0045  3001               	movlw	1
   762  0046                     u52_25:	
   763  0046  35DA               	lslf	??_isr,f
   764  0047  3EFF               	addlw	-1
   765  0048  1D03               	skipz
   766  0049  2846               	goto	u52_25
   767  004A  355A               	lslf	??_isr,w
   768  004B  3E20               	addlw	_temp& (0+255)
   769  004C  0086               	movwf	6
   770  004D  0187               	clrf	7
   771  004E  3F40               	moviw [0]fsr1
   772  004F  00DB               	movwf	??_isr+1
   773  0050  3F41               	moviw [1]fsr1
   774  0051  00DC               	movwf	??_isr+2
   775  0052  3F42               	moviw [2]fsr1
   776  0053  00DD               	movwf	??_isr+3
   777  0054  3F43               	moviw [3]fsr1
   778  0055  00DE               	movwf	??_isr+4
   779  0056  3001               	movlw	1
   780  0057                     u53_25:	
   781  0057  35DB               	lslf	??_isr+1,f
   782  0058  0DDC               	rlf	??_isr+2,f
   783  0059  0DDD               	rlf	??_isr+3,f
   784  005A  0DDE               	rlf	??_isr+4,f
   785  005B  0B89               	decfsz	9,f
   786  005C  2857               	goto	u53_25
   787  005D  0866               	movf	_i,w
   788  005E  00DF               	movwf	??_isr+5
   789  005F  3001               	movlw	1
   790  0060                     u54_25:	
   791  0060  35DF               	lslf	??_isr+5,f
   792  0061  3EFF               	addlw	-1
   793  0062  1D03               	skipz
   794  0063  2860               	goto	u54_25
   795  0064  355F               	lslf	??_isr+5,w
   796  0065  3E30               	addlw	_v& (0+255)
   797  0066  0086               	movwf	6
   798  0067  0187               	clrf	7
   799  0068  085B               	movf	??_isr+1,w
   800  0069  3FC0               	movwi [0]fsr1
   801  006A  085C               	movf	??_isr+2,w
   802  006B  3FC1               	movwi [1]fsr1
   803  006C  085D               	movf	??_isr+3,w
   804  006D  3FC2               	movwi [2]fsr1
   805  006E  085E               	movf	??_isr+4,w
   806  006F  3FC3               	movwi [3]fsr1
   807  0070  3001               	movlw	1
   808  0071  07E6               	addwf	_i,f
   809  0072  3000               	movlw	0
   810  0073  3DE7               	addwfc	_i+1,f
   811  0074  0867               	movf	_i+1,w
   812  0075  3A80               	xorlw	128
   813  0076  00DA               	movwf	??_isr
   814  0077  3080               	movlw	128
   815  0078  025A               	subwf	??_isr,w
   816  0079  1D03               	skipz
   817  007A  287D               	goto	u55_25
   818  007B  3004               	movlw	4
   819  007C  0266               	subwf	_i,w
   820  007D                     u55_25:	
   821  007D  1C03               	skipc
   822  007E  2824               	goto	i1l815
   823  007F                     i1l71:	
   824                           
   825                           ;PIC16F1827-ChargeStation02.c: 60: }
   826                           ;PIC16F1827-ChargeStation02.c: 61: }
   827                           ;PIC16F1827-ChargeStation02.c: 62: }
   828                           ;PIC16F1827-ChargeStation02.c: 63: if (INTCONbits.TMR0IF == 1) {
   829  007F  1D0B               	btfss	11,2	;volatile
   830  0080  2963               	goto	i1l89
   831                           
   832                           ;PIC16F1827-ChargeStation02.c: 64: INTCONbits.TMR0IF = 0;
   833  0081  110B               	bcf	11,2	;volatile
   834                           
   835                           ;PIC16F1827-ChargeStation02.c: 65: cnt0++;
   836  0082  3001               	movlw	1
   837  0083  0020               	movlb	0	; select bank0
   838  0084  07D2               	addwf	_cnt0,f
   839  0085  3000               	movlw	0
   840  0086  3DD3               	addwfc	_cnt0+1,f
   841                           
   842                           ;PIC16F1827-ChargeStation02.c: 66: if (cnt0 == 400) {
   843  0087  3001               	movlw	1
   844  0088  0653               	xorwf	_cnt0+1,w
   845  0089  1D03               	skipz
   846  008A  288D               	goto	u57_25
   847  008B  3090               	movlw	144
   848  008C  0652               	xorwf	_cnt0,w
   849  008D                     u57_25:	
   850  008D  1D03               	skipz
   851  008E  2963               	goto	i1l89
   852                           
   853                           ;PIC16F1827-ChargeStation02.c: 67: cnt0 = 0;
   854  008F  01D2               	clrf	_cnt0
   855  0090  01D3               	clrf	_cnt0+1
   856                           
   857                           ;PIC16F1827-ChargeStation02.c: 68: for (k = 0; k < 4; k++) {
   858  0091  01D8               	clrf	_k
   859  0092  01D9               	clrf	_k+1
   860  0093  0859               	movf	_k+1,w
   861  0094  3A80               	xorlw	128
   862  0095  00DA               	movwf	??_isr
   863  0096  3080               	movlw	128
   864  0097  025A               	subwf	??_isr,w
   865  0098  1D03               	skipz
   866  0099  289C               	goto	u58_25
   867  009A  3004               	movlw	4
   868  009B  0258               	subwf	_k,w
   869  009C                     u58_25:	
   870  009C  1803               	btfsc	3,0
   871  009D  28BF               	goto	i1l841
   872  009E                     i1l833:	
   873                           
   874                           ;PIC16F1827-ChargeStation02.c: 69: if (cutf[k])cut[k]++;
   875  009E  0020               	movlb	0	; select bank0
   876  009F  0858               	movf	_k,w
   877  00A0  3E48               	addlw	_cutf& (0+255)
   878  00A1  0086               	movwf	6
   879  00A2  0187               	clrf	7
   880  00A3  0801               	movf	1,w
   881  00A4  3A00               	xorlw	0
   882  00A5  1903               	skipnz
   883  00A6  28B0               	goto	i1l837
   884  00A7  3558               	lslf	_k,w
   885  00A8  3E40               	addlw	_cut& (0+255)
   886  00A9  0086               	movwf	6
   887  00AA  0187               	clrf	7
   888  00AB  3001               	movlw	1
   889  00AC  0781               	addwf	1,f
   890  00AD  3141               	addfsr 1,1
   891  00AE  1803               	skipnc
   892  00AF  0A81               	incf	1,f
   893  00B0                     i1l837:	
   894  00B0  3001               	movlw	1
   895  00B1  07D8               	addwf	_k,f
   896  00B2  3000               	movlw	0
   897  00B3  3DD9               	addwfc	_k+1,f
   898  00B4  0859               	movf	_k+1,w
   899  00B5  3A80               	xorlw	128
   900  00B6  00DA               	movwf	??_isr
   901  00B7  3080               	movlw	128
   902  00B8  025A               	subwf	??_isr,w
   903  00B9  1D03               	skipz
   904  00BA  28BD               	goto	u60_25
   905  00BB  3004               	movlw	4
   906  00BC  0258               	subwf	_k,w
   907  00BD                     u60_25:	
   908  00BD  1C03               	skipc
   909  00BE  289E               	goto	i1l833
   910  00BF                     i1l841:	
   911                           
   912                           ;PIC16F1827-ChargeStation02.c: 70: }
   913                           ;PIC16F1827-ChargeStation02.c: 71: cnt++;
   914  00BF  3001               	movlw	1
   915  00C0  0020               	movlb	0	; select bank0
   916  00C1  07D0               	addwf	_cnt,f
   917  00C2  3000               	movlw	0
   918  00C3  3DD1               	addwfc	_cnt+1,f
   919                           
   920                           ;PIC16F1827-ChargeStation02.c: 72: if (cnt == 40) {
   921  00C4  3028               	movlw	40
   922  00C5  0650               	xorwf	_cnt,w
   923  00C6  0451               	iorwf	_cnt+1,w
   924  00C7  1D03               	skipz
   925  00C8  28CB               	goto	i1l80
   926                           
   927                           ;PIC16F1827-ChargeStation02.c: 73: cnt = 0;
   928  00C9  01D0               	clrf	_cnt
   929  00CA  01D1               	clrf	_cnt+1
   930  00CB                     i1l80:	
   931                           
   932                           ;PIC16F1827-ChargeStation02.c: 74: }
   933                           ;PIC16F1827-ChargeStation02.c: 75: for (j = 0; j < 4; j++) {
   934  00CB  01D6               	clrf	_j
   935  00CC  01D7               	clrf	_j+1
   936  00CD  0857               	movf	_j+1,w
   937  00CE  3A80               	xorlw	128
   938  00CF  00DA               	movwf	??_isr
   939  00D0  3080               	movlw	128
   940  00D1  025A               	subwf	??_isr,w
   941  00D2  1D03               	skipz
   942  00D3  28D6               	goto	u62_25
   943  00D4  3004               	movlw	4
   944  00D5  0256               	subwf	_j,w
   945  00D6                     u62_25:	
   946  00D6  1803               	btfsc	3,0
   947  00D7  290F               	goto	i1l82
   948  00D8                     i1l849:	
   949                           
   950                           ;PIC16F1827-ChargeStation02.c: 76: d[j] = v[j] / 100;
   951  00D8  3000               	movlw	0
   952  00D9  00F3               	movwf	___lldiv@divisor+3
   953  00DA  3000               	movlw	0
   954  00DB  00F2               	movwf	___lldiv@divisor+2
   955  00DC  3000               	movlw	0
   956  00DD  00F1               	movwf	___lldiv@divisor+1
   957  00DE  3064               	movlw	100
   958  00DF  00F0               	movwf	___lldiv@divisor
   959  00E0  0020               	movlb	0	; select bank0
   960  00E1  0856               	movf	_j,w
   961  00E2  00DA               	movwf	??_isr
   962  00E3  3001               	movlw	1
   963  00E4                     u63_25:	
   964  00E4  35DA               	lslf	??_isr,f
   965  00E5  3EFF               	addlw	-1
   966  00E6  1D03               	skipz
   967  00E7  28E4               	goto	u63_25
   968  00E8  355A               	lslf	??_isr,w
   969  00E9  3E30               	addlw	_v& (0+255)
   970  00EA  0086               	movwf	6
   971  00EB  0187               	clrf	7
   972  00EC  3F40               	moviw [0]fsr1
   973  00ED  00F4               	movwf	___lldiv@dividend
   974  00EE  3F41               	moviw [1]fsr1
   975  00EF  00F5               	movwf	___lldiv@dividend+1
   976  00F0  3F42               	moviw [2]fsr1
   977  00F1  00F6               	movwf	___lldiv@dividend+2
   978  00F2  3F43               	moviw [3]fsr1
   979  00F3  00F7               	movwf	___lldiv@dividend+3
   980  00F4  3182  220F  3180   	fcall	___lldiv
   981  00F7  0870               	movf	?___lldiv,w
   982  00F8  0020               	movlb	0	; select bank0
   983  00F9  00DB               	movwf	??_isr+1
   984  00FA  0856               	movf	_j,w
   985  00FB  3E4C               	addlw	_d& (0+255)
   986  00FC  0086               	movwf	6
   987  00FD  0187               	clrf	7
   988  00FE  085B               	movf	??_isr+1,w
   989  00FF  0081               	movwf	1
   990  0100  3001               	movlw	1
   991  0101  07D6               	addwf	_j,f
   992  0102  3000               	movlw	0
   993  0103  3DD7               	addwfc	_j+1,f
   994  0104  0857               	movf	_j+1,w
   995  0105  3A80               	xorlw	128
   996  0106  00DA               	movwf	??_isr
   997  0107  3080               	movlw	128
   998  0108  025A               	subwf	??_isr,w
   999  0109  1D03               	skipz
  1000  010A  290D               	goto	u64_25
  1001  010B  3004               	movlw	4
  1002  010C  0256               	subwf	_j,w
  1003  010D                     u64_25:	
  1004  010D  1C03               	skipc
  1005  010E  28D8               	goto	i1l849
  1006  010F                     i1l82:	
  1007                           
  1008                           ;PIC16F1827-ChargeStation02.c: 77: }
  1009                           ;PIC16F1827-ChargeStation02.c: 78: if ((cnt % 2) == 1) {
  1010  010F  0020               	movlb	0	; select bank0
  1011  0110  1C50               	btfss	_cnt,0
  1012  0111  2960               	goto	i1l871
  1013                           
  1014                           ;PIC16F1827-ChargeStation02.c: 79: if (((cnt + 1) / 2) <= d[0]) {
  1015  0112  0850               	movf	_cnt,w
  1016  0113  3E01               	addlw	1
  1017  0114  00DA               	movwf	??_isr
  1018  0115  3000               	movlw	0
  1019  0116  3D51               	addwfc	_cnt+1,w
  1020  0117  00DB               	movwf	??_isr+1
  1021  0118  36DB               	lsrf	??_isr+1,f
  1022  0119  0CDA               	rrf	??_isr,f
  1023  011A  084C               	movf	_d,w
  1024  011B  00DC               	movwf	??_isr+2
  1025  011C  01DD               	clrf	??_isr+3
  1026  011D  085B               	movf	??_isr+1,w
  1027  011E  025D               	subwf	??_isr+3,w
  1028  011F  1D03               	skipz
  1029  0120  2923               	goto	u66_25
  1030  0121  085A               	movf	??_isr,w
  1031  0122  025C               	subwf	??_isr+2,w
  1032  0123                     u66_25:	
  1033  0123  1803               	btfsc	3,0
  1034                           
  1035                           ;PIC16F1827-ChargeStation02.c: 80: PORTBbits.RB4 = 1;
  1036  0124  160D               	bsf	13,4	;volatile
  1037                           
  1038                           ;PIC16F1827-ChargeStation02.c: 81: }
  1039                           ;PIC16F1827-ChargeStation02.c: 82: if (((cnt + 1) / 2) <= d[1]) {
  1040  0125  0850               	movf	_cnt,w
  1041  0126  3E01               	addlw	1
  1042  0127  00DA               	movwf	??_isr
  1043  0128  3000               	movlw	0
  1044  0129  3D51               	addwfc	_cnt+1,w
  1045  012A  00DB               	movwf	??_isr+1
  1046  012B  36DB               	lsrf	??_isr+1,f
  1047  012C  0CDA               	rrf	??_isr,f
  1048  012D  084D               	movf	_d+1,w
  1049  012E  00DC               	movwf	??_isr+2
  1050  012F  01DD               	clrf	??_isr+3
  1051  0130  085B               	movf	??_isr+1,w
  1052  0131  025D               	subwf	??_isr+3,w
  1053  0132  1D03               	skipz
  1054  0133  2936               	goto	u67_25
  1055  0134  085A               	movf	??_isr,w
  1056  0135  025C               	subwf	??_isr+2,w
  1057  0136                     u67_25:	
  1058  0136  1803               	btfsc	3,0
  1059                           
  1060                           ;PIC16F1827-ChargeStation02.c: 83: PORTBbits.RB5 = 1;
  1061  0137  168D               	bsf	13,5	;volatile
  1062                           
  1063                           ;PIC16F1827-ChargeStation02.c: 84: }
  1064                           ;PIC16F1827-ChargeStation02.c: 85: if (((cnt + 1) / 2) <= d[2]) {
  1065  0138  0850               	movf	_cnt,w
  1066  0139  3E01               	addlw	1
  1067  013A  00DA               	movwf	??_isr
  1068  013B  3000               	movlw	0
  1069  013C  3D51               	addwfc	_cnt+1,w
  1070  013D  00DB               	movwf	??_isr+1
  1071  013E  36DB               	lsrf	??_isr+1,f
  1072  013F  0CDA               	rrf	??_isr,f
  1073  0140  084E               	movf	_d+2,w
  1074  0141  00DC               	movwf	??_isr+2
  1075  0142  01DD               	clrf	??_isr+3
  1076  0143  085B               	movf	??_isr+1,w
  1077  0144  025D               	subwf	??_isr+3,w
  1078  0145  1D03               	skipz
  1079  0146  2949               	goto	u68_25
  1080  0147  085A               	movf	??_isr,w
  1081  0148  025C               	subwf	??_isr+2,w
  1082  0149                     u68_25:	
  1083  0149  1803               	btfsc	3,0
  1084                           
  1085                           ;PIC16F1827-ChargeStation02.c: 86: PORTBbits.RB6 = 1;
  1086  014A  170D               	bsf	13,6	;volatile
  1087                           
  1088                           ;PIC16F1827-ChargeStation02.c: 87: }
  1089                           ;PIC16F1827-ChargeStation02.c: 88: if (((cnt + 1) / 2) <= d[3]) {
  1090  014B  0850               	movf	_cnt,w
  1091  014C  3E01               	addlw	1
  1092  014D  00DA               	movwf	??_isr
  1093  014E  3000               	movlw	0
  1094  014F  3D51               	addwfc	_cnt+1,w
  1095  0150  00DB               	movwf	??_isr+1
  1096  0151  36DB               	lsrf	??_isr+1,f
  1097  0152  0CDA               	rrf	??_isr,f
  1098  0153  084F               	movf	_d+3,w
  1099  0154  00DC               	movwf	??_isr+2
  1100  0155  01DD               	clrf	??_isr+3
  1101  0156  085B               	movf	??_isr+1,w
  1102  0157  025D               	subwf	??_isr+3,w
  1103  0158  1D03               	skipz
  1104  0159  295C               	goto	u69_25
  1105  015A  085A               	movf	??_isr,w
  1106  015B  025C               	subwf	??_isr+2,w
  1107  015C                     u69_25:	
  1108  015C  1C03               	skipc
  1109  015D  2963               	goto	i1l89
  1110                           
  1111                           ;PIC16F1827-ChargeStation02.c: 89: PORTBbits.RB7 = 1;
  1112  015E  178D               	bsf	13,7	;volatile
  1113                           
  1114                           ;PIC16F1827-ChargeStation02.c: 90: }
  1115                           ;PIC16F1827-ChargeStation02.c: 91: } else {
  1116  015F  2963               	goto	i1l89
  1117  0160                     i1l871:	
  1118                           
  1119                           ;PIC16F1827-ChargeStation02.c: 92: PORTB = PORTB & 0b00001111;
  1120  0160  080D               	movf	13,w	;volatile
  1121  0161  390F               	andlw	15
  1122  0162  008D               	movwf	13	;volatile
  1123  0163                     i1l89:	
  1124  0163  0020               	movlb	0	; select bank0
  1125  0164  0860               	movf	??_isr+6,w
  1126  0165  00FF               	movwf	127
  1127  0166  107E               	bcf	126,0	;clear compiler interrupt flag
  1128  0167  0009               	retfie
  1129  0168                     __end_of_isr:	
  1130                           
  1131                           	psect	text2
  1132  0261                     __ptext2:	
  1133 ;; *************** function _adc *****************
  1134 ;; Defined at:
  1135 ;;		line 40 in file "PIC16F1827-ChargeStation02.c"
  1136 ;; Parameters:    Size  Location     Type
  1137 ;;  ch              1    wreg     unsigned char 
  1138 ;; Auto vars:     Size  Location     Type
  1139 ;;  ch              1    3[COMMON] unsigned char 
  1140 ;; Return value:  Size  Location     Type
  1141 ;;                  2    0[COMMON] unsigned int 
  1142 ;; Registers used:
  1143 ;;		wreg, status,2, status,0
  1144 ;; Tracked objects:
  1145 ;;		On entry : 0/0
  1146 ;;		On exit  : 0/0
  1147 ;;		Unchanged: 0/0
  1148 ;; Data sizes:     COMMON   BANK0   BANK1   BANK2   BANK3   BANK4
  1149 ;;      Params:         2       0       0       0       0       0
  1150 ;;      Locals:         1       0       0       0       0       0
  1151 ;;      Temps:          1       0       0       0       0       0
  1152 ;;      Totals:         4       0       0       0       0       0
  1153 ;;Total ram usage:        4 bytes
  1154 ;; Hardware stack levels used:    1
  1155 ;; This function calls:
  1156 ;;		Nothing
  1157 ;; This function is called by:
  1158 ;;		_isr
  1159 ;; This function uses a non-reentrant model
  1160 ;;
  1161                           
  1162                           
  1163                           ;psect for function _adc
  1164  0261                     _adc:	
  1165                           
  1166                           ;incstack = 0
  1167                           ; Regs used in _adc: [wreg+status,2+status,0]
  1168                           ;adc@ch stored from wreg
  1169  0261  00F3               	movwf	adc@ch
  1170                           
  1171                           ;PIC16F1827-ChargeStation02.c: 41: ADCON0bits.ADON = 1;
  1172  0262  0021               	movlb	1	; select bank1
  1173  0263  141D               	bsf	29,0	;volatile
  1174                           
  1175                           ;PIC16F1827-ChargeStation02.c: 42: ADCON0bits.CHS = ch;
  1176  0264  0873               	movf	adc@ch,w
  1177  0265  00F2               	movwf	??_adc
  1178  0266  0DF2               	rlf	??_adc,f
  1179  0267  0DF2               	rlf	??_adc,f
  1180  0268  081D               	movf	29,w	;volatile
  1181  0269  0672               	xorwf	??_adc,w
  1182  026A  3983               	andlw	-125
  1183  026B  0672               	xorwf	??_adc,w
  1184  026C  009D               	movwf	29	;volatile
  1185                           
  1186                           ;PIC16F1827-ChargeStation02.c: 43: _delay((unsigned long)((20)*(32000000/4000000.0)));
  1187  026D  3035               	movlw	53
  1188  026E  00F2               	movwf	??_adc
  1189  026F                     u79_27:	
  1190  026F  0BF2               	decfsz	??_adc,f
  1191  0270  2A6F               	goto	u79_27
  1192                           
  1193                           ;PIC16F1827-ChargeStation02.c: 44: ADCON0bits.GO_nDONE = 1;
  1194  0271  0021               	movlb	1	; select bank1
  1195  0272  149D               	bsf	29,1	;volatile
  1196  0273                     i1l65:	
  1197                           ;PIC16F1827-ChargeStation02.c: 45: while (ADCON0bits.GO_nDONE);
  1198                           
  1199  0273  189D               	btfsc	29,1	;volatile
  1200  0274  2A73               	goto	i1l65
  1201                           
  1202                           ;PIC16F1827-ChargeStation02.c: 46: return ADRES;
  1203  0275  081C               	movf	28,w	;volatile
  1204  0276  01F1               	clrf	?_adc+1
  1205  0277  07F1               	addwf	?_adc+1,f
  1206  0278  081B               	movf	27,w	;volatile
  1207  0279  01F0               	clrf	?_adc
  1208  027A  07F0               	addwf	?_adc,f
  1209  027B  0008               	return
  1210  027C                     __end_of_adc:	
  1211                           
  1212                           	psect	text3
  1213  020F                     __ptext3:	
  1214 ;; *************** function ___lldiv *****************
  1215 ;; Defined at:
  1216 ;;		line 6 in file "C:\Program Files (x86)\Microchip\xc8\v1.33\sources\common\lldiv.c"
  1217 ;; Parameters:    Size  Location     Type
  1218 ;;  divisor         4    0[COMMON] unsigned long 
  1219 ;;  dividend        4    4[COMMON] unsigned long 
  1220 ;; Auto vars:     Size  Location     Type
  1221 ;;  quotient        4    9[COMMON] unsigned long 
  1222 ;;  counter         1   13[COMMON] unsigned char 
  1223 ;; Return value:  Size  Location     Type
  1224 ;;                  4    0[COMMON] unsigned long 
  1225 ;; Registers used:
  1226 ;;		wreg, status,2, status,0
  1227 ;; Tracked objects:
  1228 ;;		On entry : 0/0
  1229 ;;		On exit  : 0/0
  1230 ;;		Unchanged: 0/0
  1231 ;; Data sizes:     COMMON   BANK0   BANK1   BANK2   BANK3   BANK4
  1232 ;;      Params:         8       0       0       0       0       0
  1233 ;;      Locals:         5       0       0       0       0       0
  1234 ;;      Temps:          1       0       0       0       0       0
  1235 ;;      Totals:        14       0       0       0       0       0
  1236 ;;Total ram usage:       14 bytes
  1237 ;; Hardware stack levels used:    1
  1238 ;; This function calls:
  1239 ;;		Nothing
  1240 ;; This function is called by:
  1241 ;;		_isr
  1242 ;; This function uses a non-reentrant model
  1243 ;;
  1244                           
  1245                           
  1246                           ;psect for function ___lldiv
  1247  020F                     ___lldiv:	
  1248                           
  1249                           ;incstack = 0
  1250                           ; Regs used in ___lldiv: [wreg+status,2+status,0]
  1251  020F  3000               	movlw	0
  1252  0210  00FC               	movwf	___lldiv@quotient+3
  1253  0211  3000               	movlw	0
  1254  0212  00FB               	movwf	___lldiv@quotient+2
  1255  0213  3000               	movlw	0
  1256  0214  00FA               	movwf	___lldiv@quotient+1
  1257  0215  3000               	movlw	0
  1258  0216  00F9               	movwf	___lldiv@quotient
  1259  0217  0873               	movf	___lldiv@divisor+3,w
  1260  0218  0472               	iorwf	___lldiv@divisor+2,w
  1261  0219  0471               	iorwf	___lldiv@divisor+1,w
  1262  021A  0470               	iorwf	___lldiv@divisor,w
  1263  021B  1903               	skipnz
  1264  021C  2A58               	goto	i1l799
  1265  021D  01FD               	clrf	___lldiv@counter
  1266  021E  0AFD               	incf	___lldiv@counter,f
  1267  021F                     i1l785:	
  1268  021F  1BF3               	btfsc	___lldiv@divisor+3,7
  1269  0220  2A2D               	goto	i1l787
  1270  0221  3001               	movlw	1
  1271  0222                     u42_25:	
  1272  0222  35F0               	lslf	___lldiv@divisor,f
  1273  0223  0DF1               	rlf	___lldiv@divisor+1,f
  1274  0224  0DF2               	rlf	___lldiv@divisor+2,f
  1275  0225  0DF3               	rlf	___lldiv@divisor+3,f
  1276  0226  0B89               	decfsz	9,f
  1277  0227  2A22               	goto	u42_25
  1278  0228  3001               	movlw	1
  1279  0229  00F8               	movwf	??___lldiv
  1280  022A  0878               	movf	??___lldiv,w
  1281  022B  07FD               	addwf	___lldiv@counter,f
  1282  022C  2A1F               	goto	i1l785
  1283  022D                     i1l787:	
  1284  022D  3001               	movlw	1
  1285  022E                     u44_25:	
  1286  022E  35F9               	lslf	___lldiv@quotient,f
  1287  022F  0DFA               	rlf	___lldiv@quotient+1,f
  1288  0230  0DFB               	rlf	___lldiv@quotient+2,f
  1289  0231  0DFC               	rlf	___lldiv@quotient+3,f
  1290  0232  0B89               	decfsz	9,f
  1291  0233  2A2E               	goto	u44_25
  1292  0234  0873               	movf	___lldiv@divisor+3,w
  1293  0235  0277               	subwf	___lldiv@dividend+3,w
  1294  0236  1D03               	skipz
  1295  0237  2A42               	goto	u45_25
  1296  0238  0872               	movf	___lldiv@divisor+2,w
  1297  0239  0276               	subwf	___lldiv@dividend+2,w
  1298  023A  1D03               	skipz
  1299  023B  2A42               	goto	u45_25
  1300  023C  0871               	movf	___lldiv@divisor+1,w
  1301  023D  0275               	subwf	___lldiv@dividend+1,w
  1302  023E  1D03               	skipz
  1303  023F  2A42               	goto	u45_25
  1304  0240  0870               	movf	___lldiv@divisor,w
  1305  0241  0274               	subwf	___lldiv@dividend,w
  1306  0242                     u45_25:	
  1307  0242  1C03               	skipc
  1308  0243  2A4D               	goto	i1l795
  1309  0244  0870               	movf	___lldiv@divisor,w
  1310  0245  02F4               	subwf	___lldiv@dividend,f
  1311  0246  0871               	movf	___lldiv@divisor+1,w
  1312  0247  3BF5               	subwfb	___lldiv@dividend+1,f
  1313  0248  0872               	movf	___lldiv@divisor+2,w
  1314  0249  3BF6               	subwfb	___lldiv@dividend+2,f
  1315  024A  0873               	movf	___lldiv@divisor+3,w
  1316  024B  3BF7               	subwfb	___lldiv@dividend+3,f
  1317  024C  1479               	bsf	___lldiv@quotient,0
  1318  024D                     i1l795:	
  1319  024D  3001               	movlw	1
  1320  024E                     u46_25:	
  1321  024E  36F3               	lsrf	___lldiv@divisor+3,f
  1322  024F  0CF2               	rrf	___lldiv@divisor+2,f
  1323  0250  0CF1               	rrf	___lldiv@divisor+1,f
  1324  0251  0CF0               	rrf	___lldiv@divisor,f
  1325  0252  0B89               	decfsz	9,f
  1326  0253  2A4E               	goto	u46_25
  1327  0254  3001               	movlw	1
  1328  0255  02FD               	subwf	___lldiv@counter,f
  1329  0256  1D03               	btfss	3,2
  1330  0257  2A2D               	goto	i1l787
  1331  0258                     i1l799:	
  1332  0258  087C               	movf	___lldiv@quotient+3,w
  1333  0259  00F3               	movwf	?___lldiv+3
  1334  025A  087B               	movf	___lldiv@quotient+2,w
  1335  025B  00F2               	movwf	?___lldiv+2
  1336  025C  087A               	movf	___lldiv@quotient+1,w
  1337  025D  00F1               	movwf	?___lldiv+1
  1338  025E  0879               	movf	___lldiv@quotient,w
  1339  025F  00F0               	movwf	?___lldiv
  1340  0260  0008               	return
  1341  0261                     __end_of___lldiv:	
  1342  007E                     btemp	set	126	;btemp
  1343  007E                     pic14e$flags	set	126
  1344  007E                     wtemp	set	126
  1345  007E                     wtemp0	set	126
  1346  0080                     wtemp1	set	128
  1347  0082                     wtemp2	set	130
  1348  0084                     wtemp3	set	132
  1349  0086                     wtemp4	set	134
  1350  0088                     wtemp5	set	136
  1351  007F                     wtemp6	set	127
  1352  007E                     ttemp	set	126
  1353  007E                     ttemp0	set	126
  1354  0081                     ttemp1	set	129
  1355  0084                     ttemp2	set	132
  1356  0087                     ttemp3	set	135
  1357  007F                     ttemp4	set	127
  1358  007E                     ltemp	set	126
  1359  007E                     ltemp0	set	126
  1360  0082                     ltemp1	set	130
  1361  0086                     ltemp2	set	134
  1362  0080                     ltemp3	set	128


Data Sizes:
    Strings     0
    Constant    0
    Data        0
    BSS         58
    Persistent  2
    Stack       0

Auto Spaces:
    Space          Size  Autos    Used
    COMMON           14     14      14
    BANK0            80     12      72
    BANK1            80      0       0
    BANK2            80      0       0
    BANK3            80      0       0
    BANK4            48      0       0

Pointer List with Targets:

    None.

Critical Paths under _main in COMMON

    None.

Critical Paths under _isr in COMMON

    _isr->___lldiv

Critical Paths under _main in BANK0

    None.

Critical Paths under _isr in BANK0

    None.

Critical Paths under _main in BANK1

    None.

Critical Paths under _isr in BANK1

    None.

Critical Paths under _main in BANK2

    None.

Critical Paths under _isr in BANK2

    None.

Critical Paths under _main in BANK3

    None.

Critical Paths under _isr in BANK3

    None.

Critical Paths under _main in BANK4

    None.

Critical Paths under _isr in BANK4

    None.

Call Graph Tables:

 ---------------------------------------------------------------------------------
 (Depth) Function   	        Calls       Base Space   Used Autos Params    Refs
 ---------------------------------------------------------------------------------
 (0) _main                                                 5     5      0       0
                                              7 BANK0      5     5      0
 ---------------------------------------------------------------------------------
 Estimated maximum stack depth 0
 ---------------------------------------------------------------------------------
 (Depth) Function   	        Calls       Base Space   Used Autos Params    Refs
 ---------------------------------------------------------------------------------
 (1) _isr                                                  7     7      0     312
                                              0 BANK0      7     7      0
                            ___lldiv
                                _adc
 ---------------------------------------------------------------------------------
 (2) _adc                                                  4     2      2      22
                                              0 COMMON     4     2      2
 ---------------------------------------------------------------------------------
 (2) ___lldiv                                             14     6      8     290
                                              0 COMMON    14     6      8
 ---------------------------------------------------------------------------------
 Estimated maximum stack depth 2
 ---------------------------------------------------------------------------------

 Call Graph Graphs:

 _main (ROOT)

 _isr (ROOT)
   ___lldiv
   _adc

 Address spaces:
Name               Size   Autos  Total    Cost      Usage
BIGRAM             170      0       0       0        0.0%
EEDATA             100      0       0       0        0.0%
NULL                 0      0       0       0        0.0%
CODE                 0      0       0       0        0.0%
BITCOMMON            E      0       0       1        0.0%
BITSFR0              0      0       0       1        0.0%
SFR0                 0      0       0       1        0.0%
COMMON               E      E       E       2      100.0%
BITSFR1              0      0       0       2        0.0%
SFR1                 0      0       0       2        0.0%
BITSFR2              0      0       0       3        0.0%
SFR2                 0      0       0       3        0.0%
STACK                0      0       0       3        0.0%
BITSFR3              0      0       0       4        0.0%
SFR3                 0      0       0       4        0.0%
ABS                  0      0      56       4        0.0%
BITBANK0            50      0       0       5        0.0%
BITSFR4              0      0       0       5        0.0%
SFR4                 0      0       0       5        0.0%
BANK0               50      C      48       6       90.0%
BITSFR5              0      0       0       6        0.0%
SFR5                 0      0       0       6        0.0%
BITBANK1            50      0       0       7        0.0%
BITSFR6              0      0       0       7        0.0%
SFR6                 0      0       0       7        0.0%
BANK1               50      0       0       8        0.0%
BITSFR7              0      0       0       8        0.0%
SFR7                 0      0       0       8        0.0%
BITBANK2            50      0       0       9        0.0%
BITSFR8              0      0       0       9        0.0%
SFR8                 0      0       0       9        0.0%
BANK2               50      0       0      10        0.0%
BITSFR9              0      0       0      10        0.0%
SFR9                 0      0       0      10        0.0%
BITBANK3            50      0       0      11        0.0%
BITSFR10             0      0       0      11        0.0%
SFR10                0      0       0      11        0.0%
BANK3               50      0       0      12        0.0%
BITSFR11             0      0       0      12        0.0%
SFR11                0      0       0      12        0.0%
BITBANK4            30      0       0      13        0.0%
BITSFR12             0      0       0      13        0.0%
SFR12                0      0       0      13        0.0%
BANK4               30      0       0      14        0.0%
BITSFR13             0      0       0      14        0.0%
SFR13                0      0       0      14        0.0%
BITSFR14             0      0       0      15        0.0%
SFR14                0      0       0      15        0.0%
DATA                 0      0      56      15        0.0%
BITSFR15             0      0       0      16        0.0%
SFR15                0      0       0      16        0.0%
BITSFR16             0      0       0      17        0.0%
SFR16                0      0       0      17        0.0%
BITSFR17             0      0       0      18        0.0%
SFR17                0      0       0      18        0.0%
BITSFR18             0      0       0      19        0.0%
SFR18                0      0       0      19        0.0%
BITSFR19             0      0       0      20        0.0%
SFR19                0      0       0      20        0.0%
BITSFR20             0      0       0      21        0.0%
SFR20                0      0       0      21        0.0%
BITSFR21             0      0       0      22        0.0%
SFR21                0      0       0      22        0.0%
BITSFR22             0      0       0      23        0.0%
SFR22                0      0       0      23        0.0%
BITSFR23             0      0       0      24        0.0%
SFR23                0      0       0      24        0.0%
BITSFR24             0      0       0      25        0.0%
SFR24                0      0       0      25        0.0%
BITSFR25             0      0       0      26        0.0%
SFR25                0      0       0      26        0.0%
BITSFR26             0      0       0      27        0.0%
SFR26                0      0       0      27        0.0%
BITSFR27             0      0       0      28        0.0%
SFR27                0      0       0      28        0.0%
BITSFR28             0      0       0      29        0.0%
SFR28                0      0       0      29        0.0%
BITSFR29             0      0       0      30        0.0%
SFR29                0      0       0      30        0.0%
BITSFR30             0      0       0      31        0.0%
SFR30                0      0       0      31        0.0%
BITSFR31             0      0       0      32        0.0%
SFR31                0      0       0      32        0.0%


Microchip Technology PIC Macro Assembler V1.33 build 59893 
Symbol Table                                                                                   Wed Dec 03 13:49:56 2014

                      _d 004C                        _i 0066                        _j 0056  
                      _k 0058                        _v 0030              __CFG_CP$OFF 0000  
                    l100 01E2                      l103 01EF                      l105 01F1  
                    l106 01F3                      l107 01F5                      l901 0195  
                    l923 01F7                      l925 020A                      l917 01D6  
                    l963 01FC             __CFG_CPD$OFF 0000                      u705 01A1  
                    u755 01AF                      u765 01CD                      u775 01EC  
                    _adc 0261                      _cnt 0050                      _cut 0040  
                    _isr 0004             __CFG_BORV$LO 0000                      wreg 0009  
           __CFG_LVP$OFF 0000                     ?_adc 0070                     ?_isr 0070  
                   i1l71 007F                     i1l80 00CB                     i1l65 0273  
                   i1l82 010F                     i1l89 0163             __CFG_WRT$OFF 0000  
                   _cnt0 0052                     _cnt1 0054                     _main 0175  
                   _cutf 0048                     _temp 0020                     fsr0h 0005  
                   fsr1h 0007                     fsr0l 0004                     indf0 0000  
                   indf1 0001                     fsr1l 0006                     btemp 007E  
                   ltemp 007E                     start 0168                     ttemp 007E  
                   wtemp 007E            __CFG_IESO$OFF 0000                    ??_adc 0072  
                  ??_isr 005A            __CFG_PLLEN$ON 0000                    ?_main 0070  
                  _ADRES 009B            __CFG_WDTE$OFF 0000          __end_of___lldiv 0261  
                  _T1CON 0018                    i1l815 0024                    i1l841 00BF  
                  i1l833 009E                    i1l837 00B0                    i1l871 0160  
                  i1l785 021F                    i1l849 00D8                    i1l795 024D  
                  i1l787 022D                    i1l799 0258                    _TMR1H 0017  
                  _TMR1L 0016                    u42_25 0222                    u50_25 0022  
                  _PORTB 000D                    u51_25 0033                    u44_25 022E  
                  u60_25 00BD                    u52_25 0046                    u45_25 0242  
                  u53_25 0057                    u46_25 024E                    u62_25 00D6  
                  u54_25 0060                    u63_25 00E4                    u55_25 007D  
                  u64_25 010D                    _TRISA 008C                    _TRISB 008D  
                  u57_25 008D                    u66_25 0123                    u58_25 009C  
                  u67_25 0136                    u68_25 0149                    u69_25 015C  
                  u79_27 026F           __CFG_FCMEN$OFF 0000                    adc@ch 0073  
         __CFG_BOREN$OFF 0000                    ltemp0 007E                    ltemp1 0082  
                  ltemp2 0086                    ltemp3 0080                    ttemp0 007E  
                  ttemp1 0081                    ttemp2 0084                    ttemp3 0087  
                  ttemp4 007F                    status 0003                    wtemp0 007E  
                  wtemp1 0080                    wtemp2 0082                    wtemp3 0084  
                  wtemp4 0086                    wtemp5 0088                    wtemp6 007F  
         __CFG_MCLRE$OFF 0000          __initialization 016A             __end_of_main 020F  
                 ??_main 0061                   _ADCON1 009E                   _ANSELA 018C  
                 _ANSELB 018D                   _FVRCON 0117                   _OSCCON 0099  
         __CFG_PWRTE$OFF 0000                ??___lldiv 0078  __end_of__initialization 0171  
         __pcstackCOMMON 0070               __pbssBANK0 0020               __pmaintext 0175  
             __pintentry 0004                  ___lldiv 020F          __CFG_STVREN$OFF 0000  
                __ptext2 0261                  __ptext3 020F             __size_of_adc 001B  
           __size_of_isr 0164                  clrloop0 027D     end_of_initialization 0171  
        ___lldiv@divisor 0070          ___lldiv@counter 007D                _PORTAbits 000C  
              _PORTBbits 000D         __CFG_FOSC$INTOSC 0000      start_initialization 016A  
            __end_of_adc 027C              __end_of_isr 0168                ___latbits 0001  
          __pcstackBANK0 005A                __pnvBANK0 0066                 ?___lldiv 0070  
              clear_ram0 027C                 _PIE1bits 0091                 _PIR1bits 0011  
             _ADCON0bits 009D         __size_of___lldiv 0052            __size_of_main 009A  
             _INTCONbits 000B              pic14e$flags 007E                 intlevel1 0000  
       ___lldiv@dividend 0074        __CFG_CLKOUTEN$OFF 0000               _OPTION_REG 0095  
       ___lldiv@quotient 0079  
