

Microchip Technology PIC LITE Macro Assembler V1.34 build -361300703 
                                                                                               Sat Sep 26 14:47:34 2015

Microchip Technology Omniscient Code Generator (Lite mode) build 201502162209
     1                           	processor	16F1827
     2                           	opt	pw 120
     3                           	opt	lm
     4                           	psect	text0,local,class=CODE,merge=1,delta=2
     5                           	psect	cinit,global,class=CODE,merge=1,delta=2
     6                           	psect	cstackCOMMON,global,class=COMMON,space=1,delta=1
     7                           	psect	maintext,global,class=CODE,merge=1,split=1,delta=2
     8                           	psect	text1,local,class=CODE,merge=1,delta=2
     9                           	psect	text2,local,class=CODE,merge=1,delta=2
    10                           	dabs	1,0x7E,2
    11  0000                     	;# 
    12  0001                     	;# 
    13  0002                     	;# 
    14  0003                     	;# 
    15  0004                     	;# 
    16  0005                     	;# 
    17  0006                     	;# 
    18  0007                     	;# 
    19  0008                     	;# 
    20  0009                     	;# 
    21  000A                     	;# 
    22  000B                     	;# 
    23  000C                     	;# 
    24  000D                     	;# 
    25  0011                     	;# 
    26  0012                     	;# 
    27  0013                     	;# 
    28  0014                     	;# 
    29  0015                     	;# 
    30  0016                     	;# 
    31  0016                     	;# 
    32  0017                     	;# 
    33  0018                     	;# 
    34  0019                     	;# 
    35  001A                     	;# 
    36  001B                     	;# 
    37  001C                     	;# 
    38  001E                     	;# 
    39  001F                     	;# 
    40  008C                     	;# 
    41  008D                     	;# 
    42  0091                     	;# 
    43  0092                     	;# 
    44  0093                     	;# 
    45  0094                     	;# 
    46  0095                     	;# 
    47  0096                     	;# 
    48  0097                     	;# 
    49  0098                     	;# 
    50  0099                     	;# 
    51  009A                     	;# 
    52  009B                     	;# 
    53  009B                     	;# 
    54  009C                     	;# 
    55  009D                     	;# 
    56  009E                     	;# 
    57  010C                     	;# 
    58  010D                     	;# 
    59  0111                     	;# 
    60  0112                     	;# 
    61  0113                     	;# 
    62  0114                     	;# 
    63  0115                     	;# 
    64  0116                     	;# 
    65  0117                     	;# 
    66  0118                     	;# 
    67  0119                     	;# 
    68  011A                     	;# 
    69  011B                     	;# 
    70  011D                     	;# 
    71  011E                     	;# 
    72  018C                     	;# 
    73  018D                     	;# 
    74  0191                     	;# 
    75  0191                     	;# 
    76  0192                     	;# 
    77  0193                     	;# 
    78  0193                     	;# 
    79  0193                     	;# 
    80  0194                     	;# 
    81  0195                     	;# 
    82  0196                     	;# 
    83  0199                     	;# 
    84  019A                     	;# 
    85  019B                     	;# 
    86  019B                     	;# 
    87  019B                     	;# 
    88  019B                     	;# 
    89  019C                     	;# 
    90  019C                     	;# 
    91  019D                     	;# 
    92  019E                     	;# 
    93  019F                     	;# 
    94  020C                     	;# 
    95  020D                     	;# 
    96  0211                     	;# 
    97  0211                     	;# 
    98  0212                     	;# 
    99  0212                     	;# 
   100  0213                     	;# 
   101  0213                     	;# 
   102  0214                     	;# 
   103  0214                     	;# 
   104  0215                     	;# 
   105  0215                     	;# 
   106  0215                     	;# 
   107  0216                     	;# 
   108  0216                     	;# 
   109  0217                     	;# 
   110  0217                     	;# 
   111  0219                     	;# 
   112  021A                     	;# 
   113  021B                     	;# 
   114  021C                     	;# 
   115  021D                     	;# 
   116  021E                     	;# 
   117  021F                     	;# 
   118  0291                     	;# 
   119  0291                     	;# 
   120  0292                     	;# 
   121  0293                     	;# 
   122  0294                     	;# 
   123  0295                     	;# 
   124  0295                     	;# 
   125  0296                     	;# 
   126  0298                     	;# 
   127  0298                     	;# 
   128  0299                     	;# 
   129  029A                     	;# 
   130  029B                     	;# 
   131  029C                     	;# 
   132  029C                     	;# 
   133  029D                     	;# 
   134  029E                     	;# 
   135  029E                     	;# 
   136  0311                     	;# 
   137  0311                     	;# 
   138  0312                     	;# 
   139  0313                     	;# 
   140  0318                     	;# 
   141  0318                     	;# 
   142  0319                     	;# 
   143  031A                     	;# 
   144  0394                     	;# 
   145  0395                     	;# 
   146  0396                     	;# 
   147  039A                     	;# 
   148  039C                     	;# 
   149  039D                     	;# 
   150  039E                     	;# 
   151  039F                     	;# 
   152  0415                     	;# 
   153  0416                     	;# 
   154  0417                     	;# 
   155  041C                     	;# 
   156  041D                     	;# 
   157  041E                     	;# 
   158  0FE4                     	;# 
   159  0FE5                     	;# 
   160  0FE6                     	;# 
   161  0FE7                     	;# 
   162  0FE8                     	;# 
   163  0FE9                     	;# 
   164  0FEA                     	;# 
   165  0FEB                     	;# 
   166  0FED                     	;# 
   167  0FEE                     	;# 
   168  0FEF                     	;# 
   169  000B                     _INTCONbits	set	11
   170  001B                     _PR2	set	27
   171  001C                     _T2CONbits	set	28
   172  0099                     _OSCCON	set	153
   173  008C                     _TRISA	set	140
   174  008D                     _TRISB	set	141
   175  018C                     _ANSELA	set	396
   176  018D                     _ANSELB	set	397
   177  0293                     _CCP1CONbits	set	659
   178  029A                     _CCP2CONbits	set	666
   179  0291                     _CCPR1L	set	657
   180  0291                     _CCPR1Lbits	set	657
   181  0298                     _CCPR2L	set	664
   182  0298                     _CCPR2Lbits	set	664
   183  029E                     _CCPTMRSbits	set	670
   184  0313                     _CCP3CONbits	set	787
   185  0311                     _CCPR3L	set	785
   186  0311                     _CCPR3Lbits	set	785
   187                           
   188                           	psect	text0
   189  0000                     __ptext0:	
   190                           ; #config settings
   191                           
   192                           
   193                           ;psect for function _PWM_init
   194  0000                     
   195                           	psect	cinit
   196  07FD                     start_initialization:	
   197  07FD                     __initialization:	
   198  07FD                     end_of_initialization:	
   199                           ;End of C runtime variable initialization code
   200                           
   201  07FD                     __end_of__initialization:	
   202  07FD  0020               	movlb	0
   203  07FE  3185  2DF7         	ljmp	_main	;jump to C main() function
   204                           
   205                           	psect	cstackCOMMON
   206  0070                     __pcstackCOMMON:	
   207  0070                     ?_PWM_init:	
   208  0070                     ??_PWM_init:	
   209                           ; 0 bytes @ 0x0
   210                           
   211  0070                     ?_PWM_set:	
   212                           ; 0 bytes @ 0x0
   213                           
   214  0070                     ?_main:	
   215                           ; 0 bytes @ 0x0
   216                           
   217  0070                     PWM_set@value:	
   218                           ; 2 bytes @ 0x0
   219                           
   220                           
   221                           ; 1 bytes @ 0x0
   222  0070                     	ds	1
   223  0071                     ??_PWM_set:	
   224  0071                     PWM_set@color:	
   225                           ; 0 bytes @ 0x1
   226                           
   227                           
   228                           ; 1 bytes @ 0x1
   229  0071                     	ds	1
   230  0072                     ??_main:	
   231                           
   232                           ; 0 bytes @ 0x2
   233  0072                     	ds	3
   234                           
   235                           	psect	maintext
   236  05F7                     __pmaintext:	
   237 ;;
   238 ;;Main: autosize = 0, tempsize = 3, incstack = 0, save=0
   239 ;;
   240 ;; *************** function _main *****************
   241 ;; Defined at:
   242 ;;		line 59 in file "PIC16F1827-Welcome01.c"
   243 ;; Parameters:    Size  Location     Type
   244 ;;		None
   245 ;; Auto vars:     Size  Location     Type
   246 ;;		None
   247 ;; Return value:  Size  Location     Type
   248 ;;                  2   51[None  ] int 
   249 ;; Registers used:
   250 ;;		wreg, fsr0l, fsr0h, status,2, status,0, pclath, cstack
   251 ;; Tracked objects:
   252 ;;		On entry : B1F/0
   253 ;;		On exit  : 0/0
   254 ;;		Unchanged: 0/0
   255 ;; Data sizes:     COMMON   BANK0   BANK1   BANK2   BANK3   BANK4
   256 ;;      Params:         0       0       0       0       0       0
   257 ;;      Locals:         0       0       0       0       0       0
   258 ;;      Temps:          3       0       0       0       0       0
   259 ;;      Totals:         3       0       0       0       0       0
   260 ;;Total ram usage:        3 bytes
   261 ;; Hardware stack levels required when called:    1
   262 ;; This function calls:
   263 ;;		_PWM_init
   264 ;;		_PWM_set
   265 ;; This function is called by:
   266 ;;		Startup code after reset
   267 ;; This function uses a non-reentrant model
   268 ;;
   269                           
   270                           
   271                           ;psect for function _main
   272  05F7                     _main:	
   273                           
   274                           ;PIC16F1827-Welcome01.c: 60: OSCCON = 0x70;
   275                           
   276                           ;incstack = 0
   277                           ; Regs used in _main: [wreg-fsr0h+status,2+status,0+pclath+cstack]
   278  05F7  3070               	movlw	112
   279  05F8  0021               	movlb	1	; select bank1
   280  05F9  0099               	movwf	25	;volatile
   281                           
   282                           ;PIC16F1827-Welcome01.c: 61: TRISA = 0x00;
   283  05FA  018C               	clrf	12	;volatile
   284                           
   285                           ;PIC16F1827-Welcome01.c: 62: TRISB = 0x00;
   286  05FB  018D               	clrf	13	;volatile
   287                           
   288                           ;PIC16F1827-Welcome01.c: 63: ANSELA = 0x00;
   289  05FC  0023               	movlb	3	; select bank3
   290  05FD  018C               	clrf	12	;volatile
   291                           
   292                           ;PIC16F1827-Welcome01.c: 64: ANSELB = 0x00;
   293  05FE  018D               	clrf	13	;volatile
   294                           
   295                           ;PIC16F1827-Welcome01.c: 66: PWM_init();
   296  05FF  3185  25C9  3185   	fcall	_PWM_init
   297                           
   298                           ;PIC16F1827-Welcome01.c: 68: INTCONbits.GIE = 1;
   299  0602  178B               	bsf	11,7	;volatile
   300  0603                     l703:	
   301                           ;PIC16F1827-Welcome01.c: 70: while (1) {
   302                           
   303                           
   304                           ;PIC16F1827-Welcome01.c: 71: PWM_set(0, 100);
   305  0603  3064               	movlw	100
   306  0604  00F2               	movwf	??_main
   307  0605  0872               	movf	??_main,w
   308  0606  00F0               	movwf	PWM_set@value
   309  0607  3000               	movlw	0
   310  0608  3185  25A9  3185   	fcall	_PWM_set
   311                           
   312                           ;PIC16F1827-Welcome01.c: 72: PWM_set(1, 0);
   313  060B  01F0               	clrf	PWM_set@value
   314  060C  3001               	movlw	1
   315  060D  3185  25A9  3185   	fcall	_PWM_set
   316                           
   317                           ;PIC16F1827-Welcome01.c: 73: PWM_set(2, 0);
   318  0610  01F0               	clrf	PWM_set@value
   319  0611  3002               	movlw	2
   320  0612  3185  25A9  3185   	fcall	_PWM_set
   321                           
   322                           ;PIC16F1827-Welcome01.c: 74: _delay((unsigned long)((250)*(32000000/4000.0)));
   323  0615  300B               	movlw	11
   324  0616  00F4               	movwf	??_main+2
   325  0617  3026               	movlw	38
   326  0618  00F3               	movwf	??_main+1
   327  0619  3066               	movlw	102
   328  061A  00F2               	movwf	??_main
   329  061B                     u17:	
   330  061B  0BF2               	decfsz	??_main,f
   331  061C  2E1B               	goto	u17
   332  061D  0BF3               	decfsz	??_main+1,f
   333  061E  2E1B               	goto	u17
   334  061F  0BF4               	decfsz	??_main+2,f
   335  0620  2E1B               	goto	u17
   336  0621  3200               	nop2
   337                           
   338                           ;PIC16F1827-Welcome01.c: 75: _delay((unsigned long)((250)*(32000000/4000.0)));
   339  0622  300B               	movlw	11
   340  0623  00F4               	movwf	??_main+2
   341  0624  3026               	movlw	38
   342  0625  00F3               	movwf	??_main+1
   343  0626  3066               	movlw	102
   344  0627  00F2               	movwf	??_main
   345  0628                     u27:	
   346  0628  0BF2               	decfsz	??_main,f
   347  0629  2E28               	goto	u27
   348  062A  0BF3               	decfsz	??_main+1,f
   349  062B  2E28               	goto	u27
   350  062C  0BF4               	decfsz	??_main+2,f
   351  062D  2E28               	goto	u27
   352  062E  3200               	nop2
   353                           
   354                           ;PIC16F1827-Welcome01.c: 76: _delay((unsigned long)((250)*(32000000/4000.0)));
   355  062F  300B               	movlw	11
   356  0630  00F4               	movwf	??_main+2
   357  0631  3026               	movlw	38
   358  0632  00F3               	movwf	??_main+1
   359  0633  3066               	movlw	102
   360  0634  00F2               	movwf	??_main
   361  0635                     u37:	
   362  0635  0BF2               	decfsz	??_main,f
   363  0636  2E35               	goto	u37
   364  0637  0BF3               	decfsz	??_main+1,f
   365  0638  2E35               	goto	u37
   366  0639  0BF4               	decfsz	??_main+2,f
   367  063A  2E35               	goto	u37
   368  063B  3200               	nop2
   369                           
   370                           ;PIC16F1827-Welcome01.c: 77: _delay((unsigned long)((250)*(32000000/4000.0)));
   371  063C  300B               	movlw	11
   372  063D  00F4               	movwf	??_main+2
   373  063E  3026               	movlw	38
   374  063F  00F3               	movwf	??_main+1
   375  0640  3066               	movlw	102
   376  0641  00F2               	movwf	??_main
   377  0642                     u47:	
   378  0642  0BF2               	decfsz	??_main,f
   379  0643  2E42               	goto	u47
   380  0644  0BF3               	decfsz	??_main+1,f
   381  0645  2E42               	goto	u47
   382  0646  0BF4               	decfsz	??_main+2,f
   383  0647  2E42               	goto	u47
   384  0648  3200               	nop2
   385                           
   386                           ;PIC16F1827-Welcome01.c: 78: PWM_set(0, 0);
   387  0649  01F0               	clrf	PWM_set@value
   388  064A  3000               	movlw	0
   389  064B  3185  25A9  3185   	fcall	_PWM_set
   390                           
   391                           ;PIC16F1827-Welcome01.c: 79: PWM_set(1, 100);
   392  064E  3064               	movlw	100
   393  064F  00F2               	movwf	??_main
   394  0650  0872               	movf	??_main,w
   395  0651  00F0               	movwf	PWM_set@value
   396  0652  3001               	movlw	1
   397  0653  3185  25A9  3185   	fcall	_PWM_set
   398                           
   399                           ;PIC16F1827-Welcome01.c: 80: PWM_set(2, 0);
   400  0656  01F0               	clrf	PWM_set@value
   401  0657  3002               	movlw	2
   402  0658  3185  25A9  3185   	fcall	_PWM_set
   403                           
   404                           ;PIC16F1827-Welcome01.c: 81: _delay((unsigned long)((250)*(32000000/4000.0)));
   405  065B  300B               	movlw	11
   406  065C  00F4               	movwf	??_main+2
   407  065D  3026               	movlw	38
   408  065E  00F3               	movwf	??_main+1
   409  065F  3066               	movlw	102
   410  0660  00F2               	movwf	??_main
   411  0661                     u57:	
   412  0661  0BF2               	decfsz	??_main,f
   413  0662  2E61               	goto	u57
   414  0663  0BF3               	decfsz	??_main+1,f
   415  0664  2E61               	goto	u57
   416  0665  0BF4               	decfsz	??_main+2,f
   417  0666  2E61               	goto	u57
   418  0667  3200               	nop2
   419                           
   420                           ;PIC16F1827-Welcome01.c: 82: _delay((unsigned long)((250)*(32000000/4000.0)));
   421  0668  300B               	movlw	11
   422  0669  00F4               	movwf	??_main+2
   423  066A  3026               	movlw	38
   424  066B  00F3               	movwf	??_main+1
   425  066C  3066               	movlw	102
   426  066D  00F2               	movwf	??_main
   427  066E                     u67:	
   428  066E  0BF2               	decfsz	??_main,f
   429  066F  2E6E               	goto	u67
   430  0670  0BF3               	decfsz	??_main+1,f
   431  0671  2E6E               	goto	u67
   432  0672  0BF4               	decfsz	??_main+2,f
   433  0673  2E6E               	goto	u67
   434  0674  3200               	nop2
   435                           
   436                           ;PIC16F1827-Welcome01.c: 83: _delay((unsigned long)((250)*(32000000/4000.0)));
   437  0675  300B               	movlw	11
   438  0676  00F4               	movwf	??_main+2
   439  0677  3026               	movlw	38
   440  0678  00F3               	movwf	??_main+1
   441  0679  3066               	movlw	102
   442  067A  00F2               	movwf	??_main
   443  067B                     u77:	
   444  067B  0BF2               	decfsz	??_main,f
   445  067C  2E7B               	goto	u77
   446  067D  0BF3               	decfsz	??_main+1,f
   447  067E  2E7B               	goto	u77
   448  067F  0BF4               	decfsz	??_main+2,f
   449  0680  2E7B               	goto	u77
   450  0681  3200               	nop2
   451                           
   452                           ;PIC16F1827-Welcome01.c: 84: _delay((unsigned long)((250)*(32000000/4000.0)));
   453  0682  300B               	movlw	11
   454  0683  00F4               	movwf	??_main+2
   455  0684  3026               	movlw	38
   456  0685  00F3               	movwf	??_main+1
   457  0686  3066               	movlw	102
   458  0687  00F2               	movwf	??_main
   459  0688                     u87:	
   460  0688  0BF2               	decfsz	??_main,f
   461  0689  2E88               	goto	u87
   462  068A  0BF3               	decfsz	??_main+1,f
   463  068B  2E88               	goto	u87
   464  068C  0BF4               	decfsz	??_main+2,f
   465  068D  2E88               	goto	u87
   466  068E  3200               	nop2
   467                           
   468                           ;PIC16F1827-Welcome01.c: 85: PWM_set(0, 0);
   469  068F  01F0               	clrf	PWM_set@value
   470  0690  3000               	movlw	0
   471  0691  3185  25A9  3185   	fcall	_PWM_set
   472                           
   473                           ;PIC16F1827-Welcome01.c: 86: PWM_set(1, 0);
   474  0694  01F0               	clrf	PWM_set@value
   475  0695  3001               	movlw	1
   476  0696  3185  25A9  3185   	fcall	_PWM_set
   477                           
   478                           ;PIC16F1827-Welcome01.c: 87: PWM_set(2, 100);
   479  0699  3064               	movlw	100
   480  069A  00F2               	movwf	??_main
   481  069B  0872               	movf	??_main,w
   482  069C  00F0               	movwf	PWM_set@value
   483  069D  3002               	movlw	2
   484  069E  3185  25A9  3185   	fcall	_PWM_set
   485                           
   486                           ;PIC16F1827-Welcome01.c: 88: _delay((unsigned long)((250)*(32000000/4000.0)));
   487  06A1  300B               	movlw	11
   488  06A2  00F4               	movwf	??_main+2
   489  06A3  3026               	movlw	38
   490  06A4  00F3               	movwf	??_main+1
   491  06A5  3066               	movlw	102
   492  06A6  00F2               	movwf	??_main
   493  06A7                     u97:	
   494  06A7  0BF2               	decfsz	??_main,f
   495  06A8  2EA7               	goto	u97
   496  06A9  0BF3               	decfsz	??_main+1,f
   497  06AA  2EA7               	goto	u97
   498  06AB  0BF4               	decfsz	??_main+2,f
   499  06AC  2EA7               	goto	u97
   500  06AD  3200               	nop2
   501                           
   502                           ;PIC16F1827-Welcome01.c: 89: _delay((unsigned long)((250)*(32000000/4000.0)));
   503  06AE  300B               	movlw	11
   504  06AF  00F4               	movwf	??_main+2
   505  06B0  3026               	movlw	38
   506  06B1  00F3               	movwf	??_main+1
   507  06B2  3066               	movlw	102
   508  06B3  00F2               	movwf	??_main
   509  06B4                     u107:	
   510  06B4  0BF2               	decfsz	??_main,f
   511  06B5  2EB4               	goto	u107
   512  06B6  0BF3               	decfsz	??_main+1,f
   513  06B7  2EB4               	goto	u107
   514  06B8  0BF4               	decfsz	??_main+2,f
   515  06B9  2EB4               	goto	u107
   516  06BA  3200               	nop2
   517                           
   518                           ;PIC16F1827-Welcome01.c: 90: _delay((unsigned long)((250)*(32000000/4000.0)));
   519  06BB  300B               	movlw	11
   520  06BC  00F4               	movwf	??_main+2
   521  06BD  3026               	movlw	38
   522  06BE  00F3               	movwf	??_main+1
   523  06BF  3066               	movlw	102
   524  06C0  00F2               	movwf	??_main
   525  06C1                     u117:	
   526  06C1  0BF2               	decfsz	??_main,f
   527  06C2  2EC1               	goto	u117
   528  06C3  0BF3               	decfsz	??_main+1,f
   529  06C4  2EC1               	goto	u117
   530  06C5  0BF4               	decfsz	??_main+2,f
   531  06C6  2EC1               	goto	u117
   532  06C7  3200               	nop2
   533                           
   534                           ;PIC16F1827-Welcome01.c: 91: _delay((unsigned long)((250)*(32000000/4000.0)));
   535  06C8  300B               	movlw	11
   536  06C9  00F4               	movwf	??_main+2
   537  06CA  3026               	movlw	38
   538  06CB  00F3               	movwf	??_main+1
   539  06CC  3066               	movlw	102
   540  06CD  00F2               	movwf	??_main
   541  06CE                     u127:	
   542  06CE  0BF2               	decfsz	??_main,f
   543  06CF  2ECE               	goto	u127
   544  06D0  0BF3               	decfsz	??_main+1,f
   545  06D1  2ECE               	goto	u127
   546  06D2  0BF4               	decfsz	??_main+2,f
   547  06D3  2ECE               	goto	u127
   548  06D4  3200               	nop2
   549                           
   550                           ;PIC16F1827-Welcome01.c: 92: PWM_set(0, 50);
   551  06D5  3032               	movlw	50
   552  06D6  00F2               	movwf	??_main
   553  06D7  0872               	movf	??_main,w
   554  06D8  00F0               	movwf	PWM_set@value
   555  06D9  3000               	movlw	0
   556  06DA  3185  25A9  3185   	fcall	_PWM_set
   557                           
   558                           ;PIC16F1827-Welcome01.c: 93: PWM_set(1, 50);
   559  06DD  3032               	movlw	50
   560  06DE  00F2               	movwf	??_main
   561  06DF  0872               	movf	??_main,w
   562  06E0  00F0               	movwf	PWM_set@value
   563  06E1  3001               	movlw	1
   564  06E2  3185  25A9  3185   	fcall	_PWM_set
   565                           
   566                           ;PIC16F1827-Welcome01.c: 94: PWM_set(2, 0);
   567  06E5  01F0               	clrf	PWM_set@value
   568  06E6  3002               	movlw	2
   569  06E7  3185  25A9  3185   	fcall	_PWM_set
   570                           
   571                           ;PIC16F1827-Welcome01.c: 95: _delay((unsigned long)((250)*(32000000/4000.0)));
   572  06EA  300B               	movlw	11
   573  06EB  00F4               	movwf	??_main+2
   574  06EC  3026               	movlw	38
   575  06ED  00F3               	movwf	??_main+1
   576  06EE  3066               	movlw	102
   577  06EF  00F2               	movwf	??_main
   578  06F0                     u137:	
   579  06F0  0BF2               	decfsz	??_main,f
   580  06F1  2EF0               	goto	u137
   581  06F2  0BF3               	decfsz	??_main+1,f
   582  06F3  2EF0               	goto	u137
   583  06F4  0BF4               	decfsz	??_main+2,f
   584  06F5  2EF0               	goto	u137
   585  06F6  3200               	nop2
   586                           
   587                           ;PIC16F1827-Welcome01.c: 96: _delay((unsigned long)((250)*(32000000/4000.0)));
   588  06F7  300B               	movlw	11
   589  06F8  00F4               	movwf	??_main+2
   590  06F9  3026               	movlw	38
   591  06FA  00F3               	movwf	??_main+1
   592  06FB  3066               	movlw	102
   593  06FC  00F2               	movwf	??_main
   594  06FD                     u147:	
   595  06FD  0BF2               	decfsz	??_main,f
   596  06FE  2EFD               	goto	u147
   597  06FF  0BF3               	decfsz	??_main+1,f
   598  0700  2EFD               	goto	u147
   599  0701  0BF4               	decfsz	??_main+2,f
   600  0702  2EFD               	goto	u147
   601  0703  3200               	nop2
   602                           
   603                           ;PIC16F1827-Welcome01.c: 97: _delay((unsigned long)((250)*(32000000/4000.0)));
   604  0704  300B               	movlw	11
   605  0705  00F4               	movwf	??_main+2
   606  0706  3026               	movlw	38
   607  0707  00F3               	movwf	??_main+1
   608  0708  3066               	movlw	102
   609  0709  00F2               	movwf	??_main
   610  070A                     u157:	
   611  070A  0BF2               	decfsz	??_main,f
   612  070B  2F0A               	goto	u157
   613  070C  0BF3               	decfsz	??_main+1,f
   614  070D  2F0A               	goto	u157
   615  070E  0BF4               	decfsz	??_main+2,f
   616  070F  2F0A               	goto	u157
   617  0710  3200               	nop2
   618                           
   619                           ;PIC16F1827-Welcome01.c: 98: _delay((unsigned long)((250)*(32000000/4000.0)));
   620  0711  300B               	movlw	11
   621  0712  00F4               	movwf	??_main+2
   622  0713  3026               	movlw	38
   623  0714  00F3               	movwf	??_main+1
   624  0715  3066               	movlw	102
   625  0716  00F2               	movwf	??_main
   626  0717                     u167:	
   627  0717  0BF2               	decfsz	??_main,f
   628  0718  2F17               	goto	u167
   629  0719  0BF3               	decfsz	??_main+1,f
   630  071A  2F17               	goto	u167
   631  071B  0BF4               	decfsz	??_main+2,f
   632  071C  2F17               	goto	u167
   633  071D  3200               	nop2
   634                           
   635                           ;PIC16F1827-Welcome01.c: 99: PWM_set(0, 0);
   636  071E  01F0               	clrf	PWM_set@value
   637  071F  3000               	movlw	0
   638  0720  3185  25A9  3185   	fcall	_PWM_set
   639                           
   640                           ;PIC16F1827-Welcome01.c: 100: PWM_set(1, 50);
   641  0723  3032               	movlw	50
   642  0724  00F2               	movwf	??_main
   643  0725  0872               	movf	??_main,w
   644  0726  00F0               	movwf	PWM_set@value
   645  0727  3001               	movlw	1
   646  0728  3185  25A9  3185   	fcall	_PWM_set
   647                           
   648                           ;PIC16F1827-Welcome01.c: 101: PWM_set(2, 50);
   649  072B  3032               	movlw	50
   650  072C  00F2               	movwf	??_main
   651  072D  0872               	movf	??_main,w
   652  072E  00F0               	movwf	PWM_set@value
   653  072F  3002               	movlw	2
   654  0730  3185  25A9  3185   	fcall	_PWM_set
   655                           
   656                           ;PIC16F1827-Welcome01.c: 102: _delay((unsigned long)((250)*(32000000/4000.0)));
   657  0733  300B               	movlw	11
   658  0734  00F4               	movwf	??_main+2
   659  0735  3026               	movlw	38
   660  0736  00F3               	movwf	??_main+1
   661  0737  3066               	movlw	102
   662  0738  00F2               	movwf	??_main
   663  0739                     u177:	
   664  0739  0BF2               	decfsz	??_main,f
   665  073A  2F39               	goto	u177
   666  073B  0BF3               	decfsz	??_main+1,f
   667  073C  2F39               	goto	u177
   668  073D  0BF4               	decfsz	??_main+2,f
   669  073E  2F39               	goto	u177
   670  073F  3200               	nop2
   671                           
   672                           ;PIC16F1827-Welcome01.c: 103: _delay((unsigned long)((250)*(32000000/4000.0)));
   673  0740  300B               	movlw	11
   674  0741  00F4               	movwf	??_main+2
   675  0742  3026               	movlw	38
   676  0743  00F3               	movwf	??_main+1
   677  0744  3066               	movlw	102
   678  0745  00F2               	movwf	??_main
   679  0746                     u187:	
   680  0746  0BF2               	decfsz	??_main,f
   681  0747  2F46               	goto	u187
   682  0748  0BF3               	decfsz	??_main+1,f
   683  0749  2F46               	goto	u187
   684  074A  0BF4               	decfsz	??_main+2,f
   685  074B  2F46               	goto	u187
   686  074C  3200               	nop2
   687                           
   688                           ;PIC16F1827-Welcome01.c: 104: _delay((unsigned long)((250)*(32000000/4000.0)));
   689  074D  300B               	movlw	11
   690  074E  00F4               	movwf	??_main+2
   691  074F  3026               	movlw	38
   692  0750  00F3               	movwf	??_main+1
   693  0751  3066               	movlw	102
   694  0752  00F2               	movwf	??_main
   695  0753                     u197:	
   696  0753  0BF2               	decfsz	??_main,f
   697  0754  2F53               	goto	u197
   698  0755  0BF3               	decfsz	??_main+1,f
   699  0756  2F53               	goto	u197
   700  0757  0BF4               	decfsz	??_main+2,f
   701  0758  2F53               	goto	u197
   702  0759  3200               	nop2
   703                           
   704                           ;PIC16F1827-Welcome01.c: 105: _delay((unsigned long)((250)*(32000000/4000.0)));
   705  075A  300B               	movlw	11
   706  075B  00F4               	movwf	??_main+2
   707  075C  3026               	movlw	38
   708  075D  00F3               	movwf	??_main+1
   709  075E  3066               	movlw	102
   710  075F  00F2               	movwf	??_main
   711  0760                     u207:	
   712  0760  0BF2               	decfsz	??_main,f
   713  0761  2F60               	goto	u207
   714  0762  0BF3               	decfsz	??_main+1,f
   715  0763  2F60               	goto	u207
   716  0764  0BF4               	decfsz	??_main+2,f
   717  0765  2F60               	goto	u207
   718  0766  3200               	nop2
   719                           
   720                           ;PIC16F1827-Welcome01.c: 106: PWM_set(0, 50);
   721  0767  3032               	movlw	50
   722  0768  00F2               	movwf	??_main
   723  0769  0872               	movf	??_main,w
   724  076A  00F0               	movwf	PWM_set@value
   725  076B  3000               	movlw	0
   726  076C  3185  25A9  3185   	fcall	_PWM_set
   727                           
   728                           ;PIC16F1827-Welcome01.c: 107: PWM_set(1, 0);
   729  076F  01F0               	clrf	PWM_set@value
   730  0770  3001               	movlw	1
   731  0771  3185  25A9  3185   	fcall	_PWM_set
   732                           
   733                           ;PIC16F1827-Welcome01.c: 108: PWM_set(2, 50);
   734  0774  3032               	movlw	50
   735  0775  00F2               	movwf	??_main
   736  0776  0872               	movf	??_main,w
   737  0777  00F0               	movwf	PWM_set@value
   738  0778  3002               	movlw	2
   739  0779  3185  25A9  3185   	fcall	_PWM_set
   740                           
   741                           ;PIC16F1827-Welcome01.c: 109: _delay((unsigned long)((250)*(32000000/4000.0)));
   742  077C  300B               	movlw	11
   743  077D  00F4               	movwf	??_main+2
   744  077E  3026               	movlw	38
   745  077F  00F3               	movwf	??_main+1
   746  0780  3066               	movlw	102
   747  0781  00F2               	movwf	??_main
   748  0782                     u217:	
   749  0782  0BF2               	decfsz	??_main,f
   750  0783  2F82               	goto	u217
   751  0784  0BF3               	decfsz	??_main+1,f
   752  0785  2F82               	goto	u217
   753  0786  0BF4               	decfsz	??_main+2,f
   754  0787  2F82               	goto	u217
   755  0788  3200               	nop2
   756                           
   757                           ;PIC16F1827-Welcome01.c: 110: _delay((unsigned long)((250)*(32000000/4000.0)));
   758  0789  300B               	movlw	11
   759  078A  00F4               	movwf	??_main+2
   760  078B  3026               	movlw	38
   761  078C  00F3               	movwf	??_main+1
   762  078D  3066               	movlw	102
   763  078E  00F2               	movwf	??_main
   764  078F                     u227:	
   765  078F  0BF2               	decfsz	??_main,f
   766  0790  2F8F               	goto	u227
   767  0791  0BF3               	decfsz	??_main+1,f
   768  0792  2F8F               	goto	u227
   769  0793  0BF4               	decfsz	??_main+2,f
   770  0794  2F8F               	goto	u227
   771  0795  3200               	nop2
   772                           
   773                           ;PIC16F1827-Welcome01.c: 111: _delay((unsigned long)((250)*(32000000/4000.0)));
   774  0796  300B               	movlw	11
   775  0797  00F4               	movwf	??_main+2
   776  0798  3026               	movlw	38
   777  0799  00F3               	movwf	??_main+1
   778  079A  3066               	movlw	102
   779  079B  00F2               	movwf	??_main
   780  079C                     u237:	
   781  079C  0BF2               	decfsz	??_main,f
   782  079D  2F9C               	goto	u237
   783  079E  0BF3               	decfsz	??_main+1,f
   784  079F  2F9C               	goto	u237
   785  07A0  0BF4               	decfsz	??_main+2,f
   786  07A1  2F9C               	goto	u237
   787  07A2  3200               	nop2
   788                           
   789                           ;PIC16F1827-Welcome01.c: 112: _delay((unsigned long)((250)*(32000000/4000.0)));
   790  07A3  300B               	movlw	11
   791  07A4  00F4               	movwf	??_main+2
   792  07A5  3026               	movlw	38
   793  07A6  00F3               	movwf	??_main+1
   794  07A7  3066               	movlw	102
   795  07A8  00F2               	movwf	??_main
   796  07A9                     u247:	
   797  07A9  0BF2               	decfsz	??_main,f
   798  07AA  2FA9               	goto	u247
   799  07AB  0BF3               	decfsz	??_main+1,f
   800  07AC  2FA9               	goto	u247
   801  07AD  0BF4               	decfsz	??_main+2,f
   802  07AE  2FA9               	goto	u247
   803  07AF  3200               	nop2
   804                           
   805                           ;PIC16F1827-Welcome01.c: 113: PWM_set(0, 33);
   806  07B0  3021               	movlw	33
   807  07B1  00F2               	movwf	??_main
   808  07B2  0872               	movf	??_main,w
   809  07B3  00F0               	movwf	PWM_set@value
   810  07B4  3000               	movlw	0
   811  07B5  3185  25A9  3185   	fcall	_PWM_set
   812                           
   813                           ;PIC16F1827-Welcome01.c: 114: PWM_set(1, 33);
   814  07B8  3021               	movlw	33
   815  07B9  00F2               	movwf	??_main
   816  07BA  0872               	movf	??_main,w
   817  07BB  00F0               	movwf	PWM_set@value
   818  07BC  3001               	movlw	1
   819  07BD  3185  25A9  3185   	fcall	_PWM_set
   820                           
   821                           ;PIC16F1827-Welcome01.c: 115: PWM_set(2, 33);
   822  07C0  3021               	movlw	33
   823  07C1  00F2               	movwf	??_main
   824  07C2  0872               	movf	??_main,w
   825  07C3  00F0               	movwf	PWM_set@value
   826  07C4  3002               	movlw	2
   827  07C5  3185  25A9  3185   	fcall	_PWM_set
   828                           
   829                           ;PIC16F1827-Welcome01.c: 116: _delay((unsigned long)((250)*(32000000/4000.0)));
   830  07C8  300B               	movlw	11
   831  07C9  00F4               	movwf	??_main+2
   832  07CA  3026               	movlw	38
   833  07CB  00F3               	movwf	??_main+1
   834  07CC  3066               	movlw	102
   835  07CD  00F2               	movwf	??_main
   836  07CE                     u257:	
   837  07CE  0BF2               	decfsz	??_main,f
   838  07CF  2FCE               	goto	u257
   839  07D0  0BF3               	decfsz	??_main+1,f
   840  07D1  2FCE               	goto	u257
   841  07D2  0BF4               	decfsz	??_main+2,f
   842  07D3  2FCE               	goto	u257
   843  07D4  3200               	nop2
   844                           
   845                           ;PIC16F1827-Welcome01.c: 117: _delay((unsigned long)((250)*(32000000/4000.0)));
   846  07D5  300B               	movlw	11
   847  07D6  00F4               	movwf	??_main+2
   848  07D7  3026               	movlw	38
   849  07D8  00F3               	movwf	??_main+1
   850  07D9  3066               	movlw	102
   851  07DA  00F2               	movwf	??_main
   852  07DB                     u267:	
   853  07DB  0BF2               	decfsz	??_main,f
   854  07DC  2FDB               	goto	u267
   855  07DD  0BF3               	decfsz	??_main+1,f
   856  07DE  2FDB               	goto	u267
   857  07DF  0BF4               	decfsz	??_main+2,f
   858  07E0  2FDB               	goto	u267
   859  07E1  3200               	nop2
   860                           
   861                           ;PIC16F1827-Welcome01.c: 118: _delay((unsigned long)((250)*(32000000/4000.0)));
   862  07E2  300B               	movlw	11
   863  07E3  00F4               	movwf	??_main+2
   864  07E4  3026               	movlw	38
   865  07E5  00F3               	movwf	??_main+1
   866  07E6  3066               	movlw	102
   867  07E7  00F2               	movwf	??_main
   868  07E8                     u277:	
   869  07E8  0BF2               	decfsz	??_main,f
   870  07E9  2FE8               	goto	u277
   871  07EA  0BF3               	decfsz	??_main+1,f
   872  07EB  2FE8               	goto	u277
   873  07EC  0BF4               	decfsz	??_main+2,f
   874  07ED  2FE8               	goto	u277
   875  07EE  3200               	nop2
   876                           
   877                           ;PIC16F1827-Welcome01.c: 119: _delay((unsigned long)((250)*(32000000/4000.0)));
   878  07EF  300B               	movlw	11
   879  07F0  00F4               	movwf	??_main+2
   880  07F1  3026               	movlw	38
   881  07F2  00F3               	movwf	??_main+1
   882  07F3  3066               	movlw	102
   883  07F4  00F2               	movwf	??_main
   884  07F5                     u287:	
   885  07F5  0BF2               	decfsz	??_main,f
   886  07F6  2FF5               	goto	u287
   887  07F7  0BF3               	decfsz	??_main+1,f
   888  07F8  2FF5               	goto	u287
   889  07F9  0BF4               	decfsz	??_main+2,f
   890  07FA  2FF5               	goto	u287
   891  07FB  3200               	nop2
   892  07FC  2E03               	goto	l703
   893  07FD                     __end_of_main:	
   894                           ;PIC16F1827-Welcome01.c: 120: }
   895                           ;PIC16F1827-Welcome01.c: 121: return 0;
   896                           ;	Return value of _main is never used
   897                           
   898                           
   899                           	psect	text1
   900  05A9                     __ptext1:	
   901 ;; *************** function _PWM_set *****************
   902 ;; Defined at:
   903 ;;		line 42 in file "PIC16F1827-Welcome01.c"
   904 ;; Parameters:    Size  Location     Type
   905 ;;  color           1    wreg     unsigned char 
   906 ;;  value           1    0[COMMON] unsigned char 
   907 ;; Auto vars:     Size  Location     Type
   908 ;;  color           1    1[COMMON] unsigned char 
   909 ;; Return value:  Size  Location     Type
   910 ;;		None               void
   911 ;; Registers used:
   912 ;;		wreg, fsr0l, fsr0h, status,2, status,0
   913 ;; Tracked objects:
   914 ;;		On entry : 0/0
   915 ;;		On exit  : 0/0
   916 ;;		Unchanged: 0/0
   917 ;; Data sizes:     COMMON   BANK0   BANK1   BANK2   BANK3   BANK4
   918 ;;      Params:         1       0       0       0       0       0
   919 ;;      Locals:         1       0       0       0       0       0
   920 ;;      Temps:          0       0       0       0       0       0
   921 ;;      Totals:         2       0       0       0       0       0
   922 ;;Total ram usage:        2 bytes
   923 ;; Hardware stack levels used:    1
   924 ;; This function calls:
   925 ;;		Nothing
   926 ;; This function is called by:
   927 ;;		_main
   928 ;; This function uses a non-reentrant model
   929 ;;
   930                           
   931                           
   932                           ;psect for function _PWM_set
   933  05A9                     _PWM_set:	
   934                           
   935                           ;incstack = 0
   936                           ; Regs used in _PWM_set: [wreg-fsr0h+status,2+status,0]
   937                           ;PWM_set@color stored from wreg
   938  05A9  00F1               	movwf	PWM_set@color
   939                           
   940                           ;PIC16F1827-Welcome01.c: 43: switch (color) {
   941  05AA  2DBD               	goto	l687
   942  05AB                     l673:	
   943                           ;PIC16F1827-Welcome01.c: 44: case 0:
   944                           
   945                           
   946                           ;PIC16F1827-Welcome01.c: 45: CCP1CONbits.DC1B = 0;
   947  05AB  30CF               	movlw	-49
   948  05AC  0025               	movlb	5	; select bank5
   949  05AD  0593               	andwf	19,f	;volatile
   950                           
   951                           ;PIC16F1827-Welcome01.c: 46: CCPR1L = value;
   952  05AE  0870               	movf	PWM_set@value,w
   953  05AF  0091               	movwf	17	;volatile
   954                           
   955                           ;PIC16F1827-Welcome01.c: 47: break;
   956  05B0  0008               	return
   957  05B1                     l677:	
   958                           ;PIC16F1827-Welcome01.c: 48: case 1:
   959                           
   960                           
   961                           ;PIC16F1827-Welcome01.c: 49: CCP2CONbits.DC2B = 0;
   962  05B1  30CF               	movlw	-49
   963  05B2  0025               	movlb	5	; select bank5
   964  05B3  059A               	andwf	26,f	;volatile
   965                           
   966                           ;PIC16F1827-Welcome01.c: 50: CCPR2L = value;
   967  05B4  0870               	movf	PWM_set@value,w
   968  05B5  0098               	movwf	24	;volatile
   969                           
   970                           ;PIC16F1827-Welcome01.c: 51: break;
   971  05B6  0008               	return
   972  05B7                     l681:	
   973                           ;PIC16F1827-Welcome01.c: 52: case 2:
   974                           
   975                           
   976                           ;PIC16F1827-Welcome01.c: 53: CCP3CONbits.DC3B = 0;
   977  05B7  30CF               	movlw	-49
   978  05B8  0026               	movlb	6	; select bank6
   979  05B9  0593               	andwf	19,f	;volatile
   980                           
   981                           ;PIC16F1827-Welcome01.c: 54: CCPR3L = value;
   982  05BA  0870               	movf	PWM_set@value,w
   983  05BB  0091               	movwf	17	;volatile
   984                           
   985                           ;PIC16F1827-Welcome01.c: 56: }
   986                           
   987                           ;PIC16F1827-Welcome01.c: 55: break;
   988  05BC  0008               	return
   989  05BD                     l687:	
   990  05BD  0871               	movf	PWM_set@color,w
   991                           
   992                           ; Switch size 1, requested type "space"
   993                           ; Number of cases is 3, Range of values is 0 to 2
   994                           ; switch strategies available:
   995                           ; Name         Instructions Cycles
   996                           ; simple_byte           10     6 (average)
   997                           ; direct_byte           12     6 (fixed)
   998                           ; jumptable            260     6 (fixed)
   999                           ;	Chosen strategy is simple_byte
  1000  05BE  3A00               	xorlw	0	; case 0
  1001  05BF  1903               	skipnz
  1002  05C0  2DAB               	goto	l673
  1003  05C1  3A01               	xorlw	1	; case 1
  1004  05C2  1903               	skipnz
  1005  05C3  2DB1               	goto	l677
  1006  05C4  3A03               	xorlw	3	; case 2
  1007  05C5  1903               	skipnz
  1008  05C6  2DB7               	goto	l681
  1009  05C7  2DC8               	goto	l49
  1010  05C8                     l49:	
  1011  05C8  0008               	return
  1012  05C9                     __end_of_PWM_set:	
  1013                           
  1014                           	psect	text2
  1015  05C9                     __ptext2:	
  1016 ;; *************** function _PWM_init *****************
  1017 ;; Defined at:
  1018 ;;		line 18 in file "PIC16F1827-Welcome01.c"
  1019 ;; Parameters:    Size  Location     Type
  1020 ;;		None
  1021 ;; Auto vars:     Size  Location     Type
  1022 ;;		None
  1023 ;; Return value:  Size  Location     Type
  1024 ;;		None               void
  1025 ;; Registers used:
  1026 ;;		wreg, status,2, status,0
  1027 ;; Tracked objects:
  1028 ;;		On entry : 0/0
  1029 ;;		On exit  : 0/0
  1030 ;;		Unchanged: 0/0
  1031 ;; Data sizes:     COMMON   BANK0   BANK1   BANK2   BANK3   BANK4
  1032 ;;      Params:         0       0       0       0       0       0
  1033 ;;      Locals:         0       0       0       0       0       0
  1034 ;;      Temps:          0       0       0       0       0       0
  1035 ;;      Totals:         0       0       0       0       0       0
  1036 ;;Total ram usage:        0 bytes
  1037 ;; Hardware stack levels used:    1
  1038 ;; This function calls:
  1039 ;;		Nothing
  1040 ;; This function is called by:
  1041 ;;		_main
  1042 ;; This function uses a non-reentrant model
  1043 ;;
  1044                           
  1045                           
  1046                           ;psect for function _PWM_init
  1047  05C9                     _PWM_init:	
  1048                           
  1049                           ;PIC16F1827-Welcome01.c: 19: CCP1CONbits.CCP1M = 12;
  1050                           
  1051                           ;incstack = 0
  1052                           ; Regs used in _PWM_init: [wreg+status,2+status,0]
  1053  05C9  0025               	movlb	5	; select bank5
  1054  05CA  0813               	movf	19,w	;volatile
  1055  05CB  39F0               	andlw	-16
  1056  05CC  380C               	iorlw	12
  1057  05CD  0093               	movwf	19	;volatile
  1058                           
  1059                           ;PIC16F1827-Welcome01.c: 20: CCP1CONbits.P1M = 0;
  1060  05CE  303F               	movlw	-193
  1061  05CF  0593               	andwf	19,f	;volatile
  1062                           
  1063                           ;PIC16F1827-Welcome01.c: 21: CCPTMRSbits.C1TSEL = 0;
  1064  05D0  30FC               	movlw	-4
  1065  05D1  059E               	andwf	30,f	;volatile
  1066                           
  1067                           ;PIC16F1827-Welcome01.c: 22: CCPR1Lbits.CCPR1L = 0;
  1068  05D2  0191               	clrf	17	;volatile
  1069                           
  1070                           ;PIC16F1827-Welcome01.c: 23: CCP1CONbits.DC1B = 0;
  1071  05D3  30CF               	movlw	-49
  1072  05D4  0593               	andwf	19,f	;volatile
  1073                           
  1074                           ;PIC16F1827-Welcome01.c: 25: CCP2CONbits.CCP2M = 12;
  1075  05D5  081A               	movf	26,w	;volatile
  1076  05D6  39F0               	andlw	-16
  1077  05D7  380C               	iorlw	12
  1078  05D8  009A               	movwf	26	;volatile
  1079                           
  1080                           ;PIC16F1827-Welcome01.c: 26: CCP2CONbits.P2M = 0;
  1081  05D9  303F               	movlw	-193
  1082  05DA  059A               	andwf	26,f	;volatile
  1083                           
  1084                           ;PIC16F1827-Welcome01.c: 27: CCPTMRSbits.C2TSEL = 0;
  1085  05DB  30F3               	movlw	-13
  1086  05DC  059E               	andwf	30,f	;volatile
  1087                           
  1088                           ;PIC16F1827-Welcome01.c: 28: CCPR2Lbits.CCPR2L = 0;
  1089  05DD  0198               	clrf	24	;volatile
  1090                           
  1091                           ;PIC16F1827-Welcome01.c: 29: CCP2CONbits.DC2B = 0;
  1092  05DE  30CF               	movlw	-49
  1093  05DF  059A               	andwf	26,f	;volatile
  1094                           
  1095                           ;PIC16F1827-Welcome01.c: 31: CCP3CONbits.CCP3M = 12;
  1096  05E0  0026               	movlb	6	; select bank6
  1097  05E1  0813               	movf	19,w	;volatile
  1098  05E2  39F0               	andlw	-16
  1099  05E3  380C               	iorlw	12
  1100  05E4  0093               	movwf	19	;volatile
  1101                           
  1102                           ;PIC16F1827-Welcome01.c: 32: CCPTMRSbits.C3TSEL = 0;
  1103  05E5  30CF               	movlw	-49
  1104  05E6  0025               	movlb	5	; select bank5
  1105  05E7  059E               	andwf	30,f	;volatile
  1106                           
  1107                           ;PIC16F1827-Welcome01.c: 33: CCPR3Lbits.CCPR3L = 0;
  1108  05E8  0026               	movlb	6	; select bank6
  1109  05E9  0191               	clrf	17	;volatile
  1110                           
  1111                           ;PIC16F1827-Welcome01.c: 34: CCP3CONbits.DC3B = 0;
  1112  05EA  30CF               	movlw	-49
  1113  05EB  0593               	andwf	19,f	;volatile
  1114                           
  1115                           ;PIC16F1827-Welcome01.c: 36: T2CONbits.T2OUTPS = 0;
  1116  05EC  3087               	movlw	-121
  1117  05ED  0020               	movlb	0	; select bank0
  1118  05EE  059C               	andwf	28,f	;volatile
  1119                           
  1120                           ;PIC16F1827-Welcome01.c: 37: T2CONbits.T2CKPS = 2;
  1121  05EF  081C               	movf	28,w	;volatile
  1122  05F0  39FC               	andlw	-4
  1123  05F1  3802               	iorlw	2
  1124  05F2  009C               	movwf	28	;volatile
  1125                           
  1126                           ;PIC16F1827-Welcome01.c: 38: PR2 = 100 - 1;
  1127  05F3  3063               	movlw	99
  1128  05F4  009B               	movwf	27	;volatile
  1129                           
  1130                           ;PIC16F1827-Welcome01.c: 39: T2CONbits.TMR2ON = 1;
  1131  05F5  151C               	bsf	28,2	;volatile
  1132  05F6  0008               	return
  1133  05F7                     __end_of_PWM_init:	
  1134  007E                     btemp	set	126	;btemp
  1135  007E                     wtemp	set	126
  1136  007E                     wtemp0	set	126
  1137  0080                     wtemp1	set	128
  1138  0082                     wtemp2	set	130
  1139  0084                     wtemp3	set	132
  1140  0086                     wtemp4	set	134
  1141  0088                     wtemp5	set	136
  1142  007F                     wtemp6	set	127
  1143  007E                     ttemp	set	126
  1144  007E                     ttemp0	set	126
  1145  0081                     ttemp1	set	129
  1146  0084                     ttemp2	set	132
  1147  0087                     ttemp3	set	135
  1148  007F                     ttemp4	set	127
  1149  007E                     ltemp	set	126
  1150  007E                     ltemp0	set	126
  1151  0082                     ltemp1	set	130
  1152  0086                     ltemp2	set	134
  1153  0080                     ltemp3	set	128


Data Sizes:
    Strings     0
    Constant    0
    Data        0
    BSS         0
    Persistent  0
    Stack       0

Auto Spaces:
    Space          Size  Autos    Used
    COMMON           14      5       5
    BANK0            80      0       0
    BANK1            80      0       0
    BANK2            80      0       0
    BANK3            80      0       0
    BANK4            48      0       0

Pointer List with Targets:

    None.

Critical Paths under _main in COMMON

    _main->_PWM_set

Critical Paths under _main in BANK0

    None.

Critical Paths under _main in BANK1

    None.

Critical Paths under _main in BANK2

    None.

Critical Paths under _main in BANK3

    None.

Critical Paths under _main in BANK4

    None.

Call Graph Tables:

 ---------------------------------------------------------------------------------
 (Depth) Function   	        Calls       Base Space   Used Autos Params    Refs
 ---------------------------------------------------------------------------------
 (0) _main                                                 3     3      0    1201
                                              2 COMMON     3     3      0
                           _PWM_init
                            _PWM_set
 ---------------------------------------------------------------------------------
 (1) _PWM_set                                              2     1      1    1201
                                              0 COMMON     2     1      1
 ---------------------------------------------------------------------------------
 (1) _PWM_init                                             0     0      0       0
 ---------------------------------------------------------------------------------
 Estimated maximum stack depth 1
 ---------------------------------------------------------------------------------

 Call Graph Graphs:

 _main (ROOT)
   _PWM_init
   _PWM_set

 Address spaces:
Name               Size   Autos  Total    Cost      Usage
BIGRAM             170      0       0       0        0.0%
EEDATA             100      0       0       0        0.0%
NULL                 0      0       0       0        0.0%
CODE                 0      0       0       0        0.0%
BITCOMMON            E      0       0       1        0.0%
BITSFR0              0      0       0       1        0.0%
SFR0                 0      0       0       1        0.0%
COMMON               E      5       5       2       35.7%
BITSFR1              0      0       0       2        0.0%
SFR1                 0      0       0       2        0.0%
BITSFR2              0      0       0       3        0.0%
SFR2                 0      0       0       3        0.0%
STACK                0      0       0       3        0.0%
BITSFR3              0      0       0       4        0.0%
SFR3                 0      0       0       4        0.0%
ABS                  0      0       0       4        0.0%
BITBANK0            50      0       0       5        0.0%
BITSFR4              0      0       0       5        0.0%
SFR4                 0      0       0       5        0.0%
BANK0               50      0       0       6        0.0%
BITSFR5              0      0       0       6        0.0%
SFR5                 0      0       0       6        0.0%
BITBANK1            50      0       0       7        0.0%
BITSFR6              0      0       0       7        0.0%
SFR6                 0      0       0       7        0.0%
BANK1               50      0       0       8        0.0%
BITSFR7              0      0       0       8        0.0%
SFR7                 0      0       0       8        0.0%
BITBANK2            50      0       0       9        0.0%
BITSFR8              0      0       0       9        0.0%
SFR8                 0      0       0       9        0.0%
BANK2               50      0       0      10        0.0%
BITSFR9              0      0       0      10        0.0%
SFR9                 0      0       0      10        0.0%
BITBANK3            50      0       0      11        0.0%
BITSFR10             0      0       0      11        0.0%
SFR10                0      0       0      11        0.0%
BANK3               50      0       0      12        0.0%
BITSFR11             0      0       0      12        0.0%
SFR11                0      0       0      12        0.0%
BITBANK4            30      0       0      13        0.0%
BITSFR12             0      0       0      13        0.0%
SFR12                0      0       0      13        0.0%
BANK4               30      0       0      14        0.0%
BITSFR13             0      0       0      14        0.0%
SFR13                0      0       0      14        0.0%
BITSFR14             0      0       0      15        0.0%
SFR14                0      0       0      15        0.0%
DATA                 0      0       0      15        0.0%
BITSFR15             0      0       0      16        0.0%
SFR15                0      0       0      16        0.0%
BITSFR16             0      0       0      17        0.0%
SFR16                0      0       0      17        0.0%
BITSFR17             0      0       0      18        0.0%
SFR17                0      0       0      18        0.0%
BITSFR18             0      0       0      19        0.0%
SFR18                0      0       0      19        0.0%
BITSFR19             0      0       0      20        0.0%
SFR19                0      0       0      20        0.0%
BITSFR20             0      0       0      21        0.0%
SFR20                0      0       0      21        0.0%
BITSFR21             0      0       0      22        0.0%
SFR21                0      0       0      22        0.0%
BITSFR22             0      0       0      23        0.0%
SFR22                0      0       0      23        0.0%
BITSFR23             0      0       0      24        0.0%
SFR23                0      0       0      24        0.0%
BITSFR24             0      0       0      25        0.0%
SFR24                0      0       0      25        0.0%
BITSFR25             0      0       0      26        0.0%
SFR25                0      0       0      26        0.0%
BITSFR26             0      0       0      27        0.0%
SFR26                0      0       0      27        0.0%
BITSFR27             0      0       0      28        0.0%
SFR27                0      0       0      28        0.0%
BITSFR28             0      0       0      29        0.0%
SFR28                0      0       0      29        0.0%
BITSFR29             0      0       0      30        0.0%
SFR29                0      0       0      30        0.0%
BITSFR30             0      0       0      31        0.0%
SFR30                0      0       0      31        0.0%
BITSFR31             0      0       0      32        0.0%
SFR31                0      0       0      32        0.0%


Microchip Technology PIC Macro Assembler V1.34 build -361300703 
Symbol Table                                                                                   Sat Sep 26 14:47:34 2015

            __CFG_CP$OFF 0000                       l49 05C8                       u17 061B  
                     u27 0628                       u37 0635                       u47 0642  
                     u57 0661                       u67 066E                       u77 067B  
                     u87 0688                       u97 06A7                      l703 0603  
                    l681 05B7                      l673 05AB                      l677 05B1  
                    l687 05BD                      u107 06B4                      u117 06C1  
                    u207 0760                      u127 06CE                      u217 0782  
                    u137 06F0                      u227 078F                      u147 06FD  
                    u237 079C                      u157 070A                      _PR2 001B  
                    u247 07A9                      u167 0717                      u257 07CE  
                    u177 0739             __CFG_CPD$OFF 0000                      u267 07DB  
                    u187 0746                      u277 07E8                      u197 0753  
                    u287 07F5             __CFG_BORV$LO 0000             __CFG_LVP$OFF 0000  
           __CFG_WRT$OFF 0000                     _main 05F7                     btemp 007E  
                   ltemp 007E          __end_of_PWM_set 05C9                     start 0002  
                   ttemp 007E                     wtemp 007E            __CFG_IESO$OFF 0000  
          __CFG_PLLEN$ON 0000                    ?_main 0070            __CFG_WDTE$OFF 0000  
                  _TRISA 008C                    _TRISB 008D           __CFG_FCMEN$OFF 0000  
         __CFG_BOREN$OFF 0000                    ltemp0 007E                    ltemp1 0082  
                  ltemp2 0086                    ltemp3 0080         __end_of_PWM_init 05F7  
                  ttemp0 007E                    ttemp1 0081                    ttemp2 0084  
                  ttemp3 0087                    ttemp4 007F                    wtemp0 007E  
                  wtemp1 0080                    wtemp2 0082                    wtemp3 0084  
                  wtemp4 0086                    wtemp5 0088                    wtemp6 007F  
         __CFG_MCLRE$OFF 0000          __initialization 07FD             __end_of_main 07FD  
                 ??_main 0072                   _CCPR1L 0291                   _CCPR2L 0298  
                 _CCPR3L 0311                   _ANSELA 018C                   _ANSELB 018D  
              ??_PWM_set 0071                   _OSCCON 0099           __CFG_PWRTE$OFF 0000  
__end_of__initialization 07FD           __pcstackCOMMON 0070                ?_PWM_init 0070  
             __pmaintext 05F7               ??_PWM_init 0070                  _PWM_set 05A9  
           PWM_set@color 0071             PWM_set@value 0070          __CFG_STVREN$OFF 0000  
                __ptext0 0000                  __ptext1 05A9                  __ptext2 05C9  
              _T2CONbits 001C     end_of_initialization 07FD         __CFG_FOSC$INTOSC 0000  
            _CCP1CONbits 0293              _CCP2CONbits 029A              _CCP3CONbits 0313  
    start_initialization 07FD        __size_of_PWM_init 002E              _CCPTMRSbits 029E  
              ___latbits 0001                 ?_PWM_set 0070                 _PWM_init 05C9  
       __size_of_PWM_set 0020               _CCPR1Lbits 0291               _CCPR2Lbits 0298  
             _CCPR3Lbits 0311            __size_of_main 0206               _INTCONbits 000B  
      __CFG_CLKOUTEN$OFF 0000  
