

Microchip Technology PIC LITE Macro Assembler V1.33 build 59893 
                                                                                               Wed Dec 03 14:10:26 2014

Microchip Technology Omniscient Code Generator (Lite mode) build 59893
     1                           	processor	16F1827
     2                           	opt	pw 120
     3                           	opt	lm
     4                           	psect	nvBANK0,global,class=BANK0,space=1,delta=1
     5                           	psect	cinit,global,class=CODE,merge=1,delta=2
     6                           	psect	bssBANK0,global,class=BANK0,space=1,delta=1
     7                           	psect	clrtext,global,class=CODE,delta=2
     8                           	psect	cstackCOMMON,global,class=COMMON,space=1,delta=1
     9                           	psect	cstackBANK0,global,class=BANK0,space=1,delta=1
    10                           	psect	maintext,global,class=CODE,merge=1,split=1,delta=2
    11                           	psect	text1,local,class=CODE,merge=1,delta=2
    12                           	psect	intentry,global,class=CODE,delta=2
    13                           	psect	text3,local,class=CODE,merge=1,delta=2
    14                           	dabs	1,0x7E,2
    15  0000                     	;# 
    16  0001                     	;# 
    17  0002                     	;# 
    18  0003                     	;# 
    19  0004                     	;# 
    20  0005                     	;# 
    21  0006                     	;# 
    22  0007                     	;# 
    23  0008                     	;# 
    24  0009                     	;# 
    25  000A                     	;# 
    26  000B                     	;# 
    27  000C                     	;# 
    28  000D                     	;# 
    29  0011                     	;# 
    30  0012                     	;# 
    31  0013                     	;# 
    32  0014                     	;# 
    33  0015                     	;# 
    34  0016                     	;# 
    35  0016                     	;# 
    36  0017                     	;# 
    37  0018                     	;# 
    38  0019                     	;# 
    39  001A                     	;# 
    40  001B                     	;# 
    41  001C                     	;# 
    42  001E                     	;# 
    43  001F                     	;# 
    44  008C                     	;# 
    45  008D                     	;# 
    46  0091                     	;# 
    47  0092                     	;# 
    48  0093                     	;# 
    49  0094                     	;# 
    50  0095                     	;# 
    51  0096                     	;# 
    52  0097                     	;# 
    53  0098                     	;# 
    54  0099                     	;# 
    55  009A                     	;# 
    56  009B                     	;# 
    57  009B                     	;# 
    58  009C                     	;# 
    59  009D                     	;# 
    60  009E                     	;# 
    61  010C                     	;# 
    62  010D                     	;# 
    63  0111                     	;# 
    64  0112                     	;# 
    65  0113                     	;# 
    66  0114                     	;# 
    67  0115                     	;# 
    68  0116                     	;# 
    69  0117                     	;# 
    70  0118                     	;# 
    71  0119                     	;# 
    72  011A                     	;# 
    73  011B                     	;# 
    74  011D                     	;# 
    75  011E                     	;# 
    76  018C                     	;# 
    77  018D                     	;# 
    78  0191                     	;# 
    79  0191                     	;# 
    80  0192                     	;# 
    81  0193                     	;# 
    82  0193                     	;# 
    83  0193                     	;# 
    84  0194                     	;# 
    85  0195                     	;# 
    86  0196                     	;# 
    87  0199                     	;# 
    88  019A                     	;# 
    89  019B                     	;# 
    90  019B                     	;# 
    91  019B                     	;# 
    92  019B                     	;# 
    93  019C                     	;# 
    94  019C                     	;# 
    95  019D                     	;# 
    96  019E                     	;# 
    97  019F                     	;# 
    98  020C                     	;# 
    99  020D                     	;# 
   100  0211                     	;# 
   101  0211                     	;# 
   102  0212                     	;# 
   103  0212                     	;# 
   104  0213                     	;# 
   105  0213                     	;# 
   106  0214                     	;# 
   107  0214                     	;# 
   108  0215                     	;# 
   109  0215                     	;# 
   110  0215                     	;# 
   111  0216                     	;# 
   112  0216                     	;# 
   113  0217                     	;# 
   114  0217                     	;# 
   115  0219                     	;# 
   116  021A                     	;# 
   117  021B                     	;# 
   118  021C                     	;# 
   119  021D                     	;# 
   120  021E                     	;# 
   121  021F                     	;# 
   122  0291                     	;# 
   123  0291                     	;# 
   124  0292                     	;# 
   125  0293                     	;# 
   126  0294                     	;# 
   127  0295                     	;# 
   128  0295                     	;# 
   129  0296                     	;# 
   130  0298                     	;# 
   131  0298                     	;# 
   132  0299                     	;# 
   133  029A                     	;# 
   134  029B                     	;# 
   135  029C                     	;# 
   136  029C                     	;# 
   137  029D                     	;# 
   138  029E                     	;# 
   139  029E                     	;# 
   140  0311                     	;# 
   141  0311                     	;# 
   142  0312                     	;# 
   143  0313                     	;# 
   144  0318                     	;# 
   145  0318                     	;# 
   146  0319                     	;# 
   147  031A                     	;# 
   148  0394                     	;# 
   149  0395                     	;# 
   150  0396                     	;# 
   151  039A                     	;# 
   152  039C                     	;# 
   153  039D                     	;# 
   154  039E                     	;# 
   155  039F                     	;# 
   156  0415                     	;# 
   157  0416                     	;# 
   158  0417                     	;# 
   159  041C                     	;# 
   160  041D                     	;# 
   161  041E                     	;# 
   162  0FE4                     	;# 
   163  0FE5                     	;# 
   164  0FE6                     	;# 
   165  0FE7                     	;# 
   166  0FE8                     	;# 
   167  0FE9                     	;# 
   168  0FEA                     	;# 
   169  0FEB                     	;# 
   170  0FED                     	;# 
   171  0FEE                     	;# 
   172  0FEF                     	;# 
   173                           
   174                           	psect	nvBANK0
   175  0067                     __pnvBANK0:	
   176  0067                     _i:	
   177  0067                     	ds	2
   178  000B                     _INTCONbits	set	11
   179  0011                     _PIR1bits	set	17
   180  000C                     _PORTAbits	set	12
   181  000D                     _PORTB	set	13
   182  000D                     _PORTBbits	set	13
   183  0018                     _T1CON	set	24
   184  0017                     _TMR1H	set	23
   185  0016                     _TMR1L	set	22
   186  009B                     _ADRES	set	155
   187  009D                     _ADCON0bits	set	157
   188  009E                     _ADCON1	set	158
   189  0095                     _OPTION_REG	set	149
   190  0099                     _OSCCON	set	153
   191  0091                     _PIE1bits	set	145
   192  008C                     _TRISA	set	140
   193  008D                     _TRISB	set	141
   194  0117                     _FVRCON	set	279
   195  018C                     _ANSELA	set	396
   196  018D                     _ANSELB	set	397
   197                           
   198                           ; #config settings
   199  0000                     
   200                           	psect	cinit
   201  00A1                     start_initialization:	
   202  00A1                     __initialization:	
   203                           
   204                           ; Clear objects allocated to BANK0
   205  00A1  3020               	movlw	low __pbssBANK0
   206  00A2  0084               	movwf	4
   207  00A3  3000               	movlw	high __pbssBANK0
   208  00A4  0085               	movwf	5
   209  00A5  303A               	movlw	58
   210  00A6  3182  2234         	fcall	clear_ram0
   211  00A8                     end_of_initialization:	
   212                           ;End of C runtime variable initialization code
   213                           
   214  00A8                     __end_of__initialization:	
   215  00A8  107E               	bcf	pic14e$flags,0	;clear compiler interrupt flag
   216  00A9  0020               	movlb	0
   217  00AA  3180  28AC         	ljmp	_main	;jump to C main() function
   218                           
   219                           	psect	bssBANK0
   220  0020                     __pbssBANK0:	
   221  0020                     _temp:	
   222  0020                     	ds	16
   223  0030                     _v:	
   224  0030                     	ds	16
   225  0040                     _cut:	
   226  0040                     	ds	8
   227  0048                     _cutf:	
   228  0048                     	ds	4
   229  004C                     _d:	
   230  004C                     	ds	4
   231  0050                     _cnt:	
   232  0050                     	ds	2
   233  0052                     _cnt0:	
   234  0052                     	ds	2
   235  0054                     _cnt1:	
   236  0054                     	ds	2
   237  0056                     _j:	
   238  0056                     	ds	2
   239  0058                     _k:	
   240  0058                     	ds	2
   241                           
   242                           	psect	clrtext
   243  0234                     clear_ram0:	
   244                           ;	Called with FSR0 containing the base address, and
   245                           ;	WREG with the size to clear
   246                           
   247  0234  0064               	clrwdt	;clear the watchdog before getting into this loop
   248  0235                     clrloop0:	
   249  0235  0180               	clrf	0	;clear RAM location pointed to by FSR
   250  0236  3101               	addfsr 0,1
   251  0237  0B89               	decfsz	9,f	;Have we reached the end of clearing yet?
   252  0238  2A35               	goto	clrloop0	;have we reached the end yet?
   253  0239  3400               	retlw	0	;all done for this memory range, return
   254                           
   255                           	psect	cstackCOMMON
   256  0070                     __pcstackCOMMON:	
   257  0070                     ?_isr:	
   258  0070                     ?_main:	
   259                           ; 0 bytes @ 0x0
   260                           
   261  0070                     ?___lldiv:	
   262                           ; 2 bytes @ 0x0
   263                           
   264  0070                     ___lldiv@divisor:	
   265                           ; 4 bytes @ 0x0
   266                           
   267                           
   268                           ; 4 bytes @ 0x0
   269  0070                     	ds	4
   270  0074                     ___lldiv@dividend:	
   271                           
   272                           ; 4 bytes @ 0x4
   273  0074                     	ds	4
   274  0078                     ??___lldiv:	
   275                           
   276                           ; 0 bytes @ 0x8
   277  0078                     	ds	1
   278  0079                     ___lldiv@quotient:	
   279                           
   280                           ; 4 bytes @ 0x9
   281  0079                     	ds	4
   282  007D                     ___lldiv@counter:	
   283                           
   284                           ; 1 bytes @ 0xD
   285  007D                     	ds	1
   286                           
   287                           	psect	cstackBANK0
   288  005A                     __pcstackBANK0:	
   289  005A                     ??_isr:	
   290                           
   291                           ; 0 bytes @ 0x0
   292  005A                     	ds	3
   293  005D                     ?_adc:	
   294                           
   295                           ; 2 bytes @ 0x3
   296  005D                     	ds	2
   297  005F                     ??_adc:	
   298                           
   299                           ; 0 bytes @ 0x5
   300  005F                     	ds	1
   301  0060                     adc@ch:	
   302                           
   303                           ; 1 bytes @ 0x6
   304  0060                     	ds	1
   305  0061                     ??_main:	
   306                           
   307                           ; 0 bytes @ 0x7
   308  0061                     	ds	6
   309                           
   310                           	psect	maintext
   311  00AC                     __pmaintext:	
   312 ;;
   313 ;;Main: autosize = 0, tempsize = 6, incstack = 0, save=0
   314 ;;
   315 ;; *************** function _main *****************
   316 ;; Defined at:
   317 ;;		line 73 in file "PIC16F1827-ChargeStation04.c"
   318 ;; Parameters:    Size  Location     Type
   319 ;;		None
   320 ;; Auto vars:     Size  Location     Type
   321 ;;		None
   322 ;; Return value:  Size  Location     Type
   323 ;;                  2   82[COMMON] int 
   324 ;; Registers used:
   325 ;;		wreg, fsr0l, fsr0h, fsr1l, fsr1h, status,2, status,0, pclath, cstack
   326 ;; Tracked objects:
   327 ;;		On entry : 17F/0
   328 ;;		On exit  : 0/0
   329 ;;		Unchanged: 0/0
   330 ;; Data sizes:     COMMON   BANK0   BANK1   BANK2   BANK3   BANK4
   331 ;;      Params:         0       0       0       0       0       0
   332 ;;      Locals:         0       0       0       0       0       0
   333 ;;      Temps:          0       6       0       0       0       0
   334 ;;      Totals:         0       6       0       0       0       0
   335 ;;Total ram usage:        6 bytes
   336 ;; Hardware stack levels required when called:    3
   337 ;; This function calls:
   338 ;;		_adc
   339 ;; This function is called by:
   340 ;;		Startup code after reset
   341 ;; This function uses a non-reentrant model
   342 ;;
   343                           
   344                           
   345                           ;psect for function _main
   346  00AC                     _main:	
   347                           
   348                           ;PIC16F1827-ChargeStation04.c: 74: OSCCON = 0x70;
   349                           
   350                           ;incstack = 0
   351                           ; Regs used in _main: [wreg-fsr1h+status,2+status,0+pclath+cstack]
   352  00AC  3070               	movlw	112
   353  00AD  0021               	movlb	1	; select bank1
   354  00AE  0099               	movwf	25	;volatile
   355                           
   356                           ;PIC16F1827-ChargeStation04.c: 75: TRISA = 0xFF;
   357  00AF  30FF               	movlw	255
   358  00B0  008C               	movwf	12	;volatile
   359                           
   360                           ;PIC16F1827-ChargeStation04.c: 76: TRISB = 0x00;
   361  00B1  018D               	clrf	13	;volatile
   362                           
   363                           ;PIC16F1827-ChargeStation04.c: 77: ANSELA = 0x0F;
   364  00B2  300F               	movlw	15
   365  00B3  0023               	movlb	3	; select bank3
   366  00B4  008C               	movwf	12	;volatile
   367                           
   368                           ;PIC16F1827-ChargeStation04.c: 78: ANSELB = 0x00;
   369  00B5  018D               	clrf	13	;volatile
   370                           
   371                           ;PIC16F1827-ChargeStation04.c: 79: ADCON1 = 0x93;
   372  00B6  3093               	movlw	147
   373  00B7  0021               	movlb	1	; select bank1
   374  00B8  009E               	movwf	30	;volatile
   375                           
   376                           ;PIC16F1827-ChargeStation04.c: 80: FVRCON = 0x83;
   377  00B9  3083               	movlw	131
   378  00BA  0022               	movlb	2	; select bank2
   379  00BB  0097               	movwf	23	;volatile
   380                           
   381                           ;PIC16F1827-ChargeStation04.c: 82: PORTB = 0xF0;
   382  00BC  30F0               	movlw	240
   383  00BD  0020               	movlb	0	; select bank0
   384  00BE  008D               	movwf	13	;volatile
   385                           
   386                           ;PIC16F1827-ChargeStation04.c: 84: OPTION_REG = 0b10010011;
   387  00BF  3093               	movlw	147
   388  00C0  0021               	movlb	1	; select bank1
   389  00C1  0095               	movwf	21	;volatile
   390                           
   391                           ;PIC16F1827-ChargeStation04.c: 85: INTCONbits.TMR0IE = 1;
   392  00C2  168B               	bsf	11,5	;volatile
   393                           
   394                           ;PIC16F1827-ChargeStation04.c: 87: T1CON = 0x21;
   395  00C3  3021               	movlw	33
   396  00C4  0020               	movlb	0	; select bank0
   397  00C5  0098               	movwf	24	;volatile
   398                           
   399                           ;PIC16F1827-ChargeStation04.c: 88: TMR1H = 0x00;
   400  00C6  0197               	clrf	23	;volatile
   401                           
   402                           ;PIC16F1827-ChargeStation04.c: 89: TMR1L = 0x00;
   403  00C7  0196               	clrf	22	;volatile
   404                           
   405                           ;PIC16F1827-ChargeStation04.c: 90: PIE1bits.TMR1IE = 1;
   406  00C8  0021               	movlb	1	; select bank1
   407  00C9  1411               	bsf	17,0	;volatile
   408                           
   409                           ;PIC16F1827-ChargeStation04.c: 91: INTCONbits.PEIE = 1;
   410  00CA  170B               	bsf	11,6	;volatile
   411                           
   412                           ;PIC16F1827-ChargeStation04.c: 92: INTCONbits.GIE = 1;
   413  00CB  178B               	bsf	11,7	;volatile
   414  00CC                     l840:	
   415                           ;PIC16F1827-ChargeStation04.c: 94: while (1) {
   416                           
   417                           
   418                           ;PIC16F1827-ChargeStation04.c: 95: for (i = 0; i < 4; i++) {
   419  00CC  0020               	movlb	0	; select bank0
   420  00CD  01E7               	clrf	_i
   421  00CE  01E8               	clrf	_i+1
   422  00CF  0868               	movf	_i+1,w
   423  00D0  3A80               	xorlw	128
   424  00D1  00E1               	movwf	??_main
   425  00D2  3080               	movlw	128
   426  00D3  0261               	subwf	??_main,w
   427  00D4  1D03               	skipz
   428  00D5  28D8               	goto	u525
   429  00D6  3004               	movlw	4
   430  00D7  0267               	subwf	_i,w
   431  00D8                     u525:	
   432  00D8  1803               	btfsc	3,0
   433  00D9  2935               	goto	l852
   434  00DA                     l844:	
   435                           
   436                           ;PIC16F1827-ChargeStation04.c: 96: temp[i] = adc(i);
   437  00DA  0020               	movlb	0	; select bank0
   438  00DB  0867               	movf	_i,w
   439  00DC  3182  2210  3180   	fcall	_adc
   440  00DF  0020               	movlb	0	; select bank0
   441  00E0  085D               	movf	?_adc,w
   442  00E1  00E1               	movwf	??_main
   443  00E2  085E               	movf	?_adc+1,w
   444  00E3  00E2               	movwf	??_main+1
   445  00E4  01E3               	clrf	??_main+2
   446  00E5  01E4               	clrf	??_main+3
   447  00E6  0867               	movf	_i,w
   448  00E7  00E5               	movwf	??_main+4
   449  00E8  3001               	movlw	1
   450  00E9                     u535:	
   451  00E9  35E5               	lslf	??_main+4,f
   452  00EA  3EFF               	addlw	-1
   453  00EB  1D03               	skipz
   454  00EC  28E9               	goto	u535
   455  00ED  3565               	lslf	??_main+4,w
   456  00EE  3E20               	addlw	_temp& (0+255)
   457  00EF  0086               	movwf	6
   458  00F0  0187               	clrf	7
   459  00F1  0861               	movf	??_main,w
   460  00F2  3FC0               	movwi [0]fsr1
   461  00F3  0862               	movf	??_main+1,w
   462  00F4  3FC1               	movwi [1]fsr1
   463  00F5  0863               	movf	??_main+2,w
   464  00F6  3FC2               	movwi [2]fsr1
   465  00F7  0864               	movf	??_main+3,w
   466  00F8  3FC3               	movwi [3]fsr1
   467                           
   468                           ;PIC16F1827-ChargeStation04.c: 97: v[i] = temp[i] * 2;
   469  00F9  0867               	movf	_i,w
   470  00FA  00E1               	movwf	??_main
   471  00FB  3001               	movlw	1
   472  00FC                     u545:	
   473  00FC  35E1               	lslf	??_main,f
   474  00FD  3EFF               	addlw	-1
   475  00FE  1D03               	skipz
   476  00FF  28FC               	goto	u545
   477  0100  3561               	lslf	??_main,w
   478  0101  3E20               	addlw	_temp& (0+255)
   479  0102  0086               	movwf	6
   480  0103  0187               	clrf	7
   481  0104  3F40               	moviw [0]fsr1
   482  0105  00E2               	movwf	??_main+1
   483  0106  3F41               	moviw [1]fsr1
   484  0107  00E3               	movwf	??_main+2
   485  0108  3F42               	moviw [2]fsr1
   486  0109  00E4               	movwf	??_main+3
   487  010A  3F43               	moviw [3]fsr1
   488  010B  00E5               	movwf	??_main+4
   489  010C  3001               	movlw	1
   490  010D                     u555:	
   491  010D  35E2               	lslf	??_main+1,f
   492  010E  0DE3               	rlf	??_main+2,f
   493  010F  0DE4               	rlf	??_main+3,f
   494  0110  0DE5               	rlf	??_main+4,f
   495  0111  0B89               	decfsz	9,f
   496  0112  290D               	goto	u555
   497  0113  0867               	movf	_i,w
   498  0114  00E6               	movwf	??_main+5
   499  0115  3001               	movlw	1
   500  0116                     u565:	
   501  0116  35E6               	lslf	??_main+5,f
   502  0117  3EFF               	addlw	-1
   503  0118  1D03               	skipz
   504  0119  2916               	goto	u565
   505  011A  3566               	lslf	??_main+5,w
   506  011B  3E30               	addlw	_v& (0+255)
   507  011C  0086               	movwf	6
   508  011D  0187               	clrf	7
   509  011E  0862               	movf	??_main+1,w
   510  011F  3FC0               	movwi [0]fsr1
   511  0120  0863               	movf	??_main+2,w
   512  0121  3FC1               	movwi [1]fsr1
   513  0122  0864               	movf	??_main+3,w
   514  0123  3FC2               	movwi [2]fsr1
   515  0124  0865               	movf	??_main+4,w
   516  0125  3FC3               	movwi [3]fsr1
   517  0126  3001               	movlw	1
   518  0127  07E7               	addwf	_i,f
   519  0128  3000               	movlw	0
   520  0129  3DE8               	addwfc	_i+1,f
   521  012A  0868               	movf	_i+1,w
   522  012B  3A80               	xorlw	128
   523  012C  00E1               	movwf	??_main
   524  012D  3080               	movlw	128
   525  012E  0261               	subwf	??_main,w
   526  012F  1D03               	skipz
   527  0130  2933               	goto	u575
   528  0131  3004               	movlw	4
   529  0132  0267               	subwf	_i,w
   530  0133                     u575:	
   531  0133  1C03               	skipc
   532  0134  28DA               	goto	l844
   533  0135                     l852:	
   534                           
   535                           ;PIC16F1827-ChargeStation04.c: 98: }
   536                           ;PIC16F1827-ChargeStation04.c: 100: for (i = 0; i < 4; i++) {
   537  0135  0020               	movlb	0	; select bank0
   538  0136  01E7               	clrf	_i
   539  0137  01E8               	clrf	_i+1
   540  0138                     L1:	
   541  0138  0868               	movf	_i+1,w
   542  0139  3A80               	xorlw	128
   543  013A  00E1               	movwf	??_main
   544  013B  3080               	movlw	128
   545  013C  0261               	subwf	??_main,w
   546  013D  1D03               	skipz
   547  013E  2941               	goto	u585
   548  013F  3004               	movlw	4
   549  0140  0267               	subwf	_i,w
   550  0141                     u585:	
   551  0141  1803               	btfsc	3,0
   552  0142  28CC               	goto	l840
   553                           
   554                           ;PIC16F1827-ChargeStation04.c: 101: if (PORTAbits.RA4 == 0) {
   555  0143  0020               	movlb	0	; select bank0
   556  0144  1A0C               	btfsc	12,4	;volatile
   557  0145  2948               	goto	l88
   558                           
   559                           ;PIC16F1827-ChargeStation04.c: 102: PORTBbits.RB0 = 0;
   560  0146  100D               	bcf	13,0	;volatile
   561                           
   562                           ;PIC16F1827-ChargeStation04.c: 103: PORTBbits.RB4 = 1;
   563  0147  160D               	bsf	13,4	;volatile
   564  0148                     l88:	
   565                           
   566                           ;PIC16F1827-ChargeStation04.c: 104: }
   567                           ;PIC16F1827-ChargeStation04.c: 105: if (PORTAbits.RA5 == 0) {
   568  0148  1A8C               	btfsc	12,5	;volatile
   569  0149  294C               	goto	l89
   570                           
   571                           ;PIC16F1827-ChargeStation04.c: 106: PORTBbits.RB1 = 0;
   572  014A  108D               	bcf	13,1	;volatile
   573                           
   574                           ;PIC16F1827-ChargeStation04.c: 107: PORTBbits.RB5 = 1;
   575  014B  168D               	bsf	13,5	;volatile
   576  014C                     l89:	
   577                           
   578                           ;PIC16F1827-ChargeStation04.c: 108: }
   579                           ;PIC16F1827-ChargeStation04.c: 109: if (PORTAbits.RA6 == 0) {
   580  014C  1B0C               	btfsc	12,6	;volatile
   581  014D  2950               	goto	l90
   582                           
   583                           ;PIC16F1827-ChargeStation04.c: 110: PORTBbits.RB2 = 0;
   584  014E  110D               	bcf	13,2	;volatile
   585                           
   586                           ;PIC16F1827-ChargeStation04.c: 111: PORTBbits.RB6 = 1;
   587  014F  170D               	bsf	13,6	;volatile
   588  0150                     l90:	
   589                           
   590                           ;PIC16F1827-ChargeStation04.c: 112: }
   591                           ;PIC16F1827-ChargeStation04.c: 113: if (PORTAbits.RA7 == 0) {
   592  0150  1B8C               	btfsc	12,7	;volatile
   593  0151  2954               	goto	l866
   594                           
   595                           ;PIC16F1827-ChargeStation04.c: 114: PORTBbits.RB3 = 0;
   596  0152  118D               	bcf	13,3	;volatile
   597                           
   598                           ;PIC16F1827-ChargeStation04.c: 115: PORTBbits.RB7 = 1;
   599  0153  178D               	bsf	13,7	;volatile
   600  0154                     l866:	
   601                           
   602                           ;PIC16F1827-ChargeStation04.c: 116: }
   603                           ;PIC16F1827-ChargeStation04.c: 117: if (v[i] < 50) {
   604  0154  0867               	movf	_i,w
   605  0155  00E1               	movwf	??_main
   606  0156  3001               	movlw	1
   607  0157                     u635:	
   608  0157  35E1               	lslf	??_main,f
   609  0158  3EFF               	addlw	-1
   610  0159  1D03               	skipz
   611  015A  2957               	goto	u635
   612  015B  3561               	lslf	??_main,w
   613  015C  3E30               	addlw	_v& (0+255)
   614  015D  0086               	movwf	6
   615  015E  0187               	clrf	7
   616  015F  3F40               	moviw [0]fsr1
   617  0160  00E2               	movwf	??_main+1
   618  0161  3F41               	moviw [1]fsr1
   619  0162  00E3               	movwf	??_main+2
   620  0163  3F42               	moviw [2]fsr1
   621  0164  00E4               	movwf	??_main+3
   622  0165  3F43               	moviw [3]fsr1
   623  0166  00E5               	movwf	??_main+4
   624  0167  3000               	movlw	0
   625  0168  0265               	subwf	??_main+4,w
   626  0169  1D03               	skipz
   627  016A  2975               	goto	u645
   628  016B  3000               	movlw	0
   629  016C  0264               	subwf	??_main+3,w
   630  016D  1D03               	skipz
   631  016E  2975               	goto	u645
   632  016F  3000               	movlw	0
   633  0170  0263               	subwf	??_main+2,w
   634  0171  1D03               	skipz
   635  0172  2975               	goto	u645
   636  0173  3032               	movlw	50
   637  0174  0262               	subwf	??_main+1,w
   638  0175                     u645:	
   639  0175  1803               	skipnc
   640  0176  297E               	goto	l870
   641                           
   642                           ;PIC16F1827-ChargeStation04.c: 118: cutf[i] = 1;
   643  0177  0867               	movf	_i,w
   644  0178  3E48               	addlw	_cutf& (0+255)
   645  0179  0086               	movwf	6
   646  017A  0187               	clrf	7
   647  017B  0181               	clrf	1
   648  017C  0A81               	incf	1,f
   649                           
   650                           ;PIC16F1827-ChargeStation04.c: 119: } else {
   651  017D  298A               	goto	l93
   652  017E                     l870:	
   653                           
   654                           ;PIC16F1827-ChargeStation04.c: 120: cutf[i] = 0;
   655  017E  0867               	movf	_i,w
   656  017F  3E48               	addlw	_cutf& (0+255)
   657  0180  0086               	movwf	6
   658  0181  0187               	clrf	7
   659  0182  0181               	clrf	1
   660                           
   661                           ;PIC16F1827-ChargeStation04.c: 121: cut[i] = 0;
   662  0183  3567               	lslf	_i,w
   663  0184  3E40               	addlw	_cut& (0+255)
   664  0185  0086               	movwf	6
   665  0186  0187               	clrf	7
   666  0187  3000               	movlw	0
   667  0188  3FC0               	movwi [0]fsr1
   668  0189  3FC1               	movwi [1]fsr1
   669  018A                     l93:	
   670                           
   671                           ;PIC16F1827-ChargeStation04.c: 122: }
   672                           ;PIC16F1827-ChargeStation04.c: 124: if (cut[i] >= 10) {
   673  018A  3567               	lslf	_i,w
   674  018B  3E40               	addlw	_cut& (0+255)
   675  018C  0086               	movwf	6
   676  018D  0187               	clrf	7
   677  018E  3F40               	moviw [0]fsr1
   678  018F  00E1               	movwf	??_main
   679  0190  3F41               	moviw [1]fsr1
   680  0191  00E2               	movwf	??_main+1
   681  0192  3000               	movlw	0
   682  0193  0262               	subwf	??_main+1,w
   683  0194  300A               	movlw	10
   684  0195  1903               	skipnz
   685  0196  0261               	subwf	??_main,w
   686  0197  1803               	btfsc	3,0
   687  0198  29A6               	goto	l876
   688  0199  29B9               	goto	l878
   689  019A                     l96:	
   690                           ;PIC16F1827-ChargeStation04.c: 126: case 0:
   691                           
   692                           ;PIC16F1827-ChargeStation04.c: 125: switch (i) {
   693                           
   694                           
   695                           ;PIC16F1827-ChargeStation04.c: 127: PORTBbits.RB0 = 1;
   696  019A  140D               	bsf	13,0	;volatile
   697                           
   698                           ;PIC16F1827-ChargeStation04.c: 128: PORTBbits.RB4 = 0;
   699  019B  120D               	bcf	13,4	;volatile
   700                           
   701                           ;PIC16F1827-ChargeStation04.c: 129: break;
   702  019C  29B9               	goto	l878
   703  019D                     l98:	
   704                           ;PIC16F1827-ChargeStation04.c: 130: case 1:
   705                           
   706                           
   707                           ;PIC16F1827-ChargeStation04.c: 131: PORTBbits.RB1 = 1;
   708  019D  148D               	bsf	13,1	;volatile
   709                           
   710                           ;PIC16F1827-ChargeStation04.c: 132: PORTBbits.RB5 = 0;
   711  019E  128D               	bcf	13,5	;volatile
   712                           
   713                           ;PIC16F1827-ChargeStation04.c: 133: break;
   714  019F  29B9               	goto	l878
   715  01A0                     l99:	
   716                           ;PIC16F1827-ChargeStation04.c: 134: case 2:
   717                           
   718                           
   719                           ;PIC16F1827-ChargeStation04.c: 135: PORTBbits.RB2 = 1;
   720  01A0  150D               	bsf	13,2	;volatile
   721                           
   722                           ;PIC16F1827-ChargeStation04.c: 136: PORTBbits.RB6 = 0;
   723  01A1  130D               	bcf	13,6	;volatile
   724                           
   725                           ;PIC16F1827-ChargeStation04.c: 137: break;
   726  01A2  29B9               	goto	l878
   727  01A3                     l100:	
   728                           ;PIC16F1827-ChargeStation04.c: 138: case 3:
   729                           
   730                           
   731                           ;PIC16F1827-ChargeStation04.c: 139: PORTBbits.RB3 = 1;
   732  01A3  158D               	bsf	13,3	;volatile
   733                           
   734                           ;PIC16F1827-ChargeStation04.c: 140: PORTBbits.RB7 = 0;
   735  01A4  138D               	bcf	13,7	;volatile
   736                           
   737                           ;PIC16F1827-ChargeStation04.c: 142: }
   738                           
   739                           ;PIC16F1827-ChargeStation04.c: 141: break;
   740  01A5  29B9               	goto	l878
   741  01A6                     l876:	
   742                           
   743                           ; Switch on 2 bytes has been partitioned into a top level switch of size 1, and 1 sub-sw
      +                          itches
   744                           ; Switch size 1, requested type "space"
   745                           ; Number of cases is 1, Range of values is 0 to 0
   746                           ; switch strategies available:
   747                           ; Name         Instructions Cycles
   748                           ; simple_byte            4     3 (average)
   749                           ; direct_byte            8     6 (fixed)
   750                           ; jumptable            260     6 (fixed)
   751                           ;	Chosen strategy is simple_byte
   752  01A6  0868               	movf	_i+1,w
   753  01A7  3A00               	xorlw	0	; case 0
   754  01A8  1903               	skipnz
   755  01A9  29AB               	goto	l916
   756  01AA  29B9               	goto	l878
   757  01AB                     l916:	
   758                           
   759                           ; Switch size 1, requested type "space"
   760                           ; Number of cases is 4, Range of values is 0 to 3
   761                           ; switch strategies available:
   762                           ; Name         Instructions Cycles
   763                           ; simple_byte           13     7 (average)
   764                           ; direct_byte           14     6 (fixed)
   765                           ; jumptable            260     6 (fixed)
   766                           ;	Chosen strategy is simple_byte
   767  01AB  0867               	movf	_i,w
   768  01AC  3A00               	xorlw	0	; case 0
   769  01AD  1903               	skipnz
   770  01AE  299A               	goto	l96
   771  01AF  3A01               	xorlw	1	; case 1
   772  01B0  1903               	skipnz
   773  01B1  299D               	goto	l98
   774  01B2  3A03               	xorlw	3	; case 2
   775  01B3  1903               	skipnz
   776  01B4  29A0               	goto	l99
   777  01B5  3A01               	xorlw	1	; case 3
   778  01B6  1903               	skipnz
   779  01B7  29A3               	goto	l100
   780  01B8  29B9               	goto	l878
   781  01B9                     l878:	
   782  01B9  3001               	movlw	1
   783  01BA  07E7               	addwf	_i,f
   784  01BB  3000               	movlw	0
   785  01BC  3DE8               	addwfc	_i+1,f
   786  01BD  2938               	goto	L1
   787  01BE                     __end_of_main:	
   788                           ;PIC16F1827-ChargeStation04.c: 144: }
   789                           ;PIC16F1827-ChargeStation04.c: 145: }
   790                           ;PIC16F1827-ChargeStation04.c: 146: }
   791                           ;PIC16F1827-ChargeStation04.c: 147: return 0;
   792                           ;	Return value of _main is never used
   793                           
   794                           
   795                           	psect	text1
   796  0210                     __ptext1:	
   797 ;; *************** function _adc *****************
   798 ;; Defined at:
   799 ;;		line 41 in file "PIC16F1827-ChargeStation04.c"
   800 ;; Parameters:    Size  Location     Type
   801 ;;  ch              1    wreg     unsigned char 
   802 ;; Auto vars:     Size  Location     Type
   803 ;;  ch              1    6[BANK0 ] unsigned char 
   804 ;; Return value:  Size  Location     Type
   805 ;;                  2    3[BANK0 ] unsigned int 
   806 ;; Registers used:
   807 ;;		wreg, status,2, status,0
   808 ;; Tracked objects:
   809 ;;		On entry : 0/0
   810 ;;		On exit  : 0/0
   811 ;;		Unchanged: 0/0
   812 ;; Data sizes:     COMMON   BANK0   BANK1   BANK2   BANK3   BANK4
   813 ;;      Params:         0       2       0       0       0       0
   814 ;;      Locals:         0       1       0       0       0       0
   815 ;;      Temps:          0       1       0       0       0       0
   816 ;;      Totals:         0       4       0       0       0       0
   817 ;;Total ram usage:        4 bytes
   818 ;; Hardware stack levels used:    1
   819 ;; Hardware stack levels required when called:    2
   820 ;; This function calls:
   821 ;;		Nothing
   822 ;; This function is called by:
   823 ;;		_main
   824 ;; This function uses a non-reentrant model
   825 ;;
   826                           
   827                           
   828                           ;psect for function _adc
   829  0210                     _adc:	
   830                           
   831                           ;incstack = 0
   832                           ; Regs used in _adc: [wreg+status,2+status,0]
   833                           ;adc@ch stored from wreg
   834  0210  0020               	movlb	0	; select bank0
   835  0211  00E0               	movwf	adc@ch
   836                           
   837                           ;PIC16F1827-ChargeStation04.c: 42: ADCON0bits.ADON = 1;
   838  0212  0021               	movlb	1	; select bank1
   839  0213  141D               	bsf	29,0	;volatile
   840                           
   841                           ;PIC16F1827-ChargeStation04.c: 43: ADCON0bits.CHS = ch;
   842  0214  0020               	movlb	0	; select bank0
   843  0215  0860               	movf	adc@ch,w
   844  0216  00DF               	movwf	??_adc
   845  0217  0DDF               	rlf	??_adc,f
   846  0218  0DDF               	rlf	??_adc,f
   847  0219  0021               	movlb	1	; select bank1
   848  021A  081D               	movf	29,w	;volatile
   849  021B  0020               	movlb	0	; select bank0
   850  021C  065F               	xorwf	??_adc,w
   851  021D  3983               	andlw	-125
   852  021E  065F               	xorwf	??_adc,w
   853  021F  0021               	movlb	1	; select bank1
   854  0220  009D               	movwf	29	;volatile
   855                           
   856                           ;PIC16F1827-ChargeStation04.c: 44: _delay((unsigned long)((20)*(32000000/4000000.0)));
   857  0221  3035               	movlw	53
   858  0222  0020               	movlb	0	; select bank0
   859  0223  00DF               	movwf	??_adc
   860  0224                     u677:	
   861  0224  0BDF               	decfsz	??_adc,f
   862  0225  2A24               	goto	u677
   863                           
   864                           ;PIC16F1827-ChargeStation04.c: 45: ADCON0bits.GO_nDONE = 1;
   865  0226  0021               	movlb	1	; select bank1
   866  0227  149D               	bsf	29,1	;volatile
   867  0228                     l65:	
   868                           ;PIC16F1827-ChargeStation04.c: 46: while (ADCON0bits.GO_nDONE);
   869                           
   870  0228  189D               	btfsc	29,1	;volatile
   871  0229  2A28               	goto	l65
   872                           
   873                           ;PIC16F1827-ChargeStation04.c: 47: return ADRES;
   874  022A  081C               	movf	28,w	;volatile
   875  022B  0020               	movlb	0	; select bank0
   876  022C  01DE               	clrf	?_adc+1
   877  022D  07DE               	addwf	?_adc+1,f
   878  022E  0021               	movlb	1	; select bank1
   879  022F  081B               	movf	27,w	;volatile
   880  0230  0020               	movlb	0	; select bank0
   881  0231  01DD               	clrf	?_adc
   882  0232  07DD               	addwf	?_adc,f
   883  0233  0008               	return
   884  0234                     __end_of_adc:	
   885                           
   886                           	psect	intentry
   887  0004                     __pintentry:	
   888 ;; *************** function _isr *****************
   889 ;; Defined at:
   890 ;;		line 50 in file "PIC16F1827-ChargeStation04.c"
   891 ;; Parameters:    Size  Location     Type
   892 ;;		None
   893 ;; Auto vars:     Size  Location     Type
   894 ;;		None
   895 ;; Return value:  Size  Location     Type
   896 ;;		None               void
   897 ;; Registers used:
   898 ;;		wreg, fsr1l, fsr1h, status,2, status,0, pclath, cstack
   899 ;; Tracked objects:
   900 ;;		On entry : 0/0
   901 ;;		On exit  : 0/0
   902 ;;		Unchanged: 0/0
   903 ;; Data sizes:     COMMON   BANK0   BANK1   BANK2   BANK3   BANK4
   904 ;;      Params:         0       0       0       0       0       0
   905 ;;      Locals:         0       0       0       0       0       0
   906 ;;      Temps:          0       3       0       0       0       0
   907 ;;      Totals:         0       3       0       0       0       0
   908 ;;Total ram usage:        3 bytes
   909 ;; Hardware stack levels used:    1
   910 ;; Hardware stack levels required when called:    1
   911 ;; This function calls:
   912 ;;		___lldiv
   913 ;; This function is called by:
   914 ;;		Interrupt level 1
   915 ;; This function uses a non-reentrant model
   916 ;;
   917                           
   918  0004                     _isr:	
   919                           
   920                           ;incstack = 0
   921                           ; Regs used in _isr: [wreg+fsr1l+fsr1h+status,2+status,0+pclath+cstack]
   922  0004  147E               	bsf	126,0	;set compiler interrupt flag
   923  0005  3180               	pagesel	$
   924  0006  0020               	movlb	0	; select bank0
   925  0007  087F               	movf	127,w
   926  0008  00DC               	movwf	??_isr+2
   927                           
   928                           ;PIC16F1827-ChargeStation04.c: 51: if (PIR1bits.TMR1IF == 1) {
   929  0009  1811               	btfsc	17,0	;volatile
   930                           
   931                           ;PIC16F1827-ChargeStation04.c: 52: PIR1bits.TMR1IF = 0;
   932  000A  1011               	bcf	17,0	;volatile
   933                           
   934                           ;PIC16F1827-ChargeStation04.c: 53: }
   935                           ;PIC16F1827-ChargeStation04.c: 54: if (INTCONbits.TMR0IF == 1) {
   936  000B  1D0B               	btfss	11,2	;volatile
   937  000C  289A               	goto	i1l80
   938                           
   939                           ;PIC16F1827-ChargeStation04.c: 55: INTCONbits.TMR0IF = 0;
   940  000D  110B               	bcf	11,2	;volatile
   941                           
   942                           ;PIC16F1827-ChargeStation04.c: 56: cnt0++;
   943  000E  3001               	movlw	1
   944  000F  07D2               	addwf	_cnt0,f
   945  0010  3000               	movlw	0
   946  0011  3DD3               	addwfc	_cnt0+1,f
   947                           
   948                           ;PIC16F1827-ChargeStation04.c: 57: if (cnt0 == 400) {
   949  0012  3001               	movlw	1
   950  0013  0653               	xorwf	_cnt0+1,w
   951  0014  1D03               	skipz
   952  0015  2818               	goto	u44_25
   953  0016  3090               	movlw	144
   954  0017  0652               	xorwf	_cnt0,w
   955  0018                     u44_25:	
   956  0018  1D03               	skipz
   957  0019  289A               	goto	i1l80
   958                           
   959                           ;PIC16F1827-ChargeStation04.c: 58: cnt0 = 0;
   960  001A  01D2               	clrf	_cnt0
   961  001B  01D3               	clrf	_cnt0+1
   962                           
   963                           ;PIC16F1827-ChargeStation04.c: 59: for (k = 0; k < 4; k++) {
   964  001C  01D8               	clrf	_k
   965  001D  01D9               	clrf	_k+1
   966  001E  0859               	movf	_k+1,w
   967  001F  3A80               	xorlw	128
   968  0020  00DA               	movwf	??_isr
   969  0021  3080               	movlw	128
   970  0022  025A               	subwf	??_isr,w
   971  0023  1D03               	skipz
   972  0024  2827               	goto	u45_25
   973  0025  3004               	movlw	4
   974  0026  0258               	subwf	_k,w
   975  0027                     u45_25:	
   976  0027  1803               	btfsc	3,0
   977  0028  284A               	goto	i1l798
   978  0029                     i1l790:	
   979                           
   980                           ;PIC16F1827-ChargeStation04.c: 60: if (cutf[k])cut[k]++;
   981  0029  0020               	movlb	0	; select bank0
   982  002A  0858               	movf	_k,w
   983  002B  3E48               	addlw	_cutf& (0+255)
   984  002C  0086               	movwf	6
   985  002D  0187               	clrf	7
   986  002E  0801               	movf	1,w
   987  002F  3A00               	xorlw	0
   988  0030  1903               	skipnz
   989  0031  283B               	goto	i1l794
   990  0032  3558               	lslf	_k,w
   991  0033  3E40               	addlw	_cut& (0+255)
   992  0034  0086               	movwf	6
   993  0035  0187               	clrf	7
   994  0036  3001               	movlw	1
   995  0037  0781               	addwf	1,f
   996  0038  3141               	addfsr 1,1
   997  0039  1803               	skipnc
   998  003A  0A81               	incf	1,f
   999  003B                     i1l794:	
  1000  003B  3001               	movlw	1
  1001  003C  07D8               	addwf	_k,f
  1002  003D  3000               	movlw	0
  1003  003E  3DD9               	addwfc	_k+1,f
  1004  003F  0859               	movf	_k+1,w
  1005  0040  3A80               	xorlw	128
  1006  0041  00DA               	movwf	??_isr
  1007  0042  3080               	movlw	128
  1008  0043  025A               	subwf	??_isr,w
  1009  0044  1D03               	skipz
  1010  0045  2848               	goto	u47_25
  1011  0046  3004               	movlw	4
  1012  0047  0258               	subwf	_k,w
  1013  0048                     u47_25:	
  1014  0048  1C03               	skipc
  1015  0049  2829               	goto	i1l790
  1016  004A                     i1l798:	
  1017                           
  1018                           ;PIC16F1827-ChargeStation04.c: 61: }
  1019                           ;PIC16F1827-ChargeStation04.c: 62: cnt++;
  1020  004A  3001               	movlw	1
  1021  004B  0020               	movlb	0	; select bank0
  1022  004C  07D0               	addwf	_cnt,f
  1023  004D  3000               	movlw	0
  1024  004E  3DD1               	addwfc	_cnt+1,f
  1025                           
  1026                           ;PIC16F1827-ChargeStation04.c: 63: if (cnt == 40) {
  1027  004F  3028               	movlw	40
  1028  0050  0650               	xorwf	_cnt,w
  1029  0051  0451               	iorwf	_cnt+1,w
  1030  0052  1D03               	skipz
  1031  0053  2856               	goto	i1l77
  1032                           
  1033                           ;PIC16F1827-ChargeStation04.c: 64: cnt = 0;
  1034  0054  01D0               	clrf	_cnt
  1035  0055  01D1               	clrf	_cnt+1
  1036  0056                     i1l77:	
  1037                           
  1038                           ;PIC16F1827-ChargeStation04.c: 65: }
  1039                           ;PIC16F1827-ChargeStation04.c: 66: for (j = 0; j < 4; j++) {
  1040  0056  01D6               	clrf	_j
  1041  0057  01D7               	clrf	_j+1
  1042  0058  0857               	movf	_j+1,w
  1043  0059  3A80               	xorlw	128
  1044  005A  00DA               	movwf	??_isr
  1045  005B  3080               	movlw	128
  1046  005C  025A               	subwf	??_isr,w
  1047  005D  1D03               	skipz
  1048  005E  2861               	goto	u49_25
  1049  005F  3004               	movlw	4
  1050  0060  0256               	subwf	_j,w
  1051  0061                     u49_25:	
  1052  0061  1803               	btfsc	3,0
  1053  0062  289A               	goto	i1l80
  1054  0063                     i1l806:	
  1055                           
  1056                           ;PIC16F1827-ChargeStation04.c: 67: d[j] = v[j] / 100;
  1057  0063  3000               	movlw	0
  1058  0064  00F3               	movwf	___lldiv@divisor+3
  1059  0065  3000               	movlw	0
  1060  0066  00F2               	movwf	___lldiv@divisor+2
  1061  0067  3000               	movlw	0
  1062  0068  00F1               	movwf	___lldiv@divisor+1
  1063  0069  3064               	movlw	100
  1064  006A  00F0               	movwf	___lldiv@divisor
  1065  006B  0020               	movlb	0	; select bank0
  1066  006C  0856               	movf	_j,w
  1067  006D  00DA               	movwf	??_isr
  1068  006E  3001               	movlw	1
  1069  006F                     u50_25:	
  1070  006F  35DA               	lslf	??_isr,f
  1071  0070  3EFF               	addlw	-1
  1072  0071  1D03               	skipz
  1073  0072  286F               	goto	u50_25
  1074  0073  355A               	lslf	??_isr,w
  1075  0074  3E30               	addlw	_v& (0+255)
  1076  0075  0086               	movwf	6
  1077  0076  0187               	clrf	7
  1078  0077  3F40               	moviw [0]fsr1
  1079  0078  00F4               	movwf	___lldiv@dividend
  1080  0079  3F41               	moviw [1]fsr1
  1081  007A  00F5               	movwf	___lldiv@dividend+1
  1082  007B  3F42               	moviw [2]fsr1
  1083  007C  00F6               	movwf	___lldiv@dividend+2
  1084  007D  3F43               	moviw [3]fsr1
  1085  007E  00F7               	movwf	___lldiv@dividend+3
  1086  007F  3181  21BE  3180   	fcall	___lldiv
  1087  0082  0870               	movf	?___lldiv,w
  1088  0083  0020               	movlb	0	; select bank0
  1089  0084  00DB               	movwf	??_isr+1
  1090  0085  0856               	movf	_j,w
  1091  0086  3E4C               	addlw	_d& (0+255)
  1092  0087  0086               	movwf	6
  1093  0088  0187               	clrf	7
  1094  0089  085B               	movf	??_isr+1,w
  1095  008A  0081               	movwf	1
  1096  008B  3001               	movlw	1
  1097  008C  07D6               	addwf	_j,f
  1098  008D  3000               	movlw	0
  1099  008E  3DD7               	addwfc	_j+1,f
  1100  008F  0857               	movf	_j+1,w
  1101  0090  3A80               	xorlw	128
  1102  0091  00DA               	movwf	??_isr
  1103  0092  3080               	movlw	128
  1104  0093  025A               	subwf	??_isr,w
  1105  0094  1D03               	skipz
  1106  0095  2898               	goto	u51_25
  1107  0096  3004               	movlw	4
  1108  0097  0256               	subwf	_j,w
  1109  0098                     u51_25:	
  1110  0098  1C03               	skipc
  1111  0099  2863               	goto	i1l806
  1112  009A                     i1l80:	
  1113  009A  0020               	movlb	0	; select bank0
  1114  009B  085C               	movf	??_isr+2,w
  1115  009C  00FF               	movwf	127
  1116  009D  107E               	bcf	126,0	;clear compiler interrupt flag
  1117  009E  0009               	retfie
  1118  009F                     __end_of_isr:	
  1119                           
  1120                           	psect	text3
  1121  01BE                     __ptext3:	
  1122 ;; *************** function ___lldiv *****************
  1123 ;; Defined at:
  1124 ;;		line 6 in file "C:\Program Files (x86)\Microchip\xc8\v1.33\sources\common\lldiv.c"
  1125 ;; Parameters:    Size  Location     Type
  1126 ;;  divisor         4    0[COMMON] unsigned long 
  1127 ;;  dividend        4    4[COMMON] unsigned long 
  1128 ;; Auto vars:     Size  Location     Type
  1129 ;;  quotient        4    9[COMMON] unsigned long 
  1130 ;;  counter         1   13[COMMON] unsigned char 
  1131 ;; Return value:  Size  Location     Type
  1132 ;;                  4    0[COMMON] unsigned long 
  1133 ;; Registers used:
  1134 ;;		wreg, status,2, status,0
  1135 ;; Tracked objects:
  1136 ;;		On entry : 0/0
  1137 ;;		On exit  : 0/0
  1138 ;;		Unchanged: 0/0
  1139 ;; Data sizes:     COMMON   BANK0   BANK1   BANK2   BANK3   BANK4
  1140 ;;      Params:         8       0       0       0       0       0
  1141 ;;      Locals:         5       0       0       0       0       0
  1142 ;;      Temps:          1       0       0       0       0       0
  1143 ;;      Totals:        14       0       0       0       0       0
  1144 ;;Total ram usage:       14 bytes
  1145 ;; Hardware stack levels used:    1
  1146 ;; This function calls:
  1147 ;;		Nothing
  1148 ;; This function is called by:
  1149 ;;		_isr
  1150 ;; This function uses a non-reentrant model
  1151 ;;
  1152                           
  1153                           
  1154                           ;psect for function ___lldiv
  1155  01BE                     ___lldiv:	
  1156                           
  1157                           ;incstack = 0
  1158                           ; Regs used in ___lldiv: [wreg+status,2+status,0]
  1159  01BE  3000               	movlw	0
  1160  01BF  00FC               	movwf	___lldiv@quotient+3
  1161  01C0  3000               	movlw	0
  1162  01C1  00FB               	movwf	___lldiv@quotient+2
  1163  01C2  3000               	movlw	0
  1164  01C3  00FA               	movwf	___lldiv@quotient+1
  1165  01C4  3000               	movlw	0
  1166  01C5  00F9               	movwf	___lldiv@quotient
  1167  01C6  0873               	movf	___lldiv@divisor+3,w
  1168  01C7  0472               	iorwf	___lldiv@divisor+2,w
  1169  01C8  0471               	iorwf	___lldiv@divisor+1,w
  1170  01C9  0470               	iorwf	___lldiv@divisor,w
  1171  01CA  1903               	skipnz
  1172  01CB  2A07               	goto	i1l772
  1173  01CC  01FD               	clrf	___lldiv@counter
  1174  01CD  0AFD               	incf	___lldiv@counter,f
  1175  01CE                     i1l758:	
  1176  01CE  1BF3               	btfsc	___lldiv@divisor+3,7
  1177  01CF  29DC               	goto	i1l760
  1178  01D0  3001               	movlw	1
  1179  01D1                     u36_25:	
  1180  01D1  35F0               	lslf	___lldiv@divisor,f
  1181  01D2  0DF1               	rlf	___lldiv@divisor+1,f
  1182  01D3  0DF2               	rlf	___lldiv@divisor+2,f
  1183  01D4  0DF3               	rlf	___lldiv@divisor+3,f
  1184  01D5  0B89               	decfsz	9,f
  1185  01D6  29D1               	goto	u36_25
  1186  01D7  3001               	movlw	1
  1187  01D8  00F8               	movwf	??___lldiv
  1188  01D9  0878               	movf	??___lldiv,w
  1189  01DA  07FD               	addwf	___lldiv@counter,f
  1190  01DB  29CE               	goto	i1l758
  1191  01DC                     i1l760:	
  1192  01DC  3001               	movlw	1
  1193  01DD                     u38_25:	
  1194  01DD  35F9               	lslf	___lldiv@quotient,f
  1195  01DE  0DFA               	rlf	___lldiv@quotient+1,f
  1196  01DF  0DFB               	rlf	___lldiv@quotient+2,f
  1197  01E0  0DFC               	rlf	___lldiv@quotient+3,f
  1198  01E1  0B89               	decfsz	9,f
  1199  01E2  29DD               	goto	u38_25
  1200  01E3  0873               	movf	___lldiv@divisor+3,w
  1201  01E4  0277               	subwf	___lldiv@dividend+3,w
  1202  01E5  1D03               	skipz
  1203  01E6  29F1               	goto	u39_25
  1204  01E7  0872               	movf	___lldiv@divisor+2,w
  1205  01E8  0276               	subwf	___lldiv@dividend+2,w
  1206  01E9  1D03               	skipz
  1207  01EA  29F1               	goto	u39_25
  1208  01EB  0871               	movf	___lldiv@divisor+1,w
  1209  01EC  0275               	subwf	___lldiv@dividend+1,w
  1210  01ED  1D03               	skipz
  1211  01EE  29F1               	goto	u39_25
  1212  01EF  0870               	movf	___lldiv@divisor,w
  1213  01F0  0274               	subwf	___lldiv@dividend,w
  1214  01F1                     u39_25:	
  1215  01F1  1C03               	skipc
  1216  01F2  29FC               	goto	i1l768
  1217  01F3  0870               	movf	___lldiv@divisor,w
  1218  01F4  02F4               	subwf	___lldiv@dividend,f
  1219  01F5  0871               	movf	___lldiv@divisor+1,w
  1220  01F6  3BF5               	subwfb	___lldiv@dividend+1,f
  1221  01F7  0872               	movf	___lldiv@divisor+2,w
  1222  01F8  3BF6               	subwfb	___lldiv@dividend+2,f
  1223  01F9  0873               	movf	___lldiv@divisor+3,w
  1224  01FA  3BF7               	subwfb	___lldiv@dividend+3,f
  1225  01FB  1479               	bsf	___lldiv@quotient,0
  1226  01FC                     i1l768:	
  1227  01FC  3001               	movlw	1
  1228  01FD                     u40_25:	
  1229  01FD  36F3               	lsrf	___lldiv@divisor+3,f
  1230  01FE  0CF2               	rrf	___lldiv@divisor+2,f
  1231  01FF  0CF1               	rrf	___lldiv@divisor+1,f
  1232  0200  0CF0               	rrf	___lldiv@divisor,f
  1233  0201  0B89               	decfsz	9,f
  1234  0202  29FD               	goto	u40_25
  1235  0203  3001               	movlw	1
  1236  0204  02FD               	subwf	___lldiv@counter,f
  1237  0205  1D03               	btfss	3,2
  1238  0206  29DC               	goto	i1l760
  1239  0207                     i1l772:	
  1240  0207  087C               	movf	___lldiv@quotient+3,w
  1241  0208  00F3               	movwf	?___lldiv+3
  1242  0209  087B               	movf	___lldiv@quotient+2,w
  1243  020A  00F2               	movwf	?___lldiv+2
  1244  020B  087A               	movf	___lldiv@quotient+1,w
  1245  020C  00F1               	movwf	?___lldiv+1
  1246  020D  0879               	movf	___lldiv@quotient,w
  1247  020E  00F0               	movwf	?___lldiv
  1248  020F  0008               	return
  1249  0210                     __end_of___lldiv:	
  1250  007E                     btemp	set	126	;btemp
  1251  007E                     pic14e$flags	set	126
  1252  007E                     wtemp	set	126
  1253  007E                     wtemp0	set	126
  1254  0080                     wtemp1	set	128
  1255  0082                     wtemp2	set	130
  1256  0084                     wtemp3	set	132
  1257  0086                     wtemp4	set	134
  1258  0088                     wtemp5	set	136
  1259  007F                     wtemp6	set	127
  1260  007E                     ttemp	set	126
  1261  007E                     ttemp0	set	126
  1262  0081                     ttemp1	set	129
  1263  0084                     ttemp2	set	132
  1264  0087                     ttemp3	set	135
  1265  007F                     ttemp4	set	127
  1266  007E                     ltemp	set	126
  1267  007E                     ltemp0	set	126
  1268  0082                     ltemp1	set	130
  1269  0086                     ltemp2	set	134
  1270  0080                     ltemp3	set	128


Data Sizes:
    Strings     0
    Constant    0
    Data        0
    BSS         58
    Persistent  2
    Stack       0

Auto Spaces:
    Space          Size  Autos    Used
    COMMON           14     14      14
    BANK0            80     13      73
    BANK1            80      0       0
    BANK2            80      0       0
    BANK3            80      0       0
    BANK4            48      0       0

Pointer List with Targets:

    None.

Critical Paths under _main in COMMON

    None.

Critical Paths under _isr in COMMON

    _isr->___lldiv

Critical Paths under _main in BANK0

    _main->_adc

Critical Paths under _isr in BANK0

    None.

Critical Paths under _main in BANK1

    None.

Critical Paths under _isr in BANK1

    None.

Critical Paths under _main in BANK2

    None.

Critical Paths under _isr in BANK2

    None.

Critical Paths under _main in BANK3

    None.

Critical Paths under _isr in BANK3

    None.

Critical Paths under _main in BANK4

    None.

Critical Paths under _isr in BANK4

    None.

Call Graph Tables:

 ---------------------------------------------------------------------------------
 (Depth) Function   	        Calls       Base Space   Used Autos Params    Refs
 ---------------------------------------------------------------------------------
 (0) _main                                                 6     6      0      22
                                              7 BANK0      6     6      0
                                _adc
 ---------------------------------------------------------------------------------
 (1) _adc                                                  4     2      2      22
                                              3 BANK0      4     2      2
 ---------------------------------------------------------------------------------
 Estimated maximum stack depth 1
 ---------------------------------------------------------------------------------
 (Depth) Function   	        Calls       Base Space   Used Autos Params    Refs
 ---------------------------------------------------------------------------------
 (2) _isr                                                  3     3      0     290
                                              0 BANK0      3     3      0
                            ___lldiv
 ---------------------------------------------------------------------------------
 (3) ___lldiv                                             14     6      8     290
                                              0 COMMON    14     6      8
 ---------------------------------------------------------------------------------
 Estimated maximum stack depth 3
 ---------------------------------------------------------------------------------

 Call Graph Graphs:

 _main (ROOT)
   _adc

 _isr (ROOT)
   ___lldiv

 Address spaces:
Name               Size   Autos  Total    Cost      Usage
BIGRAM             170      0       0       0        0.0%
EEDATA             100      0       0       0        0.0%
NULL                 0      0       0       0        0.0%
CODE                 0      0       0       0        0.0%
BITCOMMON            E      0       0       1        0.0%
BITSFR0              0      0       0       1        0.0%
SFR0                 0      0       0       1        0.0%
COMMON               E      E       E       2      100.0%
BITSFR1              0      0       0       2        0.0%
SFR1                 0      0       0       2        0.0%
BITSFR2              0      0       0       3        0.0%
SFR2                 0      0       0       3        0.0%
STACK                0      0       0       3        0.0%
BITSFR3              0      0       0       4        0.0%
SFR3                 0      0       0       4        0.0%
ABS                  0      0      57       4        0.0%
BITBANK0            50      0       0       5        0.0%
BITSFR4              0      0       0       5        0.0%
SFR4                 0      0       0       5        0.0%
BANK0               50      D      49       6       91.3%
BITSFR5              0      0       0       6        0.0%
SFR5                 0      0       0       6        0.0%
BITBANK1            50      0       0       7        0.0%
BITSFR6              0      0       0       7        0.0%
SFR6                 0      0       0       7        0.0%
BANK1               50      0       0       8        0.0%
BITSFR7              0      0       0       8        0.0%
SFR7                 0      0       0       8        0.0%
BITBANK2            50      0       0       9        0.0%
BITSFR8              0      0       0       9        0.0%
SFR8                 0      0       0       9        0.0%
BANK2               50      0       0      10        0.0%
BITSFR9              0      0       0      10        0.0%
SFR9                 0      0       0      10        0.0%
BITBANK3            50      0       0      11        0.0%
BITSFR10             0      0       0      11        0.0%
SFR10                0      0       0      11        0.0%
BANK3               50      0       0      12        0.0%
BITSFR11             0      0       0      12        0.0%
SFR11                0      0       0      12        0.0%
BITBANK4            30      0       0      13        0.0%
BITSFR12             0      0       0      13        0.0%
SFR12                0      0       0      13        0.0%
BANK4               30      0       0      14        0.0%
BITSFR13             0      0       0      14        0.0%
SFR13                0      0       0      14        0.0%
BITSFR14             0      0       0      15        0.0%
SFR14                0      0       0      15        0.0%
DATA                 0      0      57      15        0.0%
BITSFR15             0      0       0      16        0.0%
SFR15                0      0       0      16        0.0%
BITSFR16             0      0       0      17        0.0%
SFR16                0      0       0      17        0.0%
BITSFR17             0      0       0      18        0.0%
SFR17                0      0       0      18        0.0%
BITSFR18             0      0       0      19        0.0%
SFR18                0      0       0      19        0.0%
BITSFR19             0      0       0      20        0.0%
SFR19                0      0       0      20        0.0%
BITSFR20             0      0       0      21        0.0%
SFR20                0      0       0      21        0.0%
BITSFR21             0      0       0      22        0.0%
SFR21                0      0       0      22        0.0%
BITSFR22             0      0       0      23        0.0%
SFR22                0      0       0      23        0.0%
BITSFR23             0      0       0      24        0.0%
SFR23                0      0       0      24        0.0%
BITSFR24             0      0       0      25        0.0%
SFR24                0      0       0      25        0.0%
BITSFR25             0      0       0      26        0.0%
SFR25                0      0       0      26        0.0%
BITSFR26             0      0       0      27        0.0%
SFR26                0      0       0      27        0.0%
BITSFR27             0      0       0      28        0.0%
SFR27                0      0       0      28        0.0%
BITSFR28             0      0       0      29        0.0%
SFR28                0      0       0      29        0.0%
BITSFR29             0      0       0      30        0.0%
SFR29                0      0       0      30        0.0%
BITSFR30             0      0       0      31        0.0%
SFR30                0      0       0      31        0.0%
BITSFR31             0      0       0      32        0.0%
SFR31                0      0       0      32        0.0%


Microchip Technology PIC Macro Assembler V1.33 build 59893 
Symbol Table                                                                                   Wed Dec 03 14:10:26 2014

                      _d 004C                        _i 0067                        _j 0056  
                      _k 0058                        _v 0030              __CFG_CP$OFF 0000  
                     l65 0228                       l90 0150                       l93 018A  
                     l96 019A                       l88 0148                       l89 014C  
                     l98 019D                       l99 01A0                      l100 01A3  
                    l840 00CC                      l916 01AB                      l852 0135  
                    l844 00DA                      l870 017E                      l866 0154  
                    l876 01A6                      l878 01B9             __CFG_CPD$OFF 0000  
                    u525 00D8                      u535 00E9                      u545 00FC  
                    u635 0157                      u555 010D                      u645 0175  
                    u565 0116                      u575 0133                      u585 0141  
                    u677 0224                      _adc 0210                      _cnt 0050  
                    _cut 0040                      _isr 0004             __CFG_BORV$LO 0000  
                    wreg 0009             __CFG_LVP$OFF 0000                     ?_adc 005D  
                   ?_isr 0070                     i1l80 009A                     i1l77 0056  
           __CFG_WRT$OFF 0000                     _cnt0 0052                     _cnt1 0054  
                   _main 00AC                     _cutf 0048                     _temp 0020  
                   fsr0h 0005                     fsr1h 0007                     fsr0l 0004  
                   indf0 0000                     indf1 0001                     fsr1l 0006  
                   btemp 007E                     ltemp 007E                     start 009F  
                   ttemp 007E                     wtemp 007E            __CFG_IESO$OFF 0000  
                  ??_adc 005F                    ??_isr 005A            __CFG_PLLEN$ON 0000  
                  ?_main 0070                    _ADRES 009B            __CFG_WDTE$OFF 0000  
        __end_of___lldiv 0210                    _T1CON 0018                    i1l806 0063  
                  i1l760 01DC                    i1l772 0207                    i1l758 01CE  
                  i1l790 0029                    i1l768 01FC                    i1l794 003B  
                  i1l798 004A                    u40_25 01FD                    _TMR1H 0017  
                  _TMR1L 0016                    u50_25 006F                    _PORTB 000D  
                  u51_25 0098                    u36_25 01D1                    u44_25 0018  
                  u45_25 0027                    u38_25 01DD                    u39_25 01F1  
                  u47_25 0048                    _TRISA 008C                    _TRISB 008D  
                  u49_25 0061           __CFG_FCMEN$OFF 0000                    adc@ch 0060  
         __CFG_BOREN$OFF 0000                    ltemp0 007E                    ltemp1 0082  
                  ltemp2 0086                    ltemp3 0080                    ttemp0 007E  
                  ttemp1 0081                    ttemp2 0084                    ttemp3 0087  
                  ttemp4 007F                    status 0003                    wtemp0 007E  
                  wtemp1 0080                    wtemp2 0082                    wtemp3 0084  
                  wtemp4 0086                    wtemp5 0088                    wtemp6 007F  
         __CFG_MCLRE$OFF 0000          __initialization 00A1             __end_of_main 01BE  
                 ??_main 0061                   _ADCON1 009E                   _ANSELA 018C  
                 _ANSELB 018D                   _FVRCON 0117                   _OSCCON 0099  
         __CFG_PWRTE$OFF 0000                ??___lldiv 0078  __end_of__initialization 00A8  
         __pcstackCOMMON 0070               __pbssBANK0 0020               __pmaintext 00AC  
             __pintentry 0004                  ___lldiv 01BE          __CFG_STVREN$OFF 0000  
                __ptext1 0210                  __ptext3 01BE             __size_of_adc 0024  
           __size_of_isr 009B                  clrloop0 0235     end_of_initialization 00A8  
        ___lldiv@divisor 0070          ___lldiv@counter 007D                _PORTAbits 000C  
              _PORTBbits 000D         __CFG_FOSC$INTOSC 0000      start_initialization 00A1  
            __end_of_adc 0234              __end_of_isr 009F                ___latbits 0001  
          __pcstackBANK0 005A                __pnvBANK0 0067                 ?___lldiv 0070  
              clear_ram0 0234                 _PIE1bits 0091                 _PIR1bits 0011  
             _ADCON0bits 009D         __size_of___lldiv 0052            __size_of_main 0112  
             _INTCONbits 000B              pic14e$flags 007E                 intlevel1 0000  
       ___lldiv@dividend 0074        __CFG_CLKOUTEN$OFF 0000               _OPTION_REG 0095  
       ___lldiv@quotient 0079  
