

Microchip Technology PIC LITE Macro Assembler V1.35 build -356382666 
                                                                                               Mon Nov 16 18:45:48 2015

Microchip Technology Omniscient Code Generator v1.35 (Free mode) build 201507080246
     1                           	processor	16F1827
     2                           	opt	pw 120
     3                           	opt	lm
     4                           	psect	nvBANK0,global,class=BANK0,space=1,delta=1
     5                           	psect	cinit,global,class=CODE,merge=1,delta=2
     6                           	psect	bssBANK0,global,class=BANK0,space=1,delta=1
     7                           	psect	clrtext,global,class=CODE,delta=2
     8                           	psect	cstackCOMMON,global,class=COMMON,space=1,delta=1
     9                           	psect	cstackBANK0,global,class=BANK0,space=1,delta=1
    10                           	psect	maintext,global,class=CODE,merge=1,split=1,delta=2
    11                           	psect	text1,local,class=CODE,merge=1,delta=2
    12                           	psect	intentry,global,class=CODE,delta=2
    13                           	psect	text3,local,class=CODE,merge=1,delta=2
    14                           	dabs	1,0x7E,2
    15  0000                     	;# 
    16  0001                     	;# 
    17  0002                     	;# 
    18  0003                     	;# 
    19  0004                     	;# 
    20  0005                     	;# 
    21  0006                     	;# 
    22  0007                     	;# 
    23  0008                     	;# 
    24  0009                     	;# 
    25  000A                     	;# 
    26  000B                     	;# 
    27  000C                     	;# 
    28  000D                     	;# 
    29  0011                     	;# 
    30  0012                     	;# 
    31  0013                     	;# 
    32  0014                     	;# 
    33  0015                     	;# 
    34  0016                     	;# 
    35  0016                     	;# 
    36  0017                     	;# 
    37  0018                     	;# 
    38  0019                     	;# 
    39  001A                     	;# 
    40  001B                     	;# 
    41  001C                     	;# 
    42  001E                     	;# 
    43  001F                     	;# 
    44  008C                     	;# 
    45  008D                     	;# 
    46  0091                     	;# 
    47  0092                     	;# 
    48  0093                     	;# 
    49  0094                     	;# 
    50  0095                     	;# 
    51  0096                     	;# 
    52  0097                     	;# 
    53  0098                     	;# 
    54  0099                     	;# 
    55  009A                     	;# 
    56  009B                     	;# 
    57  009B                     	;# 
    58  009C                     	;# 
    59  009D                     	;# 
    60  009E                     	;# 
    61  010C                     	;# 
    62  010D                     	;# 
    63  0111                     	;# 
    64  0112                     	;# 
    65  0113                     	;# 
    66  0114                     	;# 
    67  0115                     	;# 
    68  0116                     	;# 
    69  0117                     	;# 
    70  0118                     	;# 
    71  0119                     	;# 
    72  011A                     	;# 
    73  011B                     	;# 
    74  011D                     	;# 
    75  011E                     	;# 
    76  018C                     	;# 
    77  018D                     	;# 
    78  0191                     	;# 
    79  0191                     	;# 
    80  0192                     	;# 
    81  0193                     	;# 
    82  0193                     	;# 
    83  0193                     	;# 
    84  0194                     	;# 
    85  0195                     	;# 
    86  0196                     	;# 
    87  0199                     	;# 
    88  019A                     	;# 
    89  019B                     	;# 
    90  019B                     	;# 
    91  019B                     	;# 
    92  019B                     	;# 
    93  019C                     	;# 
    94  019C                     	;# 
    95  019D                     	;# 
    96  019E                     	;# 
    97  019F                     	;# 
    98  020C                     	;# 
    99  020D                     	;# 
   100  0211                     	;# 
   101  0211                     	;# 
   102  0212                     	;# 
   103  0212                     	;# 
   104  0213                     	;# 
   105  0213                     	;# 
   106  0214                     	;# 
   107  0214                     	;# 
   108  0215                     	;# 
   109  0215                     	;# 
   110  0215                     	;# 
   111  0216                     	;# 
   112  0216                     	;# 
   113  0217                     	;# 
   114  0217                     	;# 
   115  0219                     	;# 
   116  021A                     	;# 
   117  021B                     	;# 
   118  021C                     	;# 
   119  021D                     	;# 
   120  021E                     	;# 
   121  021F                     	;# 
   122  0291                     	;# 
   123  0291                     	;# 
   124  0292                     	;# 
   125  0293                     	;# 
   126  0294                     	;# 
   127  0295                     	;# 
   128  0295                     	;# 
   129  0296                     	;# 
   130  0298                     	;# 
   131  0298                     	;# 
   132  0299                     	;# 
   133  029A                     	;# 
   134  029B                     	;# 
   135  029C                     	;# 
   136  029C                     	;# 
   137  029D                     	;# 
   138  029E                     	;# 
   139  029E                     	;# 
   140  0311                     	;# 
   141  0311                     	;# 
   142  0312                     	;# 
   143  0313                     	;# 
   144  0318                     	;# 
   145  0318                     	;# 
   146  0319                     	;# 
   147  031A                     	;# 
   148  0394                     	;# 
   149  0395                     	;# 
   150  0396                     	;# 
   151  039A                     	;# 
   152  039C                     	;# 
   153  039D                     	;# 
   154  039E                     	;# 
   155  039F                     	;# 
   156  0415                     	;# 
   157  0416                     	;# 
   158  0417                     	;# 
   159  041C                     	;# 
   160  041D                     	;# 
   161  041E                     	;# 
   162  0FE4                     	;# 
   163  0FE5                     	;# 
   164  0FE6                     	;# 
   165  0FE7                     	;# 
   166  0FE8                     	;# 
   167  0FE9                     	;# 
   168  0FEA                     	;# 
   169  0FEB                     	;# 
   170  0FED                     	;# 
   171  0FEE                     	;# 
   172  0FEF                     	;# 
   173                           
   174                           	psect	nvBANK0
   175  0067                     __pnvBANK0:	
   176  0067                     _i:	
   177  0067                     	ds	2
   178  000B                     _INTCONbits	set	11
   179  0011                     _PIR1bits	set	17
   180  000C                     _PORTAbits	set	12
   181  000D                     _PORTB	set	13
   182  000D                     _PORTBbits	set	13
   183  0018                     _T1CON	set	24
   184  0017                     _TMR1H	set	23
   185  0016                     _TMR1L	set	22
   186  009B                     _ADRES	set	155
   187  009D                     _ADCON0bits	set	157
   188  009E                     _ADCON1	set	158
   189  0095                     _OPTION_REG	set	149
   190  0099                     _OSCCON	set	153
   191  0091                     _PIE1bits	set	145
   192  008C                     _TRISA	set	140
   193  008D                     _TRISB	set	141
   194  0117                     _FVRCON	set	279
   195  018C                     _ANSELA	set	396
   196  018D                     _ANSELB	set	397
   197                           
   198                           ; #config settings
   199  0000                     
   200                           	psect	cinit
   201  009F                     start_initialization:	
   202  009F                     __initialization:	
   203                           
   204                           ; Clear objects allocated to BANK0
   205  009F  3020               	movlw	low __pbssBANK0
   206  00A0  0084               	movwf	4
   207  00A1  3000               	movlw	high __pbssBANK0
   208  00A2  0085               	movwf	5
   209  00A3  303A               	movlw	58
   210  00A4  3182  2227         	fcall	clear_ram0
   211  00A6                     end_of_initialization:	
   212                           ;End of C runtime variable initialization code
   213                           
   214  00A6                     __end_of__initialization:	
   215  00A6  107E               	bcf	int$flags,0	;clear compiler interrupt flag (level 1)
   216  00A7  0020               	movlb	0
   217  00A8  3180  28AA         	ljmp	_main	;jump to C main() function
   218                           
   219                           	psect	bssBANK0
   220  0020                     __pbssBANK0:	
   221  0020                     _temp:	
   222  0020                     	ds	16
   223  0030                     _v:	
   224  0030                     	ds	16
   225  0040                     _cut:	
   226  0040                     	ds	8
   227  0048                     _cutf:	
   228  0048                     	ds	4
   229  004C                     _d:	
   230  004C                     	ds	4
   231  0050                     _cnt:	
   232  0050                     	ds	2
   233  0052                     _cnt0:	
   234  0052                     	ds	2
   235  0054                     _cnt1:	
   236  0054                     	ds	2
   237  0056                     _j:	
   238  0056                     	ds	2
   239  0058                     _k:	
   240  0058                     	ds	2
   241                           
   242                           	psect	clrtext
   243  0227                     clear_ram0:	
   244                           ;	Called with FSR0 containing the base address, and
   245                           ;	WREG with the size to clear
   246                           
   247  0227  0064               	clrwdt	;clear the watchdog before getting into this loop
   248  0228                     clrloop0:	
   249  0228  0180               	clrf	0	;clear RAM location pointed to by FSR
   250  0229  3101               	addfsr 0,1
   251  022A  0B89               	decfsz	9,f	;Have we reached the end of clearing yet?
   252  022B  2A28               	goto	clrloop0	;have we reached the end yet?
   253  022C  3400               	retlw	0	;all done for this memory range, return
   254                           
   255                           	psect	cstackCOMMON
   256  0070                     __pcstackCOMMON:	
   257  0070                     ?_isr:	
   258  0070                     ?_main:	
   259                           ; 0 bytes @ 0x0
   260                           
   261  0070                     ?___lldiv:	
   262                           ; 2 bytes @ 0x0
   263                           
   264  0070                     ___lldiv@divisor:	
   265                           ; 4 bytes @ 0x0
   266                           
   267                           
   268                           ; 4 bytes @ 0x0
   269  0070                     	ds	4
   270  0074                     ___lldiv@dividend:	
   271                           
   272                           ; 4 bytes @ 0x4
   273  0074                     	ds	4
   274  0078                     ??___lldiv:	
   275                           
   276                           ; 0 bytes @ 0x8
   277  0078                     	ds	1
   278  0079                     ___lldiv@quotient:	
   279                           
   280                           ; 4 bytes @ 0x9
   281  0079                     	ds	4
   282  007D                     ___lldiv@counter:	
   283                           
   284                           ; 1 bytes @ 0xD
   285  007D                     	ds	1
   286                           
   287                           	psect	cstackBANK0
   288  005A                     __pcstackBANK0:	
   289  005A                     ??_isr:	
   290                           
   291                           ; 0 bytes @ 0x0
   292  005A                     	ds	3
   293  005D                     ?_adc:	
   294                           
   295                           ; 2 bytes @ 0x3
   296  005D                     	ds	2
   297  005F                     ??_adc:	
   298                           
   299                           ; 0 bytes @ 0x5
   300  005F                     	ds	1
   301  0060                     adc@ch:	
   302                           
   303                           ; 1 bytes @ 0x6
   304  0060                     	ds	1
   305  0061                     ??_main:	
   306                           
   307                           ; 0 bytes @ 0x7
   308  0061                     	ds	6
   309                           
   310                           	psect	maintext
   311  00AA                     __pmaintext:	
   312 ;;
   313 ;;Main: autosize = 0, tempsize = 6, incstack = 0, save=0
   314 ;;
   315 ;; *************** function _main *****************
   316 ;; Defined at:
   317 ;;		line 75 in file "PIC16F1827-ChargeStation04.c"
   318 ;; Parameters:    Size  Location     Type
   319 ;;		None
   320 ;; Auto vars:     Size  Location     Type
   321 ;;		None
   322 ;; Return value:  Size  Location     Type
   323 ;;                  2   82[None  ] int 
   324 ;; Registers used:
   325 ;;		wreg, fsr0l, fsr0h, fsr1l, fsr1h, status,2, status,0, pclath, cstack
   326 ;; Tracked objects:
   327 ;;		On entry : B1F/0
   328 ;;		On exit  : 0/0
   329 ;;		Unchanged: 0/0
   330 ;; Data sizes:     COMMON   BANK0   BANK1   BANK2   BANK3   BANK4
   331 ;;      Params:         0       0       0       0       0       0
   332 ;;      Locals:         0       0       0       0       0       0
   333 ;;      Temps:          0       6       0       0       0       0
   334 ;;      Totals:         0       6       0       0       0       0
   335 ;;Total ram usage:        6 bytes
   336 ;; Hardware stack levels required when called:    3
   337 ;; This function calls:
   338 ;;		_adc
   339 ;; This function is called by:
   340 ;;		Startup code after reset
   341 ;; This function uses a non-reentrant model
   342 ;;
   343                           
   344                           
   345                           ;psect for function _main
   346  00AA                     _main:	
   347                           
   348                           ;PIC16F1827-ChargeStation04.c: 76: OSCCON = 0x70;
   349                           
   350                           ;incstack = 0
   351                           ; Regs used in _main: [wreg-fsr1h+status,2+status,0+pclath+cstack]
   352  00AA  3070               	movlw	112
   353  00AB  0021               	movlb	1	; select bank1
   354  00AC  0099               	movwf	25	;volatile
   355                           
   356                           ;PIC16F1827-ChargeStation04.c: 77: TRISA = 0xFF;
   357  00AD  30FF               	movlw	255
   358  00AE  008C               	movwf	12	;volatile
   359                           
   360                           ;PIC16F1827-ChargeStation04.c: 78: TRISB = 0x00;
   361  00AF  018D               	clrf	13	;volatile
   362                           
   363                           ;PIC16F1827-ChargeStation04.c: 79: ANSELA = 0x0F;
   364  00B0  300F               	movlw	15
   365  00B1  0023               	movlb	3	; select bank3
   366  00B2  008C               	movwf	12	;volatile
   367                           
   368                           ;PIC16F1827-ChargeStation04.c: 80: ANSELB = 0x00;
   369  00B3  018D               	clrf	13	;volatile
   370                           
   371                           ;PIC16F1827-ChargeStation04.c: 81: ADCON1 = 0x93;
   372  00B4  3093               	movlw	147
   373  00B5  0021               	movlb	1	; select bank1
   374  00B6  009E               	movwf	30	;volatile
   375                           
   376                           ;PIC16F1827-ChargeStation04.c: 82: FVRCON = 0x83;
   377  00B7  3083               	movlw	131
   378  00B8  0022               	movlb	2	; select bank2
   379  00B9  0097               	movwf	23	;volatile
   380                           
   381                           ;PIC16F1827-ChargeStation04.c: 84: PORTB = 0xF0;
   382  00BA  30F0               	movlw	240
   383  00BB  0020               	movlb	0	; select bank0
   384  00BC  008D               	movwf	13	;volatile
   385                           
   386                           ;PIC16F1827-ChargeStation04.c: 86: OPTION_REG = 0b10010011;
   387  00BD  3093               	movlw	147
   388  00BE  0021               	movlb	1	; select bank1
   389  00BF  0095               	movwf	21	;volatile
   390                           
   391                           ;PIC16F1827-ChargeStation04.c: 87: INTCONbits.TMR0IE = 1;
   392  00C0  168B               	bsf	11,5	;volatile
   393                           
   394                           ;PIC16F1827-ChargeStation04.c: 89: T1CON = 0x21;
   395  00C1  3021               	movlw	33
   396  00C2  0020               	movlb	0	; select bank0
   397  00C3  0098               	movwf	24	;volatile
   398                           
   399                           ;PIC16F1827-ChargeStation04.c: 90: TMR1H = 0x00;
   400  00C4  0197               	clrf	23	;volatile
   401                           
   402                           ;PIC16F1827-ChargeStation04.c: 91: TMR1L = 0x00;
   403  00C5  0196               	clrf	22	;volatile
   404                           
   405                           ;PIC16F1827-ChargeStation04.c: 92: PIE1bits.TMR1IE = 1;
   406  00C6  0021               	movlb	1	; select bank1
   407  00C7  1411               	bsf	17,0	;volatile
   408                           
   409                           ;PIC16F1827-ChargeStation04.c: 93: INTCONbits.PEIE = 1;
   410  00C8  170B               	bsf	11,6	;volatile
   411                           
   412                           ;PIC16F1827-ChargeStation04.c: 94: INTCONbits.GIE = 1;
   413  00C9  178B               	bsf	11,7	;volatile
   414  00CA                     l851:	
   415                           ;PIC16F1827-ChargeStation04.c: 96: while (1) {
   416                           
   417                           
   418                           ;PIC16F1827-ChargeStation04.c: 97: for (i = 0; i < 4; i++) {
   419  00CA  0020               	movlb	0	; select bank0
   420  00CB  01E7               	clrf	_i
   421  00CC  01E8               	clrf	_i+1
   422  00CD  0868               	movf	_i+1,w
   423  00CE  3A80               	xorlw	128
   424  00CF  00E1               	movwf	??_main
   425  00D0  3080               	movlw	128
   426  00D1  0261               	subwf	??_main,w
   427  00D2  1D03               	skipz
   428  00D3  28D6               	goto	u525
   429  00D4  3004               	movlw	4
   430  00D5  0267               	subwf	_i,w
   431  00D6                     u525:	
   432  00D6  1803               	btfsc	3,0
   433  00D7  2933               	goto	l863
   434  00D8                     l855:	
   435                           
   436                           ;PIC16F1827-ChargeStation04.c: 98: temp[i] = adc(i);
   437  00D8  0020               	movlb	0	; select bank0
   438  00D9  0867               	movf	_i,w
   439  00DA  3182  2205  3180   	fcall	_adc
   440  00DD  0020               	movlb	0	; select bank0
   441  00DE  085D               	movf	?_adc,w
   442  00DF  00E1               	movwf	??_main
   443  00E0  085E               	movf	?_adc+1,w
   444  00E1  00E2               	movwf	??_main+1
   445  00E2  01E3               	clrf	??_main+2
   446  00E3  01E4               	clrf	??_main+3
   447  00E4  0867               	movf	_i,w
   448  00E5  00E5               	movwf	??_main+4
   449  00E6  3001               	movlw	1
   450  00E7                     u535:	
   451  00E7  35E5               	lslf	??_main+4,f
   452  00E8  3EFF               	addlw	-1
   453  00E9  1D03               	skipz
   454  00EA  28E7               	goto	u535
   455  00EB  3565               	lslf	??_main+4,w
   456  00EC  3E20               	addlw	(low (_temp| 0))& (0+255)
   457  00ED  0086               	movwf	6
   458  00EE  0187               	clrf	7
   459  00EF  0861               	movf	??_main,w
   460  00F0  3FC0               	movwi [0]fsr1
   461  00F1  0862               	movf	??_main+1,w
   462  00F2  3FC1               	movwi [1]fsr1
   463  00F3  0863               	movf	??_main+2,w
   464  00F4  3FC2               	movwi [2]fsr1
   465  00F5  0864               	movf	??_main+3,w
   466  00F6  3FC3               	movwi [3]fsr1
   467                           
   468                           ;PIC16F1827-ChargeStation04.c: 99: v[i] = temp[i] * 2;
   469  00F7  0867               	movf	_i,w
   470  00F8  00E1               	movwf	??_main
   471  00F9  3001               	movlw	1
   472  00FA                     u545:	
   473  00FA  35E1               	lslf	??_main,f
   474  00FB  3EFF               	addlw	-1
   475  00FC  1D03               	skipz
   476  00FD  28FA               	goto	u545
   477  00FE  3561               	lslf	??_main,w
   478  00FF  3E20               	addlw	(low (_temp| 0))& (0+255)
   479  0100  0086               	movwf	6
   480  0101  0187               	clrf	7
   481  0102  3F40               	moviw [0]fsr1
   482  0103  00E2               	movwf	??_main+1
   483  0104  3F41               	moviw [1]fsr1
   484  0105  00E3               	movwf	??_main+2
   485  0106  3F42               	moviw [2]fsr1
   486  0107  00E4               	movwf	??_main+3
   487  0108  3F43               	moviw [3]fsr1
   488  0109  00E5               	movwf	??_main+4
   489  010A  3001               	movlw	1
   490  010B                     u555:	
   491  010B  35E2               	lslf	??_main+1,f
   492  010C  0DE3               	rlf	??_main+2,f
   493  010D  0DE4               	rlf	??_main+3,f
   494  010E  0DE5               	rlf	??_main+4,f
   495  010F  0B89               	decfsz	9,f
   496  0110  290B               	goto	u555
   497  0111  0867               	movf	_i,w
   498  0112  00E6               	movwf	??_main+5
   499  0113  3001               	movlw	1
   500  0114                     u565:	
   501  0114  35E6               	lslf	??_main+5,f
   502  0115  3EFF               	addlw	-1
   503  0116  1D03               	skipz
   504  0117  2914               	goto	u565
   505  0118  3566               	lslf	??_main+5,w
   506  0119  3E30               	addlw	(low (_v| 0))& (0+255)
   507  011A  0086               	movwf	6
   508  011B  0187               	clrf	7
   509  011C  0862               	movf	??_main+1,w
   510  011D  3FC0               	movwi [0]fsr1
   511  011E  0863               	movf	??_main+2,w
   512  011F  3FC1               	movwi [1]fsr1
   513  0120  0864               	movf	??_main+3,w
   514  0121  3FC2               	movwi [2]fsr1
   515  0122  0865               	movf	??_main+4,w
   516  0123  3FC3               	movwi [3]fsr1
   517  0124  3001               	movlw	1
   518  0125  07E7               	addwf	_i,f
   519  0126  3000               	movlw	0
   520  0127  3DE8               	addwfc	_i+1,f
   521  0128  0868               	movf	_i+1,w
   522  0129  3A80               	xorlw	128
   523  012A  00E1               	movwf	??_main
   524  012B  3080               	movlw	128
   525  012C  0261               	subwf	??_main,w
   526  012D  1D03               	skipz
   527  012E  2931               	goto	u575
   528  012F  3004               	movlw	4
   529  0130  0267               	subwf	_i,w
   530  0131                     u575:	
   531  0131  1C03               	skipc
   532  0132  28D8               	goto	l855
   533  0133                     l863:	
   534                           
   535                           ;PIC16F1827-ChargeStation04.c: 100: }
   536                           ;PIC16F1827-ChargeStation04.c: 102: for (i = 0; i < 4; i++) {
   537  0133  0020               	movlb	0	; select bank0
   538  0134  01E7               	clrf	_i
   539  0135  01E8               	clrf	_i+1
   540  0136                     L1:	
   541  0136  0868               	movf	_i+1,w
   542  0137  3A80               	xorlw	128
   543  0138  00E1               	movwf	??_main
   544  0139  3080               	movlw	128
   545  013A  0261               	subwf	??_main,w
   546  013B  1D03               	skipz
   547  013C  293F               	goto	u585
   548  013D  3004               	movlw	4
   549  013E  0267               	subwf	_i,w
   550  013F                     u585:	
   551  013F  1803               	btfsc	3,0
   552  0140  28CA               	goto	l851
   553                           
   554                           ;PIC16F1827-ChargeStation04.c: 103: if (PORTAbits.RA4 == 0) {
   555  0141  0020               	movlb	0	; select bank0
   556  0142  1A0C               	btfsc	12,4	;volatile
   557  0143  2946               	goto	l88
   558                           
   559                           ;PIC16F1827-ChargeStation04.c: 104: PORTBbits.RB0 = 0;
   560  0144  100D               	bcf	13,0	;volatile
   561                           
   562                           ;PIC16F1827-ChargeStation04.c: 105: PORTBbits.RB4 = 1;
   563  0145  160D               	bsf	13,4	;volatile
   564  0146                     l88:	
   565                           
   566                           ;PIC16F1827-ChargeStation04.c: 106: }
   567                           ;PIC16F1827-ChargeStation04.c: 107: if (PORTAbits.RA5 == 0) {
   568  0146  1A8C               	btfsc	12,5	;volatile
   569  0147  294A               	goto	l89
   570                           
   571                           ;PIC16F1827-ChargeStation04.c: 108: PORTBbits.RB1 = 0;
   572  0148  108D               	bcf	13,1	;volatile
   573                           
   574                           ;PIC16F1827-ChargeStation04.c: 109: PORTBbits.RB5 = 1;
   575  0149  168D               	bsf	13,5	;volatile
   576  014A                     l89:	
   577                           
   578                           ;PIC16F1827-ChargeStation04.c: 110: }
   579                           ;PIC16F1827-ChargeStation04.c: 111: if (PORTAbits.RA6 == 0) {
   580  014A  1B0C               	btfsc	12,6	;volatile
   581  014B  294E               	goto	l90
   582                           
   583                           ;PIC16F1827-ChargeStation04.c: 112: PORTBbits.RB2 = 0;
   584  014C  110D               	bcf	13,2	;volatile
   585                           
   586                           ;PIC16F1827-ChargeStation04.c: 113: PORTBbits.RB6 = 1;
   587  014D  170D               	bsf	13,6	;volatile
   588  014E                     l90:	
   589                           
   590                           ;PIC16F1827-ChargeStation04.c: 114: }
   591                           ;PIC16F1827-ChargeStation04.c: 115: if (PORTAbits.RA7 == 0) {
   592  014E  1B8C               	btfsc	12,7	;volatile
   593  014F  2952               	goto	l877
   594                           
   595                           ;PIC16F1827-ChargeStation04.c: 116: PORTBbits.RB3 = 0;
   596  0150  118D               	bcf	13,3	;volatile
   597                           
   598                           ;PIC16F1827-ChargeStation04.c: 117: PORTBbits.RB7 = 1;
   599  0151  178D               	bsf	13,7	;volatile
   600  0152                     l877:	
   601                           
   602                           ;PIC16F1827-ChargeStation04.c: 118: }
   603                           ;PIC16F1827-ChargeStation04.c: 119: if (v[i] < 50) {
   604  0152  0867               	movf	_i,w
   605  0153  00E1               	movwf	??_main
   606  0154  3001               	movlw	1
   607  0155                     u635:	
   608  0155  35E1               	lslf	??_main,f
   609  0156  3EFF               	addlw	-1
   610  0157  1D03               	skipz
   611  0158  2955               	goto	u635
   612  0159  3561               	lslf	??_main,w
   613  015A  3E30               	addlw	(low (_v| 0))& (0+255)
   614  015B  0086               	movwf	6
   615  015C  0187               	clrf	7
   616  015D  3F43               	moviw [3]fsr1
   617  015E  1D03               	btfss	3,2
   618  015F  2973               	goto	l881
   619  0160  3F42               	moviw [2]fsr1
   620  0161  1D03               	btfss	3,2
   621  0162  2973               	goto	l881
   622  0163  3F41               	moviw [1]fsr1
   623  0164  1D03               	btfss	3,2
   624  0165  2973               	goto	l881
   625  0166  3F40               	moviw [0]fsr1
   626  0167  00E2               	movwf	??_main+1
   627  0168  3032               	movlw	50
   628  0169  0262               	subwf	??_main+1,w
   629  016A  1803               	btfsc	3,0
   630  016B  2973               	goto	l881
   631                           
   632                           ;PIC16F1827-ChargeStation04.c: 120: cutf[i] = 1;
   633  016C  0867               	movf	_i,w
   634  016D  3E48               	addlw	(low (_cutf| 0))& (0+255)
   635  016E  0086               	movwf	6
   636  016F  0187               	clrf	7
   637  0170  0181               	clrf	1
   638  0171  0A81               	incf	1,f
   639                           
   640                           ;PIC16F1827-ChargeStation04.c: 121: } else {
   641  0172  297F               	goto	l93
   642  0173                     l881:	
   643                           
   644                           ;PIC16F1827-ChargeStation04.c: 122: cutf[i] = 0;
   645  0173  0867               	movf	_i,w
   646  0174  3E48               	addlw	(low (_cutf| 0))& (0+255)
   647  0175  0086               	movwf	6
   648  0176  0187               	clrf	7
   649  0177  0181               	clrf	1
   650                           
   651                           ;PIC16F1827-ChargeStation04.c: 123: cut[i] = 0;
   652  0178  3567               	lslf	_i,w
   653  0179  3E40               	addlw	(low (_cut| 0))& (0+255)
   654  017A  0086               	movwf	6
   655  017B  0187               	clrf	7
   656  017C  3000               	movlw	0
   657  017D  3FC0               	movwi [0]fsr1
   658  017E  3FC1               	movwi [1]fsr1
   659  017F                     l93:	
   660                           
   661                           ;PIC16F1827-ChargeStation04.c: 124: }
   662                           ;PIC16F1827-ChargeStation04.c: 126: if (cut[i] >= 10) {
   663  017F  3567               	lslf	_i,w
   664  0180  3E40               	addlw	(low (_cut| 0))& (0+255)
   665  0181  0086               	movwf	6
   666  0182  0187               	clrf	7
   667  0183  3F40               	moviw [0]fsr1
   668  0184  00E1               	movwf	??_main
   669  0185  3F41               	moviw [1]fsr1
   670  0186  00E2               	movwf	??_main+1
   671  0187  3000               	movlw	0
   672  0188  0262               	subwf	??_main+1,w
   673  0189  300A               	movlw	10
   674  018A  1903               	skipnz
   675  018B  0261               	subwf	??_main,w
   676  018C  1803               	btfsc	3,0
   677  018D  299B               	goto	l887
   678  018E  29AE               	goto	l889
   679  018F                     l96:	
   680                           ;PIC16F1827-ChargeStation04.c: 128: case 0:
   681                           
   682                           ;PIC16F1827-ChargeStation04.c: 127: switch (i) {
   683                           
   684                           
   685                           ;PIC16F1827-ChargeStation04.c: 129: PORTBbits.RB0 = 1;
   686  018F  140D               	bsf	13,0	;volatile
   687                           
   688                           ;PIC16F1827-ChargeStation04.c: 130: PORTBbits.RB4 = 0;
   689  0190  120D               	bcf	13,4	;volatile
   690                           
   691                           ;PIC16F1827-ChargeStation04.c: 131: break;
   692  0191  29AE               	goto	l889
   693  0192                     l98:	
   694                           ;PIC16F1827-ChargeStation04.c: 132: case 1:
   695                           
   696                           
   697                           ;PIC16F1827-ChargeStation04.c: 133: PORTBbits.RB1 = 1;
   698  0192  148D               	bsf	13,1	;volatile
   699                           
   700                           ;PIC16F1827-ChargeStation04.c: 134: PORTBbits.RB5 = 0;
   701  0193  128D               	bcf	13,5	;volatile
   702                           
   703                           ;PIC16F1827-ChargeStation04.c: 135: break;
   704  0194  29AE               	goto	l889
   705  0195                     l99:	
   706                           ;PIC16F1827-ChargeStation04.c: 136: case 2:
   707                           
   708                           
   709                           ;PIC16F1827-ChargeStation04.c: 137: PORTBbits.RB2 = 1;
   710  0195  150D               	bsf	13,2	;volatile
   711                           
   712                           ;PIC16F1827-ChargeStation04.c: 138: PORTBbits.RB6 = 0;
   713  0196  130D               	bcf	13,6	;volatile
   714                           
   715                           ;PIC16F1827-ChargeStation04.c: 139: break;
   716  0197  29AE               	goto	l889
   717  0198                     l100:	
   718                           ;PIC16F1827-ChargeStation04.c: 140: case 3:
   719                           
   720                           
   721                           ;PIC16F1827-ChargeStation04.c: 141: PORTBbits.RB3 = 1;
   722  0198  158D               	bsf	13,3	;volatile
   723                           
   724                           ;PIC16F1827-ChargeStation04.c: 142: PORTBbits.RB7 = 0;
   725  0199  138D               	bcf	13,7	;volatile
   726                           
   727                           ;PIC16F1827-ChargeStation04.c: 144: }
   728                           
   729                           ;PIC16F1827-ChargeStation04.c: 143: break;
   730  019A  29AE               	goto	l889
   731  019B                     l887:	
   732                           
   733                           ; Switch on 2 bytes has been partitioned into a top level switch of size 1, and 1 sub-sw
      +                          itches
   734                           ; Switch size 1, requested type "space"
   735                           ; Number of cases is 1, Range of values is 0 to 0
   736                           ; switch strategies available:
   737                           ; Name         Instructions Cycles
   738                           ; simple_byte            4     3 (average)
   739                           ; direct_byte            8     6 (fixed)
   740                           ; jumptable            260     6 (fixed)
   741                           ;	Chosen strategy is simple_byte
   742  019B  0868               	movf	_i+1,w
   743  019C  3A00               	xorlw	0	; case 0
   744  019D  1903               	skipnz
   745  019E  29A0               	goto	l927
   746  019F  29AE               	goto	l889
   747  01A0                     l927:	
   748                           
   749                           ; Switch size 1, requested type "space"
   750                           ; Number of cases is 4, Range of values is 0 to 3
   751                           ; switch strategies available:
   752                           ; Name         Instructions Cycles
   753                           ; simple_byte           13     7 (average)
   754                           ; direct_byte           14     6 (fixed)
   755                           ; jumptable            260     6 (fixed)
   756                           ;	Chosen strategy is simple_byte
   757  01A0  0867               	movf	_i,w
   758  01A1  3A00               	xorlw	0	; case 0
   759  01A2  1903               	skipnz
   760  01A3  298F               	goto	l96
   761  01A4  3A01               	xorlw	1	; case 1
   762  01A5  1903               	skipnz
   763  01A6  2992               	goto	l98
   764  01A7  3A03               	xorlw	3	; case 2
   765  01A8  1903               	skipnz
   766  01A9  2995               	goto	l99
   767  01AA  3A01               	xorlw	1	; case 3
   768  01AB  1903               	skipnz
   769  01AC  2998               	goto	l100
   770  01AD  29AE               	goto	l889
   771  01AE                     l889:	
   772  01AE  3001               	movlw	1
   773  01AF  07E7               	addwf	_i,f
   774  01B0  3000               	movlw	0
   775  01B1  3DE8               	addwfc	_i+1,f
   776  01B2  2936               	goto	L1
   777  01B3                     __end_of_main:	
   778                           ;PIC16F1827-ChargeStation04.c: 146: }
   779                           ;PIC16F1827-ChargeStation04.c: 147: }
   780                           ;PIC16F1827-ChargeStation04.c: 148: }
   781                           ;PIC16F1827-ChargeStation04.c: 149: return 0;
   782                           ;	Return value of _main is never used
   783                           
   784                           
   785                           	psect	text1
   786  0205                     __ptext1:	
   787 ;; *************** function _adc *****************
   788 ;; Defined at:
   789 ;;		line 43 in file "PIC16F1827-ChargeStation04.c"
   790 ;; Parameters:    Size  Location     Type
   791 ;;  ch              1    wreg     unsigned char 
   792 ;; Auto vars:     Size  Location     Type
   793 ;;  ch              1    6[BANK0 ] unsigned char 
   794 ;; Return value:  Size  Location     Type
   795 ;;                  2    3[BANK0 ] unsigned int 
   796 ;; Registers used:
   797 ;;		wreg, status,2, status,0
   798 ;; Tracked objects:
   799 ;;		On entry : 0/0
   800 ;;		On exit  : 0/0
   801 ;;		Unchanged: 0/0
   802 ;; Data sizes:     COMMON   BANK0   BANK1   BANK2   BANK3   BANK4
   803 ;;      Params:         0       2       0       0       0       0
   804 ;;      Locals:         0       1       0       0       0       0
   805 ;;      Temps:          0       1       0       0       0       0
   806 ;;      Totals:         0       4       0       0       0       0
   807 ;;Total ram usage:        4 bytes
   808 ;; Hardware stack levels used:    1
   809 ;; Hardware stack levels required when called:    2
   810 ;; This function calls:
   811 ;;		Nothing
   812 ;; This function is called by:
   813 ;;		_main
   814 ;; This function uses a non-reentrant model
   815 ;;
   816                           
   817                           
   818                           ;psect for function _adc
   819  0205                     _adc:	
   820                           
   821                           ;incstack = 0
   822                           ; Regs used in _adc: [wreg+status,2+status,0]
   823                           ;adc@ch stored from wreg
   824  0205  0020               	movlb	0	; select bank0
   825  0206  00E0               	movwf	adc@ch
   826                           
   827                           ;PIC16F1827-ChargeStation04.c: 44: ADCON0bits.ADON = 1;
   828  0207  0021               	movlb	1	; select bank1
   829  0208  141D               	bsf	29,0	;volatile
   830                           
   831                           ;PIC16F1827-ChargeStation04.c: 45: ADCON0bits.CHS = ch;
   832  0209  0020               	movlb	0	; select bank0
   833  020A  0860               	movf	adc@ch,w
   834  020B  00DF               	movwf	??_adc
   835  020C  0DDF               	rlf	??_adc,f
   836  020D  0DDF               	rlf	??_adc,f
   837  020E  0021               	movlb	1	; select bank1
   838  020F  081D               	movf	29,w	;volatile
   839  0210  0020               	movlb	0	; select bank0
   840  0211  065F               	xorwf	??_adc,w
   841  0212  3983               	andlw	-125
   842  0213  065F               	xorwf	??_adc,w
   843  0214  0021               	movlb	1	; select bank1
   844  0215  009D               	movwf	29	;volatile
   845                           
   846                           ;PIC16F1827-ChargeStation04.c: 46: _delay((unsigned long)((20)*(32000000/4000000.0)));
   847  0216  3035               	movlw	53
   848  0217  0020               	movlb	0	; select bank0
   849  0218  00DF               	movwf	??_adc
   850  0219                     u677:	
   851  0219  0BDF               	decfsz	??_adc,f
   852  021A  2A19               	goto	u677
   853                           
   854                           ;PIC16F1827-ChargeStation04.c: 47: ADCON0bits.GO_nDONE = 1;
   855  021B  0021               	movlb	1	; select bank1
   856  021C  149D               	bsf	29,1	;volatile
   857  021D                     l65:	
   858                           ;PIC16F1827-ChargeStation04.c: 48: while (ADCON0bits.GO_nDONE);
   859                           
   860  021D  189D               	btfsc	29,1	;volatile
   861  021E  2A1D               	goto	l65
   862                           
   863                           ;PIC16F1827-ChargeStation04.c: 49: return ADRES;
   864  021F  081C               	movf	28,w	;volatile
   865  0220  0020               	movlb	0	; select bank0
   866  0221  00DE               	movwf	?_adc+1
   867  0222  0021               	movlb	1	; select bank1
   868  0223  081B               	movf	27,w	;volatile
   869  0224  0020               	movlb	0	; select bank0
   870  0225  00DD               	movwf	?_adc
   871  0226  0008               	return
   872  0227                     __end_of_adc:	
   873                           
   874                           	psect	intentry
   875  0004                     __pintentry:	
   876 ;; *************** function _isr *****************
   877 ;; Defined at:
   878 ;;		line 52 in file "PIC16F1827-ChargeStation04.c"
   879 ;; Parameters:    Size  Location     Type
   880 ;;		None
   881 ;; Auto vars:     Size  Location     Type
   882 ;;		None
   883 ;; Return value:  Size  Location     Type
   884 ;;		None               void
   885 ;; Registers used:
   886 ;;		wreg, fsr1l, fsr1h, status,2, status,0, pclath, cstack
   887 ;; Tracked objects:
   888 ;;		On entry : 0/0
   889 ;;		On exit  : 0/0
   890 ;;		Unchanged: 0/0
   891 ;; Data sizes:     COMMON   BANK0   BANK1   BANK2   BANK3   BANK4
   892 ;;      Params:         0       0       0       0       0       0
   893 ;;      Locals:         0       0       0       0       0       0
   894 ;;      Temps:          0       3       0       0       0       0
   895 ;;      Totals:         0       3       0       0       0       0
   896 ;;Total ram usage:        3 bytes
   897 ;; Hardware stack levels used:    1
   898 ;; Hardware stack levels required when called:    1
   899 ;; This function calls:
   900 ;;		___lldiv
   901 ;; This function is called by:
   902 ;;		Interrupt level 1
   903 ;; This function uses a non-reentrant model
   904 ;;
   905                           
   906  0004                     _isr:	
   907                           
   908                           ;incstack = 0
   909                           ; Regs used in _isr: [wreg+fsr1l+fsr1h+status,2+status,0+pclath+cstack]
   910  0004  147E               	bsf	126,0	;set compiler interrupt flag (level 1)
   911  0005  3180               	pagesel	$
   912  0006  0020               	movlb	0	; select bank0
   913  0007  087F               	movf	127,w
   914  0008  00DC               	movwf	??_isr+2
   915                           
   916                           ;PIC16F1827-ChargeStation04.c: 53: if (PIR1bits.TMR1IF == 1) {
   917  0009  1811               	btfsc	17,0	;volatile
   918                           
   919                           ;PIC16F1827-ChargeStation04.c: 54: PIR1bits.TMR1IF = 0;
   920  000A  1011               	bcf	17,0	;volatile
   921                           
   922                           ;PIC16F1827-ChargeStation04.c: 55: }
   923                           ;PIC16F1827-ChargeStation04.c: 56: if (INTCONbits.TMR0IF == 1) {
   924  000B  1D0B               	btfss	11,2	;volatile
   925  000C  2898               	goto	i1l80
   926                           
   927                           ;PIC16F1827-ChargeStation04.c: 57: INTCONbits.TMR0IF = 0;
   928  000D  110B               	bcf	11,2	;volatile
   929                           
   930                           ;PIC16F1827-ChargeStation04.c: 58: cnt0++;
   931  000E  3001               	movlw	1
   932  000F  07D2               	addwf	_cnt0,f
   933  0010  3000               	movlw	0
   934  0011  3DD3               	addwfc	_cnt0+1,f
   935                           
   936                           ;PIC16F1827-ChargeStation04.c: 59: if (cnt0 == 400) {
   937  0012  3090               	movlw	144
   938  0013  0652               	xorwf	_cnt0,w
   939  0014  1D03               	skipz
   940  0015  2898               	goto	i1l80
   941  0016  0353               	decf	_cnt0+1,w
   942  0017  1D03               	btfss	3,2
   943  0018  2898               	goto	i1l80
   944                           
   945                           ;PIC16F1827-ChargeStation04.c: 60: cnt0 = 0;
   946  0019  01D2               	clrf	_cnt0
   947  001A  01D3               	clrf	_cnt0+1
   948                           
   949                           ;PIC16F1827-ChargeStation04.c: 61: for (k = 0; k < 4; k++) {
   950  001B  01D8               	clrf	_k
   951  001C  01D9               	clrf	_k+1
   952  001D  0859               	movf	_k+1,w
   953  001E  3A80               	xorlw	128
   954  001F  00DA               	movwf	??_isr
   955  0020  3080               	movlw	128
   956  0021  025A               	subwf	??_isr,w
   957  0022  1D03               	skipz
   958  0023  2826               	goto	u45_25
   959  0024  3004               	movlw	4
   960  0025  0258               	subwf	_k,w
   961  0026                     u45_25:	
   962  0026  1803               	btfsc	3,0
   963  0027  2848               	goto	i1l807
   964  0028                     i1l799:	
   965                           
   966                           ;PIC16F1827-ChargeStation04.c: 62: if (cutf[k])cut[k]++;
   967  0028  0020               	movlb	0	; select bank0
   968  0029  0858               	movf	_k,w
   969  002A  3E48               	addlw	(low (_cutf| 0))& (0+255)
   970  002B  0086               	movwf	6
   971  002C  0187               	clrf	7
   972  002D  0801               	movf	1,w
   973  002E  1903               	btfsc	3,2
   974  002F  2839               	goto	i1l803
   975  0030  3558               	lslf	_k,w
   976  0031  3E40               	addlw	(low (_cut| 0))& (0+255)
   977  0032  0086               	movwf	6
   978  0033  0187               	clrf	7
   979  0034  3001               	movlw	1
   980  0035  0781               	addwf	1,f
   981  0036  3141               	addfsr 1,1
   982  0037  1803               	skipnc
   983  0038  0A81               	incf	1,f
   984  0039                     i1l803:	
   985  0039  3001               	movlw	1
   986  003A  07D8               	addwf	_k,f
   987  003B  3000               	movlw	0
   988  003C  3DD9               	addwfc	_k+1,f
   989  003D  0859               	movf	_k+1,w
   990  003E  3A80               	xorlw	128
   991  003F  00DA               	movwf	??_isr
   992  0040  3080               	movlw	128
   993  0041  025A               	subwf	??_isr,w
   994  0042  1D03               	skipz
   995  0043  2846               	goto	u47_25
   996  0044  3004               	movlw	4
   997  0045  0258               	subwf	_k,w
   998  0046                     u47_25:	
   999  0046  1C03               	skipc
  1000  0047  2828               	goto	i1l799
  1001  0048                     i1l807:	
  1002                           
  1003                           ;PIC16F1827-ChargeStation04.c: 63: }
  1004                           ;PIC16F1827-ChargeStation04.c: 64: cnt++;
  1005  0048  3001               	movlw	1
  1006  0049  0020               	movlb	0	; select bank0
  1007  004A  07D0               	addwf	_cnt,f
  1008  004B  3000               	movlw	0
  1009  004C  3DD1               	addwfc	_cnt+1,f
  1010                           
  1011                           ;PIC16F1827-ChargeStation04.c: 65: if (cnt == 40) {
  1012  004D  3028               	movlw	40
  1013  004E  0650               	xorwf	_cnt,w
  1014  004F  0451               	iorwf	_cnt+1,w
  1015  0050  1D03               	btfss	3,2
  1016  0051  2854               	goto	i1l77
  1017                           
  1018                           ;PIC16F1827-ChargeStation04.c: 66: cnt = 0;
  1019  0052  01D0               	clrf	_cnt
  1020  0053  01D1               	clrf	_cnt+1
  1021  0054                     i1l77:	
  1022                           
  1023                           ;PIC16F1827-ChargeStation04.c: 67: }
  1024                           ;PIC16F1827-ChargeStation04.c: 68: for (j = 0; j < 4; j++) {
  1025  0054  01D6               	clrf	_j
  1026  0055  01D7               	clrf	_j+1
  1027  0056  0857               	movf	_j+1,w
  1028  0057  3A80               	xorlw	128
  1029  0058  00DA               	movwf	??_isr
  1030  0059  3080               	movlw	128
  1031  005A  025A               	subwf	??_isr,w
  1032  005B  1D03               	skipz
  1033  005C  285F               	goto	u49_25
  1034  005D  3004               	movlw	4
  1035  005E  0256               	subwf	_j,w
  1036  005F                     u49_25:	
  1037  005F  1803               	btfsc	3,0
  1038  0060  2898               	goto	i1l80
  1039  0061                     i1l817:	
  1040                           
  1041                           ;PIC16F1827-ChargeStation04.c: 69: d[j] = v[j] / 100;
  1042  0061  3000               	movlw	0
  1043  0062  00F3               	movwf	___lldiv@divisor+3
  1044  0063  3000               	movlw	0
  1045  0064  00F2               	movwf	___lldiv@divisor+2
  1046  0065  3000               	movlw	0
  1047  0066  00F1               	movwf	___lldiv@divisor+1
  1048  0067  3064               	movlw	100
  1049  0068  00F0               	movwf	___lldiv@divisor
  1050  0069  0020               	movlb	0	; select bank0
  1051  006A  0856               	movf	_j,w
  1052  006B  00DA               	movwf	??_isr
  1053  006C  3001               	movlw	1
  1054  006D                     u50_25:	
  1055  006D  35DA               	lslf	??_isr,f
  1056  006E  3EFF               	addlw	-1
  1057  006F  1D03               	skipz
  1058  0070  286D               	goto	u50_25
  1059  0071  355A               	lslf	??_isr,w
  1060  0072  3E30               	addlw	(low (_v| 0))& (0+255)
  1061  0073  0086               	movwf	6
  1062  0074  0187               	clrf	7
  1063  0075  3F40               	moviw [0]fsr1
  1064  0076  00F4               	movwf	___lldiv@dividend
  1065  0077  3F41               	moviw [1]fsr1
  1066  0078  00F5               	movwf	___lldiv@dividend+1
  1067  0079  3F42               	moviw [2]fsr1
  1068  007A  00F6               	movwf	___lldiv@dividend+2
  1069  007B  3F43               	moviw [3]fsr1
  1070  007C  00F7               	movwf	___lldiv@dividend+3
  1071  007D  3181  21B3  3180   	fcall	___lldiv
  1072  0080  0870               	movf	?___lldiv,w
  1073  0081  0020               	movlb	0	; select bank0
  1074  0082  00DB               	movwf	??_isr+1
  1075  0083  0856               	movf	_j,w
  1076  0084  3E4C               	addlw	(low (_d| 0))& (0+255)
  1077  0085  0086               	movwf	6
  1078  0086  0187               	clrf	7
  1079  0087  085B               	movf	??_isr+1,w
  1080  0088  0081               	movwf	1
  1081  0089  3001               	movlw	1
  1082  008A  07D6               	addwf	_j,f
  1083  008B  3000               	movlw	0
  1084  008C  3DD7               	addwfc	_j+1,f
  1085  008D  0857               	movf	_j+1,w
  1086  008E  3A80               	xorlw	128
  1087  008F  00DA               	movwf	??_isr
  1088  0090  3080               	movlw	128
  1089  0091  025A               	subwf	??_isr,w
  1090  0092  1D03               	skipz
  1091  0093  2896               	goto	u51_25
  1092  0094  3004               	movlw	4
  1093  0095  0256               	subwf	_j,w
  1094  0096                     u51_25:	
  1095  0096  1C03               	skipc
  1096  0097  2861               	goto	i1l817
  1097  0098                     i1l80:	
  1098  0098  0020               	movlb	0	; select bank0
  1099  0099  085C               	movf	??_isr+2,w
  1100  009A  00FF               	movwf	127
  1101  009B  107E               	bcf	126,0	;clear compiler interrupt flag (level 1)
  1102  009C  0009               	retfie
  1103  009D                     __end_of_isr:	
  1104                           
  1105                           	psect	text3
  1106  01B3                     __ptext3:	
  1107 ;; *************** function ___lldiv *****************
  1108 ;; Defined at:
  1109 ;;		line 6 in file "C:\Program Files (x86)\Microchip\xc8\v1.35\sources\common\lldiv.c"
  1110 ;; Parameters:    Size  Location     Type
  1111 ;;  divisor         4    0[COMMON] unsigned long 
  1112 ;;  dividend        4    4[COMMON] unsigned long 
  1113 ;; Auto vars:     Size  Location     Type
  1114 ;;  quotient        4    9[COMMON] unsigned long 
  1115 ;;  counter         1   13[COMMON] unsigned char 
  1116 ;; Return value:  Size  Location     Type
  1117 ;;                  4    0[COMMON] unsigned long 
  1118 ;; Registers used:
  1119 ;;		wreg, status,2, status,0
  1120 ;; Tracked objects:
  1121 ;;		On entry : 0/0
  1122 ;;		On exit  : 0/0
  1123 ;;		Unchanged: 0/0
  1124 ;; Data sizes:     COMMON   BANK0   BANK1   BANK2   BANK3   BANK4
  1125 ;;      Params:         8       0       0       0       0       0
  1126 ;;      Locals:         5       0       0       0       0       0
  1127 ;;      Temps:          1       0       0       0       0       0
  1128 ;;      Totals:        14       0       0       0       0       0
  1129 ;;Total ram usage:       14 bytes
  1130 ;; Hardware stack levels used:    1
  1131 ;; This function calls:
  1132 ;;		Nothing
  1133 ;; This function is called by:
  1134 ;;		_isr
  1135 ;; This function uses a non-reentrant model
  1136 ;;
  1137                           
  1138                           
  1139                           ;psect for function ___lldiv
  1140  01B3                     ___lldiv:	
  1141                           
  1142                           ;incstack = 0
  1143                           ; Regs used in ___lldiv: [wreg+status,2+status,0]
  1144  01B3  3000               	movlw	0
  1145  01B4  00FC               	movwf	___lldiv@quotient+3
  1146  01B5  3000               	movlw	0
  1147  01B6  00FB               	movwf	___lldiv@quotient+2
  1148  01B7  3000               	movlw	0
  1149  01B8  00FA               	movwf	___lldiv@quotient+1
  1150  01B9  3000               	movlw	0
  1151  01BA  00F9               	movwf	___lldiv@quotient
  1152  01BB  0873               	movf	___lldiv@divisor+3,w
  1153  01BC  0472               	iorwf	___lldiv@divisor+2,w
  1154  01BD  0471               	iorwf	___lldiv@divisor+1,w
  1155  01BE  0470               	iorwf	___lldiv@divisor,w
  1156  01BF  1903               	skipnz
  1157  01C0  29FC               	goto	i1l779
  1158  01C1  01FD               	clrf	___lldiv@counter
  1159  01C2  0AFD               	incf	___lldiv@counter,f
  1160  01C3                     i1l765:	
  1161  01C3  1BF3               	btfsc	___lldiv@divisor+3,7
  1162  01C4  29D1               	goto	i1l767
  1163  01C5  3001               	movlw	1
  1164  01C6                     u36_25:	
  1165  01C6  35F0               	lslf	___lldiv@divisor,f
  1166  01C7  0DF1               	rlf	___lldiv@divisor+1,f
  1167  01C8  0DF2               	rlf	___lldiv@divisor+2,f
  1168  01C9  0DF3               	rlf	___lldiv@divisor+3,f
  1169  01CA  0B89               	decfsz	9,f
  1170  01CB  29C6               	goto	u36_25
  1171  01CC  3001               	movlw	1
  1172  01CD  00F8               	movwf	??___lldiv
  1173  01CE  0878               	movf	??___lldiv,w
  1174  01CF  07FD               	addwf	___lldiv@counter,f
  1175  01D0  29C3               	goto	i1l765
  1176  01D1                     i1l767:	
  1177  01D1  3001               	movlw	1
  1178  01D2                     u38_25:	
  1179  01D2  35F9               	lslf	___lldiv@quotient,f
  1180  01D3  0DFA               	rlf	___lldiv@quotient+1,f
  1181  01D4  0DFB               	rlf	___lldiv@quotient+2,f
  1182  01D5  0DFC               	rlf	___lldiv@quotient+3,f
  1183  01D6  0B89               	decfsz	9,f
  1184  01D7  29D2               	goto	u38_25
  1185  01D8  0873               	movf	___lldiv@divisor+3,w
  1186  01D9  0277               	subwf	___lldiv@dividend+3,w
  1187  01DA  1D03               	skipz
  1188  01DB  29E6               	goto	u39_25
  1189  01DC  0872               	movf	___lldiv@divisor+2,w
  1190  01DD  0276               	subwf	___lldiv@dividend+2,w
  1191  01DE  1D03               	skipz
  1192  01DF  29E6               	goto	u39_25
  1193  01E0  0871               	movf	___lldiv@divisor+1,w
  1194  01E1  0275               	subwf	___lldiv@dividend+1,w
  1195  01E2  1D03               	skipz
  1196  01E3  29E6               	goto	u39_25
  1197  01E4  0870               	movf	___lldiv@divisor,w
  1198  01E5  0274               	subwf	___lldiv@dividend,w
  1199  01E6                     u39_25:	
  1200  01E6  1C03               	skipc
  1201  01E7  29F1               	goto	i1l775
  1202  01E8  0870               	movf	___lldiv@divisor,w
  1203  01E9  02F4               	subwf	___lldiv@dividend,f
  1204  01EA  0871               	movf	___lldiv@divisor+1,w
  1205  01EB  3BF5               	subwfb	___lldiv@dividend+1,f
  1206  01EC  0872               	movf	___lldiv@divisor+2,w
  1207  01ED  3BF6               	subwfb	___lldiv@dividend+2,f
  1208  01EE  0873               	movf	___lldiv@divisor+3,w
  1209  01EF  3BF7               	subwfb	___lldiv@dividend+3,f
  1210  01F0  1479               	bsf	___lldiv@quotient,0
  1211  01F1                     i1l775:	
  1212  01F1  3001               	movlw	1
  1213  01F2                     u40_25:	
  1214  01F2  36F3               	lsrf	___lldiv@divisor+3,f
  1215  01F3  0CF2               	rrf	___lldiv@divisor+2,f
  1216  01F4  0CF1               	rrf	___lldiv@divisor+1,f
  1217  01F5  0CF0               	rrf	___lldiv@divisor,f
  1218  01F6  0B89               	decfsz	9,f
  1219  01F7  29F2               	goto	u40_25
  1220  01F8  3001               	movlw	1
  1221  01F9  02FD               	subwf	___lldiv@counter,f
  1222  01FA  1D03               	btfss	3,2
  1223  01FB  29D1               	goto	i1l767
  1224  01FC                     i1l779:	
  1225  01FC  087C               	movf	___lldiv@quotient+3,w
  1226  01FD  00F3               	movwf	?___lldiv+3
  1227  01FE  087B               	movf	___lldiv@quotient+2,w
  1228  01FF  00F2               	movwf	?___lldiv+2
  1229  0200  087A               	movf	___lldiv@quotient+1,w
  1230  0201  00F1               	movwf	?___lldiv+1
  1231  0202  0879               	movf	___lldiv@quotient,w
  1232  0203  00F0               	movwf	?___lldiv
  1233  0204  0008               	return
  1234  0205                     __end_of___lldiv:	
  1235  007E                     btemp	set	126	;btemp
  1236  007E                     int$flags	set	126
  1237  007E                     wtemp	set	126
  1238  007E                     wtemp0	set	126
  1239  0080                     wtemp1	set	128
  1240  0082                     wtemp2	set	130
  1241  0084                     wtemp3	set	132
  1242  0086                     wtemp4	set	134
  1243  0088                     wtemp5	set	136
  1244  007F                     wtemp6	set	127
  1245  007E                     ttemp	set	126
  1246  007E                     ttemp0	set	126
  1247  0081                     ttemp1	set	129
  1248  0084                     ttemp2	set	132
  1249  0087                     ttemp3	set	135
  1250  007F                     ttemp4	set	127
  1251  007E                     ltemp	set	126
  1252  007E                     ltemp0	set	126
  1253  0082                     ltemp1	set	130
  1254  0086                     ltemp2	set	134
  1255  0080                     ltemp3	set	128


Data Sizes:
    Strings     0
    Constant    0
    Data        0
    BSS         58
    Persistent  2
    Stack       0

Auto Spaces:
    Space          Size  Autos    Used
    COMMON           14     14      14
    BANK0            80     13      73
    BANK1            80      0       0
    BANK2            80      0       0
    BANK3            80      0       0
    BANK4            48      0       0

Pointer List with Targets:

    None.

Critical Paths under _main in COMMON

    None.

Critical Paths under _isr in COMMON

    _isr->___lldiv

Critical Paths under _main in BANK0

    _main->_adc

Critical Paths under _isr in BANK0

    None.

Critical Paths under _main in BANK1

    None.

Critical Paths under _isr in BANK1

    None.

Critical Paths under _main in BANK2

    None.

Critical Paths under _isr in BANK2

    None.

Critical Paths under _main in BANK3

    None.

Critical Paths under _isr in BANK3

    None.

Critical Paths under _main in BANK4

    None.

Critical Paths under _isr in BANK4

    None.

Call Graph Tables:

 ---------------------------------------------------------------------------------
 (Depth) Function   	        Calls       Base Space   Used Autos Params    Refs
 ---------------------------------------------------------------------------------
 (0) _main                                                 6     6      0      22
                                              7 BANK0      6     6      0
                                _adc
 ---------------------------------------------------------------------------------
 (1) _adc                                                  4     2      2      22
                                              3 BANK0      4     2      2
 ---------------------------------------------------------------------------------
 Estimated maximum stack depth 1
 ---------------------------------------------------------------------------------
 (Depth) Function   	        Calls       Base Space   Used Autos Params    Refs
 ---------------------------------------------------------------------------------
 (2) _isr                                                  3     3      0     290
                                              0 BANK0      3     3      0
                            ___lldiv
 ---------------------------------------------------------------------------------
 (3) ___lldiv                                             14     6      8     290
                                              0 COMMON    14     6      8
 ---------------------------------------------------------------------------------
 Estimated maximum stack depth 3
 ---------------------------------------------------------------------------------

 Call Graph Graphs:

 _main (ROOT)
   _adc

 _isr (ROOT)
   ___lldiv

 Address spaces:
Name               Size   Autos  Total    Cost      Usage
BIGRAM             170      0       0       0        0.0%
EEDATA             100      0       0       0        0.0%
NULL                 0      0       0       0        0.0%
CODE                 0      0       0       0        0.0%
BITCOMMON            E      0       0       1        0.0%
BITSFR0              0      0       0       1        0.0%
SFR0                 0      0       0       1        0.0%
COMMON               E      E       E       2      100.0%
BITSFR1              0      0       0       2        0.0%
SFR1                 0      0       0       2        0.0%
BITSFR2              0      0       0       3        0.0%
SFR2                 0      0       0       3        0.0%
STACK                0      0       0       3        0.0%
BITSFR3              0      0       0       4        0.0%
SFR3                 0      0       0       4        0.0%
ABS                  0      0      57       4        0.0%
BITBANK0            50      0       0       5        0.0%
BITSFR4              0      0       0       5        0.0%
SFR4                 0      0       0       5        0.0%
BANK0               50      D      49       6       91.3%
BITSFR5              0      0       0       6        0.0%
SFR5                 0      0       0       6        0.0%
BITBANK1            50      0       0       7        0.0%
BITSFR6              0      0       0       7        0.0%
SFR6                 0      0       0       7        0.0%
BANK1               50      0       0       8        0.0%
BITSFR7              0      0       0       8        0.0%
SFR7                 0      0       0       8        0.0%
BITBANK2            50      0       0       9        0.0%
BITSFR8              0      0       0       9        0.0%
SFR8                 0      0       0       9        0.0%
BANK2               50      0       0      10        0.0%
BITSFR9              0      0       0      10        0.0%
SFR9                 0      0       0      10        0.0%
BITBANK3            50      0       0      11        0.0%
BITSFR10             0      0       0      11        0.0%
SFR10                0      0       0      11        0.0%
BANK3               50      0       0      12        0.0%
BITSFR11             0      0       0      12        0.0%
SFR11                0      0       0      12        0.0%
BITBANK4            30      0       0      13        0.0%
BITSFR12             0      0       0      13        0.0%
SFR12                0      0       0      13        0.0%
BANK4               30      0       0      14        0.0%
BITSFR13             0      0       0      14        0.0%
SFR13                0      0       0      14        0.0%
BITSFR14             0      0       0      15        0.0%
SFR14                0      0       0      15        0.0%
DATA                 0      0      57      15        0.0%
BITSFR15             0      0       0      16        0.0%
SFR15                0      0       0      16        0.0%
BITSFR16             0      0       0      17        0.0%
SFR16                0      0       0      17        0.0%
BITSFR17             0      0       0      18        0.0%
SFR17                0      0       0      18        0.0%
BITSFR18             0      0       0      19        0.0%
SFR18                0      0       0      19        0.0%
BITSFR19             0      0       0      20        0.0%
SFR19                0      0       0      20        0.0%
BITSFR20             0      0       0      21        0.0%
SFR20                0      0       0      21        0.0%
BITSFR21             0      0       0      22        0.0%
SFR21                0      0       0      22        0.0%
BITSFR22             0      0       0      23        0.0%
SFR22                0      0       0      23        0.0%
BITSFR23             0      0       0      24        0.0%
SFR23                0      0       0      24        0.0%
BITSFR24             0      0       0      25        0.0%
SFR24                0      0       0      25        0.0%
BITSFR25             0      0       0      26        0.0%
SFR25                0      0       0      26        0.0%
BITSFR26             0      0       0      27        0.0%
SFR26                0      0       0      27        0.0%
BITSFR27             0      0       0      28        0.0%
SFR27                0      0       0      28        0.0%
BITSFR28             0      0       0      29        0.0%
SFR28                0      0       0      29        0.0%
BITSFR29             0      0       0      30        0.0%
SFR29                0      0       0      30        0.0%
BITSFR30             0      0       0      31        0.0%
SFR30                0      0       0      31        0.0%
BITSFR31             0      0       0      32        0.0%
SFR31                0      0       0      32        0.0%


Microchip Technology PIC Macro Assembler V1.35 build -356382666 
Symbol Table                                                                                   Mon Nov 16 18:45:48 2015

                      _d 004C                        _i 0067                        _j 0056  
                      _k 0058                        _v 0030              __CFG_CP$OFF 0000  
                     l65 021D                       l90 014E                       l93 017F  
                     l96 018F                       l88 0146                       l89 014A  
                     l98 0192                       l99 0195                      l100 0198  
                    l851 00CA                      l927 01A0                      l863 0133  
                    l855 00D8                      l881 0173                      l877 0152  
                    l887 019B                      l889 01AE             __CFG_CPD$OFF 0000  
                    u525 00D6                      u535 00E7                      u545 00FA  
                    u635 0155                      u555 010B                      u565 0114  
                    u575 0131                      u585 013F                      u677 0219  
                    _adc 0205                      _cnt 0050                      _cut 0040  
                    _isr 0004             __CFG_BORV$LO 0000                      wreg 0009  
           __CFG_LVP$OFF 0000                     ?_adc 005D                     ?_isr 0070  
                   i1l80 0098                     i1l77 0054             __CFG_WRT$OFF 0000  
                   _cnt0 0052                     _cnt1 0054                     _main 00AA  
                   _cutf 0048                     _temp 0020                     fsr0h 0005  
                   fsr1h 0007                     fsr0l 0004                     indf0 0000  
                   indf1 0001                     fsr1l 0006                     btemp 007E  
                   ltemp 007E                     start 009D                     ttemp 007E  
                   wtemp 007E            __CFG_IESO$OFF 0000                    ??_adc 005F  
                  ??_isr 005A            __CFG_PLLEN$ON 0000                    ?_main 0070  
                  _ADRES 009B            __CFG_WDTE$OFF 0000          __end_of___lldiv 0205  
                  _T1CON 0018                    i1l803 0039                    i1l807 0048  
                  i1l817 0061                    i1l765 01C3                    i1l775 01F1  
                  i1l767 01D1                    i1l779 01FC                    i1l799 0028  
                  u40_25 01F2                    _TMR1H 0017                    _TMR1L 0016  
                  u50_25 006D                    _PORTB 000D                    u51_25 0096  
                  u36_25 01C6                    u45_25 0026                    u38_25 01D2  
                  u39_25 01E6                    u47_25 0046                    _TRISA 008C  
                  _TRISB 008D                    u49_25 005F           __CFG_FCMEN$OFF 0000  
                  adc@ch 0060           __CFG_BOREN$OFF 0000                    ltemp0 007E  
                  ltemp1 0082                    ltemp2 0086                    ltemp3 0080  
                  ttemp0 007E                    ttemp1 0081                    ttemp2 0084  
                  ttemp3 0087                    ttemp4 007F                    status 0003  
                  wtemp0 007E                    wtemp1 0080                    wtemp2 0082  
                  wtemp3 0084                    wtemp4 0086                    wtemp5 0088  
                  wtemp6 007F           __CFG_MCLRE$OFF 0000          __initialization 009F  
           __end_of_main 01B3                   ??_main 0061                   _ADCON1 009E  
                 _ANSELA 018C                   _ANSELB 018D                   _FVRCON 0117  
                 _OSCCON 0099           __CFG_PWRTE$OFF 0000                ??___lldiv 0078  
__end_of__initialization 00A6           __pcstackCOMMON 0070               __pbssBANK0 0020  
             __pmaintext 00AA               __pintentry 0004                  ___lldiv 01B3  
        __CFG_STVREN$OFF 0000                  __ptext1 0205                  __ptext3 01B3  
           __size_of_adc 0022             __size_of_isr 0099                  clrloop0 0228  
   end_of_initialization 00A6          ___lldiv@divisor 0070          ___lldiv@counter 007D  
              _PORTAbits 000C                _PORTBbits 000D         __CFG_FOSC$INTOSC 0000  
    start_initialization 009F              __end_of_adc 0227              __end_of_isr 009D  
              ___latbits 0001            __pcstackBANK0 005A                __pnvBANK0 0067  
               ?___lldiv 0070                clear_ram0 0227                 _PIE1bits 0091  
               _PIR1bits 0011               _ADCON0bits 009D         __size_of___lldiv 0052  
          __size_of_main 0109                 int$flags 007E               _INTCONbits 000B  
               intlevel1 0000         ___lldiv@dividend 0074        __CFG_CLKOUTEN$OFF 0000  
             _OPTION_REG 0095         ___lldiv@quotient 0079  
