

Microchip Technology PIC LITE Macro Assembler V1.35 build -356382666 
                                                                                               Mon Nov 16 18:57:41 2015

Microchip Technology Omniscient Code Generator v1.35 (Free mode) build 201507080246
     1                           	processor	16F1827
     2                           	opt	pw 120
     3                           	opt	lm
     4                           	psect	idataBANK0,global,class=CODE,delta=2
     5                           	psect	stringtext,global,class=STRCODE,delta=2
     6                           	psect	cinit,global,class=CODE,merge=1,delta=2
     7                           	psect	bssBANK0,global,class=BANK0,space=1,delta=1
     8                           	psect	dataBANK0,global,class=BANK0,space=1,delta=1
     9                           	psect	inittext,global,class=CODE,delta=2
    10                           	psect	cstackCOMMON,global,class=COMMON,space=1,delta=1
    11                           	psect	cstackBANK0,global,class=BANK0,space=1,delta=1
    12                           	psect	maintext,global,class=CODE,merge=1,split=1,delta=2
    13                           	psect	text1,local,class=CODE,merge=1,delta=2
    14                           	psect	text2,local,class=CODE,merge=1,delta=2
    15                           	psect	text3,local,class=CODE,merge=1,delta=2
    16                           	psect	text4,local,class=CODE,merge=1,delta=2
    17                           	psect	text5,local,class=CODE,merge=1,delta=2
    18                           	psect	text6,local,class=CODE,merge=1,delta=2
    19                           	psect	text7,local,class=CODE,merge=1,delta=2
    20                           	psect	text8,local,class=CODE,merge=1,delta=2
    21                           	psect	text9,local,class=CODE,merge=1,delta=2
    22                           	psect	text10,local,class=CODE,merge=1,delta=2
    23                           	psect	text11,local,class=CODE,merge=1,delta=2
    24                           	psect	intentry,global,class=CODE,delta=2
    25                           	psect	text13,local,class=CODE,merge=1,delta=2
    26                           	dabs	1,0x7E,2
    27  0000                     	;# 
    28  0001                     	;# 
    29  0002                     	;# 
    30  0003                     	;# 
    31  0004                     	;# 
    32  0005                     	;# 
    33  0006                     	;# 
    34  0007                     	;# 
    35  0008                     	;# 
    36  0009                     	;# 
    37  000A                     	;# 
    38  000B                     	;# 
    39  000C                     	;# 
    40  000D                     	;# 
    41  0011                     	;# 
    42  0012                     	;# 
    43  0013                     	;# 
    44  0014                     	;# 
    45  0015                     	;# 
    46  0016                     	;# 
    47  0016                     	;# 
    48  0017                     	;# 
    49  0018                     	;# 
    50  0019                     	;# 
    51  001A                     	;# 
    52  001B                     	;# 
    53  001C                     	;# 
    54  001E                     	;# 
    55  001F                     	;# 
    56  008C                     	;# 
    57  008D                     	;# 
    58  0091                     	;# 
    59  0092                     	;# 
    60  0093                     	;# 
    61  0094                     	;# 
    62  0095                     	;# 
    63  0096                     	;# 
    64  0097                     	;# 
    65  0098                     	;# 
    66  0099                     	;# 
    67  009A                     	;# 
    68  009B                     	;# 
    69  009B                     	;# 
    70  009C                     	;# 
    71  009D                     	;# 
    72  009E                     	;# 
    73  010C                     	;# 
    74  010D                     	;# 
    75  0111                     	;# 
    76  0112                     	;# 
    77  0113                     	;# 
    78  0114                     	;# 
    79  0115                     	;# 
    80  0116                     	;# 
    81  0117                     	;# 
    82  0118                     	;# 
    83  0119                     	;# 
    84  011A                     	;# 
    85  011B                     	;# 
    86  011D                     	;# 
    87  011E                     	;# 
    88  018C                     	;# 
    89  018D                     	;# 
    90  0191                     	;# 
    91  0191                     	;# 
    92  0192                     	;# 
    93  0193                     	;# 
    94  0193                     	;# 
    95  0193                     	;# 
    96  0194                     	;# 
    97  0195                     	;# 
    98  0196                     	;# 
    99  0199                     	;# 
   100  019A                     	;# 
   101  019B                     	;# 
   102  019B                     	;# 
   103  019B                     	;# 
   104  019B                     	;# 
   105  019C                     	;# 
   106  019C                     	;# 
   107  019D                     	;# 
   108  019E                     	;# 
   109  019F                     	;# 
   110  020C                     	;# 
   111  020D                     	;# 
   112  0211                     	;# 
   113  0211                     	;# 
   114  0212                     	;# 
   115  0212                     	;# 
   116  0213                     	;# 
   117  0213                     	;# 
   118  0214                     	;# 
   119  0214                     	;# 
   120  0215                     	;# 
   121  0215                     	;# 
   122  0215                     	;# 
   123  0216                     	;# 
   124  0216                     	;# 
   125  0217                     	;# 
   126  0217                     	;# 
   127  0219                     	;# 
   128  021A                     	;# 
   129  021B                     	;# 
   130  021C                     	;# 
   131  021D                     	;# 
   132  021E                     	;# 
   133  021F                     	;# 
   134  0291                     	;# 
   135  0291                     	;# 
   136  0292                     	;# 
   137  0293                     	;# 
   138  0294                     	;# 
   139  0295                     	;# 
   140  0295                     	;# 
   141  0296                     	;# 
   142  0298                     	;# 
   143  0298                     	;# 
   144  0299                     	;# 
   145  029A                     	;# 
   146  029B                     	;# 
   147  029C                     	;# 
   148  029C                     	;# 
   149  029D                     	;# 
   150  029E                     	;# 
   151  029E                     	;# 
   152  0311                     	;# 
   153  0311                     	;# 
   154  0312                     	;# 
   155  0313                     	;# 
   156  0318                     	;# 
   157  0318                     	;# 
   158  0319                     	;# 
   159  031A                     	;# 
   160  0394                     	;# 
   161  0395                     	;# 
   162  0396                     	;# 
   163  039A                     	;# 
   164  039C                     	;# 
   165  039D                     	;# 
   166  039E                     	;# 
   167  039F                     	;# 
   168  0415                     	;# 
   169  0416                     	;# 
   170  0417                     	;# 
   171  041C                     	;# 
   172  041D                     	;# 
   173  041E                     	;# 
   174  0FE4                     	;# 
   175  0FE5                     	;# 
   176  0FE6                     	;# 
   177  0FE7                     	;# 
   178  0FE8                     	;# 
   179  0FE9                     	;# 
   180  0FEA                     	;# 
   181  0FEB                     	;# 
   182  0FED                     	;# 
   183  0FEE                     	;# 
   184  0FEF                     	;# 
   185                           
   186                           	psect	idataBANK0
   187  01DE                     __pidataBANK0:	
   188                           
   189                           ;initializer for LCD_SetCursor@F2832
   190  01DE  3400               	retlw	0
   191  01DF  3400               	retlw	0
   192  01E0  3440               	retlw	64
   193  01E1  3400               	retlw	0
   194                           
   195                           ;initializer for _heart
   196  01E2  340A               	retlw	10
   197  01E3  341B               	retlw	27
   198  01E4  341F               	retlw	31
   199  01E5  341F               	retlw	31
   200  01E6  340E               	retlw	14
   201  01E7  3404               	retlw	4
   202  01E8  3400               	retlw	0
   203  000C                     _PORTA	set	12
   204  000D                     _PORTB	set	13
   205  0093                     _BCL1IF	set	147
   206  005F                     _GIE	set	95
   207  005E                     _PEIE	set	94
   208  008B                     _SSP1IF	set	139
   209  0095                     _OPTION_REG	set	149
   210  0099                     _OSCCON	set	153
   211  008C                     _TRISA	set	140
   212  008D                     _TRISB	set	141
   213  0493                     _BCL1IE	set	1171
   214  048B                     _SSP1IE	set	1163
   215  018C                     _ANSELA	set	396
   216  018D                     _ANSELB	set	397
   217  0212                     _SSP1ADD	set	530
   218  0211                     _SSP1BUF	set	529
   219  0215                     _SSP1CON1	set	533
   220  0216                     _SSP1CON2	set	534
   221  0216                     _SSP1CON2bits	set	534
   222  0214                     _SSP1STAT	set	532
   223  020D                     _WPUB	set	525
   224                           
   225                           	psect	stringtext
   226  01D1                     __pstringtext:	
   227  01D1                     STR_2:	
   228  01D1  3457               	retlw	87	;'W'
   229  01D2  346F               	retlw	111	;'o'
   230  01D3  3472               	retlw	114	;'r'
   231  01D4  346C               	retlw	108	;'l'
   232  01D5  3464               	retlw	100	;'d'
   233  01D6  3421               	retlw	33	;'!'
   234  01D7  3400               	retlw	0
   235  01D8                     STR_1:	
   236  01D8  3448               	retlw	72	;'H'
   237  01D9  3465               	retlw	101	;'e'
   238  01DA  346C               	retlw	108	;'l'
   239  01DB  346C               	retlw	108	;'l'
   240  01DC  346F               	retlw	111	;'o'
   241  01DD  3400               	retlw	0
   242                           
   243                           ; #config settings
   244  0000                     
   245                           	psect	cinit
   246  0012                     start_initialization:	
   247  0012                     __initialization:	
   248                           
   249                           ; Clear objects allocated to BANK0
   250  0012  01B4               	clrf	__pbssBANK0& (0+127)
   251  0013  01B5               	clrf	(__pbssBANK0+1)& (0+127)
   252                           
   253                           ; Initialize objects allocated to BANK0
   254  0014  30DE               	movlw	low __pidataBANK0
   255  0015  0084               	movwf	4
   256  0016  3081               	movlw	(high __pidataBANK0)| (0+128)
   257  0017  0085               	movwf	5
   258  0018  3020               	movlw	low __pdataBANK0
   259  0019  0086               	movwf	6
   260  001A  3000               	movlw	high __pdataBANK0
   261  001B  0087               	movwf	7
   262  001C  300B               	movlw	11
   263  001D  3181  21F4         	fcall	init_ram
   264  001F                     end_of_initialization:	
   265                           ;End of C runtime variable initialization code
   266                           
   267  001F                     __end_of__initialization:	
   268  001F  107E               	bcf	int$flags,0	;clear compiler interrupt flag (level 1)
   269  0020  0020               	movlb	0
   270  0021  3180  287E         	ljmp	_main	;jump to C main() function
   271                           
   272                           	psect	bssBANK0
   273  0034                     __pbssBANK0:	
   274  0034                     _AckCheck:	
   275  0034                     	ds	2
   276                           
   277                           	psect	dataBANK0
   278  0020                     __pdataBANK0:	
   279  0020                     LCD_SetCursor@F2832:	
   280  0020                     	ds	4
   281  0024                     _heart:	
   282  0024                     	ds	7
   283                           
   284                           	psect	inittext
   285  01F4                     init_ram:	
   286  01F4  00FE               	movwf	126
   287  01F5                     initloop:	
   288  01F5  0012               	moviw fsr0++
   289  01F6  001E               	movwi fsr1++
   290  01F7  0BFE               	decfsz	126,f
   291  01F8  29F5               	goto	initloop
   292  01F9  3400               	retlw	0
   293                           
   294                           	psect	cstackCOMMON
   295  0070                     __pcstackCOMMON:	
   296  0070                     ?_InterI2C:	
   297  0070                     ??_InterI2C:	
   298                           ; 0 bytes @ 0x0
   299                           
   300  0070                     ?_InterFunction:	
   301                           ; 0 bytes @ 0x0
   302                           
   303  0070                     ??_InterFunction:	
   304                           ; 0 bytes @ 0x0
   305                           
   306  0070                     ?_I2C_IdleCheck:	
   307                           ; 0 bytes @ 0x0
   308                           
   309  0070                     ?_InitI2C_Master:	
   310                           ; 0 bytes @ 0x0
   311                           
   312  0070                     ?_I2C_Stop:	
   313                           ; 0 bytes @ 0x0
   314                           
   315  0070                     ?_command:	
   316                           ; 0 bytes @ 0x0
   317                           
   318  0070                     ?_LCD_Clear:	
   319                           ; 0 bytes @ 0x0
   320                           
   321  0070                     ?_LCD_Init:	
   322                           ; 0 bytes @ 0x0
   323                           
   324  0070                     ?_main:	
   325                           ; 0 bytes @ 0x0
   326                           
   327  0070                     ?_I2C_Send:	
   328                           ; 0 bytes @ 0x0
   329                           
   330                           
   331                           ; 2 bytes @ 0x0
   332  0070                     	ds	1
   333  0071                     ??_I2C_IdleCheck:	
   334  0071                     ??_InitI2C_Master:	
   335                           ; 0 bytes @ 0x1
   336                           
   337                           
   338                           ; 0 bytes @ 0x1
   339  0071                     	ds	1
   340  0072                     I2C_IdleCheck@mask:	
   341                           
   342                           ; 1 bytes @ 0x2
   343  0072                     	ds	1
   344  0073                     ??_I2C_Stop:	
   345  0073                     ??_I2C_Send:	
   346                           ; 0 bytes @ 0x3
   347                           
   348  0073                     ?_I2C_Start:	
   349                           ; 0 bytes @ 0x3
   350                           
   351  0073                     I2C_Send@dt:	
   352                           ; 2 bytes @ 0x3
   353                           
   354  0073                     I2C_Start@adrs:	
   355                           ; 1 bytes @ 0x3
   356                           
   357                           
   358                           ; 2 bytes @ 0x3
   359  0073                     	ds	2
   360  0075                     I2C_Start@rw:	
   361                           
   362                           ; 2 bytes @ 0x5
   363  0075                     	ds	2
   364  0077                     ??_I2C_Start:	
   365                           
   366                           ; 0 bytes @ 0x7
   367  0077                     	ds	2
   368  0079                     ??_command:	
   369  0079                     ?_LCD_Puts:	
   370                           ; 0 bytes @ 0x9
   371                           
   372  0079                     ?_LCD_CreateChar:	
   373                           ; 0 bytes @ 0x9
   374                           
   375  0079                     LCD_Puts@s:	
   376                           ; 0 bytes @ 0x9
   377                           
   378  0079                     LCD_CreateChar@p:	
   379                           ; 2 bytes @ 0x9
   380                           
   381                           
   382                           ; 2 bytes @ 0x9
   383  0079                     	ds	1
   384  007A                     command@ans:	
   385                           
   386                           ; 2 bytes @ 0xA
   387  007A                     	ds	1
   388  007B                     ??_LCD_Puts:	
   389  007B                     LCD_CreateChar@dt:	
   390                           ; 0 bytes @ 0xB
   391                           
   392                           
   393                           ; 1 bytes @ 0xB
   394  007B                     	ds	1
   395  007C                     ??_LCD_CreateChar:	
   396  007C                     command@c:	
   397                           ; 0 bytes @ 0xC
   398                           
   399                           
   400                           ; 1 bytes @ 0xC
   401  007C                     	ds	1
   402  007D                     ??_LCD_SetCursor:	
   403                           
   404                           	psect	cstackBANK0
   405  002B                     __pcstackBANK0:	
   406                           ; 0 bytes @ 0xD
   407                           
   408  002B                     ??_LCD_Clear:	
   409  002B                     ?_LCD_SetCursor:	
   410                           ; 0 bytes @ 0x0
   411                           
   412  002B                     LCD_SetCursor@col:	
   413                           ; 0 bytes @ 0x0
   414                           
   415  002B                     LCD_Puts@ans:	
   416                           ; 2 bytes @ 0x0
   417                           
   418  002B                     LCD_CreateChar@ans:	
   419                           ; 2 bytes @ 0x0
   420                           
   421                           
   422                           ; 2 bytes @ 0x0
   423  002B                     	ds	2
   424  002D                     ??_LCD_Init:	
   425  002D                     LCD_SetCursor@row:	
   426                           ; 0 bytes @ 0x2
   427                           
   428  002D                     LCD_CreateChar@i:	
   429                           ; 2 bytes @ 0x2
   430                           
   431                           
   432                           ; 2 bytes @ 0x2
   433  002D                     	ds	2
   434  002F                     LCD_SetCursor@row_offsets:	
   435                           
   436                           ; 4 bytes @ 0x4
   437  002F                     	ds	4
   438  0033                     ??_main:	
   439                           
   440                           ; 0 bytes @ 0x8
   441  0033                     	ds	1
   442                           
   443                           	psect	maintext
   444  007E                     __pmaintext:	
   445 ;;
   446 ;;Main: autosize = 0, tempsize = 1, incstack = 0, save=0
   447 ;;
   448 ;; *************** function _main *****************
   449 ;; Defined at:
   450 ;;		line 378 in file "PIC16F1827-I2CLCD02.c"
   451 ;; Parameters:    Size  Location     Type
   452 ;;		None
   453 ;; Auto vars:     Size  Location     Type
   454 ;;		None
   455 ;; Return value:  Size  Location     Type
   456 ;;		None               void
   457 ;; Registers used:
   458 ;;		wreg, fsr0l, fsr0h, fsr1l, fsr1h, status,2, status,0, pclath, cstack
   459 ;; Tracked objects:
   460 ;;		On entry : B1F/0
   461 ;;		On exit  : 0/0
   462 ;;		Unchanged: 0/0
   463 ;; Data sizes:     COMMON   BANK0   BANK1   BANK2   BANK3   BANK4
   464 ;;      Params:         0       0       0       0       0       0
   465 ;;      Locals:         0       0       0       0       0       0
   466 ;;      Temps:          0       1       0       0       0       0
   467 ;;      Totals:         0       1       0       0       0       0
   468 ;;Total ram usage:        1 bytes
   469 ;; Hardware stack levels required when called:    7
   470 ;; This function calls:
   471 ;;		_InitI2C_Master
   472 ;;		_LCD_CreateChar
   473 ;;		_LCD_Init
   474 ;;		_LCD_Puts
   475 ;;		_LCD_SetCursor
   476 ;; This function is called by:
   477 ;;		Startup code after reset
   478 ;; This function uses a non-reentrant model
   479 ;;
   480                           
   481                           
   482                           ;psect for function _main
   483  007E                     _main:	
   484                           
   485                           ;PIC16F1827-I2CLCD02.c: 379: OSCCON = 0b01110010;
   486                           
   487                           ;incstack = 0
   488                           ; Regs used in _main: [wreg-fsr1h+status,2+status,0+pclath+cstack]
   489  007E  3072               	movlw	114
   490  007F  0021               	movlb	1	; select bank1
   491  0080  0099               	movwf	25	;volatile
   492                           
   493                           ;PIC16F1827-I2CLCD02.c: 380: OPTION_REG = 0b00000000;
   494  0081  0195               	clrf	21	;volatile
   495                           
   496                           ;PIC16F1827-I2CLCD02.c: 381: ANSELA = 0b00000000;
   497  0082  0023               	movlb	3	; select bank3
   498  0083  018C               	clrf	12	;volatile
   499                           
   500                           ;PIC16F1827-I2CLCD02.c: 382: ANSELB = 0b00000000;
   501  0084  018D               	clrf	13	;volatile
   502                           
   503                           ;PIC16F1827-I2CLCD02.c: 383: TRISA = 0b00000000;
   504  0085  0021               	movlb	1	; select bank1
   505  0086  018C               	clrf	12	;volatile
   506                           
   507                           ;PIC16F1827-I2CLCD02.c: 384: TRISB = 0b00010010;
   508  0087  3012               	movlw	18
   509  0088  008D               	movwf	13	;volatile
   510                           
   511                           ;PIC16F1827-I2CLCD02.c: 385: WPUB = 0b00010010;
   512  0089  3012               	movlw	18
   513  008A  0024               	movlb	4	; select bank4
   514  008B  008D               	movwf	13	;volatile
   515                           
   516                           ;PIC16F1827-I2CLCD02.c: 386: PORTA = 0b00000000;
   517  008C  0020               	movlb	0	; select bank0
   518  008D  018C               	clrf	12	;volatile
   519                           
   520                           ;PIC16F1827-I2CLCD02.c: 387: PORTB = 0b00000000;
   521  008E  018D               	clrf	13	;volatile
   522                           
   523                           ;PIC16F1827-I2CLCD02.c: 389: InitI2C_Master();
   524  008F  3181  21A4  3180   	fcall	_InitI2C_Master
   525                           
   526                           ;PIC16F1827-I2CLCD02.c: 392: LCD_Init();
   527  0092  3180  20C5  3180   	fcall	_LCD_Init
   528                           
   529                           ;PIC16F1827-I2CLCD02.c: 394: LCD_CreateChar(0x00, heart);
   530  0095  3000               	movlw	0
   531  0096  00F9               	movwf	LCD_CreateChar@p
   532  0097  00FA               	movwf	LCD_CreateChar@p+1
   533  0098  3024               	movlw	(low (_heart| 0))& (0+255)
   534  0099  0020               	movlb	0	; select bank0
   535  009A  00B3               	movwf	??_main
   536  009B  0833               	movf	??_main,w
   537  009C  00FB               	movwf	LCD_CreateChar@dt
   538  009D  3180  2023  3180   	fcall	_LCD_CreateChar
   539                           
   540                           ;PIC16F1827-I2CLCD02.c: 396: LCD_SetCursor(0, 0);
   541  00A0  3000               	movlw	0
   542  00A1  0020               	movlb	0	; select bank0
   543  00A2  00AB               	movwf	LCD_SetCursor@col
   544  00A3  00AC               	movwf	LCD_SetCursor@col+1
   545  00A4  3000               	movlw	0
   546  00A5  00AD               	movwf	LCD_SetCursor@row
   547  00A6  00AE               	movwf	LCD_SetCursor@row+1
   548  00A7  3181  2191  3180   	fcall	_LCD_SetCursor
   549                           
   550                           ;PIC16F1827-I2CLCD02.c: 397: LCD_Puts("Hello");
   551  00AA  30D8               	movlw	low (STR_1| (0+32768))
   552  00AB  00F9               	movwf	LCD_Puts@s
   553  00AC  3081               	movlw	high (STR_1| (0+32768))
   554  00AD  00FA               	movwf	LCD_Puts@s+1
   555  00AE  3181  2103  3180   	fcall	_LCD_Puts
   556                           
   557                           ;PIC16F1827-I2CLCD02.c: 399: LCD_SetCursor(2, 1);
   558  00B1  3002               	movlw	2
   559  00B2  0020               	movlb	0	; select bank0
   560  00B3  00AB               	movwf	LCD_SetCursor@col
   561  00B4  3000               	movlw	0
   562  00B5  00AC               	movwf	LCD_SetCursor@col+1
   563  00B6  3001               	movlw	1
   564  00B7  00AD               	movwf	LCD_SetCursor@row
   565  00B8  3000               	movlw	0
   566  00B9  00AE               	movwf	LCD_SetCursor@row+1
   567  00BA  3181  2191  3180   	fcall	_LCD_SetCursor
   568                           
   569                           ;PIC16F1827-I2CLCD02.c: 400: LCD_Puts("World!");
   570  00BD  30D1               	movlw	low (STR_2| (0+32768))
   571  00BE  00F9               	movwf	LCD_Puts@s
   572  00BF  3081               	movlw	high (STR_2| (0+32768))
   573  00C0  00FA               	movwf	LCD_Puts@s+1
   574  00C1  3181  2103  3180   	fcall	_LCD_Puts
   575  00C4                     l136:	
   576                           ;PIC16F1827-I2CLCD02.c: 402: while (1) {
   577                           
   578  00C4  28C4               	goto	l136
   579  00C5                     __end_of_main:	
   580                           
   581                           	psect	text1
   582  0191                     __ptext1:	
   583 ;; *************** function _LCD_SetCursor *****************
   584 ;; Defined at:
   585 ;;		line 252 in file "PIC16F1827-I2CLCD02.c"
   586 ;; Parameters:    Size  Location     Type
   587 ;;  col             2    0[BANK0 ] int 
   588 ;;  row             2    2[BANK0 ] int 
   589 ;; Auto vars:     Size  Location     Type
   590 ;;  row_offsets     4    4[BANK0 ] int [2]
   591 ;; Return value:  Size  Location     Type
   592 ;;		None               void
   593 ;; Registers used:
   594 ;;		wreg, fsr1l, fsr1h, status,2, status,0, pclath, cstack
   595 ;; Tracked objects:
   596 ;;		On entry : 0/0
   597 ;;		On exit  : 0/0
   598 ;;		Unchanged: 0/0
   599 ;; Data sizes:     COMMON   BANK0   BANK1   BANK2   BANK3   BANK4
   600 ;;      Params:         0       4       0       0       0       0
   601 ;;      Locals:         0       4       0       0       0       0
   602 ;;      Temps:          0       0       0       0       0       0
   603 ;;      Totals:         0       8       0       0       0       0
   604 ;;Total ram usage:        8 bytes
   605 ;; Hardware stack levels used:    1
   606 ;; Hardware stack levels required when called:    5
   607 ;; This function calls:
   608 ;;		_command
   609 ;; This function is called by:
   610 ;;		_main
   611 ;; This function uses a non-reentrant model
   612 ;;
   613                           
   614                           
   615                           ;psect for function _LCD_SetCursor
   616  0191                     _LCD_SetCursor:	
   617                           
   618                           ;PIC16F1827-I2CLCD02.c: 253: int row_offsets[] = {0x00, 0x40};
   619                           
   620                           ;incstack = 0
   621                           ; Regs used in _LCD_SetCursor: [wreg+fsr1l+fsr1h+status,2+status,0+pclath+cstack]
   622  0191  0020               	movlb	0	; select bank0
   623  0192  0823               	movf	LCD_SetCursor@F2832+3,w
   624  0193  00B2               	movwf	LCD_SetCursor@row_offsets+3
   625  0194  0822               	movf	LCD_SetCursor@F2832+2,w
   626  0195  00B1               	movwf	LCD_SetCursor@row_offsets+2
   627  0196  0821               	movf	LCD_SetCursor@F2832+1,w
   628  0197  00B0               	movwf	LCD_SetCursor@row_offsets+1
   629  0198  0820               	movf	LCD_SetCursor@F2832,w
   630  0199  00AF               	movwf	LCD_SetCursor@row_offsets
   631                           
   632                           ;PIC16F1827-I2CLCD02.c: 255: command(0x80 | (col + row_offsets[row]));
   633  019A  352D               	lslf	LCD_SetCursor@row,w
   634  019B  3E2F               	addlw	(low (LCD_SetCursor@row_offsets| 0))& (0+255)
   635  019C  0086               	movwf	6
   636  019D  0187               	clrf	7
   637  019E  0801               	movf	1,w
   638  019F  072B               	addwf	LCD_SetCursor@col,w
   639  01A0  3880               	iorlw	128
   640  01A1  3181  2159         	fcall	_command
   641  01A3  0008               	return
   642  01A4                     __end_of_LCD_SetCursor:	
   643                           
   644                           	psect	text2
   645  0103                     __ptext2:	
   646 ;; *************** function _LCD_Puts *****************
   647 ;; Defined at:
   648 ;;		line 284 in file "PIC16F1827-I2CLCD02.c"
   649 ;; Parameters:    Size  Location     Type
   650 ;;  s               2    9[COMMON] PTR const unsigned char 
   651 ;;		 -> STR_2(7), STR_1(6), 
   652 ;; Auto vars:     Size  Location     Type
   653 ;;  ans             2    0[BANK0 ] int 
   654 ;; Return value:  Size  Location     Type
   655 ;;		None               void
   656 ;; Registers used:
   657 ;;		wreg, fsr0l, fsr0h, status,2, status,0, pclath, cstack
   658 ;; Tracked objects:
   659 ;;		On entry : 0/0
   660 ;;		On exit  : 0/0
   661 ;;		Unchanged: 0/0
   662 ;; Data sizes:     COMMON   BANK0   BANK1   BANK2   BANK3   BANK4
   663 ;;      Params:         2       0       0       0       0       0
   664 ;;      Locals:         0       2       0       0       0       0
   665 ;;      Temps:          1       0       0       0       0       0
   666 ;;      Totals:         3       2       0       0       0       0
   667 ;;Total ram usage:        5 bytes
   668 ;; Hardware stack levels used:    1
   669 ;; Hardware stack levels required when called:    4
   670 ;; This function calls:
   671 ;;		_I2C_Send
   672 ;;		_I2C_Start
   673 ;;		_I2C_Stop
   674 ;; This function is called by:
   675 ;;		_main
   676 ;; This function uses a non-reentrant model
   677 ;;
   678                           
   679                           
   680                           ;psect for function _LCD_Puts
   681  0103                     _LCD_Puts:	
   682                           
   683                           ;PIC16F1827-I2CLCD02.c: 285: int ans;
   684                           ;PIC16F1827-I2CLCD02.c: 287: ans = I2C_Start(0x3E, 0);
   685                           
   686                           ;incstack = 0
   687                           ; Regs used in _LCD_Puts: [wreg-fsr0h+status,2+status,0+pclath+cstack]
   688  0103  303E               	movlw	62
   689  0104  00F3               	movwf	I2C_Start@adrs
   690  0105  3000               	movlw	0
   691  0106  00F4               	movwf	I2C_Start@adrs+1
   692  0107  3000               	movlw	0
   693  0108  00F5               	movwf	I2C_Start@rw
   694  0109  00F6               	movwf	I2C_Start@rw+1
   695  010A  3181  2135  3181   	fcall	_I2C_Start
   696  010D  0874               	movf	?_I2C_Start+1,w
   697  010E  0020               	movlb	0	; select bank0
   698  010F  00AC               	movwf	LCD_Puts@ans+1
   699  0110  0873               	movf	?_I2C_Start,w
   700  0111  00AB               	movwf	LCD_Puts@ans
   701                           
   702                           ;PIC16F1827-I2CLCD02.c: 288: if (ans == 0) {
   703  0112  082B               	movf	LCD_Puts@ans,w
   704  0113  042C               	iorwf	LCD_Puts@ans+1,w
   705  0114  1D03               	btfss	3,2
   706  0115  2932               	goto	l933
   707                           
   708                           ;PIC16F1827-I2CLCD02.c: 289: I2C_Send(0b01000000);
   709  0116  3040               	movlw	64
   710  0117  3181  217C  3181   	fcall	_I2C_Send
   711  011A                     l931:	
   712                           ;PIC16F1827-I2CLCD02.c: 290: while (*s) {
   713                           
   714  011A  0879               	movf	LCD_Puts@s,w
   715  011B  0084               	movwf	4
   716  011C  087A               	movf	LCD_Puts@s+1,w
   717  011D  0085               	movwf	5
   718  011E  0012               	moviw fsr0++
   719  011F  1903               	btfsc	3,2
   720  0120  2932               	goto	l933
   721                           
   722                           ;PIC16F1827-I2CLCD02.c: 291: I2C_Send(*s++);
   723  0121  0879               	movf	LCD_Puts@s,w
   724  0122  0084               	movwf	4
   725  0123  087A               	movf	LCD_Puts@s+1,w
   726  0124  0085               	movwf	5
   727  0125  0800               	movf	0,w	;code access
   728  0126  3181  217C  3181   	fcall	_I2C_Send
   729  0129  3001               	movlw	1
   730  012A  07F9               	addwf	LCD_Puts@s,f
   731  012B  3000               	movlw	0
   732  012C  3DFA               	addwfc	LCD_Puts@s+1,f
   733                           
   734                           ;PIC16F1827-I2CLCD02.c: 292: _delay((unsigned long)((26)*(8000000/4000000.0)));
   735  012D  3011               	movlw	17
   736  012E  00FB               	movwf	??_LCD_Puts
   737  012F                     u377:	
   738  012F  0BFB               	decfsz	??_LCD_Puts,f
   739  0130  292F               	goto	u377
   740  0131  291A               	goto	l931
   741  0132                     l933:	
   742                           
   743                           ;PIC16F1827-I2CLCD02.c: 293: }
   744                           ;PIC16F1827-I2CLCD02.c: 294: }
   745                           ;PIC16F1827-I2CLCD02.c: 295: I2C_Stop();
   746  0132  3181  21FA         	fcall	_I2C_Stop
   747  0134  0008               	return
   748  0135                     __end_of_LCD_Puts:	
   749                           
   750                           	psect	text3
   751  00C5                     __ptext3:	
   752 ;; *************** function _LCD_Init *****************
   753 ;; Defined at:
   754 ;;		line 328 in file "PIC16F1827-I2CLCD02.c"
   755 ;; Parameters:    Size  Location     Type
   756 ;;		None
   757 ;; Auto vars:     Size  Location     Type
   758 ;;		None
   759 ;; Return value:  Size  Location     Type
   760 ;;		None               void
   761 ;; Registers used:
   762 ;;		wreg, status,2, status,0, pclath, cstack
   763 ;; Tracked objects:
   764 ;;		On entry : 0/0
   765 ;;		On exit  : 0/0
   766 ;;		Unchanged: 0/0
   767 ;; Data sizes:     COMMON   BANK0   BANK1   BANK2   BANK3   BANK4
   768 ;;      Params:         0       0       0       0       0       0
   769 ;;      Locals:         0       0       0       0       0       0
   770 ;;      Temps:          0       3       0       0       0       0
   771 ;;      Totals:         0       3       0       0       0       0
   772 ;;Total ram usage:        3 bytes
   773 ;; Hardware stack levels used:    1
   774 ;; Hardware stack levels required when called:    6
   775 ;; This function calls:
   776 ;;		_LCD_Clear
   777 ;;		_command
   778 ;; This function is called by:
   779 ;;		_main
   780 ;; This function uses a non-reentrant model
   781 ;;
   782                           
   783                           
   784                           ;psect for function _LCD_Init
   785  00C5                     _LCD_Init:	
   786                           
   787                           ;PIC16F1827-I2CLCD02.c: 329: _delay((unsigned long)((40)*(8000000/4000.0)));
   788                           
   789                           ;incstack = 0
   790                           ; Regs used in _LCD_Init: [wreg+status,2+status,0+pclath+cstack]
   791  00C5  3068               	movlw	104
   792  00C6  0020               	movlb	0	; select bank0
   793  00C7  00AE               	movwf	??_LCD_Init+1
   794  00C8  30E4               	movlw	228
   795  00C9  00AD               	movwf	??_LCD_Init
   796  00CA                     u387:	
   797  00CA  0BAD               	decfsz	??_LCD_Init,f
   798  00CB  28CA               	goto	u387
   799  00CC  0BAE               	decfsz	??_LCD_Init+1,f
   800  00CD  28CA               	goto	u387
   801  00CE  0000               	nop
   802                           
   803                           ;PIC16F1827-I2CLCD02.c: 330: command(0x38);
   804  00CF  3038               	movlw	56
   805  00D0  3181  2159  3180   	fcall	_command
   806                           
   807                           ;PIC16F1827-I2CLCD02.c: 331: command(0x39);
   808  00D3  3039               	movlw	57
   809  00D4  3181  2159  3180   	fcall	_command
   810                           
   811                           ;PIC16F1827-I2CLCD02.c: 332: command(0x14);
   812  00D7  3014               	movlw	20
   813  00D8  3181  2159  3180   	fcall	_command
   814                           
   815                           ;PIC16F1827-I2CLCD02.c: 333: command(0x70);
   816  00DB  3070               	movlw	112
   817  00DC  3181  2159  3180   	fcall	_command
   818                           
   819                           ;PIC16F1827-I2CLCD02.c: 334: command(0x56);
   820  00DF  3056               	movlw	86
   821  00E0  3181  2159  3180   	fcall	_command
   822                           
   823                           ;PIC16F1827-I2CLCD02.c: 335: command(0x6C);
   824  00E3  306C               	movlw	108
   825  00E4  3181  2159  3180   	fcall	_command
   826                           
   827                           ;PIC16F1827-I2CLCD02.c: 336: _delay((unsigned long)((200)*(8000000/4000.0)));
   828  00E7  3003               	movlw	3
   829  00E8  0020               	movlb	0	; select bank0
   830  00E9  00AF               	movwf	??_LCD_Init+2
   831  00EA  3008               	movlw	8
   832  00EB  00AE               	movwf	??_LCD_Init+1
   833  00EC  3078               	movlw	120
   834  00ED  00AD               	movwf	??_LCD_Init
   835  00EE                     u397:	
   836  00EE  0BAD               	decfsz	??_LCD_Init,f
   837  00EF  28EE               	goto	u397
   838  00F0  0BAE               	decfsz	??_LCD_Init+1,f
   839  00F1  28EE               	goto	u397
   840  00F2  0BAF               	decfsz	??_LCD_Init+2,f
   841  00F3  28EE               	goto	u397
   842                           
   843                           ;PIC16F1827-I2CLCD02.c: 337: command(0x38);
   844  00F4  3038               	movlw	56
   845  00F5  3181  2159  3180   	fcall	_command
   846                           
   847                           ;PIC16F1827-I2CLCD02.c: 338: command(0x0C);
   848  00F8  300C               	movlw	12
   849  00F9  3181  2159  3180   	fcall	_command
   850                           
   851                           ;PIC16F1827-I2CLCD02.c: 339: command(0x06);
   852  00FC  3006               	movlw	6
   853  00FD  3181  2159  3180   	fcall	_command
   854                           
   855                           ;PIC16F1827-I2CLCD02.c: 340: LCD_Clear();
   856  0100  3181  21B4         	fcall	_LCD_Clear
   857  0102  0008               	return
   858  0103                     __end_of_LCD_Init:	
   859                           
   860                           	psect	text4
   861  01B4                     __ptext4:	
   862 ;; *************** function _LCD_Clear *****************
   863 ;; Defined at:
   864 ;;		line 240 in file "PIC16F1827-I2CLCD02.c"
   865 ;; Parameters:    Size  Location     Type
   866 ;;		None
   867 ;; Auto vars:     Size  Location     Type
   868 ;;		None
   869 ;; Return value:  Size  Location     Type
   870 ;;		None               void
   871 ;; Registers used:
   872 ;;		wreg, status,2, status,0, pclath, cstack
   873 ;; Tracked objects:
   874 ;;		On entry : 0/0
   875 ;;		On exit  : 0/0
   876 ;;		Unchanged: 0/0
   877 ;; Data sizes:     COMMON   BANK0   BANK1   BANK2   BANK3   BANK4
   878 ;;      Params:         0       0       0       0       0       0
   879 ;;      Locals:         0       0       0       0       0       0
   880 ;;      Temps:          0       2       0       0       0       0
   881 ;;      Totals:         0       2       0       0       0       0
   882 ;;Total ram usage:        2 bytes
   883 ;; Hardware stack levels used:    1
   884 ;; Hardware stack levels required when called:    5
   885 ;; This function calls:
   886 ;;		_command
   887 ;; This function is called by:
   888 ;;		_LCD_Init
   889 ;; This function uses a non-reentrant model
   890 ;;
   891                           
   892                           
   893                           ;psect for function _LCD_Clear
   894  01B4                     _LCD_Clear:	
   895                           
   896                           ;PIC16F1827-I2CLCD02.c: 241: command(0x01);
   897                           
   898                           ;incstack = 0
   899                           ; Regs used in _LCD_Clear: [wreg+status,2+status,0+pclath+cstack]
   900  01B4  3001               	movlw	1
   901  01B5  3181  2159  3181   	fcall	_command
   902                           
   903                           ;PIC16F1827-I2CLCD02.c: 242: _delay((unsigned long)((1100)*(8000000/4000000.0)));
   904  01B8  3003               	movlw	3
   905  01B9  0020               	movlb	0	; select bank0
   906  01BA  00AC               	movwf	??_LCD_Clear+1
   907  01BB  30DA               	movlw	218
   908  01BC  00AB               	movwf	??_LCD_Clear
   909  01BD                     u407:	
   910  01BD  0BAB               	decfsz	??_LCD_Clear,f
   911  01BE  29BD               	goto	u407
   912  01BF  0BAC               	decfsz	??_LCD_Clear+1,f
   913  01C0  29BD               	goto	u407
   914  01C1  0000               	nop
   915  01C2  0008               	return
   916  01C3                     __end_of_LCD_Clear:	
   917                           
   918                           	psect	text5
   919  0159                     __ptext5:	
   920 ;; *************** function _command *****************
   921 ;; Defined at:
   922 ;;		line 223 in file "PIC16F1827-I2CLCD02.c"
   923 ;; Parameters:    Size  Location     Type
   924 ;;  c               1    wreg     unsigned char 
   925 ;; Auto vars:     Size  Location     Type
   926 ;;  c               1   12[COMMON] unsigned char 
   927 ;;  ans             2   10[COMMON] int 
   928 ;; Return value:  Size  Location     Type
   929 ;;		None               void
   930 ;; Registers used:
   931 ;;		wreg, status,2, status,0, pclath, cstack
   932 ;; Tracked objects:
   933 ;;		On entry : 0/0
   934 ;;		On exit  : 0/0
   935 ;;		Unchanged: 0/0
   936 ;; Data sizes:     COMMON   BANK0   BANK1   BANK2   BANK3   BANK4
   937 ;;      Params:         0       0       0       0       0       0
   938 ;;      Locals:         3       0       0       0       0       0
   939 ;;      Temps:          1       0       0       0       0       0
   940 ;;      Totals:         4       0       0       0       0       0
   941 ;;Total ram usage:        4 bytes
   942 ;; Hardware stack levels used:    1
   943 ;; Hardware stack levels required when called:    4
   944 ;; This function calls:
   945 ;;		_I2C_Send
   946 ;;		_I2C_Start
   947 ;;		_I2C_Stop
   948 ;; This function is called by:
   949 ;;		_LCD_Clear
   950 ;;		_LCD_SetCursor
   951 ;;		_LCD_Init
   952 ;; This function uses a non-reentrant model
   953 ;;
   954                           
   955                           
   956                           ;psect for function _command
   957  0159                     _command:	
   958                           
   959                           ;incstack = 0
   960                           ; Regs used in _command: [wreg+status,2+status,0+pclath+cstack]
   961                           ;command@c stored from wreg
   962  0159  00FC               	movwf	command@c
   963                           
   964                           ;PIC16F1827-I2CLCD02.c: 224: int ans;
   965                           ;PIC16F1827-I2CLCD02.c: 226: ans = I2C_Start(0x3E, 0);
   966  015A  303E               	movlw	62
   967  015B  00F3               	movwf	I2C_Start@adrs
   968  015C  3000               	movlw	0
   969  015D  00F4               	movwf	I2C_Start@adrs+1
   970  015E  3000               	movlw	0
   971  015F  00F5               	movwf	I2C_Start@rw
   972  0160  00F6               	movwf	I2C_Start@rw+1
   973  0161  3181  2135  3181   	fcall	_I2C_Start
   974  0164  0874               	movf	?_I2C_Start+1,w
   975  0165  00FB               	movwf	command@ans+1
   976  0166  0873               	movf	?_I2C_Start,w
   977  0167  00FA               	movwf	command@ans
   978                           
   979                           ;PIC16F1827-I2CLCD02.c: 227: if (ans == 0) {
   980  0168  087A               	movf	command@ans,w
   981  0169  047B               	iorwf	command@ans+1,w
   982  016A  1D03               	btfss	3,2
   983  016B  2974               	goto	l95
   984                           
   985                           ;PIC16F1827-I2CLCD02.c: 229: I2C_Send(0b10000000);
   986  016C  3080               	movlw	128
   987  016D  3181  217C  3181   	fcall	_I2C_Send
   988                           
   989                           ;PIC16F1827-I2CLCD02.c: 230: I2C_Send(c);
   990  0170  087C               	movf	command@c,w
   991  0171  3181  217C  3181   	fcall	_I2C_Send
   992  0174                     l95:	
   993                           
   994                           ;PIC16F1827-I2CLCD02.c: 231: }
   995                           ;PIC16F1827-I2CLCD02.c: 232: I2C_Stop();
   996  0174  3181  21FA  3181   	fcall	_I2C_Stop
   997                           
   998                           ;PIC16F1827-I2CLCD02.c: 233: _delay((unsigned long)((26)*(8000000/4000000.0)));
   999  0177  3011               	movlw	17
  1000  0178  00F9               	movwf	??_command
  1001  0179                     u417:	
  1002  0179  0BF9               	decfsz	??_command,f
  1003  017A  2979               	goto	u417
  1004  017B  0008               	return
  1005  017C                     __end_of_command:	
  1006                           
  1007                           	psect	text6
  1008  0023                     __ptext6:	
  1009 ;; *************** function _LCD_CreateChar *****************
  1010 ;; Defined at:
  1011 ;;		line 305 in file "PIC16F1827-I2CLCD02.c"
  1012 ;; Parameters:    Size  Location     Type
  1013 ;;  p               2    9[COMMON] int 
  1014 ;;  dt              1   11[COMMON] PTR unsigned char 
  1015 ;;		 -> heart(7), 
  1016 ;; Auto vars:     Size  Location     Type
  1017 ;;  i               2    2[BANK0 ] int 
  1018 ;;  ans             2    0[BANK0 ] int 
  1019 ;; Return value:  Size  Location     Type
  1020 ;;		None               void
  1021 ;; Registers used:
  1022 ;;		wreg, fsr1l, fsr1h, status,2, status,0, pclath, cstack
  1023 ;; Tracked objects:
  1024 ;;		On entry : 0/0
  1025 ;;		On exit  : 0/0
  1026 ;;		Unchanged: 0/0
  1027 ;; Data sizes:     COMMON   BANK0   BANK1   BANK2   BANK3   BANK4
  1028 ;;      Params:         3       0       0       0       0       0
  1029 ;;      Locals:         0       4       0       0       0       0
  1030 ;;      Temps:          1       0       0       0       0       0
  1031 ;;      Totals:         4       4       0       0       0       0
  1032 ;;Total ram usage:        8 bytes
  1033 ;; Hardware stack levels used:    1
  1034 ;; Hardware stack levels required when called:    4
  1035 ;; This function calls:
  1036 ;;		_I2C_Send
  1037 ;;		_I2C_Start
  1038 ;;		_I2C_Stop
  1039 ;; This function is called by:
  1040 ;;		_main
  1041 ;; This function uses a non-reentrant model
  1042 ;;
  1043                           
  1044                           
  1045                           ;psect for function _LCD_CreateChar
  1046  0023                     _LCD_CreateChar:	
  1047                           
  1048                           ;PIC16F1827-I2CLCD02.c: 306: int ans;
  1049                           ;PIC16F1827-I2CLCD02.c: 308: ans = I2C_Start(0x3E, 0);
  1050                           
  1051                           ;incstack = 0
  1052                           ; Regs used in _LCD_CreateChar: [wreg+fsr1l+fsr1h+status,2+status,0+pclath+cstack]
  1053  0023  303E               	movlw	62
  1054  0024  00F3               	movwf	I2C_Start@adrs
  1055  0025  3000               	movlw	0
  1056  0026  00F4               	movwf	I2C_Start@adrs+1
  1057  0027  3000               	movlw	0
  1058  0028  00F5               	movwf	I2C_Start@rw
  1059  0029  00F6               	movwf	I2C_Start@rw+1
  1060  002A  3181  2135  3180   	fcall	_I2C_Start
  1061  002D  0874               	movf	?_I2C_Start+1,w
  1062  002E  0020               	movlb	0	; select bank0
  1063  002F  00AC               	movwf	LCD_CreateChar@ans+1
  1064  0030  0873               	movf	?_I2C_Start,w
  1065  0031  00AB               	movwf	LCD_CreateChar@ans
  1066                           
  1067                           ;PIC16F1827-I2CLCD02.c: 309: if (ans == 0) {
  1068  0032  082B               	movf	LCD_CreateChar@ans,w
  1069  0033  042C               	iorwf	LCD_CreateChar@ans+1,w
  1070  0034  1D03               	btfss	3,2
  1071  0035  287B               	goto	l961
  1072                           
  1073                           ;PIC16F1827-I2CLCD02.c: 311: I2C_Send(0b10000000);
  1074  0036  3080               	movlw	128
  1075  0037  3181  217C  3180   	fcall	_I2C_Send
  1076                           
  1077                           ;PIC16F1827-I2CLCD02.c: 312: I2C_Send(0x40 | (p << 3));
  1078  003A  0879               	movf	LCD_CreateChar@p,w
  1079  003B  00FC               	movwf	??_LCD_CreateChar
  1080  003C  3002               	movlw	2
  1081  003D                     u295:	
  1082  003D  35FC               	lslf	??_LCD_CreateChar,f
  1083  003E  3EFF               	addlw	-1
  1084  003F  1D03               	skipz
  1085  0040  283D               	goto	u295
  1086  0041  357C               	lslf	??_LCD_CreateChar,w
  1087  0042  3840               	iorlw	64
  1088  0043  3181  217C  3180   	fcall	_I2C_Send
  1089                           
  1090                           ;PIC16F1827-I2CLCD02.c: 313: _delay((unsigned long)((26)*(8000000/4000000.0)));
  1091  0046  3011               	movlw	17
  1092  0047  00FC               	movwf	??_LCD_CreateChar
  1093  0048                     u427:	
  1094  0048  0BFC               	decfsz	??_LCD_CreateChar,f
  1095  0049  2848               	goto	u427
  1096                           
  1097                           ;PIC16F1827-I2CLCD02.c: 315: I2C_Send(0b01000000);
  1098  004A  3040               	movlw	64
  1099  004B  3181  217C  3180   	fcall	_I2C_Send
  1100                           
  1101                           ;PIC16F1827-I2CLCD02.c: 316: for (int i = 0; i < 7; i++) {
  1102  004E  0020               	movlb	0	; select bank0
  1103  004F  01AD               	clrf	LCD_CreateChar@i
  1104  0050  01AE               	clrf	LCD_CreateChar@i+1
  1105  0051  082E               	movf	LCD_CreateChar@i+1,w
  1106  0052  3A80               	xorlw	128
  1107  0053  00FC               	movwf	??_LCD_CreateChar
  1108  0054  3080               	movlw	128
  1109  0055  027C               	subwf	??_LCD_CreateChar,w
  1110  0056  1D03               	skipz
  1111  0057  285A               	goto	u305
  1112  0058  3007               	movlw	7
  1113  0059  022D               	subwf	LCD_CreateChar@i,w
  1114  005A                     u305:	
  1115  005A  1803               	btfsc	3,0
  1116  005B  287B               	goto	l961
  1117  005C                     l951:	
  1118                           
  1119                           ;PIC16F1827-I2CLCD02.c: 317: I2C_Send(*dt++);
  1120  005C  087B               	movf	LCD_CreateChar@dt,w
  1121  005D  0086               	movwf	6
  1122  005E  0187               	clrf	7
  1123  005F  0801               	movf	1,w
  1124  0060  3181  217C  3180   	fcall	_I2C_Send
  1125  0063  3001               	movlw	1
  1126  0064  00FC               	movwf	??_LCD_CreateChar
  1127  0065  087C               	movf	??_LCD_CreateChar,w
  1128  0066  07FB               	addwf	LCD_CreateChar@dt,f
  1129                           
  1130                           ;PIC16F1827-I2CLCD02.c: 318: _delay((unsigned long)((26)*(8000000/4000000.0)));
  1131  0067  3011               	movlw	17
  1132  0068  00FC               	movwf	??_LCD_CreateChar
  1133  0069                     u437:	
  1134  0069  0BFC               	decfsz	??_LCD_CreateChar,f
  1135  006A  2869               	goto	u437
  1136  006B  3001               	movlw	1
  1137  006C  0020               	movlb	0	; select bank0
  1138  006D  07AD               	addwf	LCD_CreateChar@i,f
  1139  006E  3000               	movlw	0
  1140  006F  3DAE               	addwfc	LCD_CreateChar@i+1,f
  1141  0070  082E               	movf	LCD_CreateChar@i+1,w
  1142  0071  3A80               	xorlw	128
  1143  0072  00FC               	movwf	??_LCD_CreateChar
  1144  0073  3080               	movlw	128
  1145  0074  027C               	subwf	??_LCD_CreateChar,w
  1146  0075  1D03               	skipz
  1147  0076  2879               	goto	u315
  1148  0077  3007               	movlw	7
  1149  0078  022D               	subwf	LCD_CreateChar@i,w
  1150  0079                     u315:	
  1151  0079  1C03               	skipc
  1152  007A  285C               	goto	l951
  1153  007B                     l961:	
  1154                           
  1155                           ;PIC16F1827-I2CLCD02.c: 319: }
  1156                           ;PIC16F1827-I2CLCD02.c: 320: }
  1157                           ;PIC16F1827-I2CLCD02.c: 321: I2C_Stop();
  1158  007B  3181  21FA         	fcall	_I2C_Stop
  1159  007D  0008               	return
  1160  007E                     __end_of_LCD_CreateChar:	
  1161                           
  1162                           	psect	text7
  1163  01FA                     __ptext7:	
  1164 ;; *************** function _I2C_Stop *****************
  1165 ;; Defined at:
  1166 ;;		line 157 in file "PIC16F1827-I2CLCD02.c"
  1167 ;; Parameters:    Size  Location     Type
  1168 ;;		None
  1169 ;; Auto vars:     Size  Location     Type
  1170 ;;		None
  1171 ;; Return value:  Size  Location     Type
  1172 ;;		None               void
  1173 ;; Registers used:
  1174 ;;		wreg, status,2, status,0, pclath, cstack
  1175 ;; Tracked objects:
  1176 ;;		On entry : 0/0
  1177 ;;		On exit  : 0/0
  1178 ;;		Unchanged: 0/0
  1179 ;; Data sizes:     COMMON   BANK0   BANK1   BANK2   BANK3   BANK4
  1180 ;;      Params:         0       0       0       0       0       0
  1181 ;;      Locals:         0       0       0       0       0       0
  1182 ;;      Temps:          0       0       0       0       0       0
  1183 ;;      Totals:         0       0       0       0       0       0
  1184 ;;Total ram usage:        0 bytes
  1185 ;; Hardware stack levels used:    1
  1186 ;; Hardware stack levels required when called:    3
  1187 ;; This function calls:
  1188 ;;		_I2C_IdleCheck
  1189 ;; This function is called by:
  1190 ;;		_command
  1191 ;;		_LCD_Puts
  1192 ;;		_LCD_CreateChar
  1193 ;;		_LCD_Putc
  1194 ;;		_RTC_write
  1195 ;;		_RTC_read
  1196 ;; This function uses a non-reentrant model
  1197 ;;
  1198                           
  1199                           
  1200                           ;psect for function _I2C_Stop
  1201  01FA                     _I2C_Stop:	
  1202                           
  1203                           ;PIC16F1827-I2CLCD02.c: 159: I2C_IdleCheck(0x5);
  1204                           
  1205                           ;incstack = 0
  1206                           ; Regs used in _I2C_Stop: [wreg+status,2+status,0+pclath+cstack]
  1207  01FA  3005               	movlw	5
  1208  01FB  3181  21E9         	fcall	_I2C_IdleCheck
  1209                           
  1210                           ;PIC16F1827-I2CLCD02.c: 160: SSP1CON2bits.PEN = 1;
  1211  01FD  0024               	movlb	4	; select bank4
  1212  01FE  1516               	bsf	22,2	;volatile
  1213  01FF  0008               	return
  1214  0200                     __end_of_I2C_Stop:	
  1215                           
  1216                           	psect	text8
  1217  0135                     __ptext8:	
  1218 ;; *************** function _I2C_Start *****************
  1219 ;; Defined at:
  1220 ;;		line 120 in file "PIC16F1827-I2CLCD02.c"
  1221 ;; Parameters:    Size  Location     Type
  1222 ;;  adrs            2    3[COMMON] int 
  1223 ;;  rw              2    5[COMMON] int 
  1224 ;; Auto vars:     Size  Location     Type
  1225 ;;		None
  1226 ;; Return value:  Size  Location     Type
  1227 ;;                  2    3[COMMON] int 
  1228 ;; Registers used:
  1229 ;;		wreg, status,2, status,0, pclath, cstack
  1230 ;; Tracked objects:
  1231 ;;		On entry : 0/0
  1232 ;;		On exit  : 0/0
  1233 ;;		Unchanged: 0/0
  1234 ;; Data sizes:     COMMON   BANK0   BANK1   BANK2   BANK3   BANK4
  1235 ;;      Params:         4       0       0       0       0       0
  1236 ;;      Locals:         0       0       0       0       0       0
  1237 ;;      Temps:          2       0       0       0       0       0
  1238 ;;      Totals:         6       0       0       0       0       0
  1239 ;;Total ram usage:        6 bytes
  1240 ;; Hardware stack levels used:    1
  1241 ;; Hardware stack levels required when called:    3
  1242 ;; This function calls:
  1243 ;;		_I2C_IdleCheck
  1244 ;; This function is called by:
  1245 ;;		_command
  1246 ;;		_LCD_Puts
  1247 ;;		_LCD_CreateChar
  1248 ;;		_LCD_Putc
  1249 ;;		_RTC_write
  1250 ;;		_RTC_read
  1251 ;; This function uses a non-reentrant model
  1252 ;;
  1253                           
  1254                           
  1255                           ;psect for function _I2C_Start
  1256  0135                     _I2C_Start:	
  1257                           
  1258                           ;PIC16F1827-I2CLCD02.c: 122: I2C_IdleCheck(0x5);
  1259                           
  1260                           ;incstack = 0
  1261                           ; Regs used in _I2C_Start: [wreg+status,2+status,0+pclath+cstack]
  1262  0135  3005               	movlw	5
  1263  0136  3181  21E9  3181   	fcall	_I2C_IdleCheck
  1264                           
  1265                           ;PIC16F1827-I2CLCD02.c: 123: SSP1CON2bits.SEN = 1;
  1266  0139  0024               	movlb	4	; select bank4
  1267  013A  1416               	bsf	22,0	;volatile
  1268                           
  1269                           ;PIC16F1827-I2CLCD02.c: 125: I2C_IdleCheck(0x5);
  1270  013B  3005               	movlw	5
  1271  013C  3181  21E9  3181   	fcall	_I2C_IdleCheck
  1272                           
  1273                           ;PIC16F1827-I2CLCD02.c: 126: AckCheck = 1;
  1274  013F  3001               	movlw	1
  1275  0140  0020               	movlb	0	; select bank0
  1276  0141  00B4               	movwf	_AckCheck
  1277  0142  3000               	movlw	0
  1278  0143  00B5               	movwf	_AckCheck+1
  1279                           
  1280                           ;PIC16F1827-I2CLCD02.c: 127: SSP1BUF = (char) ((adrs << 1) + rw);
  1281  0144  3573               	lslf	I2C_Start@adrs,w
  1282  0145  0775               	addwf	I2C_Start@rw,w
  1283  0146  0024               	movlb	4	; select bank4
  1284  0147  0091               	movwf	17	;volatile
  1285  0148                     l843:	
  1286                           ;PIC16F1827-I2CLCD02.c: 128: while (AckCheck);
  1287                           
  1288  0148  0020               	movlb	0	; select bank0
  1289  0149  0834               	movf	_AckCheck,w
  1290  014A  0435               	iorwf	_AckCheck+1,w
  1291  014B  1D03               	btfss	3,2
  1292  014C  2948               	goto	l843
  1293                           
  1294                           ;PIC16F1827-I2CLCD02.c: 129: return SSP1CON2bits.ACKSTAT;
  1295  014D  0024               	movlb	4	; select bank4
  1296  014E  0E16               	swapf	22,w	;volatile
  1297  014F  0C89               	rrf	9,f
  1298  0150  0C89               	rrf	9,f
  1299  0151  3901               	andlw	1
  1300  0152  00F7               	movwf	??_I2C_Start
  1301  0153  01F8               	clrf	??_I2C_Start+1
  1302  0154  0877               	movf	??_I2C_Start,w
  1303  0155  00F3               	movwf	?_I2C_Start
  1304  0156  0878               	movf	??_I2C_Start+1,w
  1305  0157  00F4               	movwf	?_I2C_Start+1
  1306  0158  0008               	return
  1307  0159                     __end_of_I2C_Start:	
  1308                           
  1309                           	psect	text9
  1310  017C                     __ptext9:	
  1311 ;; *************** function _I2C_Send *****************
  1312 ;; Defined at:
  1313 ;;		line 170 in file "PIC16F1827-I2CLCD02.c"
  1314 ;; Parameters:    Size  Location     Type
  1315 ;;  dt              1    wreg     unsigned char 
  1316 ;; Auto vars:     Size  Location     Type
  1317 ;;  dt              1    3[COMMON] unsigned char 
  1318 ;; Return value:  Size  Location     Type
  1319 ;;                  2   85[None  ] int 
  1320 ;; Registers used:
  1321 ;;		wreg, status,2, status,0, pclath, cstack
  1322 ;; Tracked objects:
  1323 ;;		On entry : 0/0
  1324 ;;		On exit  : 0/0
  1325 ;;		Unchanged: 0/0
  1326 ;; Data sizes:     COMMON   BANK0   BANK1   BANK2   BANK3   BANK4
  1327 ;;      Params:         0       0       0       0       0       0
  1328 ;;      Locals:         1       0       0       0       0       0
  1329 ;;      Temps:          0       0       0       0       0       0
  1330 ;;      Totals:         1       0       0       0       0       0
  1331 ;;Total ram usage:        1 bytes
  1332 ;; Hardware stack levels used:    1
  1333 ;; Hardware stack levels required when called:    3
  1334 ;; This function calls:
  1335 ;;		_I2C_IdleCheck
  1336 ;; This function is called by:
  1337 ;;		_command
  1338 ;;		_LCD_Puts
  1339 ;;		_LCD_CreateChar
  1340 ;;		_LCD_Putc
  1341 ;;		_RTC_write
  1342 ;;		_RTC_read
  1343 ;; This function uses a non-reentrant model
  1344 ;;
  1345                           
  1346                           
  1347                           ;psect for function _I2C_Send
  1348  017C                     _I2C_Send:	
  1349                           
  1350                           ;incstack = 0
  1351                           ; Regs used in _I2C_Send: [wreg+status,2+status,0+pclath+cstack]
  1352                           ;I2C_Send@dt stored from wreg
  1353  017C  00F3               	movwf	I2C_Send@dt
  1354                           
  1355                           ;PIC16F1827-I2CLCD02.c: 171: I2C_IdleCheck(0x5);
  1356  017D  3005               	movlw	5
  1357  017E  3181  21E9  3181   	fcall	_I2C_IdleCheck
  1358                           
  1359                           ;PIC16F1827-I2CLCD02.c: 172: AckCheck = 1;
  1360  0181  3001               	movlw	1
  1361  0182  0020               	movlb	0	; select bank0
  1362  0183  00B4               	movwf	_AckCheck
  1363  0184  3000               	movlw	0
  1364  0185  00B5               	movwf	_AckCheck+1
  1365                           
  1366                           ;PIC16F1827-I2CLCD02.c: 173: SSP1BUF = dt;
  1367  0186  0873               	movf	I2C_Send@dt,w
  1368  0187  0024               	movlb	4	; select bank4
  1369  0188  0091               	movwf	17	;volatile
  1370  0189                     l859:	
  1371                           ;PIC16F1827-I2CLCD02.c: 174: while (AckCheck);
  1372                           
  1373  0189  0020               	movlb	0	; select bank0
  1374  018A  0834               	movf	_AckCheck,w
  1375  018B  0435               	iorwf	_AckCheck+1,w
  1376  018C  1D03               	btfss	3,2
  1377  018D  2989               	goto	l859
  1378                           
  1379                           ;PIC16F1827-I2CLCD02.c: 175: return SSP1CON2bits.ACKSTAT;
  1380                           ;	Return value of _I2C_Send is never used
  1381  018E  0024               	movlb	4	; select bank4
  1382  018F  0816               	movf	22,w	;volatile
  1383  0190  0008               	return
  1384  0191                     __end_of_I2C_Send:	
  1385                           
  1386                           	psect	text10
  1387  01E9                     __ptext10:	
  1388 ;; *************** function _I2C_IdleCheck *****************
  1389 ;; Defined at:
  1390 ;;		line 74 in file "PIC16F1827-I2CLCD02.c"
  1391 ;; Parameters:    Size  Location     Type
  1392 ;;  mask            1    wreg     unsigned char 
  1393 ;; Auto vars:     Size  Location     Type
  1394 ;;  mask            1    2[COMMON] unsigned char 
  1395 ;; Return value:  Size  Location     Type
  1396 ;;		None               void
  1397 ;; Registers used:
  1398 ;;		wreg, status,2, status,0
  1399 ;; Tracked objects:
  1400 ;;		On entry : 0/0
  1401 ;;		On exit  : 0/0
  1402 ;;		Unchanged: 0/0
  1403 ;; Data sizes:     COMMON   BANK0   BANK1   BANK2   BANK3   BANK4
  1404 ;;      Params:         0       0       0       0       0       0
  1405 ;;      Locals:         1       0       0       0       0       0
  1406 ;;      Temps:          1       0       0       0       0       0
  1407 ;;      Totals:         2       0       0       0       0       0
  1408 ;;Total ram usage:        2 bytes
  1409 ;; Hardware stack levels used:    1
  1410 ;; Hardware stack levels required when called:    2
  1411 ;; This function calls:
  1412 ;;		Nothing
  1413 ;; This function is called by:
  1414 ;;		_I2C_Start
  1415 ;;		_I2C_Stop
  1416 ;;		_I2C_Send
  1417 ;;		_I2C_rStart
  1418 ;;		_I2C_Receive
  1419 ;; This function uses a non-reentrant model
  1420 ;;
  1421                           
  1422                           
  1423                           ;psect for function _I2C_IdleCheck
  1424  01E9                     _I2C_IdleCheck:	
  1425                           
  1426                           ;incstack = 0
  1427                           ; Regs used in _I2C_IdleCheck: [wreg+status,2+status,0]
  1428                           ;I2C_IdleCheck@mask stored from wreg
  1429  01E9  00F2               	movwf	I2C_IdleCheck@mask
  1430  01EA                     l833:	
  1431                           ;PIC16F1827-I2CLCD02.c: 75: while ((SSP1CON2 & 0x1F) | (SSP1STAT & mask));
  1432                           
  1433  01EA  0872               	movf	I2C_IdleCheck@mask,w
  1434  01EB  0024               	movlb	4	; select bank4
  1435  01EC  0514               	andwf	20,w	;volatile
  1436  01ED  00F1               	movwf	??_I2C_IdleCheck
  1437  01EE  0816               	movf	22,w	;volatile
  1438  01EF  391F               	andlw	31
  1439  01F0  0471               	iorwf	??_I2C_IdleCheck,w
  1440  01F1  1903               	btfsc	3,2
  1441  01F2  0008               	return
  1442  01F3  29EA               	goto	l833
  1443  01F4                     __end_of_I2C_IdleCheck:	
  1444                           
  1445                           	psect	text11
  1446  01A4                     __ptext11:	
  1447 ;; *************** function _InitI2C_Master *****************
  1448 ;; Defined at:
  1449 ;;		line 99 in file "PIC16F1827-I2CLCD02.c"
  1450 ;; Parameters:    Size  Location     Type
  1451 ;;		None
  1452 ;; Auto vars:     Size  Location     Type
  1453 ;;		None
  1454 ;; Return value:  Size  Location     Type
  1455 ;;		None               void
  1456 ;; Registers used:
  1457 ;;		wreg
  1458 ;; Tracked objects:
  1459 ;;		On entry : 0/0
  1460 ;;		On exit  : 0/0
  1461 ;;		Unchanged: 0/0
  1462 ;; Data sizes:     COMMON   BANK0   BANK1   BANK2   BANK3   BANK4
  1463 ;;      Params:         0       0       0       0       0       0
  1464 ;;      Locals:         0       0       0       0       0       0
  1465 ;;      Temps:          0       0       0       0       0       0
  1466 ;;      Totals:         0       0       0       0       0       0
  1467 ;;Total ram usage:        0 bytes
  1468 ;; Hardware stack levels used:    1
  1469 ;; Hardware stack levels required when called:    2
  1470 ;; This function calls:
  1471 ;;		Nothing
  1472 ;; This function is called by:
  1473 ;;		_main
  1474 ;; This function uses a non-reentrant model
  1475 ;;
  1476                           
  1477                           
  1478                           ;psect for function _InitI2C_Master
  1479  01A4                     _InitI2C_Master:	
  1480                           
  1481                           ;PIC16F1827-I2CLCD02.c: 100: SSP1STAT = 0b10000000;
  1482                           
  1483                           ;incstack = 0
  1484                           ; Regs used in _InitI2C_Master: [wreg]
  1485  01A4  3080               	movlw	128
  1486  01A5  0024               	movlb	4	; select bank4
  1487  01A6  0094               	movwf	20	;volatile
  1488                           
  1489                           ;PIC16F1827-I2CLCD02.c: 101: SSP1CON1 = 0b00101000;
  1490  01A7  3028               	movlw	40
  1491  01A8  0095               	movwf	21	;volatile
  1492                           
  1493                           ;PIC16F1827-I2CLCD02.c: 102: SSP1ADD = 0x13;
  1494  01A9  3013               	movlw	19
  1495  01AA  0092               	movwf	18	;volatile
  1496                           
  1497                           ;PIC16F1827-I2CLCD02.c: 103: SSP1IE = 1;
  1498  01AB  0021               	movlb	1	; select bank1
  1499  01AC  1591               	bsf	17,3	;volatile
  1500                           
  1501                           ;PIC16F1827-I2CLCD02.c: 104: BCL1IE = 1;
  1502  01AD  1592               	bsf	18,3	;volatile
  1503                           
  1504                           ;PIC16F1827-I2CLCD02.c: 105: PEIE = 1;
  1505  01AE  170B               	bsf	11,6	;volatile
  1506                           
  1507                           ;PIC16F1827-I2CLCD02.c: 106: GIE = 1;
  1508  01AF  178B               	bsf	11,7	;volatile
  1509                           
  1510                           ;PIC16F1827-I2CLCD02.c: 107: SSP1IF = 0;
  1511  01B0  0020               	movlb	0	; select bank0
  1512  01B1  1191               	bcf	17,3	;volatile
  1513                           
  1514                           ;PIC16F1827-I2CLCD02.c: 108: BCL1IF = 0;
  1515  01B2  1192               	bcf	18,3	;volatile
  1516  01B3  0008               	return
  1517  01B4                     __end_of_InitI2C_Master:	
  1518                           
  1519                           	psect	intentry
  1520  0004                     __pintentry:	
  1521 ;; *************** function _InterFunction *****************
  1522 ;; Defined at:
  1523 ;;		line 43 in file "PIC16F1827-I2CLCD02.c"
  1524 ;; Parameters:    Size  Location     Type
  1525 ;;		None
  1526 ;; Auto vars:     Size  Location     Type
  1527 ;;		None
  1528 ;; Return value:  Size  Location     Type
  1529 ;;		None               void
  1530 ;; Registers used:
  1531 ;;		wreg, status,2, status,0, pclath, cstack
  1532 ;; Tracked objects:
  1533 ;;		On entry : 0/0
  1534 ;;		On exit  : 0/0
  1535 ;;		Unchanged: 0/0
  1536 ;; Data sizes:     COMMON   BANK0   BANK1   BANK2   BANK3   BANK4
  1537 ;;      Params:         0       0       0       0       0       0
  1538 ;;      Locals:         0       0       0       0       0       0
  1539 ;;      Temps:          1       0       0       0       0       0
  1540 ;;      Totals:         1       0       0       0       0       0
  1541 ;;Total ram usage:        1 bytes
  1542 ;; Hardware stack levels used:    1
  1543 ;; Hardware stack levels required when called:    1
  1544 ;; This function calls:
  1545 ;;		_InterI2C
  1546 ;; This function is called by:
  1547 ;;		Interrupt level 1
  1548 ;; This function uses a non-reentrant model
  1549 ;;
  1550                           
  1551  0004                     _InterFunction:	
  1552                           
  1553                           ;incstack = 0
  1554                           ; Regs used in _InterFunction: [wreg+status,2+status,0+pclath+cstack]
  1555  0004  147E               	bsf	126,0	;set compiler interrupt flag (level 1)
  1556  0005  3180               	pagesel	$
  1557  0006  0020               	movlb	0	; select bank0
  1558  0007  087F               	movf	127,w
  1559  0008  00F0               	movwf	??_InterFunction
  1560                           
  1561                           ;PIC16F1827-I2CLCD02.c: 45: InterI2C();
  1562  0009  3181  21C3         	fcall	_InterI2C
  1563  000B  0870               	movf	??_InterFunction,w
  1564  000C  0020               	movlb	0	; select bank0
  1565  000D  00FF               	movwf	127
  1566  000E  107E               	bcf	126,0	;clear compiler interrupt flag (level 1)
  1567  000F  0009               	retfie
  1568  0010                     __end_of_InterFunction:	
  1569                           
  1570                           	psect	text13
  1571  01C3                     __ptext13:	
  1572 ;; *************** function _InterI2C *****************
  1573 ;; Defined at:
  1574 ;;		line 83 in file "PIC16F1827-I2CLCD02.c"
  1575 ;; Parameters:    Size  Location     Type
  1576 ;;		None
  1577 ;; Auto vars:     Size  Location     Type
  1578 ;;		None
  1579 ;; Return value:  Size  Location     Type
  1580 ;;		None               void
  1581 ;; Registers used:
  1582 ;;		wreg, status,2, status,0
  1583 ;; Tracked objects:
  1584 ;;		On entry : 0/0
  1585 ;;		On exit  : 0/0
  1586 ;;		Unchanged: 0/0
  1587 ;; Data sizes:     COMMON   BANK0   BANK1   BANK2   BANK3   BANK4
  1588 ;;      Params:         0       0       0       0       0       0
  1589 ;;      Locals:         0       0       0       0       0       0
  1590 ;;      Temps:          0       0       0       0       0       0
  1591 ;;      Totals:         0       0       0       0       0       0
  1592 ;;Total ram usage:        0 bytes
  1593 ;; Hardware stack levels used:    1
  1594 ;; This function calls:
  1595 ;;		Nothing
  1596 ;; This function is called by:
  1597 ;;		_InterFunction
  1598 ;; This function uses a non-reentrant model
  1599 ;;
  1600                           
  1601                           
  1602                           ;psect for function _InterI2C
  1603  01C3                     _InterI2C:	
  1604                           
  1605                           ;PIC16F1827-I2CLCD02.c: 84: if (SSP1IF == 1) {
  1606                           
  1607                           ;incstack = 0
  1608                           ; Regs used in _InterI2C: [wreg+status,2+status,0]
  1609  01C3  0020               	movlb	0	; select bank0
  1610  01C4  1D91               	btfss	17,3	;volatile
  1611  01C5  29CD               	goto	i1l885
  1612                           
  1613                           ;PIC16F1827-I2CLCD02.c: 85: if (AckCheck == 1) AckCheck = 0;
  1614  01C6  0334               	decf	_AckCheck,w
  1615  01C7  0435               	iorwf	_AckCheck+1,w
  1616  01C8  1D03               	btfss	3,2
  1617  01C9  29CC               	goto	i1l883
  1618  01CA  01B4               	clrf	_AckCheck
  1619  01CB  01B5               	clrf	_AckCheck+1
  1620  01CC                     i1l883:	
  1621                           
  1622                           ;PIC16F1827-I2CLCD02.c: 86: SSP1IF = 0;
  1623  01CC  1191               	bcf	17,3	;volatile
  1624  01CD                     i1l885:	
  1625                           
  1626                           ;PIC16F1827-I2CLCD02.c: 87: }
  1627                           ;PIC16F1827-I2CLCD02.c: 88: if (BCL1IF == 1) {
  1628  01CD  1D92               	btfss	18,3	;volatile
  1629  01CE  0008               	return
  1630                           
  1631                           ;PIC16F1827-I2CLCD02.c: 89: BCL1IF = 0;
  1632  01CF  1192               	bcf	18,3	;volatile
  1633  01D0  0008               	return
  1634  01D1                     __end_of_InterI2C:	
  1635  007E                     btemp	set	126	;btemp
  1636  007E                     int$flags	set	126
  1637  007E                     wtemp	set	126
  1638  007E                     wtemp0	set	126
  1639  0080                     wtemp1	set	128
  1640  0082                     wtemp2	set	130
  1641  0084                     wtemp3	set	132
  1642  0086                     wtemp4	set	134
  1643  0088                     wtemp5	set	136
  1644  007F                     wtemp6	set	127
  1645  007E                     ttemp	set	126
  1646  007E                     ttemp0	set	126
  1647  0081                     ttemp1	set	129
  1648  0084                     ttemp2	set	132
  1649  0087                     ttemp3	set	135
  1650  007F                     ttemp4	set	127
  1651  007E                     ltemp	set	126
  1652  007E                     ltemp0	set	126
  1653  0082                     ltemp1	set	130
  1654  0086                     ltemp2	set	134
  1655  0080                     ltemp3	set	128


Data Sizes:
    Strings     13
    Constant    0
    Data        11
    BSS         2
    Persistent  0
    Stack       0

Auto Spaces:
    Space          Size  Autos    Used
    COMMON           14     13      13
    BANK0            80      9      22
    BANK1            80      0       0
    BANK2            80      0       0
    BANK3            80      0       0
    BANK4            48      0       0

Pointer List with Targets:

    LCD_CreateChar@dt	PTR unsigned char  size(1) Largest target is 7
		 -> heart(BANK0[7]), 

    LCD_Puts@s	PTR const unsigned char  size(2) Largest target is 7
		 -> STR_2(CODE[7]), STR_1(CODE[6]), 


Critical Paths under _main in COMMON

    _main->_LCD_CreateChar
    _LCD_SetCursor->_command
    _LCD_Puts->_I2C_Start
    _LCD_Init->_command
    _LCD_Clear->_command
    _command->_I2C_Start
    _LCD_CreateChar->_I2C_Start
    _I2C_Stop->_I2C_IdleCheck
    _I2C_Start->_I2C_IdleCheck
    _I2C_Send->_I2C_IdleCheck

Critical Paths under _InterFunction in COMMON

    None.

Critical Paths under _main in BANK0

    _main->_LCD_SetCursor
    _LCD_Init->_LCD_Clear

Critical Paths under _InterFunction in BANK0

    None.

Critical Paths under _main in BANK1

    None.

Critical Paths under _InterFunction in BANK1

    None.

Critical Paths under _main in BANK2

    None.

Critical Paths under _InterFunction in BANK2

    None.

Critical Paths under _main in BANK3

    None.

Critical Paths under _InterFunction in BANK3

    None.

Critical Paths under _main in BANK4

    None.

Critical Paths under _InterFunction in BANK4

    None.

Call Graph Tables:

 ---------------------------------------------------------------------------------
 (Depth) Function   	        Calls       Base Space   Used Autos Params    Refs
 ---------------------------------------------------------------------------------
 (0) _main                                                 1     1      0    6037
                                              8 BANK0      1     1      0
                     _InitI2C_Master
                     _LCD_CreateChar
                           _LCD_Init
                           _LCD_Puts
                      _LCD_SetCursor
 ---------------------------------------------------------------------------------
 (1) _LCD_SetCursor                                        8     4      4    1397
                                              0 BANK0      8     4      4
                            _command
 ---------------------------------------------------------------------------------
 (1) _LCD_Puts                                             5     3      2    1224
                                              9 COMMON     3     1      2
                                              0 BANK0      2     2      0
                           _I2C_Send
                          _I2C_Start
                           _I2C_Stop
 ---------------------------------------------------------------------------------
 (1) _LCD_Init                                             3     3      0    2146
                                              2 BANK0      3     3      0
                          _LCD_Clear
                            _command
 ---------------------------------------------------------------------------------
 (2) _LCD_Clear                                            2     2      0    1073
                                              0 BANK0      2     2      0
                            _command
 ---------------------------------------------------------------------------------
 (2) _command                                              4     4      0    1073
                                              9 COMMON     4     4      0
                           _I2C_Send
                          _I2C_Start
                           _I2C_Stop
 ---------------------------------------------------------------------------------
 (1) _LCD_CreateChar                                       8     5      3    1270
                                              9 COMMON     4     1      3
                                              0 BANK0      4     4      0
                           _I2C_Send
                          _I2C_Start
                           _I2C_Stop
 ---------------------------------------------------------------------------------
 (3) _I2C_Stop                                             0     0      0      22
                      _I2C_IdleCheck
 ---------------------------------------------------------------------------------
 (3) _I2C_Start                                            6     2      4     962
                                              3 COMMON     6     2      4
                      _I2C_IdleCheck
 ---------------------------------------------------------------------------------
 (3) _I2C_Send                                             1     1      0      44
                                              3 COMMON     1     1      0
                      _I2C_IdleCheck
 ---------------------------------------------------------------------------------
 (4) _I2C_IdleCheck                                        2     2      0      22
                                              1 COMMON     2     2      0
 ---------------------------------------------------------------------------------
 (1) _InitI2C_Master                                       0     0      0       0
 ---------------------------------------------------------------------------------
 Estimated maximum stack depth 4
 ---------------------------------------------------------------------------------
 (Depth) Function   	        Calls       Base Space   Used Autos Params    Refs
 ---------------------------------------------------------------------------------
 (6) _InterFunction                                        1     1      0       0
                                              0 COMMON     1     1      0
                           _InterI2C
 ---------------------------------------------------------------------------------
 (7) _InterI2C                                             0     0      0       0
 ---------------------------------------------------------------------------------
 Estimated maximum stack depth 7
 ---------------------------------------------------------------------------------

 Call Graph Graphs:

 _main (ROOT)
   _InitI2C_Master
   _LCD_CreateChar
     _I2C_Send
       _I2C_IdleCheck
     _I2C_Start
       _I2C_IdleCheck
     _I2C_Stop
       _I2C_IdleCheck
   _LCD_Init
     _LCD_Clear
       _command
         _I2C_Send
           _I2C_IdleCheck
         _I2C_Start
           _I2C_IdleCheck
         _I2C_Stop
           _I2C_IdleCheck
     _command
       _I2C_Send
         _I2C_IdleCheck
       _I2C_Start
         _I2C_IdleCheck
       _I2C_Stop
         _I2C_IdleCheck
   _LCD_Puts
     _I2C_Send
       _I2C_IdleCheck
     _I2C_Start
       _I2C_IdleCheck
     _I2C_Stop
       _I2C_IdleCheck
   _LCD_SetCursor
     _command
       _I2C_Send
         _I2C_IdleCheck
       _I2C_Start
         _I2C_IdleCheck
       _I2C_Stop
         _I2C_IdleCheck

 _InterFunction (ROOT)
   _InterI2C

 Address spaces:
Name               Size   Autos  Total    Cost      Usage
BIGRAM             170      0       0       0        0.0%
EEDATA             100      0       0       0        0.0%
NULL                 0      0       0       0        0.0%
CODE                 0      0       0       0        0.0%
BITCOMMON            E      0       0       1        0.0%
BITSFR0              0      0       0       1        0.0%
SFR0                 0      0       0       1        0.0%
COMMON               E      D       D       2       92.9%
BITSFR1              0      0       0       2        0.0%
SFR1                 0      0       0       2        0.0%
BITSFR2              0      0       0       3        0.0%
SFR2                 0      0       0       3        0.0%
STACK                0      0       0       3        0.0%
BITSFR3              0      0       0       4        0.0%
SFR3                 0      0       0       4        0.0%
ABS                  0      0      23       4        0.0%
BITBANK0            50      0       0       5        0.0%
BITSFR4              0      0       0       5        0.0%
SFR4                 0      0       0       5        0.0%
BANK0               50      9      16       6       27.5%
BITSFR5              0      0       0       6        0.0%
SFR5                 0      0       0       6        0.0%
BITBANK1            50      0       0       7        0.0%
BITSFR6              0      0       0       7        0.0%
SFR6                 0      0       0       7        0.0%
BANK1               50      0       0       8        0.0%
BITSFR7              0      0       0       8        0.0%
SFR7                 0      0       0       8        0.0%
BITBANK2            50      0       0       9        0.0%
BITSFR8              0      0       0       9        0.0%
SFR8                 0      0       0       9        0.0%
BANK2               50      0       0      10        0.0%
BITSFR9              0      0       0      10        0.0%
SFR9                 0      0       0      10        0.0%
BITBANK3            50      0       0      11        0.0%
BITSFR10             0      0       0      11        0.0%
SFR10                0      0       0      11        0.0%
BANK3               50      0       0      12        0.0%
BITSFR11             0      0       0      12        0.0%
SFR11                0      0       0      12        0.0%
BITBANK4            30      0       0      13        0.0%
BITSFR12             0      0       0      13        0.0%
SFR12                0      0       0      13        0.0%
BANK4               30      0       0      14        0.0%
BITSFR13             0      0       0      14        0.0%
SFR13                0      0       0      14        0.0%
BITSFR14             0      0       0      15        0.0%
SFR14                0      0       0      15        0.0%
DATA                 0      0      23      15        0.0%
BITSFR15             0      0       0      16        0.0%
SFR15                0      0       0      16        0.0%
BITSFR16             0      0       0      17        0.0%
SFR16                0      0       0      17        0.0%
BITSFR17             0      0       0      18        0.0%
SFR17                0      0       0      18        0.0%
BITSFR18             0      0       0      19        0.0%
SFR18                0      0       0      19        0.0%
BITSFR19             0      0       0      20        0.0%
SFR19                0      0       0      20        0.0%
BITSFR20             0      0       0      21        0.0%
SFR20                0      0       0      21        0.0%
BITSFR21             0      0       0      22        0.0%
SFR21                0      0       0      22        0.0%
BITSFR22             0      0       0      23        0.0%
SFR22                0      0       0      23        0.0%
BITSFR23             0      0       0      24        0.0%
SFR23                0      0       0      24        0.0%
BITSFR24             0      0       0      25        0.0%
SFR24                0      0       0      25        0.0%
BITSFR25             0      0       0      26        0.0%
SFR25                0      0       0      26        0.0%
BITSFR26             0      0       0      27        0.0%
SFR26                0      0       0      27        0.0%
BITSFR27             0      0       0      28        0.0%
SFR27                0      0       0      28        0.0%
BITSFR28             0      0       0      29        0.0%
SFR28                0      0       0      29        0.0%
BITSFR29             0      0       0      30        0.0%
SFR29                0      0       0      30        0.0%
BITSFR30             0      0       0      31        0.0%
SFR30                0      0       0      31        0.0%
BITSFR31             0      0       0      32        0.0%
SFR31                0      0       0      32        0.0%


Microchip Technology PIC Macro Assembler V1.35 build -356382666 
Symbol Table                                                                                   Mon Nov 16 18:57:41 2015

  __end_of_LCD_CreateChar 007E        __size_of_I2C_Start 0024                        l95 0174  
           _LCD_SetCursor 0191                       l136 00C4                       l833 01EA  
                     l843 0148                       l931 011A                       l933 0132  
                     l951 005C                       l961 007B                       l859 0189  
                     _GIE 005F                       u305 005A                       u315 0079  
                     u407 01BD                       u417 0179                       u427 0048  
                     u437 0069                       u295 003D                       u377 012F  
                     u387 00CA                       u397 00EE              __CFG_BORV$HI 0000  
                     wreg 0009              __CFG_LVP$OFF 0000                      STR_1 01D8  
                    STR_2 01D1                      _PEIE 005E                      _WPUB 020D  
                    _main 007E        __size_of_LCD_Clear 000F                      fsr0h 0005  
                    fsr1h 0007                      fsr0l 0004                      indf0 0000  
                    indf1 0001                      fsr1l 0006          __end_of_I2C_Send 0191  
                    btemp 007E          __end_of_I2C_Stop 0200                      ltemp 007E  
                    start 0010                      ttemp 007E                      wtemp 007E  
           __CFG_IESO$OFF 0000           ?_LCD_CreateChar 0079    __size_of_I2C_IdleCheck 000B  
        __end_of_LCD_Init 0103          __end_of_LCD_Puts 0135            ?_LCD_SetCursor 002B  
                   ?_main 0070             __CFG_WDTE$OFF 0000                     i1l883 01CC  
                   i1l885 01CD               LCD_Puts@ans 002B                     _PORTA 000C  
                   _PORTB 000D                     _TRISA 008C                     _TRISB 008D  
           __CFG_PWRTE$ON 0000            __CFG_FCMEN$OFF 0000           __end_of_command 017C  
                   _heart 0024         __end_of_I2C_Start 0159                     ltemp0 007E  
                   ltemp1 0082                     ltemp2 0086                     ltemp3 0080  
                   ttemp0 007E                     ttemp1 0081                     ttemp2 0084  
                   ttemp3 0087                     ttemp4 007F                     status 0003  
  __size_of_InterFunction 000C                     wtemp0 007E                     wtemp1 0080  
                   wtemp2 0082                     wtemp3 0084                     wtemp4 0086  
                   wtemp5 0088                     wtemp6 007F          ??_InitI2C_Master 0071  
          __CFG_MCLRE$OFF 0000           __initialization 0012              __end_of_main 00C5  
        __end_of_InterI2C 01D1                    ??_main 0033         __end_of_LCD_Clear 01C3  
          __CFG_PLLEN$OFF 0000                    _BCL1IE 0493                    _BCL1IF 0093  
           _I2C_IdleCheck 01E9                    _ANSELA 018C                    _ANSELB 018D  
                  _OSCCON 0099                    _SSP1IE 048B                    _SSP1IF 008B  
         ??_LCD_SetCursor 007D             _InterFunction 0004                 ??_command 0079  
               ?_I2C_Send 0070                 ?_I2C_Stop 0070            ?_I2C_IdleCheck 0070  
 __end_of__initialization 001F                 ?_LCD_Init 0070                 ?_LCD_Puts 0079  
          __pcstackCOMMON 0070              __pidataBANK0 01DE                 LCD_Puts@s 0079  
          ?_InterFunction 0070                ??_I2C_Send 0073                ??_I2C_Stop 0073  
              __pbssBANK0 0034                ??_LCD_Init 002D                 ?_InterI2C 0070  
              ??_LCD_Puts 007B          ??_LCD_CreateChar 007C                __pmaintext 007E  
              I2C_Send@dt 0073                __pintentry 0004           ??_I2C_IdleCheck 0071  
                 _SSP1ADD 0212                   _SSP1BUF 0211                ??_InterI2C 0070  
               _I2C_Start 0135           ??_InterFunction 0070  LCD_SetCursor@row_offsets 002F  
                 __ptext1 0191                   __ptext2 0103                   __ptext3 00C5  
                 __ptext4 01B4                   __ptext5 0159                   __ptext6 0023  
                 __ptext7 01FA                   __ptext8 0135                   __ptext9 017C  
                 _command 0159                 _LCD_Clear 01B4         LCD_CreateChar@ans 002B  
    end_of_initialization 001F          LCD_SetCursor@col 002B          LCD_SetCursor@row 002D  
                 init_ram 01F4                   initloop 01F5                ?_I2C_Start 0073  
            __pstringtext 01D1          __CFG_FOSC$INTOSC 0000                ?_LCD_Clear 0070  
       __size_of_I2C_Send 0015         __size_of_I2C_Stop 0006                command@ans 007A  
       __size_of_LCD_Init 003E         __size_of_LCD_Puts 0032     __end_of_LCD_SetCursor 01A4  
 __size_of_InitI2C_Master 0010       start_initialization 0012               ??_I2C_Start 0077  
       __size_of_InterI2C 000E               __pdataBANK0 0020                 ___latbits 0001  
           __pcstackBANK0 002B               ??_LCD_Clear 002B                  ?_command 0070  
             I2C_Start@rw 0075                  _I2C_Send 017C                  _I2C_Stop 01FA  
   __end_of_I2C_IdleCheck 01F4                  _LCD_Init 00C5          LCD_CreateChar@dt 007B  
                _LCD_Puts 0103                  _SSP1CON1 0215                  _SSP1CON2 0216  
                _SSP1STAT 0214                  _AckCheck 0034     __end_of_InterFunction 0010  
 __size_of_LCD_CreateChar 005B            _InitI2C_Master 01A4             I2C_Start@adrs 0073  
      LCD_SetCursor@F2832 0020                  _InterI2C 01C3    __end_of_InitI2C_Master 01B4  
       I2C_IdleCheck@mask 0072          __size_of_command 0023                  __ptext10 01E9  
                __ptext11 01A4                  __ptext13 01C3              _SSP1CON2bits 0216  
           __size_of_main 0047           LCD_CreateChar@i 002D           LCD_CreateChar@p 0079  
                int$flags 007E           ?_InitI2C_Master 0070                  command@c 007C  
                intlevel1 0000    __size_of_LCD_SetCursor 0013            _LCD_CreateChar 0023  
              _OPTION_REG 0095  
