

Microchip Technology PIC LITE Macro Assembler V1.35 build -356382666 
                                                                                               Mon Nov 16 18:45:24 2015

Microchip Technology Omniscient Code Generator v1.35 (Free mode) build 201507080246
     1                           	processor	16F1827
     2                           	opt	pw 120
     3                           	opt	lm
     4                           	psect	nvBANK0,global,class=BANK0,space=1,delta=1
     5                           	psect	cinit,global,class=CODE,merge=1,delta=2
     6                           	psect	bssBANK0,global,class=BANK0,space=1,delta=1
     7                           	psect	clrtext,global,class=CODE,delta=2
     8                           	psect	cstackCOMMON,global,class=COMMON,space=1,delta=1
     9                           	psect	cstackBANK0,global,class=BANK0,space=1,delta=1
    10                           	psect	maintext,global,class=CODE,merge=1,split=1,delta=2
    11                           	psect	intentry,global,class=CODE,delta=2
    12                           	psect	text2,local,class=CODE,merge=1,delta=2
    13                           	psect	text3,local,class=CODE,merge=1,delta=2
    14                           	dabs	1,0x7E,2
    15  0000                     	;# 
    16  0001                     	;# 
    17  0002                     	;# 
    18  0003                     	;# 
    19  0004                     	;# 
    20  0005                     	;# 
    21  0006                     	;# 
    22  0007                     	;# 
    23  0008                     	;# 
    24  0009                     	;# 
    25  000A                     	;# 
    26  000B                     	;# 
    27  000C                     	;# 
    28  000D                     	;# 
    29  0011                     	;# 
    30  0012                     	;# 
    31  0013                     	;# 
    32  0014                     	;# 
    33  0015                     	;# 
    34  0016                     	;# 
    35  0016                     	;# 
    36  0017                     	;# 
    37  0018                     	;# 
    38  0019                     	;# 
    39  001A                     	;# 
    40  001B                     	;# 
    41  001C                     	;# 
    42  001E                     	;# 
    43  001F                     	;# 
    44  008C                     	;# 
    45  008D                     	;# 
    46  0091                     	;# 
    47  0092                     	;# 
    48  0093                     	;# 
    49  0094                     	;# 
    50  0095                     	;# 
    51  0096                     	;# 
    52  0097                     	;# 
    53  0098                     	;# 
    54  0099                     	;# 
    55  009A                     	;# 
    56  009B                     	;# 
    57  009B                     	;# 
    58  009C                     	;# 
    59  009D                     	;# 
    60  009E                     	;# 
    61  010C                     	;# 
    62  010D                     	;# 
    63  0111                     	;# 
    64  0112                     	;# 
    65  0113                     	;# 
    66  0114                     	;# 
    67  0115                     	;# 
    68  0116                     	;# 
    69  0117                     	;# 
    70  0118                     	;# 
    71  0119                     	;# 
    72  011A                     	;# 
    73  011B                     	;# 
    74  011D                     	;# 
    75  011E                     	;# 
    76  018C                     	;# 
    77  018D                     	;# 
    78  0191                     	;# 
    79  0191                     	;# 
    80  0192                     	;# 
    81  0193                     	;# 
    82  0193                     	;# 
    83  0193                     	;# 
    84  0194                     	;# 
    85  0195                     	;# 
    86  0196                     	;# 
    87  0199                     	;# 
    88  019A                     	;# 
    89  019B                     	;# 
    90  019B                     	;# 
    91  019B                     	;# 
    92  019B                     	;# 
    93  019C                     	;# 
    94  019C                     	;# 
    95  019D                     	;# 
    96  019E                     	;# 
    97  019F                     	;# 
    98  020C                     	;# 
    99  020D                     	;# 
   100  0211                     	;# 
   101  0211                     	;# 
   102  0212                     	;# 
   103  0212                     	;# 
   104  0213                     	;# 
   105  0213                     	;# 
   106  0214                     	;# 
   107  0214                     	;# 
   108  0215                     	;# 
   109  0215                     	;# 
   110  0215                     	;# 
   111  0216                     	;# 
   112  0216                     	;# 
   113  0217                     	;# 
   114  0217                     	;# 
   115  0219                     	;# 
   116  021A                     	;# 
   117  021B                     	;# 
   118  021C                     	;# 
   119  021D                     	;# 
   120  021E                     	;# 
   121  021F                     	;# 
   122  0291                     	;# 
   123  0291                     	;# 
   124  0292                     	;# 
   125  0293                     	;# 
   126  0294                     	;# 
   127  0295                     	;# 
   128  0295                     	;# 
   129  0296                     	;# 
   130  0298                     	;# 
   131  0298                     	;# 
   132  0299                     	;# 
   133  029A                     	;# 
   134  029B                     	;# 
   135  029C                     	;# 
   136  029C                     	;# 
   137  029D                     	;# 
   138  029E                     	;# 
   139  029E                     	;# 
   140  0311                     	;# 
   141  0311                     	;# 
   142  0312                     	;# 
   143  0313                     	;# 
   144  0318                     	;# 
   145  0318                     	;# 
   146  0319                     	;# 
   147  031A                     	;# 
   148  0394                     	;# 
   149  0395                     	;# 
   150  0396                     	;# 
   151  039A                     	;# 
   152  039C                     	;# 
   153  039D                     	;# 
   154  039E                     	;# 
   155  039F                     	;# 
   156  0415                     	;# 
   157  0416                     	;# 
   158  0417                     	;# 
   159  041C                     	;# 
   160  041D                     	;# 
   161  041E                     	;# 
   162  0FE4                     	;# 
   163  0FE5                     	;# 
   164  0FE6                     	;# 
   165  0FE7                     	;# 
   166  0FE8                     	;# 
   167  0FE9                     	;# 
   168  0FEA                     	;# 
   169  0FEB                     	;# 
   170  0FED                     	;# 
   171  0FEE                     	;# 
   172  0FEF                     	;# 
   173                           
   174                           	psect	nvBANK0
   175  0066                     __pnvBANK0:	
   176  0066                     _i:	
   177  0066                     	ds	2
   178  000B                     _INTCONbits	set	11
   179  0011                     _PIR1bits	set	17
   180  000C                     _PORTAbits	set	12
   181  000D                     _PORTB	set	13
   182  000D                     _PORTBbits	set	13
   183  0018                     _T1CON	set	24
   184  0017                     _TMR1H	set	23
   185  0016                     _TMR1L	set	22
   186  009B                     _ADRES	set	155
   187  009D                     _ADCON0bits	set	157
   188  009E                     _ADCON1	set	158
   189  0095                     _OPTION_REG	set	149
   190  0099                     _OSCCON	set	153
   191  0091                     _PIE1bits	set	145
   192  008C                     _TRISA	set	140
   193  008D                     _TRISB	set	141
   194  0117                     _FVRCON	set	279
   195  018C                     _ANSELA	set	396
   196  018D                     _ANSELB	set	397
   197                           
   198                           ; #config settings
   199  0000                     
   200                           	psect	cinit
   201  0168                     start_initialization:	
   202  0168                     __initialization:	
   203                           
   204                           ; Clear objects allocated to BANK0
   205  0168  3020               	movlw	low __pbssBANK0
   206  0169  0084               	movwf	4
   207  016A  3000               	movlw	high __pbssBANK0
   208  016B  0085               	movwf	5
   209  016C  303A               	movlw	58
   210  016D  3182  226E         	fcall	clear_ram0
   211  016F                     end_of_initialization:	
   212                           ;End of C runtime variable initialization code
   213                           
   214  016F                     __end_of__initialization:	
   215  016F  107E               	bcf	int$flags,0	;clear compiler interrupt flag (level 1)
   216  0170  0020               	movlb	0
   217  0171  3181  2973         	ljmp	_main	;jump to C main() function
   218                           
   219                           	psect	bssBANK0
   220  0020                     __pbssBANK0:	
   221  0020                     _temp:	
   222  0020                     	ds	16
   223  0030                     _v:	
   224  0030                     	ds	16
   225  0040                     _cut:	
   226  0040                     	ds	8
   227  0048                     _cutf:	
   228  0048                     	ds	4
   229  004C                     _d:	
   230  004C                     	ds	4
   231  0050                     _cnt:	
   232  0050                     	ds	2
   233  0052                     _cnt0:	
   234  0052                     	ds	2
   235  0054                     _cnt1:	
   236  0054                     	ds	2
   237  0056                     _j:	
   238  0056                     	ds	2
   239  0058                     _k:	
   240  0058                     	ds	2
   241                           
   242                           	psect	clrtext
   243  026E                     clear_ram0:	
   244                           ;	Called with FSR0 containing the base address, and
   245                           ;	WREG with the size to clear
   246                           
   247  026E  0064               	clrwdt	;clear the watchdog before getting into this loop
   248  026F                     clrloop0:	
   249  026F  0180               	clrf	0	;clear RAM location pointed to by FSR
   250  0270  3101               	addfsr 0,1
   251  0271  0B89               	decfsz	9,f	;Have we reached the end of clearing yet?
   252  0272  2A6F               	goto	clrloop0	;have we reached the end yet?
   253  0273  3400               	retlw	0	;all done for this memory range, return
   254                           
   255                           	psect	cstackCOMMON
   256  0070                     __pcstackCOMMON:	
   257  0070                     ?_isr:	
   258  0070                     ?_adc:	
   259                           ; 0 bytes @ 0x0
   260                           
   261  0070                     ?_main:	
   262                           ; 2 bytes @ 0x0
   263                           
   264  0070                     ?___lldiv:	
   265                           ; 2 bytes @ 0x0
   266                           
   267  0070                     ___lldiv@divisor:	
   268                           ; 4 bytes @ 0x0
   269                           
   270                           
   271                           ; 4 bytes @ 0x0
   272  0070                     	ds	2
   273  0072                     ??_adc:	
   274                           
   275                           ; 0 bytes @ 0x2
   276  0072                     	ds	1
   277  0073                     adc@ch:	
   278                           
   279                           ; 1 bytes @ 0x3
   280  0073                     	ds	1
   281  0074                     ___lldiv@dividend:	
   282                           
   283                           ; 4 bytes @ 0x4
   284  0074                     	ds	4
   285  0078                     ??___lldiv:	
   286                           
   287                           ; 0 bytes @ 0x8
   288  0078                     	ds	1
   289  0079                     ___lldiv@quotient:	
   290                           
   291                           ; 4 bytes @ 0x9
   292  0079                     	ds	4
   293  007D                     ___lldiv@counter:	
   294                           
   295                           ; 1 bytes @ 0xD
   296  007D                     	ds	1
   297                           
   298                           	psect	cstackBANK0
   299  005A                     __pcstackBANK0:	
   300  005A                     ??_isr:	
   301                           
   302                           ; 0 bytes @ 0x0
   303  005A                     	ds	7
   304  0061                     ??_main:	
   305                           
   306                           ; 0 bytes @ 0x7
   307  0061                     	ds	5
   308                           
   309                           	psect	maintext
   310  0173                     __pmaintext:	
   311 ;;
   312 ;;Main: autosize = 0, tempsize = 5, incstack = 0, save=0
   313 ;;
   314 ;; *************** function _main *****************
   315 ;; Defined at:
   316 ;;		line 101 in file "PIC16F1827-ChargeStation1-01.c"
   317 ;; Parameters:    Size  Location     Type
   318 ;;		None
   319 ;; Auto vars:     Size  Location     Type
   320 ;;		None
   321 ;; Return value:  Size  Location     Type
   322 ;;                  2   91[None  ] int 
   323 ;; Registers used:
   324 ;;		wreg, fsr0l, fsr0h, fsr1l, fsr1h, status,2, status,0
   325 ;; Tracked objects:
   326 ;;		On entry : B1F/0
   327 ;;		On exit  : 0/0
   328 ;;		Unchanged: 0/0
   329 ;; Data sizes:     COMMON   BANK0   BANK1   BANK2   BANK3   BANK4
   330 ;;      Params:         0       0       0       0       0       0
   331 ;;      Locals:         0       0       0       0       0       0
   332 ;;      Temps:          0       5       0       0       0       0
   333 ;;      Totals:         0       5       0       0       0       0
   334 ;;Total ram usage:        5 bytes
   335 ;; Hardware stack levels required when called:    2
   336 ;; This function calls:
   337 ;;		Nothing
   338 ;; This function is called by:
   339 ;;		Startup code after reset
   340 ;; This function uses a non-reentrant model
   341 ;;
   342                           
   343                           
   344                           ;psect for function _main
   345  0173                     _main:	
   346                           
   347                           ;PIC16F1827-ChargeStation1-01.c: 102: OSCCON = 0x70;
   348                           
   349                           ;incstack = 0
   350                           ; Regs used in _main: [wreg-fsr1h+status,2+status,0]
   351  0173  3070               	movlw	112
   352  0174  0021               	movlb	1	; select bank1
   353  0175  0099               	movwf	25	;volatile
   354                           
   355                           ;PIC16F1827-ChargeStation1-01.c: 103: TRISA = 0xFF;
   356  0176  30FF               	movlw	255
   357  0177  008C               	movwf	12	;volatile
   358                           
   359                           ;PIC16F1827-ChargeStation1-01.c: 104: TRISB = 0x00;
   360  0178  018D               	clrf	13	;volatile
   361                           
   362                           ;PIC16F1827-ChargeStation1-01.c: 105: ANSELA = 0x0F;
   363  0179  300F               	movlw	15
   364  017A  0023               	movlb	3	; select bank3
   365  017B  008C               	movwf	12	;volatile
   366                           
   367                           ;PIC16F1827-ChargeStation1-01.c: 106: ANSELB = 0x00;
   368  017C  018D               	clrf	13	;volatile
   369                           
   370                           ;PIC16F1827-ChargeStation1-01.c: 107: ADCON1 = 0x93;
   371  017D  3093               	movlw	147
   372  017E  0021               	movlb	1	; select bank1
   373  017F  009E               	movwf	30	;volatile
   374                           
   375                           ;PIC16F1827-ChargeStation1-01.c: 108: FVRCON = 0x83;
   376  0180  3083               	movlw	131
   377  0181  0022               	movlb	2	; select bank2
   378  0182  0097               	movwf	23	;volatile
   379                           
   380                           ;PIC16F1827-ChargeStation1-01.c: 110: PORTB = 0xF0;
   381  0183  30F0               	movlw	240
   382  0184  0020               	movlb	0	; select bank0
   383  0185  008D               	movwf	13	;volatile
   384                           
   385                           ;PIC16F1827-ChargeStation1-01.c: 112: OPTION_REG = 0b10010011;
   386  0186  3093               	movlw	147
   387  0187  0021               	movlb	1	; select bank1
   388  0188  0095               	movwf	21	;volatile
   389                           
   390                           ;PIC16F1827-ChargeStation1-01.c: 113: INTCONbits.TMR0IE = 1;
   391  0189  168B               	bsf	11,5	;volatile
   392                           
   393                           ;PIC16F1827-ChargeStation1-01.c: 115: T1CON = 0x21;
   394  018A  3021               	movlw	33
   395  018B  0020               	movlb	0	; select bank0
   396  018C  0098               	movwf	24	;volatile
   397                           
   398                           ;PIC16F1827-ChargeStation1-01.c: 116: TMR1H = 0x00;
   399  018D  0197               	clrf	23	;volatile
   400                           
   401                           ;PIC16F1827-ChargeStation1-01.c: 117: TMR1L = 0x00;
   402  018E  0196               	clrf	22	;volatile
   403                           
   404                           ;PIC16F1827-ChargeStation1-01.c: 118: PIE1bits.TMR1IE = 1;
   405  018F  0021               	movlb	1	; select bank1
   406  0190  1411               	bsf	17,0	;volatile
   407                           
   408                           ;PIC16F1827-ChargeStation1-01.c: 119: INTCONbits.PEIE = 1;
   409  0191  170B               	bsf	11,6	;volatile
   410                           
   411                           ;PIC16F1827-ChargeStation1-01.c: 120: INTCONbits.GIE = 1;
   412  0192  178B               	bsf	11,7	;volatile
   413  0193                     l916:	
   414                           ;PIC16F1827-ChargeStation1-01.c: 122: while (1) {
   415                           
   416                           
   417                           ;PIC16F1827-ChargeStation1-01.c: 123: for (i = 0; i < 4; i++) {
   418  0193  0020               	movlb	0	; select bank0
   419  0194  01E6               	clrf	_i
   420  0195  01E7               	clrf	_i+1
   421  0196                     L1:	
   422  0196  0867               	movf	_i+1,w
   423  0197  3A80               	xorlw	128
   424  0198  00E1               	movwf	??_main
   425  0199  3080               	movlw	128
   426  019A  0261               	subwf	??_main,w
   427  019B  1D03               	skipz
   428  019C  299F               	goto	u705
   429  019D  3004               	movlw	4
   430  019E  0266               	subwf	_i,w
   431  019F                     u705:	
   432  019F  1803               	btfsc	3,0
   433  01A0  2993               	goto	l916
   434                           
   435                           ;PIC16F1827-ChargeStation1-01.c: 124: if (PORTAbits.RA6 == 0) {
   436  01A1  0020               	movlb	0	; select bank0
   437  01A2  1F0C               	btfss	12,6	;volatile
   438                           
   439                           ;PIC16F1827-ChargeStation1-01.c: 125: PORTBbits.RB0 = 0;
   440  01A3  100D               	bcf	13,0	;volatile
   441                           
   442                           ;PIC16F1827-ChargeStation1-01.c: 126: }
   443                           ;PIC16F1827-ChargeStation1-01.c: 127: if (PORTAbits.RA7 == 0) {
   444  01A4  1F8C               	btfss	12,7	;volatile
   445                           
   446                           ;PIC16F1827-ChargeStation1-01.c: 128: PORTBbits.RB1 = 0;
   447  01A5  108D               	bcf	13,1	;volatile
   448                           
   449                           ;PIC16F1827-ChargeStation1-01.c: 129: }
   450                           ;PIC16F1827-ChargeStation1-01.c: 130: if (PORTAbits.RA4 == 0) {
   451  01A6  1E0C               	btfss	12,4	;volatile
   452                           
   453                           ;PIC16F1827-ChargeStation1-01.c: 131: PORTBbits.RB2 = 0;
   454  01A7  110D               	bcf	13,2	;volatile
   455                           
   456                           ;PIC16F1827-ChargeStation1-01.c: 132: }
   457                           ;PIC16F1827-ChargeStation1-01.c: 133: if (PORTAbits.RA5 == 0) {
   458  01A8  1E8C               	btfss	12,5	;volatile
   459                           
   460                           ;PIC16F1827-ChargeStation1-01.c: 134: PORTBbits.RB3 = 0;
   461  01A9  118D               	bcf	13,3	;volatile
   462                           
   463                           ;PIC16F1827-ChargeStation1-01.c: 135: }
   464                           ;PIC16F1827-ChargeStation1-01.c: 136: if (v[i] < 50) {
   465  01AA  0866               	movf	_i,w
   466  01AB  00E1               	movwf	??_main
   467  01AC  3001               	movlw	1
   468  01AD                     u755:	
   469  01AD  35E1               	lslf	??_main,f
   470  01AE  3EFF               	addlw	-1
   471  01AF  1D03               	skipz
   472  01B0  29AD               	goto	u755
   473  01B1  3561               	lslf	??_main,w
   474  01B2  3E30               	addlw	(low (_v| 0))& (0+255)
   475  01B3  0086               	movwf	6
   476  01B4  0187               	clrf	7
   477  01B5  3F43               	moviw [3]fsr1
   478  01B6  1D03               	btfss	3,2
   479  01B7  29CB               	goto	l932
   480  01B8  3F42               	moviw [2]fsr1
   481  01B9  1D03               	btfss	3,2
   482  01BA  29CB               	goto	l932
   483  01BB  3F41               	moviw [1]fsr1
   484  01BC  1D03               	btfss	3,2
   485  01BD  29CB               	goto	l932
   486  01BE  3F40               	moviw [0]fsr1
   487  01BF  00E2               	movwf	??_main+1
   488  01C0  3032               	movlw	50
   489  01C1  0262               	subwf	??_main+1,w
   490  01C2  1803               	btfsc	3,0
   491  01C3  29CB               	goto	l932
   492                           
   493                           ;PIC16F1827-ChargeStation1-01.c: 137: cutf[i] = 1;
   494  01C4  0866               	movf	_i,w
   495  01C5  3E48               	addlw	(low (_cutf| 0))& (0+255)
   496  01C6  0086               	movwf	6
   497  01C7  0187               	clrf	7
   498  01C8  0181               	clrf	1
   499  01C9  0A81               	incf	1,f
   500                           
   501                           ;PIC16F1827-ChargeStation1-01.c: 138: } else {
   502  01CA  29D7               	goto	l100
   503  01CB                     l932:	
   504                           
   505                           ;PIC16F1827-ChargeStation1-01.c: 139: cutf[i] = 0;
   506  01CB  0866               	movf	_i,w
   507  01CC  3E48               	addlw	(low (_cutf| 0))& (0+255)
   508  01CD  0086               	movwf	6
   509  01CE  0187               	clrf	7
   510  01CF  0181               	clrf	1
   511                           
   512                           ;PIC16F1827-ChargeStation1-01.c: 140: cut[i] = 0;
   513  01D0  3566               	lslf	_i,w
   514  01D1  3E40               	addlw	(low (_cut| 0))& (0+255)
   515  01D2  0086               	movwf	6
   516  01D3  0187               	clrf	7
   517  01D4  3000               	movlw	0
   518  01D5  3FC0               	movwi [0]fsr1
   519  01D6  3FC1               	movwi [1]fsr1
   520  01D7                     l100:	
   521                           
   522                           ;PIC16F1827-ChargeStation1-01.c: 141: }
   523                           ;PIC16F1827-ChargeStation1-01.c: 143: if (cut[i] == 50) {
   524  01D7  3566               	lslf	_i,w
   525  01D8  3E40               	addlw	(low (_cut| 0))& (0+255)
   526  01D9  0086               	movwf	6
   527  01DA  0187               	clrf	7
   528  01DB  0016               	moviw fsr1++
   529  01DC  3A32               	xorlw	50
   530  01DD  00E1               	movwf	??_main
   531  01DE  0016               	moviw fsr1++
   532  01DF  04E1               	iorwf	??_main,f
   533  01E0  1903               	btfsc	3,2
   534  01E1  29EB               	goto	l938
   535  01E2  29FE               	goto	l940
   536  01E3                     l103:	
   537                           ;PIC16F1827-ChargeStation1-01.c: 145: case 0:
   538                           
   539                           ;PIC16F1827-ChargeStation1-01.c: 144: switch (i) {
   540                           
   541                           
   542                           ;PIC16F1827-ChargeStation1-01.c: 146: PORTBbits.RB0 = 1;
   543  01E3  140D               	bsf	13,0	;volatile
   544                           
   545                           ;PIC16F1827-ChargeStation1-01.c: 147: break;
   546  01E4  29FE               	goto	l940
   547  01E5                     l105:	
   548                           ;PIC16F1827-ChargeStation1-01.c: 148: case 1:
   549                           
   550                           
   551                           ;PIC16F1827-ChargeStation1-01.c: 149: PORTBbits.RB1 = 1;
   552  01E5  148D               	bsf	13,1	;volatile
   553                           
   554                           ;PIC16F1827-ChargeStation1-01.c: 150: break;
   555  01E6  29FE               	goto	l940
   556  01E7                     l106:	
   557                           ;PIC16F1827-ChargeStation1-01.c: 151: case 2:
   558                           
   559                           
   560                           ;PIC16F1827-ChargeStation1-01.c: 152: PORTBbits.RB2 = 1;
   561  01E7  150D               	bsf	13,2	;volatile
   562                           
   563                           ;PIC16F1827-ChargeStation1-01.c: 153: break;
   564  01E8  29FE               	goto	l940
   565  01E9                     l107:	
   566                           ;PIC16F1827-ChargeStation1-01.c: 154: case 3:
   567                           
   568                           
   569                           ;PIC16F1827-ChargeStation1-01.c: 155: PORTBbits.RB3 = 1;
   570  01E9  158D               	bsf	13,3	;volatile
   571                           
   572                           ;PIC16F1827-ChargeStation1-01.c: 157: }
   573                           
   574                           ;PIC16F1827-ChargeStation1-01.c: 156: break;
   575  01EA  29FE               	goto	l940
   576  01EB                     l938:	
   577                           
   578                           ; Switch on 2 bytes has been partitioned into a top level switch of size 1, and 1 sub-sw
      +                          itches
   579                           ; Switch size 1, requested type "space"
   580                           ; Number of cases is 1, Range of values is 0 to 0
   581                           ; switch strategies available:
   582                           ; Name         Instructions Cycles
   583                           ; simple_byte            4     3 (average)
   584                           ; direct_byte            8     6 (fixed)
   585                           ; jumptable            260     6 (fixed)
   586                           ;	Chosen strategy is simple_byte
   587  01EB  0867               	movf	_i+1,w
   588  01EC  3A00               	xorlw	0	; case 0
   589  01ED  1903               	skipnz
   590  01EE  29F0               	goto	l978
   591  01EF  29FE               	goto	l940
   592  01F0                     l978:	
   593                           
   594                           ; Switch size 1, requested type "space"
   595                           ; Number of cases is 4, Range of values is 0 to 3
   596                           ; switch strategies available:
   597                           ; Name         Instructions Cycles
   598                           ; simple_byte           13     7 (average)
   599                           ; direct_byte           14     6 (fixed)
   600                           ; jumptable            260     6 (fixed)
   601                           ;	Chosen strategy is simple_byte
   602  01F0  0866               	movf	_i,w
   603  01F1  3A00               	xorlw	0	; case 0
   604  01F2  1903               	skipnz
   605  01F3  29E3               	goto	l103
   606  01F4  3A01               	xorlw	1	; case 1
   607  01F5  1903               	skipnz
   608  01F6  29E5               	goto	l105
   609  01F7  3A03               	xorlw	3	; case 2
   610  01F8  1903               	skipnz
   611  01F9  29E7               	goto	l106
   612  01FA  3A01               	xorlw	1	; case 3
   613  01FB  1903               	skipnz
   614  01FC  29E9               	goto	l107
   615  01FD  29FE               	goto	l940
   616  01FE                     l940:	
   617  01FE  3001               	movlw	1
   618  01FF  07E6               	addwf	_i,f
   619  0200  3000               	movlw	0
   620  0201  3DE7               	addwfc	_i+1,f
   621  0202  2996               	goto	L1
   622  0203                     __end_of_main:	
   623                           ;PIC16F1827-ChargeStation1-01.c: 159: }
   624                           ;PIC16F1827-ChargeStation1-01.c: 160: }
   625                           ;PIC16F1827-ChargeStation1-01.c: 161: }
   626                           ;PIC16F1827-ChargeStation1-01.c: 162: return 0;
   627                           ;	Return value of _main is never used
   628                           
   629                           
   630                           	psect	intentry
   631  0004                     __pintentry:	
   632 ;; *************** function _isr *****************
   633 ;; Defined at:
   634 ;;		line 52 in file "PIC16F1827-ChargeStation1-01.c"
   635 ;; Parameters:    Size  Location     Type
   636 ;;		None
   637 ;; Auto vars:     Size  Location     Type
   638 ;;		None
   639 ;; Return value:  Size  Location     Type
   640 ;;		None               void
   641 ;; Registers used:
   642 ;;		wreg, fsr1l, fsr1h, status,2, status,0, pclath, cstack
   643 ;; Tracked objects:
   644 ;;		On entry : 0/0
   645 ;;		On exit  : 0/0
   646 ;;		Unchanged: 0/0
   647 ;; Data sizes:     COMMON   BANK0   BANK1   BANK2   BANK3   BANK4
   648 ;;      Params:         0       0       0       0       0       0
   649 ;;      Locals:         0       0       0       0       0       0
   650 ;;      Temps:          0       7       0       0       0       0
   651 ;;      Totals:         0       7       0       0       0       0
   652 ;;Total ram usage:        7 bytes
   653 ;; Hardware stack levels used:    1
   654 ;; Hardware stack levels required when called:    1
   655 ;; This function calls:
   656 ;;		___lldiv
   657 ;;		_adc
   658 ;; This function is called by:
   659 ;;		Interrupt level 1
   660 ;; This function uses a non-reentrant model
   661 ;;
   662                           
   663  0004                     _isr:	
   664                           
   665                           ;incstack = 0
   666                           ; Regs used in _isr: [wreg+fsr1l+fsr1h+status,2+status,0+pclath+cstack]
   667  0004  147E               	bsf	126,0	;set compiler interrupt flag (level 1)
   668  0005  3180               	pagesel	$
   669  0006  0020               	movlb	0	; select bank0
   670  0007  087F               	movf	127,w
   671  0008  00E0               	movwf	??_isr+6
   672                           
   673                           ;PIC16F1827-ChargeStation1-01.c: 53: if (PIR1bits.TMR1IF == 1) {
   674  0009  1C11               	btfss	17,0	;volatile
   675  000A  287F               	goto	i1l71
   676                           
   677                           ;PIC16F1827-ChargeStation1-01.c: 54: PIR1bits.TMR1IF = 0;
   678  000B  1011               	bcf	17,0	;volatile
   679                           
   680                           ;PIC16F1827-ChargeStation1-01.c: 56: cnt1++;
   681  000C  3001               	movlw	1
   682  000D  07D4               	addwf	_cnt1,f
   683  000E  3000               	movlw	0
   684  000F  3DD5               	addwfc	_cnt1+1,f
   685                           
   686                           ;PIC16F1827-ChargeStation1-01.c: 57: if (cnt1 == 15) {
   687  0010  300F               	movlw	15
   688  0011  0654               	xorwf	_cnt1,w
   689  0012  0455               	iorwf	_cnt1+1,w
   690  0013  1D03               	btfss	3,2
   691  0014  287F               	goto	i1l71
   692                           
   693                           ;PIC16F1827-ChargeStation1-01.c: 58: cnt1 = 0;
   694  0015  01D4               	clrf	_cnt1
   695  0016  01D5               	clrf	_cnt1+1
   696                           
   697                           ;PIC16F1827-ChargeStation1-01.c: 60: for (i = 0; i < 4; i++) {
   698  0017  01E6               	clrf	_i
   699  0018  01E7               	clrf	_i+1
   700  0019  0867               	movf	_i+1,w
   701  001A  3A80               	xorlw	128
   702  001B  00DA               	movwf	??_isr
   703  001C  3080               	movlw	128
   704  001D  025A               	subwf	??_isr,w
   705  001E  1D03               	skipz
   706  001F  2822               	goto	u50_25
   707  0020  3004               	movlw	4
   708  0021  0266               	subwf	_i,w
   709  0022                     u50_25:	
   710  0022  1803               	btfsc	3,0
   711  0023  287F               	goto	i1l71
   712  0024                     i1l826:	
   713                           
   714                           ;PIC16F1827-ChargeStation1-01.c: 61: temp[i] = adc(i);
   715  0024  0020               	movlb	0	; select bank0
   716  0025  0866               	movf	_i,w
   717  0026  3182  2255  3180   	fcall	_adc
   718  0029  0870               	movf	?_adc,w
   719  002A  0020               	movlb	0	; select bank0
   720  002B  00DA               	movwf	??_isr
   721  002C  0871               	movf	?_adc+1,w
   722  002D  00DB               	movwf	??_isr+1
   723  002E  01DC               	clrf	??_isr+2
   724  002F  01DD               	clrf	??_isr+3
   725  0030  0866               	movf	_i,w
   726  0031  00DE               	movwf	??_isr+4
   727  0032  3001               	movlw	1
   728  0033                     u51_25:	
   729  0033  35DE               	lslf	??_isr+4,f
   730  0034  3EFF               	addlw	-1
   731  0035  1D03               	skipz
   732  0036  2833               	goto	u51_25
   733  0037  355E               	lslf	??_isr+4,w
   734  0038  3E20               	addlw	(low (_temp| 0))& (0+255)
   735  0039  0086               	movwf	6
   736  003A  0187               	clrf	7
   737  003B  085A               	movf	??_isr,w
   738  003C  3FC0               	movwi [0]fsr1
   739  003D  085B               	movf	??_isr+1,w
   740  003E  3FC1               	movwi [1]fsr1
   741  003F  085C               	movf	??_isr+2,w
   742  0040  3FC2               	movwi [2]fsr1
   743  0041  085D               	movf	??_isr+3,w
   744  0042  3FC3               	movwi [3]fsr1
   745                           
   746                           ;PIC16F1827-ChargeStation1-01.c: 62: v[i] = temp[i] * 2;
   747  0043  0866               	movf	_i,w
   748  0044  00DA               	movwf	??_isr
   749  0045  3001               	movlw	1
   750  0046                     u52_25:	
   751  0046  35DA               	lslf	??_isr,f
   752  0047  3EFF               	addlw	-1
   753  0048  1D03               	skipz
   754  0049  2846               	goto	u52_25
   755  004A  355A               	lslf	??_isr,w
   756  004B  3E20               	addlw	(low (_temp| 0))& (0+255)
   757  004C  0086               	movwf	6
   758  004D  0187               	clrf	7
   759  004E  3F40               	moviw [0]fsr1
   760  004F  00DB               	movwf	??_isr+1
   761  0050  3F41               	moviw [1]fsr1
   762  0051  00DC               	movwf	??_isr+2
   763  0052  3F42               	moviw [2]fsr1
   764  0053  00DD               	movwf	??_isr+3
   765  0054  3F43               	moviw [3]fsr1
   766  0055  00DE               	movwf	??_isr+4
   767  0056  3001               	movlw	1
   768  0057                     u53_25:	
   769  0057  35DB               	lslf	??_isr+1,f
   770  0058  0DDC               	rlf	??_isr+2,f
   771  0059  0DDD               	rlf	??_isr+3,f
   772  005A  0DDE               	rlf	??_isr+4,f
   773  005B  0B89               	decfsz	9,f
   774  005C  2857               	goto	u53_25
   775  005D  0866               	movf	_i,w
   776  005E  00DF               	movwf	??_isr+5
   777  005F  3001               	movlw	1
   778  0060                     u54_25:	
   779  0060  35DF               	lslf	??_isr+5,f
   780  0061  3EFF               	addlw	-1
   781  0062  1D03               	skipz
   782  0063  2860               	goto	u54_25
   783  0064  355F               	lslf	??_isr+5,w
   784  0065  3E30               	addlw	(low (_v| 0))& (0+255)
   785  0066  0086               	movwf	6
   786  0067  0187               	clrf	7
   787  0068  085B               	movf	??_isr+1,w
   788  0069  3FC0               	movwi [0]fsr1
   789  006A  085C               	movf	??_isr+2,w
   790  006B  3FC1               	movwi [1]fsr1
   791  006C  085D               	movf	??_isr+3,w
   792  006D  3FC2               	movwi [2]fsr1
   793  006E  085E               	movf	??_isr+4,w
   794  006F  3FC3               	movwi [3]fsr1
   795  0070  3001               	movlw	1
   796  0071  07E6               	addwf	_i,f
   797  0072  3000               	movlw	0
   798  0073  3DE7               	addwfc	_i+1,f
   799  0074  0867               	movf	_i+1,w
   800  0075  3A80               	xorlw	128
   801  0076  00DA               	movwf	??_isr
   802  0077  3080               	movlw	128
   803  0078  025A               	subwf	??_isr,w
   804  0079  1D03               	skipz
   805  007A  287D               	goto	u55_25
   806  007B  3004               	movlw	4
   807  007C  0266               	subwf	_i,w
   808  007D                     u55_25:	
   809  007D  1C03               	skipc
   810  007E  2824               	goto	i1l826
   811  007F                     i1l71:	
   812                           
   813                           ;PIC16F1827-ChargeStation1-01.c: 63: }
   814                           ;PIC16F1827-ChargeStation1-01.c: 64: }
   815                           ;PIC16F1827-ChargeStation1-01.c: 65: }
   816                           ;PIC16F1827-ChargeStation1-01.c: 66: if (INTCONbits.TMR0IF == 1) {
   817  007F  1D0B               	btfss	11,2	;volatile
   818  0080  2961               	goto	i1l89
   819                           
   820                           ;PIC16F1827-ChargeStation1-01.c: 67: INTCONbits.TMR0IF = 0;
   821  0081  110B               	bcf	11,2	;volatile
   822                           
   823                           ;PIC16F1827-ChargeStation1-01.c: 68: cnt0++;
   824  0082  3001               	movlw	1
   825  0083  0020               	movlb	0	; select bank0
   826  0084  07D2               	addwf	_cnt0,f
   827  0085  3000               	movlw	0
   828  0086  3DD3               	addwfc	_cnt0+1,f
   829                           
   830                           ;PIC16F1827-ChargeStation1-01.c: 69: if (cnt0 == 400) {
   831  0087  3090               	movlw	144
   832  0088  0652               	xorwf	_cnt0,w
   833  0089  1D03               	skipz
   834  008A  2961               	goto	i1l89
   835  008B  0353               	decf	_cnt0+1,w
   836  008C  1D03               	btfss	3,2
   837  008D  2961               	goto	i1l89
   838                           
   839                           ;PIC16F1827-ChargeStation1-01.c: 70: cnt0 = 0;
   840  008E  01D2               	clrf	_cnt0
   841  008F  01D3               	clrf	_cnt0+1
   842                           
   843                           ;PIC16F1827-ChargeStation1-01.c: 71: for (k = 0; k < 4; k++) {
   844  0090  01D8               	clrf	_k
   845  0091  01D9               	clrf	_k+1
   846  0092  0859               	movf	_k+1,w
   847  0093  3A80               	xorlw	128
   848  0094  00DA               	movwf	??_isr
   849  0095  3080               	movlw	128
   850  0096  025A               	subwf	??_isr,w
   851  0097  1D03               	skipz
   852  0098  289B               	goto	u58_25
   853  0099  3004               	movlw	4
   854  009A  0258               	subwf	_k,w
   855  009B                     u58_25:	
   856  009B  1803               	btfsc	3,0
   857  009C  28BD               	goto	i1l854
   858  009D                     i1l846:	
   859                           
   860                           ;PIC16F1827-ChargeStation1-01.c: 72: if (cutf[k])cut[k]++;
   861  009D  0020               	movlb	0	; select bank0
   862  009E  0858               	movf	_k,w
   863  009F  3E48               	addlw	(low (_cutf| 0))& (0+255)
   864  00A0  0086               	movwf	6
   865  00A1  0187               	clrf	7
   866  00A2  0801               	movf	1,w
   867  00A3  1903               	btfsc	3,2
   868  00A4  28AE               	goto	i1l850
   869  00A5  3558               	lslf	_k,w
   870  00A6  3E40               	addlw	(low (_cut| 0))& (0+255)
   871  00A7  0086               	movwf	6
   872  00A8  0187               	clrf	7
   873  00A9  3001               	movlw	1
   874  00AA  0781               	addwf	1,f
   875  00AB  3141               	addfsr 1,1
   876  00AC  1803               	skipnc
   877  00AD  0A81               	incf	1,f
   878  00AE                     i1l850:	
   879  00AE  3001               	movlw	1
   880  00AF  07D8               	addwf	_k,f
   881  00B0  3000               	movlw	0
   882  00B1  3DD9               	addwfc	_k+1,f
   883  00B2  0859               	movf	_k+1,w
   884  00B3  3A80               	xorlw	128
   885  00B4  00DA               	movwf	??_isr
   886  00B5  3080               	movlw	128
   887  00B6  025A               	subwf	??_isr,w
   888  00B7  1D03               	skipz
   889  00B8  28BB               	goto	u60_25
   890  00B9  3004               	movlw	4
   891  00BA  0258               	subwf	_k,w
   892  00BB                     u60_25:	
   893  00BB  1C03               	skipc
   894  00BC  289D               	goto	i1l846
   895  00BD                     i1l854:	
   896                           
   897                           ;PIC16F1827-ChargeStation1-01.c: 73: }
   898                           ;PIC16F1827-ChargeStation1-01.c: 74: cnt++;
   899  00BD  3001               	movlw	1
   900  00BE  0020               	movlb	0	; select bank0
   901  00BF  07D0               	addwf	_cnt,f
   902  00C0  3000               	movlw	0
   903  00C1  3DD1               	addwfc	_cnt+1,f
   904                           
   905                           ;PIC16F1827-ChargeStation1-01.c: 75: if (cnt == 40) {
   906  00C2  3028               	movlw	40
   907  00C3  0650               	xorwf	_cnt,w
   908  00C4  0451               	iorwf	_cnt+1,w
   909  00C5  1D03               	btfss	3,2
   910  00C6  28C9               	goto	i1l80
   911                           
   912                           ;PIC16F1827-ChargeStation1-01.c: 76: cnt = 0;
   913  00C7  01D0               	clrf	_cnt
   914  00C8  01D1               	clrf	_cnt+1
   915  00C9                     i1l80:	
   916                           
   917                           ;PIC16F1827-ChargeStation1-01.c: 77: }
   918                           ;PIC16F1827-ChargeStation1-01.c: 78: for (j = 0; j < 4; j++) {
   919  00C9  01D6               	clrf	_j
   920  00CA  01D7               	clrf	_j+1
   921  00CB  0857               	movf	_j+1,w
   922  00CC  3A80               	xorlw	128
   923  00CD  00DA               	movwf	??_isr
   924  00CE  3080               	movlw	128
   925  00CF  025A               	subwf	??_isr,w
   926  00D0  1D03               	skipz
   927  00D1  28D4               	goto	u62_25
   928  00D2  3004               	movlw	4
   929  00D3  0256               	subwf	_j,w
   930  00D4                     u62_25:	
   931  00D4  1803               	btfsc	3,0
   932  00D5  290D               	goto	i1l82
   933  00D6                     i1l864:	
   934                           
   935                           ;PIC16F1827-ChargeStation1-01.c: 79: d[j] = v[j] / 100;
   936  00D6  3000               	movlw	0
   937  00D7  00F3               	movwf	___lldiv@divisor+3
   938  00D8  3000               	movlw	0
   939  00D9  00F2               	movwf	___lldiv@divisor+2
   940  00DA  3000               	movlw	0
   941  00DB  00F1               	movwf	___lldiv@divisor+1
   942  00DC  3064               	movlw	100
   943  00DD  00F0               	movwf	___lldiv@divisor
   944  00DE  0020               	movlb	0	; select bank0
   945  00DF  0856               	movf	_j,w
   946  00E0  00DA               	movwf	??_isr
   947  00E1  3001               	movlw	1
   948  00E2                     u63_25:	
   949  00E2  35DA               	lslf	??_isr,f
   950  00E3  3EFF               	addlw	-1
   951  00E4  1D03               	skipz
   952  00E5  28E2               	goto	u63_25
   953  00E6  355A               	lslf	??_isr,w
   954  00E7  3E30               	addlw	(low (_v| 0))& (0+255)
   955  00E8  0086               	movwf	6
   956  00E9  0187               	clrf	7
   957  00EA  3F40               	moviw [0]fsr1
   958  00EB  00F4               	movwf	___lldiv@dividend
   959  00EC  3F41               	moviw [1]fsr1
   960  00ED  00F5               	movwf	___lldiv@dividend+1
   961  00EE  3F42               	moviw [2]fsr1
   962  00EF  00F6               	movwf	___lldiv@dividend+2
   963  00F0  3F43               	moviw [3]fsr1
   964  00F1  00F7               	movwf	___lldiv@dividend+3
   965  00F2  3182  2203  3180   	fcall	___lldiv
   966  00F5  0870               	movf	?___lldiv,w
   967  00F6  0020               	movlb	0	; select bank0
   968  00F7  00DB               	movwf	??_isr+1
   969  00F8  0856               	movf	_j,w
   970  00F9  3E4C               	addlw	(low (_d| 0))& (0+255)
   971  00FA  0086               	movwf	6
   972  00FB  0187               	clrf	7
   973  00FC  085B               	movf	??_isr+1,w
   974  00FD  0081               	movwf	1
   975  00FE  3001               	movlw	1
   976  00FF  07D6               	addwf	_j,f
   977  0100  3000               	movlw	0
   978  0101  3DD7               	addwfc	_j+1,f
   979  0102  0857               	movf	_j+1,w
   980  0103  3A80               	xorlw	128
   981  0104  00DA               	movwf	??_isr
   982  0105  3080               	movlw	128
   983  0106  025A               	subwf	??_isr,w
   984  0107  1D03               	skipz
   985  0108  290B               	goto	u64_25
   986  0109  3004               	movlw	4
   987  010A  0256               	subwf	_j,w
   988  010B                     u64_25:	
   989  010B  1C03               	skipc
   990  010C  28D6               	goto	i1l864
   991  010D                     i1l82:	
   992                           
   993                           ;PIC16F1827-ChargeStation1-01.c: 80: }
   994                           ;PIC16F1827-ChargeStation1-01.c: 81: if ((cnt % 2) == 1) {
   995  010D  0020               	movlb	0	; select bank0
   996  010E  1C50               	btfss	_cnt,0
   997  010F  295E               	goto	i1l886
   998                           
   999                           ;PIC16F1827-ChargeStation1-01.c: 82: if (((cnt + 1) / 2) <= d[0]) {
  1000  0110  0850               	movf	_cnt,w
  1001  0111  3E01               	addlw	1
  1002  0112  00DA               	movwf	??_isr
  1003  0113  3000               	movlw	0
  1004  0114  3D51               	addwfc	_cnt+1,w
  1005  0115  00DB               	movwf	??_isr+1
  1006  0116  36DB               	lsrf	??_isr+1,f
  1007  0117  0CDA               	rrf	??_isr,f
  1008  0118  084C               	movf	_d,w
  1009  0119  00DC               	movwf	??_isr+2
  1010  011A  01DD               	clrf	??_isr+3
  1011  011B  085B               	movf	??_isr+1,w
  1012  011C  025D               	subwf	??_isr+3,w
  1013  011D  1D03               	skipz
  1014  011E  2921               	goto	u66_25
  1015  011F  085A               	movf	??_isr,w
  1016  0120  025C               	subwf	??_isr+2,w
  1017  0121                     u66_25:	
  1018  0121  1803               	btfsc	3,0
  1019                           
  1020                           ;PIC16F1827-ChargeStation1-01.c: 83: PORTBbits.RB4 = 1;
  1021  0122  160D               	bsf	13,4	;volatile
  1022                           
  1023                           ;PIC16F1827-ChargeStation1-01.c: 84: }
  1024                           ;PIC16F1827-ChargeStation1-01.c: 85: if (((cnt + 1) / 2) <= d[1]) {
  1025  0123  0850               	movf	_cnt,w
  1026  0124  3E01               	addlw	1
  1027  0125  00DA               	movwf	??_isr
  1028  0126  3000               	movlw	0
  1029  0127  3D51               	addwfc	_cnt+1,w
  1030  0128  00DB               	movwf	??_isr+1
  1031  0129  36DB               	lsrf	??_isr+1,f
  1032  012A  0CDA               	rrf	??_isr,f
  1033  012B  084D               	movf	_d+1,w
  1034  012C  00DC               	movwf	??_isr+2
  1035  012D  01DD               	clrf	??_isr+3
  1036  012E  085B               	movf	??_isr+1,w
  1037  012F  025D               	subwf	??_isr+3,w
  1038  0130  1D03               	skipz
  1039  0131  2934               	goto	u67_25
  1040  0132  085A               	movf	??_isr,w
  1041  0133  025C               	subwf	??_isr+2,w
  1042  0134                     u67_25:	
  1043  0134  1803               	btfsc	3,0
  1044                           
  1045                           ;PIC16F1827-ChargeStation1-01.c: 86: PORTBbits.RB5 = 1;
  1046  0135  168D               	bsf	13,5	;volatile
  1047                           
  1048                           ;PIC16F1827-ChargeStation1-01.c: 87: }
  1049                           ;PIC16F1827-ChargeStation1-01.c: 88: if (((cnt + 1) / 2) <= d[2]) {
  1050  0136  0850               	movf	_cnt,w
  1051  0137  3E01               	addlw	1
  1052  0138  00DA               	movwf	??_isr
  1053  0139  3000               	movlw	0
  1054  013A  3D51               	addwfc	_cnt+1,w
  1055  013B  00DB               	movwf	??_isr+1
  1056  013C  36DB               	lsrf	??_isr+1,f
  1057  013D  0CDA               	rrf	??_isr,f
  1058  013E  084E               	movf	_d+2,w
  1059  013F  00DC               	movwf	??_isr+2
  1060  0140  01DD               	clrf	??_isr+3
  1061  0141  085B               	movf	??_isr+1,w
  1062  0142  025D               	subwf	??_isr+3,w
  1063  0143  1D03               	skipz
  1064  0144  2947               	goto	u68_25
  1065  0145  085A               	movf	??_isr,w
  1066  0146  025C               	subwf	??_isr+2,w
  1067  0147                     u68_25:	
  1068  0147  1803               	btfsc	3,0
  1069                           
  1070                           ;PIC16F1827-ChargeStation1-01.c: 89: PORTBbits.RB6 = 1;
  1071  0148  170D               	bsf	13,6	;volatile
  1072                           
  1073                           ;PIC16F1827-ChargeStation1-01.c: 90: }
  1074                           ;PIC16F1827-ChargeStation1-01.c: 91: if (((cnt + 1) / 2) <= d[3]) {
  1075  0149  0850               	movf	_cnt,w
  1076  014A  3E01               	addlw	1
  1077  014B  00DA               	movwf	??_isr
  1078  014C  3000               	movlw	0
  1079  014D  3D51               	addwfc	_cnt+1,w
  1080  014E  00DB               	movwf	??_isr+1
  1081  014F  36DB               	lsrf	??_isr+1,f
  1082  0150  0CDA               	rrf	??_isr,f
  1083  0151  084F               	movf	_d+3,w
  1084  0152  00DC               	movwf	??_isr+2
  1085  0153  01DD               	clrf	??_isr+3
  1086  0154  085B               	movf	??_isr+1,w
  1087  0155  025D               	subwf	??_isr+3,w
  1088  0156  1D03               	skipz
  1089  0157  295A               	goto	u69_25
  1090  0158  085A               	movf	??_isr,w
  1091  0159  025C               	subwf	??_isr+2,w
  1092  015A                     u69_25:	
  1093  015A  1C03               	skipc
  1094  015B  2961               	goto	i1l89
  1095                           
  1096                           ;PIC16F1827-ChargeStation1-01.c: 92: PORTBbits.RB7 = 1;
  1097  015C  178D               	bsf	13,7	;volatile
  1098                           
  1099                           ;PIC16F1827-ChargeStation1-01.c: 93: }
  1100                           ;PIC16F1827-ChargeStation1-01.c: 94: } else {
  1101  015D  2961               	goto	i1l89
  1102  015E                     i1l886:	
  1103                           
  1104                           ;PIC16F1827-ChargeStation1-01.c: 95: PORTB = PORTB & 0b00001111;
  1105  015E  080D               	movf	13,w	;volatile
  1106  015F  390F               	andlw	15
  1107  0160  008D               	movwf	13	;volatile
  1108  0161                     i1l89:	
  1109  0161  0020               	movlb	0	; select bank0
  1110  0162  0860               	movf	??_isr+6,w
  1111  0163  00FF               	movwf	127
  1112  0164  107E               	bcf	126,0	;clear compiler interrupt flag (level 1)
  1113  0165  0009               	retfie
  1114  0166                     __end_of_isr:	
  1115                           
  1116                           	psect	text2
  1117  0255                     __ptext2:	
  1118 ;; *************** function _adc *****************
  1119 ;; Defined at:
  1120 ;;		line 43 in file "PIC16F1827-ChargeStation1-01.c"
  1121 ;; Parameters:    Size  Location     Type
  1122 ;;  ch              1    wreg     unsigned char 
  1123 ;; Auto vars:     Size  Location     Type
  1124 ;;  ch              1    3[COMMON] unsigned char 
  1125 ;; Return value:  Size  Location     Type
  1126 ;;                  2    0[COMMON] unsigned int 
  1127 ;; Registers used:
  1128 ;;		wreg, status,2, status,0
  1129 ;; Tracked objects:
  1130 ;;		On entry : 0/0
  1131 ;;		On exit  : 0/0
  1132 ;;		Unchanged: 0/0
  1133 ;; Data sizes:     COMMON   BANK0   BANK1   BANK2   BANK3   BANK4
  1134 ;;      Params:         2       0       0       0       0       0
  1135 ;;      Locals:         1       0       0       0       0       0
  1136 ;;      Temps:          1       0       0       0       0       0
  1137 ;;      Totals:         4       0       0       0       0       0
  1138 ;;Total ram usage:        4 bytes
  1139 ;; Hardware stack levels used:    1
  1140 ;; This function calls:
  1141 ;;		Nothing
  1142 ;; This function is called by:
  1143 ;;		_isr
  1144 ;; This function uses a non-reentrant model
  1145 ;;
  1146                           
  1147                           
  1148                           ;psect for function _adc
  1149  0255                     _adc:	
  1150                           
  1151                           ;incstack = 0
  1152                           ; Regs used in _adc: [wreg+status,2+status,0]
  1153                           ;adc@ch stored from wreg
  1154  0255  00F3               	movwf	adc@ch
  1155                           
  1156                           ;PIC16F1827-ChargeStation1-01.c: 44: ADCON0bits.ADON = 1;
  1157  0256  0021               	movlb	1	; select bank1
  1158  0257  141D               	bsf	29,0	;volatile
  1159                           
  1160                           ;PIC16F1827-ChargeStation1-01.c: 45: ADCON0bits.CHS = ch;
  1161  0258  0873               	movf	adc@ch,w
  1162  0259  00F2               	movwf	??_adc
  1163  025A  0DF2               	rlf	??_adc,f
  1164  025B  0DF2               	rlf	??_adc,f
  1165  025C  081D               	movf	29,w	;volatile
  1166  025D  0672               	xorwf	??_adc,w
  1167  025E  3983               	andlw	-125
  1168  025F  0672               	xorwf	??_adc,w
  1169  0260  009D               	movwf	29	;volatile
  1170                           
  1171                           ;PIC16F1827-ChargeStation1-01.c: 46: _delay((unsigned long)((20)*(32000000/4000000.0)));
  1172  0261  3035               	movlw	53
  1173  0262  00F2               	movwf	??_adc
  1174  0263                     u79_27:	
  1175  0263  0BF2               	decfsz	??_adc,f
  1176  0264  2A63               	goto	u79_27
  1177                           
  1178                           ;PIC16F1827-ChargeStation1-01.c: 47: ADCON0bits.GO_nDONE = 1;
  1179  0265  0021               	movlb	1	; select bank1
  1180  0266  149D               	bsf	29,1	;volatile
  1181  0267                     i1l65:	
  1182                           ;PIC16F1827-ChargeStation1-01.c: 48: while (ADCON0bits.GO_nDONE);
  1183                           
  1184  0267  189D               	btfsc	29,1	;volatile
  1185  0268  2A67               	goto	i1l65
  1186                           
  1187                           ;PIC16F1827-ChargeStation1-01.c: 49: return ADRES;
  1188  0269  081C               	movf	28,w	;volatile
  1189  026A  00F1               	movwf	?_adc+1
  1190  026B  081B               	movf	27,w	;volatile
  1191  026C  00F0               	movwf	?_adc
  1192  026D  0008               	return
  1193  026E                     __end_of_adc:	
  1194                           
  1195                           	psect	text3
  1196  0203                     __ptext3:	
  1197 ;; *************** function ___lldiv *****************
  1198 ;; Defined at:
  1199 ;;		line 6 in file "C:\Program Files (x86)\Microchip\xc8\v1.35\sources\common\lldiv.c"
  1200 ;; Parameters:    Size  Location     Type
  1201 ;;  divisor         4    0[COMMON] unsigned long 
  1202 ;;  dividend        4    4[COMMON] unsigned long 
  1203 ;; Auto vars:     Size  Location     Type
  1204 ;;  quotient        4    9[COMMON] unsigned long 
  1205 ;;  counter         1   13[COMMON] unsigned char 
  1206 ;; Return value:  Size  Location     Type
  1207 ;;                  4    0[COMMON] unsigned long 
  1208 ;; Registers used:
  1209 ;;		wreg, status,2, status,0
  1210 ;; Tracked objects:
  1211 ;;		On entry : 0/0
  1212 ;;		On exit  : 0/0
  1213 ;;		Unchanged: 0/0
  1214 ;; Data sizes:     COMMON   BANK0   BANK1   BANK2   BANK3   BANK4
  1215 ;;      Params:         8       0       0       0       0       0
  1216 ;;      Locals:         5       0       0       0       0       0
  1217 ;;      Temps:          1       0       0       0       0       0
  1218 ;;      Totals:        14       0       0       0       0       0
  1219 ;;Total ram usage:       14 bytes
  1220 ;; Hardware stack levels used:    1
  1221 ;; This function calls:
  1222 ;;		Nothing
  1223 ;; This function is called by:
  1224 ;;		_isr
  1225 ;; This function uses a non-reentrant model
  1226 ;;
  1227                           
  1228                           
  1229                           ;psect for function ___lldiv
  1230  0203                     ___lldiv:	
  1231                           
  1232                           ;incstack = 0
  1233                           ; Regs used in ___lldiv: [wreg+status,2+status,0]
  1234  0203  3000               	movlw	0
  1235  0204  00FC               	movwf	___lldiv@quotient+3
  1236  0205  3000               	movlw	0
  1237  0206  00FB               	movwf	___lldiv@quotient+2
  1238  0207  3000               	movlw	0
  1239  0208  00FA               	movwf	___lldiv@quotient+1
  1240  0209  3000               	movlw	0
  1241  020A  00F9               	movwf	___lldiv@quotient
  1242  020B  0873               	movf	___lldiv@divisor+3,w
  1243  020C  0472               	iorwf	___lldiv@divisor+2,w
  1244  020D  0471               	iorwf	___lldiv@divisor+1,w
  1245  020E  0470               	iorwf	___lldiv@divisor,w
  1246  020F  1903               	skipnz
  1247  0210  2A4C               	goto	i1l808
  1248  0211  01FD               	clrf	___lldiv@counter
  1249  0212  0AFD               	incf	___lldiv@counter,f
  1250  0213                     i1l794:	
  1251  0213  1BF3               	btfsc	___lldiv@divisor+3,7
  1252  0214  2A21               	goto	i1l796
  1253  0215  3001               	movlw	1
  1254  0216                     u42_25:	
  1255  0216  35F0               	lslf	___lldiv@divisor,f
  1256  0217  0DF1               	rlf	___lldiv@divisor+1,f
  1257  0218  0DF2               	rlf	___lldiv@divisor+2,f
  1258  0219  0DF3               	rlf	___lldiv@divisor+3,f
  1259  021A  0B89               	decfsz	9,f
  1260  021B  2A16               	goto	u42_25
  1261  021C  3001               	movlw	1
  1262  021D  00F8               	movwf	??___lldiv
  1263  021E  0878               	movf	??___lldiv,w
  1264  021F  07FD               	addwf	___lldiv@counter,f
  1265  0220  2A13               	goto	i1l794
  1266  0221                     i1l796:	
  1267  0221  3001               	movlw	1
  1268  0222                     u44_25:	
  1269  0222  35F9               	lslf	___lldiv@quotient,f
  1270  0223  0DFA               	rlf	___lldiv@quotient+1,f
  1271  0224  0DFB               	rlf	___lldiv@quotient+2,f
  1272  0225  0DFC               	rlf	___lldiv@quotient+3,f
  1273  0226  0B89               	decfsz	9,f
  1274  0227  2A22               	goto	u44_25
  1275  0228  0873               	movf	___lldiv@divisor+3,w
  1276  0229  0277               	subwf	___lldiv@dividend+3,w
  1277  022A  1D03               	skipz
  1278  022B  2A36               	goto	u45_25
  1279  022C  0872               	movf	___lldiv@divisor+2,w
  1280  022D  0276               	subwf	___lldiv@dividend+2,w
  1281  022E  1D03               	skipz
  1282  022F  2A36               	goto	u45_25
  1283  0230  0871               	movf	___lldiv@divisor+1,w
  1284  0231  0275               	subwf	___lldiv@dividend+1,w
  1285  0232  1D03               	skipz
  1286  0233  2A36               	goto	u45_25
  1287  0234  0870               	movf	___lldiv@divisor,w
  1288  0235  0274               	subwf	___lldiv@dividend,w
  1289  0236                     u45_25:	
  1290  0236  1C03               	skipc
  1291  0237  2A41               	goto	i1l804
  1292  0238  0870               	movf	___lldiv@divisor,w
  1293  0239  02F4               	subwf	___lldiv@dividend,f
  1294  023A  0871               	movf	___lldiv@divisor+1,w
  1295  023B  3BF5               	subwfb	___lldiv@dividend+1,f
  1296  023C  0872               	movf	___lldiv@divisor+2,w
  1297  023D  3BF6               	subwfb	___lldiv@dividend+2,f
  1298  023E  0873               	movf	___lldiv@divisor+3,w
  1299  023F  3BF7               	subwfb	___lldiv@dividend+3,f
  1300  0240  1479               	bsf	___lldiv@quotient,0
  1301  0241                     i1l804:	
  1302  0241  3001               	movlw	1
  1303  0242                     u46_25:	
  1304  0242  36F3               	lsrf	___lldiv@divisor+3,f
  1305  0243  0CF2               	rrf	___lldiv@divisor+2,f
  1306  0244  0CF1               	rrf	___lldiv@divisor+1,f
  1307  0245  0CF0               	rrf	___lldiv@divisor,f
  1308  0246  0B89               	decfsz	9,f
  1309  0247  2A42               	goto	u46_25
  1310  0248  3001               	movlw	1
  1311  0249  02FD               	subwf	___lldiv@counter,f
  1312  024A  1D03               	btfss	3,2
  1313  024B  2A21               	goto	i1l796
  1314  024C                     i1l808:	
  1315  024C  087C               	movf	___lldiv@quotient+3,w
  1316  024D  00F3               	movwf	?___lldiv+3
  1317  024E  087B               	movf	___lldiv@quotient+2,w
  1318  024F  00F2               	movwf	?___lldiv+2
  1319  0250  087A               	movf	___lldiv@quotient+1,w
  1320  0251  00F1               	movwf	?___lldiv+1
  1321  0252  0879               	movf	___lldiv@quotient,w
  1322  0253  00F0               	movwf	?___lldiv
  1323  0254  0008               	return
  1324  0255                     __end_of___lldiv:	
  1325  007E                     btemp	set	126	;btemp
  1326  007E                     int$flags	set	126
  1327  007E                     wtemp	set	126
  1328  007E                     wtemp0	set	126
  1329  0080                     wtemp1	set	128
  1330  0082                     wtemp2	set	130
  1331  0084                     wtemp3	set	132
  1332  0086                     wtemp4	set	134
  1333  0088                     wtemp5	set	136
  1334  007F                     wtemp6	set	127
  1335  007E                     ttemp	set	126
  1336  007E                     ttemp0	set	126
  1337  0081                     ttemp1	set	129
  1338  0084                     ttemp2	set	132
  1339  0087                     ttemp3	set	135
  1340  007F                     ttemp4	set	127
  1341  007E                     ltemp	set	126
  1342  007E                     ltemp0	set	126
  1343  0082                     ltemp1	set	130
  1344  0086                     ltemp2	set	134
  1345  0080                     ltemp3	set	128


Data Sizes:
    Strings     0
    Constant    0
    Data        0
    BSS         58
    Persistent  2
    Stack       0

Auto Spaces:
    Space          Size  Autos    Used
    COMMON           14     14      14
    BANK0            80     12      72
    BANK1            80      0       0
    BANK2            80      0       0
    BANK3            80      0       0
    BANK4            48      0       0

Pointer List with Targets:

    None.

Critical Paths under _main in COMMON

    None.

Critical Paths under _isr in COMMON

    _isr->___lldiv

Critical Paths under _main in BANK0

    None.

Critical Paths under _isr in BANK0

    None.

Critical Paths under _main in BANK1

    None.

Critical Paths under _isr in BANK1

    None.

Critical Paths under _main in BANK2

    None.

Critical Paths under _isr in BANK2

    None.

Critical Paths under _main in BANK3

    None.

Critical Paths under _isr in BANK3

    None.

Critical Paths under _main in BANK4

    None.

Critical Paths under _isr in BANK4

    None.

Call Graph Tables:

 ---------------------------------------------------------------------------------
 (Depth) Function   	        Calls       Base Space   Used Autos Params    Refs
 ---------------------------------------------------------------------------------
 (0) _main                                                 5     5      0       0
                                              7 BANK0      5     5      0
 ---------------------------------------------------------------------------------
 Estimated maximum stack depth 0
 ---------------------------------------------------------------------------------
 (Depth) Function   	        Calls       Base Space   Used Autos Params    Refs
 ---------------------------------------------------------------------------------
 (1) _isr                                                  7     7      0     312
                                              0 BANK0      7     7      0
                            ___lldiv
                                _adc
 ---------------------------------------------------------------------------------
 (2) _adc                                                  4     2      2      22
                                              0 COMMON     4     2      2
 ---------------------------------------------------------------------------------
 (2) ___lldiv                                             14     6      8     290
                                              0 COMMON    14     6      8
 ---------------------------------------------------------------------------------
 Estimated maximum stack depth 2
 ---------------------------------------------------------------------------------

 Call Graph Graphs:

 _main (ROOT)

 _isr (ROOT)
   ___lldiv
   _adc

 Address spaces:
Name               Size   Autos  Total    Cost      Usage
BIGRAM             170      0       0       0        0.0%
EEDATA             100      0       0       0        0.0%
NULL                 0      0       0       0        0.0%
CODE                 0      0       0       0        0.0%
BITCOMMON            E      0       0       1        0.0%
BITSFR0              0      0       0       1        0.0%
SFR0                 0      0       0       1        0.0%
COMMON               E      E       E       2      100.0%
BITSFR1              0      0       0       2        0.0%
SFR1                 0      0       0       2        0.0%
BITSFR2              0      0       0       3        0.0%
SFR2                 0      0       0       3        0.0%
STACK                0      0       0       3        0.0%
BITSFR3              0      0       0       4        0.0%
SFR3                 0      0       0       4        0.0%
ABS                  0      0      56       4        0.0%
BITBANK0            50      0       0       5        0.0%
BITSFR4              0      0       0       5        0.0%
SFR4                 0      0       0       5        0.0%
BANK0               50      C      48       6       90.0%
BITSFR5              0      0       0       6        0.0%
SFR5                 0      0       0       6        0.0%
BITBANK1            50      0       0       7        0.0%
BITSFR6              0      0       0       7        0.0%
SFR6                 0      0       0       7        0.0%
BANK1               50      0       0       8        0.0%
BITSFR7              0      0       0       8        0.0%
SFR7                 0      0       0       8        0.0%
BITBANK2            50      0       0       9        0.0%
BITSFR8              0      0       0       9        0.0%
SFR8                 0      0       0       9        0.0%
BANK2               50      0       0      10        0.0%
BITSFR9              0      0       0      10        0.0%
SFR9                 0      0       0      10        0.0%
BITBANK3            50      0       0      11        0.0%
BITSFR10             0      0       0      11        0.0%
SFR10                0      0       0      11        0.0%
BANK3               50      0       0      12        0.0%
BITSFR11             0      0       0      12        0.0%
SFR11                0      0       0      12        0.0%
BITBANK4            30      0       0      13        0.0%
BITSFR12             0      0       0      13        0.0%
SFR12                0      0       0      13        0.0%
BANK4               30      0       0      14        0.0%
BITSFR13             0      0       0      14        0.0%
SFR13                0      0       0      14        0.0%
BITSFR14             0      0       0      15        0.0%
SFR14                0      0       0      15        0.0%
DATA                 0      0      56      15        0.0%
BITSFR15             0      0       0      16        0.0%
SFR15                0      0       0      16        0.0%
BITSFR16             0      0       0      17        0.0%
SFR16                0      0       0      17        0.0%
BITSFR17             0      0       0      18        0.0%
SFR17                0      0       0      18        0.0%
BITSFR18             0      0       0      19        0.0%
SFR18                0      0       0      19        0.0%
BITSFR19             0      0       0      20        0.0%
SFR19                0      0       0      20        0.0%
BITSFR20             0      0       0      21        0.0%
SFR20                0      0       0      21        0.0%
BITSFR21             0      0       0      22        0.0%
SFR21                0      0       0      22        0.0%
BITSFR22             0      0       0      23        0.0%
SFR22                0      0       0      23        0.0%
BITSFR23             0      0       0      24        0.0%
SFR23                0      0       0      24        0.0%
BITSFR24             0      0       0      25        0.0%
SFR24                0      0       0      25        0.0%
BITSFR25             0      0       0      26        0.0%
SFR25                0      0       0      26        0.0%
BITSFR26             0      0       0      27        0.0%
SFR26                0      0       0      27        0.0%
BITSFR27             0      0       0      28        0.0%
SFR27                0      0       0      28        0.0%
BITSFR28             0      0       0      29        0.0%
SFR28                0      0       0      29        0.0%
BITSFR29             0      0       0      30        0.0%
SFR29                0      0       0      30        0.0%
BITSFR30             0      0       0      31        0.0%
SFR30                0      0       0      31        0.0%
BITSFR31             0      0       0      32        0.0%
SFR31                0      0       0      32        0.0%


Microchip Technology PIC Macro Assembler V1.35 build -356382666 
Symbol Table                                                                                   Mon Nov 16 18:45:24 2015

                      _d 004C                        _i 0066                        _j 0056  
                      _k 0058                        _v 0030              __CFG_CP$OFF 0000  
                    l100 01D7                      l103 01E3                      l105 01E5  
                    l106 01E7                      l107 01E9                      l940 01FE  
                    l932 01CB                      l916 0193                      l938 01EB  
                    l978 01F0             __CFG_CPD$OFF 0000                      u705 019F  
                    u755 01AD                      _adc 0255                      _cnt 0050  
                    _cut 0040                      _isr 0004             __CFG_BORV$LO 0000  
                    wreg 0009             __CFG_LVP$OFF 0000                     ?_adc 0070  
                   ?_isr 0070                     i1l71 007F                     i1l80 00C9  
                   i1l65 0267                     i1l82 010D                     i1l89 0161  
           __CFG_WRT$OFF 0000                     _cnt0 0052                     _cnt1 0054  
                   _main 0173                     _cutf 0048                     _temp 0020  
                   fsr0h 0005                     fsr1h 0007                     fsr0l 0004  
                   indf0 0000                     indf1 0001                     fsr1l 0006  
                   btemp 007E                     ltemp 007E                     start 0166  
                   ttemp 007E                     wtemp 007E            __CFG_IESO$OFF 0000  
                  ??_adc 0072                    ??_isr 005A            __CFG_PLLEN$ON 0000  
                  ?_main 0070                    _ADRES 009B            __CFG_WDTE$OFF 0000  
        __end_of___lldiv 0255                    _T1CON 0018                    i1l804 0241  
                  i1l808 024C                    i1l850 00AE                    i1l826 0024  
                  i1l854 00BD                    i1l846 009D                    i1l864 00D6  
                  i1l794 0213                    i1l796 0221                    i1l886 015E  
                  _TMR1H 0017                    _TMR1L 0016                    u42_25 0216  
                  u50_25 0022                    _PORTB 000D                    u51_25 0033  
                  u44_25 0222                    u60_25 00BB                    u52_25 0046  
                  u45_25 0236                    u53_25 0057                    u46_25 0242  
                  u62_25 00D4                    u54_25 0060                    u63_25 00E2  
                  u55_25 007D                    u64_25 010B                    _TRISA 008C  
                  _TRISB 008D                    u66_25 0121                    u58_25 009B  
                  u67_25 0134                    u68_25 0147                    u69_25 015A  
                  u79_27 0263           __CFG_FCMEN$OFF 0000                    adc@ch 0073  
         __CFG_BOREN$OFF 0000                    ltemp0 007E                    ltemp1 0082  
                  ltemp2 0086                    ltemp3 0080                    ttemp0 007E  
                  ttemp1 0081                    ttemp2 0084                    ttemp3 0087  
                  ttemp4 007F                    status 0003                    wtemp0 007E  
                  wtemp1 0080                    wtemp2 0082                    wtemp3 0084  
                  wtemp4 0086                    wtemp5 0088                    wtemp6 007F  
         __CFG_MCLRE$OFF 0000          __initialization 0168             __end_of_main 0203  
                 ??_main 0061                   _ADCON1 009E                   _ANSELA 018C  
                 _ANSELB 018D                   _FVRCON 0117                   _OSCCON 0099  
         __CFG_PWRTE$OFF 0000                ??___lldiv 0078  __end_of__initialization 016F  
         __pcstackCOMMON 0070               __pbssBANK0 0020               __pmaintext 0173  
             __pintentry 0004                  ___lldiv 0203          __CFG_STVREN$OFF 0000  
                __ptext2 0255                  __ptext3 0203             __size_of_adc 0019  
           __size_of_isr 0162                  clrloop0 026F     end_of_initialization 016F  
        ___lldiv@divisor 0070          ___lldiv@counter 007D                _PORTAbits 000C  
              _PORTBbits 000D         __CFG_FOSC$INTOSC 0000      start_initialization 0168  
            __end_of_adc 026E              __end_of_isr 0166                ___latbits 0001  
          __pcstackBANK0 005A                __pnvBANK0 0066                 ?___lldiv 0070  
              clear_ram0 026E                 _PIE1bits 0091                 _PIR1bits 0011  
             _ADCON0bits 009D         __size_of___lldiv 0052            __size_of_main 0090  
               int$flags 007E               _INTCONbits 000B                 intlevel1 0000  
       ___lldiv@dividend 0074        __CFG_CLKOUTEN$OFF 0000               _OPTION_REG 0095  
       ___lldiv@quotient 0079  
