

Microchip Technology PIC LITE Macro Assembler V1.35 build -356382666 
                                                                                               Mon Nov 16 22:10:06 2015

Microchip Technology Omniscient Code Generator v1.35 (Free mode) build 201507080246
     1                           	processor	16F1827
     2                           	opt	pw 120
     3                           	opt	lm
     4                           	psect	idataBANK0,global,class=CODE,delta=2
     5                           	psect	cinit,global,class=CODE,merge=1,delta=2
     6                           	psect	bssCOMMON,global,class=COMMON,space=1,delta=1
     7                           	psect	bssBANK0,global,class=BANK0,space=1,delta=1
     8                           	psect	dataBANK0,global,class=BANK0,space=1,delta=1
     9                           	psect	inittext,global,class=CODE,delta=2
    10                           	psect	cstackCOMMON,global,class=COMMON,space=1,delta=1
    11                           	psect	cstackBANK0,global,class=BANK0,space=1,delta=1
    12                           	psect	maintext,global,class=CODE,merge=1,split=1,delta=2
    13                           	psect	text1,local,class=CODE,merge=1,delta=2
    14                           	psect	text2,local,class=CODE,merge=1,delta=2
    15                           	psect	intentry,global,class=CODE,delta=2
    16                           	dabs	1,0x7E,2
    17  0000                     	;# 
    18  0001                     	;# 
    19  0002                     	;# 
    20  0003                     	;# 
    21  0004                     	;# 
    22  0005                     	;# 
    23  0006                     	;# 
    24  0007                     	;# 
    25  0008                     	;# 
    26  0009                     	;# 
    27  000A                     	;# 
    28  000B                     	;# 
    29  000C                     	;# 
    30  000D                     	;# 
    31  0011                     	;# 
    32  0012                     	;# 
    33  0013                     	;# 
    34  0014                     	;# 
    35  0015                     	;# 
    36  0016                     	;# 
    37  0016                     	;# 
    38  0017                     	;# 
    39  0018                     	;# 
    40  0019                     	;# 
    41  001A                     	;# 
    42  001B                     	;# 
    43  001C                     	;# 
    44  001E                     	;# 
    45  001F                     	;# 
    46  008C                     	;# 
    47  008D                     	;# 
    48  0091                     	;# 
    49  0092                     	;# 
    50  0093                     	;# 
    51  0094                     	;# 
    52  0095                     	;# 
    53  0096                     	;# 
    54  0097                     	;# 
    55  0098                     	;# 
    56  0099                     	;# 
    57  009A                     	;# 
    58  009B                     	;# 
    59  009B                     	;# 
    60  009C                     	;# 
    61  009D                     	;# 
    62  009E                     	;# 
    63  010C                     	;# 
    64  010D                     	;# 
    65  0111                     	;# 
    66  0112                     	;# 
    67  0113                     	;# 
    68  0114                     	;# 
    69  0115                     	;# 
    70  0116                     	;# 
    71  0117                     	;# 
    72  0118                     	;# 
    73  0119                     	;# 
    74  011A                     	;# 
    75  011B                     	;# 
    76  011D                     	;# 
    77  011E                     	;# 
    78  018C                     	;# 
    79  018D                     	;# 
    80  0191                     	;# 
    81  0191                     	;# 
    82  0192                     	;# 
    83  0193                     	;# 
    84  0193                     	;# 
    85  0193                     	;# 
    86  0194                     	;# 
    87  0195                     	;# 
    88  0196                     	;# 
    89  0199                     	;# 
    90  019A                     	;# 
    91  019B                     	;# 
    92  019B                     	;# 
    93  019B                     	;# 
    94  019B                     	;# 
    95  019C                     	;# 
    96  019C                     	;# 
    97  019D                     	;# 
    98  019E                     	;# 
    99  019F                     	;# 
   100  020C                     	;# 
   101  020D                     	;# 
   102  0211                     	;# 
   103  0211                     	;# 
   104  0212                     	;# 
   105  0212                     	;# 
   106  0213                     	;# 
   107  0213                     	;# 
   108  0214                     	;# 
   109  0214                     	;# 
   110  0215                     	;# 
   111  0215                     	;# 
   112  0215                     	;# 
   113  0216                     	;# 
   114  0216                     	;# 
   115  0217                     	;# 
   116  0217                     	;# 
   117  0219                     	;# 
   118  021A                     	;# 
   119  021B                     	;# 
   120  021C                     	;# 
   121  021D                     	;# 
   122  021E                     	;# 
   123  021F                     	;# 
   124  0291                     	;# 
   125  0291                     	;# 
   126  0292                     	;# 
   127  0293                     	;# 
   128  0294                     	;# 
   129  0295                     	;# 
   130  0295                     	;# 
   131  0296                     	;# 
   132  0298                     	;# 
   133  0298                     	;# 
   134  0299                     	;# 
   135  029A                     	;# 
   136  029B                     	;# 
   137  029C                     	;# 
   138  029C                     	;# 
   139  029D                     	;# 
   140  029E                     	;# 
   141  029E                     	;# 
   142  0311                     	;# 
   143  0311                     	;# 
   144  0312                     	;# 
   145  0313                     	;# 
   146  0318                     	;# 
   147  0318                     	;# 
   148  0319                     	;# 
   149  031A                     	;# 
   150  0394                     	;# 
   151  0395                     	;# 
   152  0396                     	;# 
   153  039A                     	;# 
   154  039C                     	;# 
   155  039D                     	;# 
   156  039E                     	;# 
   157  039F                     	;# 
   158  0415                     	;# 
   159  0416                     	;# 
   160  0417                     	;# 
   161  041C                     	;# 
   162  041D                     	;# 
   163  041E                     	;# 
   164  0FE4                     	;# 
   165  0FE5                     	;# 
   166  0FE6                     	;# 
   167  0FE7                     	;# 
   168  0FE8                     	;# 
   169  0FE9                     	;# 
   170  0FEA                     	;# 
   171  0FEB                     	;# 
   172  0FED                     	;# 
   173  0FEE                     	;# 
   174  0FEF                     	;# 
   175                           
   176                           	psect	idataBANK0
   177  01F3                     __pidataBANK0:	
   178                           
   179                           ;initializer for _p
   180  01F3  3403               	retlw	3
   181  01F4  349F               	retlw	159
   182  01F5  3425               	retlw	37
   183  01F6  340D               	retlw	13
   184  01F7  3499               	retlw	153
   185  01F8  3449               	retlw	73
   186  01F9  3441               	retlw	65
   187  01FA  341B               	retlw	27
   188  01FB  3401               	retlw	1
   189  01FC  3409               	retlw	9
   190                           
   191                           ;initializer for _q
   192  01FD  3402               	retlw	2
   193  01FE  349E               	retlw	158
   194  01FF  3424               	retlw	36
   195  0200  340C               	retlw	12
   196  0201  3498               	retlw	152
   197  0202  3448               	retlw	72
   198  0203  3440               	retlw	64
   199  0204  341A               	retlw	26
   200  0205  3400               	retlw	0
   201  0206  3408               	retlw	8
   202                           
   203                           ;initializer for _r
   204  0207  34FF               	retlw	255
   205  0208  349F               	retlw	159
   206  0209  3425               	retlw	37
   207  020A  340D               	retlw	13
   208  020B  3499               	retlw	153
   209  020C  3449               	retlw	73
   210  020D  3441               	retlw	65
   211  020E  341B               	retlw	27
   212  020F  3401               	retlw	1
   213  0210  3409               	retlw	9
   214  000B                     _INTCONbits	set	11
   215  0011                     _PIR1bits	set	17
   216  000C                     _PORTA	set	12
   217  000D                     _PORTB	set	13
   218  0018                     _T1CON	set	24
   219  0017                     _TMR1H	set	23
   220  0016                     _TMR1L	set	22
   221  0064                     _RA4	set	100
   222  0065                     _RA5	set	101
   223  0099                     _OSCCON	set	153
   224  0091                     _PIE1bits	set	145
   225  008C                     _TRISA	set	140
   226  008D                     _TRISB	set	141
   227  018C                     _ANSELA	set	396
   228  018D                     _ANSELB	set	397
   229                           
   230                           ; #config settings
   231  0000                     
   232                           	psect	cinit
   233  0031                     start_initialization:	
   234  0031                     __initialization:	
   235                           
   236                           ; Clear objects allocated to COMMON
   237  0031  01F8               	clrf	__pbssCOMMON& (0+127)
   238  0032  01F9               	clrf	(__pbssCOMMON+1)& (0+127)
   239  0033  01FA               	clrf	(__pbssCOMMON+2)& (0+127)
   240  0034  01FB               	clrf	(__pbssCOMMON+3)& (0+127)
   241                           
   242                           ; Clear objects allocated to BANK0
   243  0035  01CC               	clrf	__pbssBANK0& (0+127)
   244  0036  01CD               	clrf	(__pbssBANK0+1)& (0+127)
   245                           
   246                           ; Initialize objects allocated to BANK0
   247  0037  30F3               	movlw	low __pidataBANK0
   248  0038  0084               	movwf	4
   249  0039  3081               	movlw	(high __pidataBANK0)| (0+128)
   250  003A  0085               	movwf	5
   251  003B  3020               	movlw	low __pdataBANK0
   252  003C  0086               	movwf	6
   253  003D  3000               	movlw	high __pdataBANK0
   254  003E  0087               	movwf	7
   255  003F  301E               	movlw	30
   256  0040  3182  2211         	fcall	init_ram
   257  0042                     end_of_initialization:	
   258                           ;End of C runtime variable initialization code
   259                           
   260  0042                     __end_of__initialization:	
   261  0042  107E               	bcf	int$flags,0	;clear compiler interrupt flag (level 1)
   262  0043  0020               	movlb	0
   263  0044  3180  2846         	ljmp	_main	;jump to C main() function
   264                           
   265                           	psect	bssCOMMON
   266  0078                     __pbssCOMMON:	
   267  0078                     _fu:	
   268  0078                     	ds	1
   269  0079                     _i:	
   270  0079                     	ds	1
   271  007A                     _ji:	
   272  007A                     	ds	1
   273  007B                     _tim1m:	
   274  007B                     	ds	1
   275                           
   276                           	psect	bssBANK0
   277  004C                     __pbssBANK0:	
   278  004C                     _cnt1m:	
   279  004C                     	ds	2
   280                           
   281                           	psect	dataBANK0
   282  0020                     __pdataBANK0:	
   283  0020                     _p:	
   284  0020                     	ds	10
   285  002A                     _q:	
   286  002A                     	ds	10
   287  0034                     _r:	
   288  0034                     	ds	10
   289                           
   290                           	psect	inittext
   291  0211                     init_ram:	
   292  0211  00FE               	movwf	126
   293  0212                     initloop:	
   294  0212  0012               	moviw fsr0++
   295  0213  001E               	movwi fsr1++
   296  0214  0BFE               	decfsz	126,f
   297  0215  2A12               	goto	initloop
   298  0216  3400               	retlw	0
   299                           
   300                           	psect	cstackCOMMON
   301  0070                     __pcstackCOMMON:	
   302  0070                     ?_isr:	
   303  0070                     ??_isr:	
   304                           ; 0 bytes @ 0x0
   305                           
   306  0070                     ?_main:	
   307                           ; 0 bytes @ 0x0
   308                           
   309                           
   310                           ; 0 bytes @ 0x0
   311  0070                     	ds	2
   312  0072                     ?___awmod:	
   313  0072                     ___awmod@divisor:	
   314                           ; 2 bytes @ 0x2
   315                           
   316                           
   317                           ; 2 bytes @ 0x2
   318  0072                     	ds	2
   319  0074                     ___awmod@dividend:	
   320                           
   321                           ; 2 bytes @ 0x4
   322  0074                     	ds	2
   323  0076                     ??___awmod:	
   324                           
   325                           ; 0 bytes @ 0x6
   326  0076                     	ds	1
   327  0077                     ??___awdiv:	
   328                           
   329                           ; 0 bytes @ 0x7
   330  0077                     	ds	1
   331                           
   332                           	psect	cstackBANK0
   333  003E                     __pcstackBANK0:	
   334  003E                     ___awmod@counter:	
   335                           
   336                           ; 1 bytes @ 0x0
   337  003E                     	ds	1
   338  003F                     ___awmod@sign:	
   339                           
   340                           ; 1 bytes @ 0x1
   341  003F                     	ds	1
   342  0040                     ?___awdiv:	
   343  0040                     ___awdiv@divisor:	
   344                           ; 2 bytes @ 0x2
   345                           
   346                           
   347                           ; 2 bytes @ 0x2
   348  0040                     	ds	2
   349  0042                     ___awdiv@dividend:	
   350                           
   351                           ; 2 bytes @ 0x4
   352  0042                     	ds	2
   353  0044                     ___awdiv@counter:	
   354                           
   355                           ; 1 bytes @ 0x6
   356  0044                     	ds	1
   357  0045                     ___awdiv@sign:	
   358                           
   359                           ; 1 bytes @ 0x7
   360  0045                     	ds	1
   361  0046                     ___awdiv@quotient:	
   362                           
   363                           ; 2 bytes @ 0x8
   364  0046                     	ds	2
   365  0048                     ??_main:	
   366                           
   367                           ; 0 bytes @ 0xA
   368  0048                     	ds	4
   369                           
   370                           	psect	maintext
   371  0046                     __pmaintext:	
   372 ;;
   373 ;;Main: autosize = 0, tempsize = 4, incstack = 0, save=0
   374 ;;
   375 ;; *************** function _main *****************
   376 ;; Defined at:
   377 ;;		line 60 in file "PIC16F1827-clock02.c"
   378 ;; Parameters:    Size  Location     Type
   379 ;;		None
   380 ;; Auto vars:     Size  Location     Type
   381 ;;		None
   382 ;; Return value:  Size  Location     Type
   383 ;;		None               void
   384 ;; Registers used:
   385 ;;		wreg, fsr0l, fsr0h, fsr1l, fsr1h, status,2, status,0, pclath, cstack
   386 ;; Tracked objects:
   387 ;;		On entry : B1F/0
   388 ;;		On exit  : 0/0
   389 ;;		Unchanged: 0/0
   390 ;; Data sizes:     COMMON   BANK0   BANK1   BANK2   BANK3   BANK4
   391 ;;      Params:         0       0       0       0       0       0
   392 ;;      Locals:         0       0       0       0       0       0
   393 ;;      Temps:          0       4       0       0       0       0
   394 ;;      Totals:         0       4       0       0       0       0
   395 ;;Total ram usage:        4 bytes
   396 ;; Hardware stack levels required when called:    2
   397 ;; This function calls:
   398 ;;		___awdiv
   399 ;;		___awmod
   400 ;; This function is called by:
   401 ;;		Startup code after reset
   402 ;; This function uses a non-reentrant model
   403 ;;
   404                           
   405                           
   406                           ;psect for function _main
   407  0046                     _main:	
   408                           
   409                           ;PIC16F1827-clock02.c: 61: OSCCON = 0x00;
   410                           
   411                           ;incstack = 0
   412                           ; Regs used in _main: [wreg-fsr1h+status,2+status,0+pclath+cstack]
   413  0046  0021               	movlb	1	; select bank1
   414  0047  0199               	clrf	25	;volatile
   415                           
   416                           ;PIC16F1827-clock02.c: 62: ANSELA = 0x00;
   417  0048  0023               	movlb	3	; select bank3
   418  0049  018C               	clrf	12	;volatile
   419                           
   420                           ;PIC16F1827-clock02.c: 63: ANSELB = 0x00;
   421  004A  018D               	clrf	13	;volatile
   422                           
   423                           ;PIC16F1827-clock02.c: 64: TRISA = 0xF0;
   424  004B  30F0               	movlw	240
   425  004C  0021               	movlb	1	; select bank1
   426  004D  008C               	movwf	12	;volatile
   427                           
   428                           ;PIC16F1827-clock02.c: 65: TRISB = 0x00;
   429  004E  018D               	clrf	13	;volatile
   430                           
   431                           ;PIC16F1827-clock02.c: 67: T1CON = 0x01;
   432  004F  3001               	movlw	1
   433  0050  0020               	movlb	0	; select bank0
   434  0051  0098               	movwf	24	;volatile
   435                           
   436                           ;PIC16F1827-clock02.c: 68: TMR1H = 0b11100000;
   437  0052  30E0               	movlw	224
   438  0053  0097               	movwf	23	;volatile
   439                           
   440                           ;PIC16F1827-clock02.c: 69: TMR1L = 0b00000100;
   441  0054  3004               	movlw	4
   442  0055  0096               	movwf	22	;volatile
   443                           
   444                           ;PIC16F1827-clock02.c: 70: PIE1bits.TMR1IE = 1;
   445  0056  0021               	movlb	1	; select bank1
   446  0057  1411               	bsf	17,0	;volatile
   447                           
   448                           ;PIC16F1827-clock02.c: 71: INTCONbits.PEIE = 1;
   449  0058  170B               	bsf	11,6	;volatile
   450                           
   451                           ;PIC16F1827-clock02.c: 72: INTCONbits.GIE = 1;
   452  0059  178B               	bsf	11,7	;volatile
   453  005A                     l937:	
   454                           ;PIC16F1827-clock02.c: 74: while (1) {
   455                           
   456                           
   457                           ;PIC16F1827-clock02.c: 75: i++;
   458  005A  3001               	movlw	1
   459  005B  0020               	movlb	0	; select bank0
   460  005C  00C8               	movwf	??_main
   461  005D  0848               	movf	??_main,w
   462  005E  07F9               	addwf	_i,f
   463                           
   464                           ;PIC16F1827-clock02.c: 76: switch (i) {
   465  005F  2915               	goto	l975
   466  0060                     l939:	
   467                           ;PIC16F1827-clock02.c: 77: case 1:
   468                           
   469                           
   470                           ;PIC16F1827-clock02.c: 78: PORTA = 0x01;
   471  0060  3001               	movlw	1
   472  0061  0020               	movlb	0	; select bank0
   473  0062  008C               	movwf	12	;volatile
   474                           
   475                           ;PIC16F1827-clock02.c: 79: PORTB = p[fu % 10];
   476  0063  300A               	movlw	10
   477  0064  00F2               	movwf	___awmod@divisor
   478  0065  3000               	movlw	0
   479  0066  00F3               	movwf	___awmod@divisor+1
   480  0067  0878               	movf	_fu,w
   481  0068  00C8               	movwf	??_main
   482  0069  01C9               	clrf	??_main+1
   483  006A  0848               	movf	??_main,w
   484  006B  00F4               	movwf	___awmod@dividend
   485  006C  0849               	movf	??_main+1,w
   486  006D  00F5               	movwf	___awmod@dividend+1
   487  006E  3181  21AD  3180   	fcall	___awmod
   488  0071  0872               	movf	?___awmod,w
   489  0072  3E20               	addlw	(low (_p| 0))& (0+255)
   490  0073  0086               	movwf	6
   491  0074  0187               	clrf	7
   492  0075  0801               	movf	1,w
   493  0076  0020               	movlb	0	; select bank0
   494  0077  008D               	movwf	13	;volatile
   495                           
   496                           ;PIC16F1827-clock02.c: 80: _delay((unsigned long)((2)*(19660800/4000.0)));
   497  0078  300D               	movlw	13
   498  0079  00C9               	movwf	??_main+1
   499  007A  30C3               	movlw	195
   500  007B  00C8               	movwf	??_main
   501  007C                     u667:	
   502  007C  0BC8               	decfsz	??_main,f
   503  007D  287C               	goto	u667
   504  007E  0BC9               	decfsz	??_main+1,f
   505  007F  287C               	goto	u667
   506  0080  290F               	goto	l969
   507  0081                     l947:	
   508                           ;PIC16F1827-clock02.c: 83: case 2:
   509                           
   510                           ;PIC16F1827-clock02.c: 82: break;
   511                           
   512                           ;PIC16F1827-clock02.c: 81: PORTB = 0xFF;
   513                           
   514                           
   515                           ;PIC16F1827-clock02.c: 84: PORTA = 0x02;
   516  0081  3002               	movlw	2
   517  0082  0020               	movlb	0	; select bank0
   518  0083  008C               	movwf	12	;volatile
   519                           
   520                           ;PIC16F1827-clock02.c: 85: PORTB = p[(fu - (fu % 10)) / 10];
   521  0084  300A               	movlw	10
   522  0085  00C0               	movwf	___awdiv@divisor
   523  0086  3000               	movlw	0
   524  0087  00C1               	movwf	___awdiv@divisor+1
   525  0088  300A               	movlw	10
   526  0089  00F2               	movwf	___awmod@divisor
   527  008A  3000               	movlw	0
   528  008B  00F3               	movwf	___awmod@divisor+1
   529  008C  0878               	movf	_fu,w
   530  008D  00C8               	movwf	??_main
   531  008E  01C9               	clrf	??_main+1
   532  008F  0848               	movf	??_main,w
   533  0090  00F4               	movwf	___awmod@dividend
   534  0091  0849               	movf	??_main+1,w
   535  0092  00F5               	movwf	___awmod@dividend+1
   536  0093  3181  21AD  3180   	fcall	___awmod
   537  0096  0972               	comf	?___awmod,w
   538  0097  0020               	movlb	0	; select bank0
   539  0098  00CA               	movwf	??_main+2
   540  0099  0973               	comf	?___awmod+1,w
   541  009A  00CB               	movwf	??_main+3
   542  009B  0ACA               	incf	??_main+2,f
   543  009C  1903               	skipnz
   544  009D  0ACB               	incf	??_main+3,f
   545  009E  0878               	movf	_fu,w
   546  009F  074A               	addwf	??_main+2,w
   547  00A0  00C2               	movwf	___awdiv@dividend
   548  00A1  084B               	movf	??_main+3,w
   549  00A2  1803               	skipnc
   550  00A3  0A4B               	incf	??_main+3,w
   551  00A4  00C3               	movwf	___awdiv@dividend+1
   552  00A5  3181  215B  3180   	fcall	___awdiv
   553  00A8  0020               	movlb	0	; select bank0
   554  00A9  0840               	movf	?___awdiv,w
   555  00AA  3E20               	addlw	(low (_p| 0))& (0+255)
   556  00AB  0086               	movwf	6
   557  00AC  0187               	clrf	7
   558  00AD  0801               	movf	1,w
   559  00AE  008D               	movwf	13	;volatile
   560                           
   561                           ;PIC16F1827-clock02.c: 86: _delay((unsigned long)((2)*(19660800/4000.0)));
   562  00AF  300D               	movlw	13
   563  00B0  00C9               	movwf	??_main+1
   564  00B1  30C3               	movlw	195
   565  00B2  00C8               	movwf	??_main
   566  00B3                     u677:	
   567  00B3  0BC8               	decfsz	??_main,f
   568  00B4  28B3               	goto	u677
   569  00B5  0BC9               	decfsz	??_main+1,f
   570  00B6  28B3               	goto	u677
   571  00B7  290F               	goto	l969
   572  00B8                     l955:	
   573                           ;PIC16F1827-clock02.c: 89: case 3:
   574                           
   575                           ;PIC16F1827-clock02.c: 88: break;
   576                           
   577                           ;PIC16F1827-clock02.c: 87: PORTB = 0xFF;
   578                           
   579                           
   580                           ;PIC16F1827-clock02.c: 90: PORTA = 0x04;
   581  00B8  3004               	movlw	4
   582  00B9  0020               	movlb	0	; select bank0
   583  00BA  008C               	movwf	12	;volatile
   584                           
   585                           ;PIC16F1827-clock02.c: 91: PORTB = q[ji % 10];
   586  00BB  300A               	movlw	10
   587  00BC  00F2               	movwf	___awmod@divisor
   588  00BD  3000               	movlw	0
   589  00BE  00F3               	movwf	___awmod@divisor+1
   590  00BF  087A               	movf	_ji,w
   591  00C0  00C8               	movwf	??_main
   592  00C1  01C9               	clrf	??_main+1
   593  00C2  0848               	movf	??_main,w
   594  00C3  00F4               	movwf	___awmod@dividend
   595  00C4  0849               	movf	??_main+1,w
   596  00C5  00F5               	movwf	___awmod@dividend+1
   597  00C6  3181  21AD  3180   	fcall	___awmod
   598  00C9  0872               	movf	?___awmod,w
   599  00CA  3E2A               	addlw	(low (_q| 0))& (0+255)
   600  00CB  0086               	movwf	6
   601  00CC  0187               	clrf	7
   602  00CD  0801               	movf	1,w
   603  00CE  0020               	movlb	0	; select bank0
   604  00CF  008D               	movwf	13	;volatile
   605                           
   606                           ;PIC16F1827-clock02.c: 92: _delay((unsigned long)((2)*(19660800/4000.0)));
   607  00D0  300D               	movlw	13
   608  00D1  00C9               	movwf	??_main+1
   609  00D2  30C3               	movlw	195
   610  00D3  00C8               	movwf	??_main
   611  00D4                     u687:	
   612  00D4  0BC8               	decfsz	??_main,f
   613  00D5  28D4               	goto	u687
   614  00D6  0BC9               	decfsz	??_main+1,f
   615  00D7  28D4               	goto	u687
   616  00D8  290F               	goto	l969
   617  00D9                     l963:	
   618                           ;PIC16F1827-clock02.c: 95: case 4:
   619                           
   620                           ;PIC16F1827-clock02.c: 94: break;
   621                           
   622                           ;PIC16F1827-clock02.c: 93: PORTB = 0xFF;
   623                           
   624                           
   625                           ;PIC16F1827-clock02.c: 96: PORTA = 0x08;
   626  00D9  3008               	movlw	8
   627  00DA  0020               	movlb	0	; select bank0
   628  00DB  008C               	movwf	12	;volatile
   629                           
   630                           ;PIC16F1827-clock02.c: 97: PORTB = r[(ji - (ji % 10)) / 10];
   631  00DC  300A               	movlw	10
   632  00DD  00C0               	movwf	___awdiv@divisor
   633  00DE  3000               	movlw	0
   634  00DF  00C1               	movwf	___awdiv@divisor+1
   635  00E0  300A               	movlw	10
   636  00E1  00F2               	movwf	___awmod@divisor
   637  00E2  3000               	movlw	0
   638  00E3  00F3               	movwf	___awmod@divisor+1
   639  00E4  087A               	movf	_ji,w
   640  00E5  00C8               	movwf	??_main
   641  00E6  01C9               	clrf	??_main+1
   642  00E7  0848               	movf	??_main,w
   643  00E8  00F4               	movwf	___awmod@dividend
   644  00E9  0849               	movf	??_main+1,w
   645  00EA  00F5               	movwf	___awmod@dividend+1
   646  00EB  3181  21AD  3180   	fcall	___awmod
   647  00EE  0972               	comf	?___awmod,w
   648  00EF  0020               	movlb	0	; select bank0
   649  00F0  00CA               	movwf	??_main+2
   650  00F1  0973               	comf	?___awmod+1,w
   651  00F2  00CB               	movwf	??_main+3
   652  00F3  0ACA               	incf	??_main+2,f
   653  00F4  1903               	skipnz
   654  00F5  0ACB               	incf	??_main+3,f
   655  00F6  087A               	movf	_ji,w
   656  00F7  074A               	addwf	??_main+2,w
   657  00F8  00C2               	movwf	___awdiv@dividend
   658  00F9  084B               	movf	??_main+3,w
   659  00FA  1803               	skipnc
   660  00FB  0A4B               	incf	??_main+3,w
   661  00FC  00C3               	movwf	___awdiv@dividend+1
   662  00FD  3181  215B  3180   	fcall	___awdiv
   663  0100  0020               	movlb	0	; select bank0
   664  0101  0840               	movf	?___awdiv,w
   665  0102  3E34               	addlw	(low (_r| 0))& (0+255)
   666  0103  0086               	movwf	6
   667  0104  0187               	clrf	7
   668  0105  0801               	movf	1,w
   669  0106  008D               	movwf	13	;volatile
   670                           
   671                           ;PIC16F1827-clock02.c: 98: _delay((unsigned long)((2)*(19660800/4000.0)));
   672  0107  300D               	movlw	13
   673  0108  00C9               	movwf	??_main+1
   674  0109  30C3               	movlw	195
   675  010A  00C8               	movwf	??_main
   676  010B                     u697:	
   677  010B  0BC8               	decfsz	??_main,f
   678  010C  290B               	goto	u697
   679  010D  0BC9               	decfsz	??_main+1,f
   680  010E  290B               	goto	u697
   681  010F                     l969:	
   682                           
   683                           ;PIC16F1827-clock02.c: 99: PORTB = 0xFF;
   684  010F  30FF               	movlw	255
   685  0110  0020               	movlb	0	; select bank0
   686  0111  008D               	movwf	13	;volatile
   687                           
   688                           ;PIC16F1827-clock02.c: 100: break;
   689  0112  2923               	goto	l985
   690  0113                     l971:	
   691                           ;PIC16F1827-clock02.c: 101: default:
   692                           
   693                           
   694                           ;PIC16F1827-clock02.c: 102: i = 0;
   695  0113  01F9               	clrf	_i
   696                           
   697                           ;PIC16F1827-clock02.c: 104: }
   698                           
   699                           ;PIC16F1827-clock02.c: 103: break;
   700  0114  2923               	goto	l985
   701  0115                     l975:	
   702  0115  0879               	movf	_i,w
   703                           
   704                           ; Switch size 1, requested type "space"
   705                           ; Number of cases is 4, Range of values is 1 to 4
   706                           ; switch strategies available:
   707                           ; Name         Instructions Cycles
   708                           ; simple_byte           13     7 (average)
   709                           ; direct_byte           17     9 (fixed)
   710                           ; jumptable            263     9 (fixed)
   711                           ;	Chosen strategy is simple_byte
   712  0116  3A01               	xorlw	1	; case 1
   713  0117  1903               	skipnz
   714  0118  2860               	goto	l939
   715  0119  3A03               	xorlw	3	; case 2
   716  011A  1903               	skipnz
   717  011B  2881               	goto	l947
   718  011C  3A01               	xorlw	1	; case 3
   719  011D  1903               	skipnz
   720  011E  28B8               	goto	l955
   721  011F  3A07               	xorlw	7	; case 4
   722  0120  1903               	skipnz
   723  0121  28D9               	goto	l963
   724  0122  2913               	goto	l971
   725  0123                     l985:	
   726                           ;PIC16F1827-clock02.c: 106: while (RA4 == 0) {
   727                           
   728  0123  0020               	movlb	0	; select bank0
   729  0124  1A0C               	btfsc	12,4	;volatile
   730  0125  2957               	goto	l995
   731                           
   732                           ;PIC16F1827-clock02.c: 107: if (fu == 59) {
   733  0126  303B               	movlw	59
   734  0127  0678               	xorwf	_fu,w
   735  0128  1D03               	btfss	3,2
   736  0129  292C               	goto	l981
   737                           
   738                           ;PIC16F1827-clock02.c: 108: fu = 0;
   739  012A  01F8               	clrf	_fu
   740                           
   741                           ;PIC16F1827-clock02.c: 109: } else {
   742  012B  2931               	goto	l983
   743  012C                     l981:	
   744                           
   745                           ;PIC16F1827-clock02.c: 110: fu++;
   746  012C  3001               	movlw	1
   747  012D  0020               	movlb	0	; select bank0
   748  012E  00C8               	movwf	??_main
   749  012F  0848               	movf	??_main,w
   750  0130  07F8               	addwf	_fu,f
   751  0131                     l983:	
   752                           
   753                           ;PIC16F1827-clock02.c: 111: }
   754                           ;PIC16F1827-clock02.c: 112: _delay((unsigned long)((200)*(19660800/4000.0)));
   755  0131  3005               	movlw	5
   756  0132  0020               	movlb	0	; select bank0
   757  0133  00CA               	movwf	??_main+2
   758  0134  30FD               	movlw	253
   759  0135  00C9               	movwf	??_main+1
   760  0136  30AA               	movlw	170
   761  0137  00C8               	movwf	??_main
   762  0138                     u707:	
   763  0138  0BC8               	decfsz	??_main,f
   764  0139  2938               	goto	u707
   765  013A  0BC9               	decfsz	??_main+1,f
   766  013B  2938               	goto	u707
   767  013C  0BCA               	decfsz	??_main+2,f
   768  013D  2938               	goto	u707
   769  013E  3200               	nop2
   770  013F  2923               	goto	l985
   771  0140                     l987:	
   772                           ;PIC16F1827-clock02.c: 113: }
   773                           ;PIC16F1827-clock02.c: 114: while (RA5 == 0) {
   774                           
   775                           
   776                           ;PIC16F1827-clock02.c: 115: if (ji == 23) {
   777  0140  3017               	movlw	23
   778  0141  067A               	xorwf	_ji,w
   779  0142  1D03               	btfss	3,2
   780  0143  2946               	goto	l991
   781                           
   782                           ;PIC16F1827-clock02.c: 116: ji = 0;
   783  0144  01FA               	clrf	_ji
   784                           
   785                           ;PIC16F1827-clock02.c: 117: } else {
   786  0145  294A               	goto	l993
   787  0146                     l991:	
   788                           
   789                           ;PIC16F1827-clock02.c: 118: ji++;
   790  0146  3001               	movlw	1
   791  0147  00C8               	movwf	??_main
   792  0148  0848               	movf	??_main,w
   793  0149  07FA               	addwf	_ji,f
   794  014A                     l993:	
   795                           
   796                           ;PIC16F1827-clock02.c: 119: }
   797                           ;PIC16F1827-clock02.c: 120: _delay((unsigned long)((200)*(19660800/4000.0)));
   798  014A  3005               	movlw	5
   799  014B  00CA               	movwf	??_main+2
   800  014C  30FD               	movlw	253
   801  014D  00C9               	movwf	??_main+1
   802  014E  30AA               	movlw	170
   803  014F  00C8               	movwf	??_main
   804  0150                     u717:	
   805  0150  0BC8               	decfsz	??_main,f
   806  0151  2950               	goto	u717
   807  0152  0BC9               	decfsz	??_main+1,f
   808  0153  2950               	goto	u717
   809  0154  0BCA               	decfsz	??_main+2,f
   810  0155  2950               	goto	u717
   811  0156  3200               	nop2
   812  0157                     l995:	
   813  0157  0020               	movlb	0	; select bank0
   814  0158  1A8C               	btfsc	12,5	;volatile
   815  0159  285A               	goto	l937
   816  015A  2940               	goto	l987
   817  015B                     __end_of_main:	
   818                           
   819                           	psect	text1
   820  01AD                     __ptext1:	
   821 ;; *************** function ___awmod *****************
   822 ;; Defined at:
   823 ;;		line 6 in file "C:\Program Files (x86)\Microchip\xc8\v1.35\sources\common\awmod.c"
   824 ;; Parameters:    Size  Location     Type
   825 ;;  divisor         2    2[COMMON] int 
   826 ;;  dividend        2    4[COMMON] int 
   827 ;; Auto vars:     Size  Location     Type
   828 ;;  sign            1    1[BANK0 ] unsigned char 
   829 ;;  counter         1    0[BANK0 ] unsigned char 
   830 ;; Return value:  Size  Location     Type
   831 ;;                  2    2[COMMON] int 
   832 ;; Registers used:
   833 ;;		wreg, status,2, status,0
   834 ;; Tracked objects:
   835 ;;		On entry : 0/0
   836 ;;		On exit  : 0/0
   837 ;;		Unchanged: 0/0
   838 ;; Data sizes:     COMMON   BANK0   BANK1   BANK2   BANK3   BANK4
   839 ;;      Params:         4       0       0       0       0       0
   840 ;;      Locals:         0       2       0       0       0       0
   841 ;;      Temps:          1       0       0       0       0       0
   842 ;;      Totals:         5       2       0       0       0       0
   843 ;;Total ram usage:        7 bytes
   844 ;; Hardware stack levels used:    1
   845 ;; Hardware stack levels required when called:    1
   846 ;; This function calls:
   847 ;;		Nothing
   848 ;; This function is called by:
   849 ;;		_main
   850 ;; This function uses a non-reentrant model
   851 ;;
   852                           
   853                           
   854                           ;psect for function ___awmod
   855  01AD                     ___awmod:	
   856                           
   857                           ;incstack = 0
   858                           ; Regs used in ___awmod: [wreg+status,2+status,0]
   859  01AD  0020               	movlb	0	; select bank0
   860  01AE  01BF               	clrf	___awmod@sign
   861  01AF  1FF5               	btfss	___awmod@dividend+1,7
   862  01B0  29B8               	goto	l895
   863  01B1  09F4               	comf	___awmod@dividend,f
   864  01B2  09F5               	comf	___awmod@dividend+1,f
   865  01B3  0AF4               	incf	___awmod@dividend,f
   866  01B4  1903               	skipnz
   867  01B5  0AF5               	incf	___awmod@dividend+1,f
   868  01B6  01BF               	clrf	___awmod@sign
   869  01B7  0ABF               	incf	___awmod@sign,f
   870  01B8                     l895:	
   871  01B8  1FF3               	btfss	___awmod@divisor+1,7
   872  01B9  29BF               	goto	l899
   873  01BA  09F2               	comf	___awmod@divisor,f
   874  01BB  09F3               	comf	___awmod@divisor+1,f
   875  01BC  0AF2               	incf	___awmod@divisor,f
   876  01BD  1903               	skipnz
   877  01BE  0AF3               	incf	___awmod@divisor+1,f
   878  01BF                     l899:	
   879  01BF  0872               	movf	___awmod@divisor,w
   880  01C0  0473               	iorwf	___awmod@divisor+1,w
   881  01C1  1903               	btfsc	3,2
   882  01C2  29E6               	goto	l917
   883  01C3  01BE               	clrf	___awmod@counter
   884  01C4  0ABE               	incf	___awmod@counter,f
   885  01C5                     l907:	
   886  01C5  1BF3               	btfsc	___awmod@divisor+1,7
   887  01C6  29D1               	goto	l909
   888  01C7  3001               	movlw	1
   889  01C8                     u565:	
   890  01C8  35F2               	lslf	___awmod@divisor,f
   891  01C9  0DF3               	rlf	___awmod@divisor+1,f
   892  01CA  0B89               	decfsz	9,f
   893  01CB  29C8               	goto	u565
   894  01CC  3001               	movlw	1
   895  01CD  00F6               	movwf	??___awmod
   896  01CE  0876               	movf	??___awmod,w
   897  01CF  07BE               	addwf	___awmod@counter,f
   898  01D0  29C5               	goto	l907
   899  01D1                     l909:	
   900  01D1  0873               	movf	___awmod@divisor+1,w
   901  01D2  0275               	subwf	___awmod@dividend+1,w
   902  01D3  1D03               	skipz
   903  01D4  29D7               	goto	u585
   904  01D5  0872               	movf	___awmod@divisor,w
   905  01D6  0274               	subwf	___awmod@dividend,w
   906  01D7                     u585:	
   907  01D7  1C03               	skipc
   908  01D8  29DD               	goto	l913
   909  01D9  0872               	movf	___awmod@divisor,w
   910  01DA  02F4               	subwf	___awmod@dividend,f
   911  01DB  0873               	movf	___awmod@divisor+1,w
   912  01DC  3BF5               	subwfb	___awmod@dividend+1,f
   913  01DD                     l913:	
   914  01DD  3001               	movlw	1
   915  01DE                     u595:	
   916  01DE  36F3               	lsrf	___awmod@divisor+1,f
   917  01DF  0CF2               	rrf	___awmod@divisor,f
   918  01E0  0B89               	decfsz	9,f
   919  01E1  29DE               	goto	u595
   920  01E2  3001               	movlw	1
   921  01E3  02BE               	subwf	___awmod@counter,f
   922  01E4  1D03               	btfss	3,2
   923  01E5  29D1               	goto	l909
   924  01E6                     l917:	
   925  01E6  083F               	movf	___awmod@sign,w
   926  01E7  1903               	btfsc	3,2
   927  01E8  29EE               	goto	l921
   928  01E9  09F4               	comf	___awmod@dividend,f
   929  01EA  09F5               	comf	___awmod@dividend+1,f
   930  01EB  0AF4               	incf	___awmod@dividend,f
   931  01EC  1903               	skipnz
   932  01ED  0AF5               	incf	___awmod@dividend+1,f
   933  01EE                     l921:	
   934  01EE  0875               	movf	___awmod@dividend+1,w
   935  01EF  00F3               	movwf	?___awmod+1
   936  01F0  0874               	movf	___awmod@dividend,w
   937  01F1  00F2               	movwf	?___awmod
   938  01F2  0008               	return
   939  01F3                     __end_of___awmod:	
   940                           
   941                           	psect	text2
   942  015B                     __ptext2:	
   943 ;; *************** function ___awdiv *****************
   944 ;; Defined at:
   945 ;;		line 6 in file "C:\Program Files (x86)\Microchip\xc8\v1.35\sources\common\awdiv.c"
   946 ;; Parameters:    Size  Location     Type
   947 ;;  divisor         2    2[BANK0 ] int 
   948 ;;  dividend        2    4[BANK0 ] int 
   949 ;; Auto vars:     Size  Location     Type
   950 ;;  quotient        2    8[BANK0 ] int 
   951 ;;  sign            1    7[BANK0 ] unsigned char 
   952 ;;  counter         1    6[BANK0 ] unsigned char 
   953 ;; Return value:  Size  Location     Type
   954 ;;                  2    2[BANK0 ] int 
   955 ;; Registers used:
   956 ;;		wreg, status,2, status,0
   957 ;; Tracked objects:
   958 ;;		On entry : 0/0
   959 ;;		On exit  : 0/0
   960 ;;		Unchanged: 0/0
   961 ;; Data sizes:     COMMON   BANK0   BANK1   BANK2   BANK3   BANK4
   962 ;;      Params:         0       4       0       0       0       0
   963 ;;      Locals:         0       4       0       0       0       0
   964 ;;      Temps:          1       0       0       0       0       0
   965 ;;      Totals:         1       8       0       0       0       0
   966 ;;Total ram usage:        9 bytes
   967 ;; Hardware stack levels used:    1
   968 ;; Hardware stack levels required when called:    1
   969 ;; This function calls:
   970 ;;		Nothing
   971 ;; This function is called by:
   972 ;;		_main
   973 ;; This function uses a non-reentrant model
   974 ;;
   975                           
   976                           
   977                           ;psect for function ___awdiv
   978  015B                     ___awdiv:	
   979                           
   980                           ;incstack = 0
   981                           ; Regs used in ___awdiv: [wreg+status,2+status,0]
   982  015B  0020               	movlb	0	; select bank0
   983  015C  01C5               	clrf	___awdiv@sign
   984  015D  1FC1               	btfss	___awdiv@divisor+1,7
   985  015E  2966               	goto	l721
   986  015F  09C0               	comf	___awdiv@divisor,f
   987  0160  09C1               	comf	___awdiv@divisor+1,f
   988  0161  0AC0               	incf	___awdiv@divisor,f
   989  0162  1903               	skipnz
   990  0163  0AC1               	incf	___awdiv@divisor+1,f
   991  0164  01C5               	clrf	___awdiv@sign
   992  0165  0AC5               	incf	___awdiv@sign,f
   993  0166                     l721:	
   994  0166  1FC3               	btfss	___awdiv@dividend+1,7
   995  0167  2971               	goto	l727
   996  0168  09C2               	comf	___awdiv@dividend,f
   997  0169  09C3               	comf	___awdiv@dividend+1,f
   998  016A  0AC2               	incf	___awdiv@dividend,f
   999  016B  1903               	skipnz
  1000  016C  0AC3               	incf	___awdiv@dividend+1,f
  1001  016D  3001               	movlw	1
  1002  016E  00F7               	movwf	??___awdiv
  1003  016F  0877               	movf	??___awdiv,w
  1004  0170  06C5               	xorwf	___awdiv@sign,f
  1005  0171                     l727:	
  1006  0171  01C6               	clrf	___awdiv@quotient
  1007  0172  01C7               	clrf	___awdiv@quotient+1
  1008  0173  0840               	movf	___awdiv@divisor,w
  1009  0174  0441               	iorwf	___awdiv@divisor+1,w
  1010  0175  1903               	btfsc	3,2
  1011  0176  29A0               	goto	l749
  1012  0177  01C4               	clrf	___awdiv@counter
  1013  0178  0AC4               	incf	___awdiv@counter,f
  1014  0179                     l737:	
  1015  0179  1BC1               	btfsc	___awdiv@divisor+1,7
  1016  017A  2985               	goto	l739
  1017  017B  3001               	movlw	1
  1018  017C                     u305:	
  1019  017C  35C0               	lslf	___awdiv@divisor,f
  1020  017D  0DC1               	rlf	___awdiv@divisor+1,f
  1021  017E  0B89               	decfsz	9,f
  1022  017F  297C               	goto	u305
  1023  0180  3001               	movlw	1
  1024  0181  00F7               	movwf	??___awdiv
  1025  0182  0877               	movf	??___awdiv,w
  1026  0183  07C4               	addwf	___awdiv@counter,f
  1027  0184  2979               	goto	l737
  1028  0185                     l739:	
  1029  0185  3001               	movlw	1
  1030  0186                     u325:	
  1031  0186  35C6               	lslf	___awdiv@quotient,f
  1032  0187  0DC7               	rlf	___awdiv@quotient+1,f
  1033  0188  0B89               	decfsz	9,f
  1034  0189  2986               	goto	u325
  1035  018A  0841               	movf	___awdiv@divisor+1,w
  1036  018B  0243               	subwf	___awdiv@dividend+1,w
  1037  018C  1D03               	skipz
  1038  018D  2990               	goto	u335
  1039  018E  0840               	movf	___awdiv@divisor,w
  1040  018F  0242               	subwf	___awdiv@dividend,w
  1041  0190                     u335:	
  1042  0190  1C03               	skipc
  1043  0191  2997               	goto	l745
  1044  0192  0840               	movf	___awdiv@divisor,w
  1045  0193  02C2               	subwf	___awdiv@dividend,f
  1046  0194  0841               	movf	___awdiv@divisor+1,w
  1047  0195  3BC3               	subwfb	___awdiv@dividend+1,f
  1048  0196  1446               	bsf	___awdiv@quotient,0
  1049  0197                     l745:	
  1050  0197  3001               	movlw	1
  1051  0198                     u345:	
  1052  0198  36C1               	lsrf	___awdiv@divisor+1,f
  1053  0199  0CC0               	rrf	___awdiv@divisor,f
  1054  019A  0B89               	decfsz	9,f
  1055  019B  2998               	goto	u345
  1056  019C  3001               	movlw	1
  1057  019D  02C4               	subwf	___awdiv@counter,f
  1058  019E  1D03               	btfss	3,2
  1059  019F  2985               	goto	l739
  1060  01A0                     l749:	
  1061  01A0  0845               	movf	___awdiv@sign,w
  1062  01A1  1903               	btfsc	3,2
  1063  01A2  29A8               	goto	l753
  1064  01A3  09C6               	comf	___awdiv@quotient,f
  1065  01A4  09C7               	comf	___awdiv@quotient+1,f
  1066  01A5  0AC6               	incf	___awdiv@quotient,f
  1067  01A6  1903               	skipnz
  1068  01A7  0AC7               	incf	___awdiv@quotient+1,f
  1069  01A8                     l753:	
  1070  01A8  0847               	movf	___awdiv@quotient+1,w
  1071  01A9  00C1               	movwf	?___awdiv+1
  1072  01AA  0846               	movf	___awdiv@quotient,w
  1073  01AB  00C0               	movwf	?___awdiv
  1074  01AC  0008               	return
  1075  01AD                     __end_of___awdiv:	
  1076                           
  1077                           	psect	intentry
  1078  0004                     __pintentry:	
  1079 ;; *************** function _isr *****************
  1080 ;; Defined at:
  1081 ;;		line 40 in file "PIC16F1827-clock02.c"
  1082 ;; Parameters:    Size  Location     Type
  1083 ;;		None
  1084 ;; Auto vars:     Size  Location     Type
  1085 ;;		None
  1086 ;; Return value:  Size  Location     Type
  1087 ;;		None               void
  1088 ;; Registers used:
  1089 ;;		wreg, status,2, status,0
  1090 ;; Tracked objects:
  1091 ;;		On entry : 0/0
  1092 ;;		On exit  : 0/0
  1093 ;;		Unchanged: 0/0
  1094 ;; Data sizes:     COMMON   BANK0   BANK1   BANK2   BANK3   BANK4
  1095 ;;      Params:         0       0       0       0       0       0
  1096 ;;      Locals:         0       0       0       0       0       0
  1097 ;;      Temps:          2       0       0       0       0       0
  1098 ;;      Totals:         2       0       0       0       0       0
  1099 ;;Total ram usage:        2 bytes
  1100 ;; Hardware stack levels used:    1
  1101 ;; This function calls:
  1102 ;;		Nothing
  1103 ;; This function is called by:
  1104 ;;		Interrupt level 1
  1105 ;; This function uses a non-reentrant model
  1106 ;;
  1107                           
  1108  0004                     _isr:	
  1109                           
  1110                           ;incstack = 0
  1111                           ; Regs used in _isr: [wreg+status,2+status,0]
  1112  0004  147E               	bsf	126,0	;set compiler interrupt flag (level 1)
  1113  0005  3180               	pagesel	$
  1114  0006  0020               	movlb	0	; select bank0
  1115  0007  087F               	movf	127,w
  1116  0008  00F1               	movwf	??_isr+1
  1117                           
  1118                           ;PIC16F1827-clock02.c: 41: PIR1bits.TMR1IF = 0;
  1119  0009  1011               	bcf	17,0	;volatile
  1120                           
  1121                           ;PIC16F1827-clock02.c: 43: cnt1m++;
  1122  000A  3001               	movlw	1
  1123  000B  07CC               	addwf	_cnt1m,f
  1124  000C  3000               	movlw	0
  1125  000D  3DCD               	addwfc	_cnt1m+1,f
  1126                           
  1127                           ;PIC16F1827-clock02.c: 44: if (cnt1m == 18000) {
  1128  000E  3050               	movlw	80
  1129  000F  064C               	xorwf	_cnt1m,w
  1130  0010  3046               	movlw	70
  1131  0011  1903               	skipnz
  1132  0012  064D               	xorwf	_cnt1m+1,w
  1133  0013  1D03               	btfss	3,2
  1134  0014  282B               	goto	i1l56
  1135                           
  1136                           ;PIC16F1827-clock02.c: 45: cnt1m = 0;
  1137  0015  01CC               	clrf	_cnt1m
  1138  0016  01CD               	clrf	_cnt1m+1
  1139                           
  1140                           ;PIC16F1827-clock02.c: 47: if (fu == 59) {
  1141  0017  303B               	movlw	59
  1142  0018  0678               	xorwf	_fu,w
  1143  0019  1D03               	btfss	3,2
  1144  001A  2827               	goto	i1l813
  1145                           
  1146                           ;PIC16F1827-clock02.c: 48: fu = 0;
  1147  001B  01F8               	clrf	_fu
  1148                           
  1149                           ;PIC16F1827-clock02.c: 49: if (ji == 23) {
  1150  001C  3017               	movlw	23
  1151  001D  067A               	xorwf	_ji,w
  1152  001E  1D03               	btfss	3,2
  1153  001F  2822               	goto	i1l811
  1154                           
  1155                           ;PIC16F1827-clock02.c: 50: ji = 0;
  1156  0020  01FA               	clrf	_ji
  1157                           
  1158                           ;PIC16F1827-clock02.c: 51: } else {
  1159  0021  282B               	goto	i1l56
  1160  0022                     i1l811:	
  1161                           
  1162                           ;PIC16F1827-clock02.c: 52: ji++;
  1163  0022  3001               	movlw	1
  1164  0023  00F0               	movwf	??_isr
  1165  0024  0870               	movf	??_isr,w
  1166  0025  07FA               	addwf	_ji,f
  1167                           
  1168                           ;PIC16F1827-clock02.c: 53: }
  1169                           ;PIC16F1827-clock02.c: 54: } else {
  1170  0026  282B               	goto	i1l56
  1171  0027                     i1l813:	
  1172                           
  1173                           ;PIC16F1827-clock02.c: 55: fu++;
  1174  0027  3001               	movlw	1
  1175  0028  00F0               	movwf	??_isr
  1176  0029  0870               	movf	??_isr,w
  1177  002A  07F8               	addwf	_fu,f
  1178  002B                     i1l56:	
  1179  002B  0871               	movf	??_isr+1,w
  1180  002C  00FF               	movwf	127
  1181  002D  107E               	bcf	126,0	;clear compiler interrupt flag (level 1)
  1182  002E  0009               	retfie
  1183  002F                     __end_of_isr:	
  1184  007E                     btemp	set	126	;btemp
  1185  007E                     int$flags	set	126
  1186  007E                     wtemp	set	126
  1187  007E                     wtemp0	set	126
  1188  0080                     wtemp1	set	128
  1189  0082                     wtemp2	set	130
  1190  0084                     wtemp3	set	132
  1191  0086                     wtemp4	set	134
  1192  0088                     wtemp5	set	136
  1193  007F                     wtemp6	set	127
  1194  007E                     ttemp	set	126
  1195  007E                     ttemp0	set	126
  1196  0081                     ttemp1	set	129
  1197  0084                     ttemp2	set	132
  1198  0087                     ttemp3	set	135
  1199  007F                     ttemp4	set	127
  1200  007E                     ltemp	set	126
  1201  007E                     ltemp0	set	126
  1202  0082                     ltemp1	set	130
  1203  0086                     ltemp2	set	134
  1204  0080                     ltemp3	set	128


Data Sizes:
    Strings     0
    Constant    0
    Data        30
    BSS         6
    Persistent  0
    Stack       0

Auto Spaces:
    Space          Size  Autos    Used
    COMMON           14      8      12
    BANK0            80     14      46
    BANK1            80      0       0
    BANK2            80      0       0
    BANK3            80      0       0
    BANK4            48      0       0

Pointer List with Targets:

    None.

Critical Paths under _main in COMMON

    _main->___awdiv
    ___awdiv->___awmod

Critical Paths under _isr in COMMON

    None.

Critical Paths under _main in BANK0

    _main->___awdiv
    ___awdiv->___awmod

Critical Paths under _isr in BANK0

    None.

Critical Paths under _main in BANK1

    None.

Critical Paths under _isr in BANK1

    None.

Critical Paths under _main in BANK2

    None.

Critical Paths under _isr in BANK2

    None.

Critical Paths under _main in BANK3

    None.

Critical Paths under _isr in BANK3

    None.

Critical Paths under _main in BANK4

    None.

Critical Paths under _isr in BANK4

    None.

Call Graph Tables:

 ---------------------------------------------------------------------------------
 (Depth) Function   	        Calls       Base Space   Used Autos Params    Refs
 ---------------------------------------------------------------------------------
 (0) _main                                                 4     4      0    1465
                                             10 BANK0      4     4      0
                            ___awdiv
                            ___awmod
 ---------------------------------------------------------------------------------
 (1) ___awmod                                              7     3      4     953
                                              2 COMMON     5     1      4
                                              0 BANK0      2     2      0
 ---------------------------------------------------------------------------------
 (1) ___awdiv                                              9     5      4     512
                                              7 COMMON     1     1      0
                                              2 BANK0      8     4      4
                            ___awmod (ARG)
 ---------------------------------------------------------------------------------
 Estimated maximum stack depth 1
 ---------------------------------------------------------------------------------
 (Depth) Function   	        Calls       Base Space   Used Autos Params    Refs
 ---------------------------------------------------------------------------------
 (2) _isr                                                  2     2      0       0
                                              0 COMMON     2     2      0
 ---------------------------------------------------------------------------------
 Estimated maximum stack depth 2
 ---------------------------------------------------------------------------------

 Call Graph Graphs:

 _main (ROOT)
   ___awdiv
     ___awmod (ARG)
   ___awmod

 _isr (ROOT)

 Address spaces:
Name               Size   Autos  Total    Cost      Usage
BIGRAM             170      0       0       0        0.0%
EEDATA             100      0       0       0        0.0%
NULL                 0      0       0       0        0.0%
CODE                 0      0       0       0        0.0%
BITCOMMON            E      0       0       1        0.0%
BITSFR0              0      0       0       1        0.0%
SFR0                 0      0       0       1        0.0%
COMMON               E      8       C       2       85.7%
BITSFR1              0      0       0       2        0.0%
SFR1                 0      0       0       2        0.0%
BITSFR2              0      0       0       3        0.0%
SFR2                 0      0       0       3        0.0%
STACK                0      0       0       3        0.0%
BITSFR3              0      0       0       4        0.0%
SFR3                 0      0       0       4        0.0%
ABS                  0      0      3A       4        0.0%
BITBANK0            50      0       0       5        0.0%
BITSFR4              0      0       0       5        0.0%
SFR4                 0      0       0       5        0.0%
BANK0               50      E      2E       6       57.5%
BITSFR5              0      0       0       6        0.0%
SFR5                 0      0       0       6        0.0%
BITBANK1            50      0       0       7        0.0%
BITSFR6              0      0       0       7        0.0%
SFR6                 0      0       0       7        0.0%
BANK1               50      0       0       8        0.0%
BITSFR7              0      0       0       8        0.0%
SFR7                 0      0       0       8        0.0%
BITBANK2            50      0       0       9        0.0%
BITSFR8              0      0       0       9        0.0%
SFR8                 0      0       0       9        0.0%
BANK2               50      0       0      10        0.0%
BITSFR9              0      0       0      10        0.0%
SFR9                 0      0       0      10        0.0%
BITBANK3            50      0       0      11        0.0%
BITSFR10             0      0       0      11        0.0%
SFR10                0      0       0      11        0.0%
BANK3               50      0       0      12        0.0%
BITSFR11             0      0       0      12        0.0%
SFR11                0      0       0      12        0.0%
BITBANK4            30      0       0      13        0.0%
BITSFR12             0      0       0      13        0.0%
SFR12                0      0       0      13        0.0%
BANK4               30      0       0      14        0.0%
BITSFR13             0      0       0      14        0.0%
SFR13                0      0       0      14        0.0%
BITSFR14             0      0       0      15        0.0%
SFR14                0      0       0      15        0.0%
DATA                 0      0      3A      15        0.0%
BITSFR15             0      0       0      16        0.0%
SFR15                0      0       0      16        0.0%
BITSFR16             0      0       0      17        0.0%
SFR16                0      0       0      17        0.0%
BITSFR17             0      0       0      18        0.0%
SFR17                0      0       0      18        0.0%
BITSFR18             0      0       0      19        0.0%
SFR18                0      0       0      19        0.0%
BITSFR19             0      0       0      20        0.0%
SFR19                0      0       0      20        0.0%
BITSFR20             0      0       0      21        0.0%
SFR20                0      0       0      21        0.0%
BITSFR21             0      0       0      22        0.0%
SFR21                0      0       0      22        0.0%
BITSFR22             0      0       0      23        0.0%
SFR22                0      0       0      23        0.0%
BITSFR23             0      0       0      24        0.0%
SFR23                0      0       0      24        0.0%
BITSFR24             0      0       0      25        0.0%
SFR24                0      0       0      25        0.0%
BITSFR25             0      0       0      26        0.0%
SFR25                0      0       0      26        0.0%
BITSFR26             0      0       0      27        0.0%
SFR26                0      0       0      27        0.0%
BITSFR27             0      0       0      28        0.0%
SFR27                0      0       0      28        0.0%
BITSFR28             0      0       0      29        0.0%
SFR28                0      0       0      29        0.0%
BITSFR29             0      0       0      30        0.0%
SFR29                0      0       0      30        0.0%
BITSFR30             0      0       0      31        0.0%
SFR30                0      0       0      31        0.0%
BITSFR31             0      0       0      32        0.0%
SFR31                0      0       0      32        0.0%


Microchip Technology PIC Macro Assembler V1.35 build -356382666 
Symbol Table                                                                                   Mon Nov 16 22:10:06 2015

                      _i 0079                        _p 0020                        _q 002A  
                      _r 0034              __CFG_CP$OFF 0000             ___awdiv@sign 0045  
                     _ji 007A                       _fu 0078                      l721 0166  
                    l727 0171                      l753 01A8                      l745 0197  
                    l737 0179                      l921 01EE                      l913 01DD  
                    l739 0185                      l907 01C5                      l749 01A0  
                    l909 01D1                      l917 01E6                      l937 005A  
                    l971 0113                      l963 00D9                      l955 00B8  
                    l947 0081                      l939 0060                      l981 012C  
                    l895 01B8                      l991 0146                      l983 0131  
                    l975 0115                      l993 014A                      l969 010F  
                    l985 0123                      l899 01BF                      l987 0140  
                    l995 0157                      _RA4 0064                      _RA5 0065  
                    u305 017C                      u325 0186                      u335 0190  
                    u345 0198             __CFG_CPD$OFF 0000                      u707 0138  
                    u565 01C8                      u717 0150                      u585 01D7  
                    u595 01DE                      u667 007C                      u677 00B3  
                    u687 00D4                      u697 010B                      _isr 0004  
           ___awmod@sign 003F             __CFG_BORV$LO 0000                      wreg 0009  
           __CFG_FOSC$HS 0000             __CFG_LVP$OFF 0000                     ?_isr 0070  
                   i1l56 002B             __CFG_WRT$OFF 0000                     _main 0046  
                   fsr0h 0005                     fsr1h 0007                     fsr0l 0004  
                   indf1 0001                     fsr1l 0006                     btemp 007E  
                   ltemp 007E                     start 002F                     ttemp 007E  
                   wtemp 007E            __CFG_IESO$OFF 0000                    ??_isr 0070  
                  ?_main 0070          __end_of___awdiv 01AD            __CFG_WDTE$OFF 0000  
        __end_of___awmod 01F3          ___awdiv@divisor 0040                    _T1CON 0018  
                  i1l811 0022                    i1l813 0027          ___awdiv@counter 0044  
                  _TMR1H 0017                    _TMR1L 0016                    _PORTA 000C  
                  _PORTB 000D                    _TRISA 008C                    _TRISB 008D  
         __CFG_FCMEN$OFF 0000                    _cnt1m 004C                    _tim1m 007B  
         __CFG_BOREN$OFF 0000                    ltemp0 007E                    ltemp1 0082  
                  ltemp2 0086                    ltemp3 0080                    ttemp0 007E  
                  ttemp1 0081                    ttemp2 0084                    ttemp3 0087  
                  ttemp4 007F                    status 0003                    wtemp0 007E  
                  wtemp1 0080                    wtemp2 0082                    wtemp3 0084  
                  wtemp4 0086                    wtemp5 0088                    wtemp6 007F  
         __CFG_MCLRE$OFF 0000          __initialization 0031             __end_of_main 015B  
                 ??_main 0048           __CFG_PLLEN$OFF 0000         ___awdiv@dividend 0042  
                 _ANSELA 018C                   _ANSELB 018D                   _OSCCON 0099  
         __CFG_PWRTE$OFF 0000                ??___awdiv 0077                ??___awmod 0076  
       ___awdiv@quotient 0046          ___awmod@divisor 0072          ___awmod@counter 003E  
__end_of__initialization 0042           __pcstackCOMMON 0070             __pidataBANK0 01F3  
             __pbssBANK0 004C               __pmaintext 0046               __pintentry 0004  
                ___awdiv 015B                  ___awmod 01AD          __CFG_STVREN$OFF 0000  
                __ptext1 01AD                  __ptext2 015B             __size_of_isr 002B  
       ___awmod@dividend 0074     end_of_initialization 0042                  init_ram 0211  
                initloop 0212      start_initialization 0031              __end_of_isr 002F  
            __pdataBANK0 0020              __pbssCOMMON 0078                ___latbits 0001  
          __pcstackBANK0 003E                 ?___awdiv 0040                 ?___awmod 0072  
               _PIE1bits 0091                 _PIR1bits 0011         __size_of___awdiv 0052  
       __size_of___awmod 0046            __size_of_main 0115                 int$flags 007E  
             _INTCONbits 000B                 intlevel1 0000        __CFG_CLKOUTEN$OFF 0000  
