

Microchip Technology PIC LITE Macro Assembler V1.35 build -356382666 
                                                                                               Mon Nov 16 18:45:31 2015

Microchip Technology Omniscient Code Generator v1.35 (Free mode) build 201507080246
     1                           	processor	16F1827
     2                           	opt	pw 120
     3                           	opt	lm
     4                           	psect	cinit,global,class=CODE,merge=1,delta=2
     5                           	psect	bssBANK0,global,class=BANK0,space=1,delta=1
     6                           	psect	clrtext,global,class=CODE,delta=2
     7                           	psect	cstackCOMMON,global,class=COMMON,space=1,delta=1
     8                           	psect	cstackBANK0,global,class=BANK0,space=1,delta=1
     9                           	psect	maintext,global,class=CODE,merge=1,split=1,delta=2
    10                           	psect	text1,local,class=CODE,merge=1,delta=2
    11                           	psect	text2,local,class=CODE,merge=1,delta=2
    12                           	psect	text3,local,class=CODE,merge=1,delta=2
    13                           	psect	intentry,global,class=CODE,delta=2
    14                           	psect	text5,local,class=CODE,merge=1,delta=2
    15                           	psect	text6,local,class=CODE,merge=1,delta=2
    16                           	psect	text7,local,class=CODE,merge=1,delta=2
    17                           	dabs	1,0x7E,2
    18  0000                     	;# 
    19  0001                     	;# 
    20  0002                     	;# 
    21  0003                     	;# 
    22  0004                     	;# 
    23  0005                     	;# 
    24  0006                     	;# 
    25  0007                     	;# 
    26  0008                     	;# 
    27  0009                     	;# 
    28  000A                     	;# 
    29  000B                     	;# 
    30  000C                     	;# 
    31  000D                     	;# 
    32  0011                     	;# 
    33  0012                     	;# 
    34  0013                     	;# 
    35  0014                     	;# 
    36  0015                     	;# 
    37  0016                     	;# 
    38  0016                     	;# 
    39  0017                     	;# 
    40  0018                     	;# 
    41  0019                     	;# 
    42  001A                     	;# 
    43  001B                     	;# 
    44  001C                     	;# 
    45  001E                     	;# 
    46  001F                     	;# 
    47  008C                     	;# 
    48  008D                     	;# 
    49  0091                     	;# 
    50  0092                     	;# 
    51  0093                     	;# 
    52  0094                     	;# 
    53  0095                     	;# 
    54  0096                     	;# 
    55  0097                     	;# 
    56  0098                     	;# 
    57  0099                     	;# 
    58  009A                     	;# 
    59  009B                     	;# 
    60  009B                     	;# 
    61  009C                     	;# 
    62  009D                     	;# 
    63  009E                     	;# 
    64  010C                     	;# 
    65  010D                     	;# 
    66  0111                     	;# 
    67  0112                     	;# 
    68  0113                     	;# 
    69  0114                     	;# 
    70  0115                     	;# 
    71  0116                     	;# 
    72  0117                     	;# 
    73  0118                     	;# 
    74  0119                     	;# 
    75  011A                     	;# 
    76  011B                     	;# 
    77  011D                     	;# 
    78  011E                     	;# 
    79  018C                     	;# 
    80  018D                     	;# 
    81  0191                     	;# 
    82  0191                     	;# 
    83  0192                     	;# 
    84  0193                     	;# 
    85  0193                     	;# 
    86  0193                     	;# 
    87  0194                     	;# 
    88  0195                     	;# 
    89  0196                     	;# 
    90  0199                     	;# 
    91  019A                     	;# 
    92  019B                     	;# 
    93  019B                     	;# 
    94  019B                     	;# 
    95  019B                     	;# 
    96  019C                     	;# 
    97  019C                     	;# 
    98  019D                     	;# 
    99  019E                     	;# 
   100  019F                     	;# 
   101  020C                     	;# 
   102  020D                     	;# 
   103  0211                     	;# 
   104  0211                     	;# 
   105  0212                     	;# 
   106  0212                     	;# 
   107  0213                     	;# 
   108  0213                     	;# 
   109  0214                     	;# 
   110  0214                     	;# 
   111  0215                     	;# 
   112  0215                     	;# 
   113  0215                     	;# 
   114  0216                     	;# 
   115  0216                     	;# 
   116  0217                     	;# 
   117  0217                     	;# 
   118  0219                     	;# 
   119  021A                     	;# 
   120  021B                     	;# 
   121  021C                     	;# 
   122  021D                     	;# 
   123  021E                     	;# 
   124  021F                     	;# 
   125  0291                     	;# 
   126  0291                     	;# 
   127  0292                     	;# 
   128  0293                     	;# 
   129  0294                     	;# 
   130  0295                     	;# 
   131  0295                     	;# 
   132  0296                     	;# 
   133  0298                     	;# 
   134  0298                     	;# 
   135  0299                     	;# 
   136  029A                     	;# 
   137  029B                     	;# 
   138  029C                     	;# 
   139  029C                     	;# 
   140  029D                     	;# 
   141  029E                     	;# 
   142  029E                     	;# 
   143  0311                     	;# 
   144  0311                     	;# 
   145  0312                     	;# 
   146  0313                     	;# 
   147  0318                     	;# 
   148  0318                     	;# 
   149  0319                     	;# 
   150  031A                     	;# 
   151  0394                     	;# 
   152  0395                     	;# 
   153  0396                     	;# 
   154  039A                     	;# 
   155  039C                     	;# 
   156  039D                     	;# 
   157  039E                     	;# 
   158  039F                     	;# 
   159  0415                     	;# 
   160  0416                     	;# 
   161  0417                     	;# 
   162  041C                     	;# 
   163  041D                     	;# 
   164  041E                     	;# 
   165  0FE4                     	;# 
   166  0FE5                     	;# 
   167  0FE6                     	;# 
   168  0FE7                     	;# 
   169  0FE8                     	;# 
   170  0FE9                     	;# 
   171  0FEA                     	;# 
   172  0FEB                     	;# 
   173  0FED                     	;# 
   174  0FEE                     	;# 
   175  0FEF                     	;# 
   176  000B                     _INTCONbits	set	11
   177  0011                     _PIR1bits	set	17
   178  000C                     _PORTA	set	12
   179  000D                     _PORTB	set	13
   180  0018                     _T1CON	set	24
   181  0017                     _TMR1H	set	23
   182  0016                     _TMR1L	set	22
   183  009B                     _ADRES	set	155
   184  009D                     _ADCON0bits	set	157
   185  009E                     _ADCON1	set	158
   186  0095                     _OPTION_REG	set	149
   187  0099                     _OSCCON	set	153
   188  0091                     _PIE1bits	set	145
   189  008C                     _TRISA	set	140
   190  008D                     _TRISB	set	141
   191  0117                     _FVRCON	set	279
   192  018C                     _ANSELA	set	396
   193  018D                     _ANSELB	set	397
   194                           
   195                           ; #config settings
   196  0000                     
   197                           	psect	cinit
   198  006D                     start_initialization:	
   199  006D                     __initialization:	
   200                           
   201                           ; Clear objects allocated to BANK0
   202  006D  3020               	movlw	low __pbssBANK0
   203  006E  0084               	movwf	4
   204  006F  3000               	movlw	high __pbssBANK0
   205  0070  0085               	movwf	5
   206  0071  3010               	movlw	16
   207  0072  3181  216B         	fcall	clear_ram0
   208  0074                     end_of_initialization:	
   209                           ;End of C runtime variable initialization code
   210                           
   211  0074                     __end_of__initialization:	
   212  0074  107E               	bcf	int$flags,0	;clear compiler interrupt flag (level 1)
   213  0075  0020               	movlb	0
   214  0076  3180  2878         	ljmp	_main	;jump to C main() function
   215                           
   216                           	psect	bssBANK0
   217  0020                     __pbssBANK0:	
   218  0020                     _cut:	
   219  0020                     	ds	8
   220  0028                     _v:	
   221  0028                     	ds	8
   222                           
   223                           	psect	clrtext
   224  016B                     clear_ram0:	
   225                           ;	Called with FSR0 containing the base address, and
   226                           ;	WREG with the size to clear
   227                           
   228  016B  0064               	clrwdt	;clear the watchdog before getting into this loop
   229  016C                     clrloop0:	
   230  016C  0180               	clrf	0	;clear RAM location pointed to by FSR
   231  016D  3101               	addfsr 0,1
   232  016E  0B89               	decfsz	9,f	;Have we reached the end of clearing yet?
   233  016F  296C               	goto	clrloop0	;have we reached the end yet?
   234  0170  3400               	retlw	0	;all done for this memory range, return
   235                           
   236                           	psect	cstackCOMMON
   237  0070                     __pcstackCOMMON:	
   238  0070                     ?_isr:	
   239  0070                     ?i1_OUT:	
   240                           ; 0 bytes @ 0x0
   241                           
   242  0070                     ?i1_LED:	
   243                           ; 0 bytes @ 0x0
   244                           
   245  0070                     ?_SW:	
   246                           ; 0 bytes @ 0x0
   247                           
   248  0070                     ?_adc:	
   249                           ; 1 bytes @ 0x0
   250                           
   251  0070                     ?_main:	
   252                           ; 2 bytes @ 0x0
   253                           
   254  0070                     i1OUT@hl:	
   255                           ; 2 bytes @ 0x0
   256                           
   257  0070                     i1LED@hl:	
   258                           ; 1 bytes @ 0x0
   259                           
   260                           
   261                           ; 1 bytes @ 0x0
   262  0070                     	ds	1
   263  0071                     ??i1_OUT:	
   264  0071                     ??i1_LED:	
   265                           ; 0 bytes @ 0x1
   266                           
   267                           
   268                           ; 0 bytes @ 0x1
   269  0071                     	ds	1
   270  0072                     ??_adc:	
   271  0072                     i1OUT@b:	
   272                           ; 0 bytes @ 0x2
   273                           
   274  0072                     i1LED@b:	
   275                           ; 1 bytes @ 0x2
   276                           
   277                           
   278                           ; 1 bytes @ 0x2
   279  0072                     	ds	1
   280  0073                     adc@ch:	
   281                           
   282                           ; 1 bytes @ 0x3
   283  0073                     	ds	1
   284  0074                     ??_isr:	
   285                           
   286                           ; 0 bytes @ 0x4
   287  0074                     	ds	3
   288  0077                     isr@i:	
   289                           
   290                           ; 1 bytes @ 0x7
   291  0077                     	ds	1
   292                           
   293                           	psect	cstackBANK0
   294  0030                     __pcstackBANK0:	
   295  0030                     ?_OUT:	
   296  0030                     ?_LED:	
   297                           ; 0 bytes @ 0x0
   298                           
   299  0030                     ??_SW:	
   300                           ; 0 bytes @ 0x0
   301                           
   302  0030                     OUT@hl:	
   303                           ; 0 bytes @ 0x0
   304                           
   305  0030                     LED@hl:	
   306                           ; 1 bytes @ 0x0
   307                           
   308                           
   309                           ; 1 bytes @ 0x0
   310  0030                     	ds	1
   311  0031                     ??_OUT:	
   312  0031                     ??_LED:	
   313                           ; 0 bytes @ 0x1
   314                           
   315  0031                     SW@b:	
   316                           ; 0 bytes @ 0x1
   317                           
   318                           
   319                           ; 1 bytes @ 0x1
   320  0031                     	ds	1
   321  0032                     OUT@b:	
   322  0032                     LED@b:	
   323                           ; 1 bytes @ 0x2
   324                           
   325  0032                     SW@temp:	
   326                           ; 1 bytes @ 0x2
   327                           
   328                           
   329                           ; 1 bytes @ 0x2
   330  0032                     	ds	1
   331  0033                     ??_main:	
   332                           
   333                           ; 0 bytes @ 0x3
   334  0033                     	ds	1
   335  0034                     main@i:	
   336                           
   337                           ; 1 bytes @ 0x4
   338  0034                     	ds	1
   339                           
   340                           	psect	maintext
   341  0078                     __pmaintext:	
   342 ;;
   343 ;;Main: autosize = 0, tempsize = 1, incstack = 0, save=0
   344 ;;
   345 ;; *************** function _main *****************
   346 ;; Defined at:
   347 ;;		line 94 in file "PIC16F1827-ChargeStation06.c"
   348 ;; Parameters:    Size  Location     Type
   349 ;;		None
   350 ;; Auto vars:     Size  Location     Type
   351 ;;  i               1    4[BANK0 ] unsigned char 
   352 ;; Return value:  Size  Location     Type
   353 ;;                  2   81[None  ] int 
   354 ;; Registers used:
   355 ;;		wreg, fsr1l, fsr1h, status,2, status,0, pclath, cstack
   356 ;; Tracked objects:
   357 ;;		On entry : B1F/0
   358 ;;		On exit  : 0/0
   359 ;;		Unchanged: 0/0
   360 ;; Data sizes:     COMMON   BANK0   BANK1   BANK2   BANK3   BANK4
   361 ;;      Params:         0       0       0       0       0       0
   362 ;;      Locals:         0       1       0       0       0       0
   363 ;;      Temps:          0       1       0       0       0       0
   364 ;;      Totals:         0       2       0       0       0       0
   365 ;;Total ram usage:        2 bytes
   366 ;; Hardware stack levels required when called:    3
   367 ;; This function calls:
   368 ;;		_LED
   369 ;;		_OUT
   370 ;;		_SW
   371 ;; This function is called by:
   372 ;;		Startup code after reset
   373 ;; This function uses a non-reentrant model
   374 ;;
   375                           
   376                           
   377                           ;psect for function _main
   378  0078                     _main:	
   379                           
   380                           ;PIC16F1827-ChargeStation06.c: 95: OSCCON = 0x70;
   381                           
   382                           ;incstack = 0
   383                           ; Regs used in _main: [wreg+fsr1l+fsr1h+status,2+status,0+pclath+cstack]
   384  0078  3070               	movlw	112
   385  0079  0021               	movlb	1	; select bank1
   386  007A  0099               	movwf	25	;volatile
   387                           
   388                           ;PIC16F1827-ChargeStation06.c: 96: TRISA = 0xFF;
   389  007B  30FF               	movlw	255
   390  007C  008C               	movwf	12	;volatile
   391                           
   392                           ;PIC16F1827-ChargeStation06.c: 97: TRISB = 0x00;
   393  007D  018D               	clrf	13	;volatile
   394                           
   395                           ;PIC16F1827-ChargeStation06.c: 98: ANSELA = 0x0F;
   396  007E  300F               	movlw	15
   397  007F  0023               	movlb	3	; select bank3
   398  0080  008C               	movwf	12	;volatile
   399                           
   400                           ;PIC16F1827-ChargeStation06.c: 99: ANSELB = 0x00;
   401  0081  018D               	clrf	13	;volatile
   402                           
   403                           ;PIC16F1827-ChargeStation06.c: 100: ADCON1 = 0x93;
   404  0082  3093               	movlw	147
   405  0083  0021               	movlb	1	; select bank1
   406  0084  009E               	movwf	30	;volatile
   407                           
   408                           ;PIC16F1827-ChargeStation06.c: 101: FVRCON = 0x83;
   409  0085  3083               	movlw	131
   410  0086  0022               	movlb	2	; select bank2
   411  0087  0097               	movwf	23	;volatile
   412                           
   413                           ;PIC16F1827-ChargeStation06.c: 103: PORTB = 0xF0;
   414  0088  30F0               	movlw	240
   415  0089  0020               	movlb	0	; select bank0
   416  008A  008D               	movwf	13	;volatile
   417                           
   418                           ;PIC16F1827-ChargeStation06.c: 105: OPTION_REG = 0b10010011;
   419  008B  3093               	movlw	147
   420  008C  0021               	movlb	1	; select bank1
   421  008D  0095               	movwf	21	;volatile
   422                           
   423                           ;PIC16F1827-ChargeStation06.c: 106: INTCONbits.TMR0IE = 1;
   424  008E  168B               	bsf	11,5	;volatile
   425                           
   426                           ;PIC16F1827-ChargeStation06.c: 108: T1CON = 0x21;
   427  008F  3021               	movlw	33
   428  0090  0020               	movlb	0	; select bank0
   429  0091  0098               	movwf	24	;volatile
   430                           
   431                           ;PIC16F1827-ChargeStation06.c: 109: TMR1H = 0x00;
   432  0092  0197               	clrf	23	;volatile
   433                           
   434                           ;PIC16F1827-ChargeStation06.c: 110: TMR1L = 0x00;
   435  0093  0196               	clrf	22	;volatile
   436                           
   437                           ;PIC16F1827-ChargeStation06.c: 111: PIE1bits.TMR1IE = 1;
   438  0094  0021               	movlb	1	; select bank1
   439  0095  1411               	bsf	17,0	;volatile
   440                           
   441                           ;PIC16F1827-ChargeStation06.c: 113: INTCONbits.PEIE = 1;
   442  0096  170B               	bsf	11,6	;volatile
   443                           
   444                           ;PIC16F1827-ChargeStation06.c: 114: INTCONbits.GIE = 1;
   445  0097  178B               	bsf	11,7	;volatile
   446  0098                     l774:	
   447                           ;PIC16F1827-ChargeStation06.c: 116: uint8_t i;
   448                           ;PIC16F1827-ChargeStation06.c: 117: while (1) {
   449                           
   450                           
   451                           ;PIC16F1827-ChargeStation06.c: 118: for (i = 0; i < 4; i++) {
   452  0098  0020               	movlb	0	; select bank0
   453  0099  01B4               	clrf	main@i
   454  009A                     L1:	
   455  009A  3004               	movlw	4
   456  009B  0234               	subwf	main@i,w
   457  009C  1803               	btfsc	3,0
   458  009D  2898               	goto	l774
   459                           
   460                           ;PIC16F1827-ChargeStation06.c: 119: if (SW(i)) {
   461  009E  0834               	movf	main@i,w
   462  009F  3181  2154  3180   	fcall	_SW
   463  00A2  3A00               	xorlw	0
   464  00A3  1903               	skipnz
   465  00A4  28BB               	goto	l784
   466                           
   467                           ;PIC16F1827-ChargeStation06.c: 120: OUT(i, 1);
   468  00A5  0020               	movlb	0	; select bank0
   469  00A6  01B0               	clrf	OUT@hl
   470  00A7  0AB0               	incf	OUT@hl,f
   471  00A8  0834               	movf	main@i,w
   472  00A9  3181  211F  3180   	fcall	_OUT
   473                           
   474                           ;PIC16F1827-ChargeStation06.c: 121: LED(i, 1);
   475  00AC  0020               	movlb	0	; select bank0
   476  00AD  01B0               	clrf	LED@hl
   477  00AE  0AB0               	incf	LED@hl,f
   478  00AF  0834               	movf	main@i,w
   479  00B0  3180  20E2  3180   	fcall	_LED
   480                           
   481                           ;PIC16F1827-ChargeStation06.c: 122: cut[i] = 0;
   482  00B3  0020               	movlb	0	; select bank0
   483  00B4  3534               	lslf	main@i,w
   484  00B5  3E20               	addlw	(low (_cut| 0))& (0+255)
   485  00B6  0086               	movwf	6
   486  00B7  0187               	clrf	7
   487  00B8  3000               	movlw	0
   488  00B9  3FC0               	movwi [0]fsr1
   489  00BA  3FC1               	movwi [1]fsr1
   490  00BB                     l784:	
   491  00BB  3001               	movlw	1
   492  00BC  0020               	movlb	0	; select bank0
   493  00BD  00B3               	movwf	??_main
   494  00BE  0833               	movf	??_main,w
   495  00BF  07B4               	addwf	main@i,f
   496  00C0  289A               	goto	L1
   497  00C1                     __end_of_main:	
   498                           ;PIC16F1827-ChargeStation06.c: 123: }
   499                           ;PIC16F1827-ChargeStation06.c: 124: }
   500                           ;PIC16F1827-ChargeStation06.c: 125: }
   501                           ;PIC16F1827-ChargeStation06.c: 126: return 0;
   502                           ;	Return value of _main is never used
   503                           
   504                           
   505                           	psect	text1
   506  0154                     __ptext1:	
   507 ;; *************** function _SW *****************
   508 ;; Defined at:
   509 ;;		line 84 in file "PIC16F1827-ChargeStation06.c"
   510 ;; Parameters:    Size  Location     Type
   511 ;;  b               1    wreg     unsigned char 
   512 ;; Auto vars:     Size  Location     Type
   513 ;;  b               1    1[BANK0 ] unsigned char 
   514 ;;  temp            1    2[BANK0 ] unsigned char 
   515 ;; Return value:  Size  Location     Type
   516 ;;                  1    wreg      unsigned char 
   517 ;; Registers used:
   518 ;;		wreg, status,2, status,0
   519 ;; Tracked objects:
   520 ;;		On entry : 0/0
   521 ;;		On exit  : 0/0
   522 ;;		Unchanged: 0/0
   523 ;; Data sizes:     COMMON   BANK0   BANK1   BANK2   BANK3   BANK4
   524 ;;      Params:         0       0       0       0       0       0
   525 ;;      Locals:         0       2       0       0       0       0
   526 ;;      Temps:          0       1       0       0       0       0
   527 ;;      Totals:         0       3       0       0       0       0
   528 ;;Total ram usage:        3 bytes
   529 ;; Hardware stack levels used:    1
   530 ;; Hardware stack levels required when called:    2
   531 ;; This function calls:
   532 ;;		Nothing
   533 ;; This function is called by:
   534 ;;		_main
   535 ;; This function uses a non-reentrant model
   536 ;;
   537                           
   538                           
   539                           ;psect for function _SW
   540  0154                     _SW:	
   541                           
   542                           ;incstack = 0
   543                           ; Regs used in _SW: [wreg+status,2+status,0]
   544                           ;SW@b stored from wreg
   545  0154  0020               	movlb	0	; select bank0
   546  0155  00B1               	movwf	SW@b
   547                           
   548                           ;PIC16F1827-ChargeStation06.c: 85: uint8_t temp;
   549                           ;PIC16F1827-ChargeStation06.c: 86: temp = PORTA;
   550  0156  080C               	movf	12,w	;volatile
   551  0157  00B0               	movwf	??_SW
   552  0158  0830               	movf	??_SW,w
   553  0159  00B2               	movwf	SW@temp
   554                           
   555                           ;PIC16F1827-ChargeStation06.c: 87: if (temp & (0x01 << (b + 4))) {
   556  015A  3001               	movlw	1
   557  015B  00B0               	movwf	??_SW
   558  015C  0831               	movf	SW@b,w
   559  015D  3E04               	addlw	4
   560  015E  0A89               	incf	9,f
   561  015F  2961               	goto	u324
   562  0160                     u325:	
   563  0160  35B0               	lslf	??_SW,f
   564  0161                     u324:	
   565  0161  0B89               	decfsz	9,f
   566  0162  2960               	goto	u325
   567  0163  0830               	movf	??_SW,w
   568  0164  0532               	andwf	SW@temp,w
   569  0165  1903               	btfsc	3,2
   570  0166  2969               	goto	l704
   571                           
   572                           ;PIC16F1827-ChargeStation06.c: 88: return 0;
   573  0167  3000               	movlw	0
   574                           
   575                           ;PIC16F1827-ChargeStation06.c: 89: } else {
   576  0168  0008               	return
   577  0169                     l704:	
   578                           
   579                           ;PIC16F1827-ChargeStation06.c: 90: return 1;
   580  0169  3001               	movlw	1
   581  016A  0008               	return
   582  016B                     __end_of_SW:	
   583                           
   584                           	psect	text2
   585  011F                     __ptext2:	
   586 ;; *************** function _OUT *****************
   587 ;; Defined at:
   588 ;;		line 68 in file "PIC16F1827-ChargeStation06.c"
   589 ;; Parameters:    Size  Location     Type
   590 ;;  b               1    wreg     unsigned char 
   591 ;;  hl              1    0[BANK0 ] unsigned char 
   592 ;; Auto vars:     Size  Location     Type
   593 ;;  b               1    2[BANK0 ] unsigned char 
   594 ;; Return value:  Size  Location     Type
   595 ;;		None               void
   596 ;; Registers used:
   597 ;;		wreg, status,2, status,0
   598 ;; Tracked objects:
   599 ;;		On entry : 0/0
   600 ;;		On exit  : 0/0
   601 ;;		Unchanged: 0/0
   602 ;; Data sizes:     COMMON   BANK0   BANK1   BANK2   BANK3   BANK4
   603 ;;      Params:         0       1       0       0       0       0
   604 ;;      Locals:         0       1       0       0       0       0
   605 ;;      Temps:          0       1       0       0       0       0
   606 ;;      Totals:         0       3       0       0       0       0
   607 ;;Total ram usage:        3 bytes
   608 ;; Hardware stack levels used:    1
   609 ;; Hardware stack levels required when called:    2
   610 ;; This function calls:
   611 ;;		Nothing
   612 ;; This function is called by:
   613 ;;		_main
   614 ;; This function uses a non-reentrant model
   615 ;;
   616                           
   617                           
   618                           ;psect for function _OUT
   619  011F                     _OUT:	
   620                           
   621                           ;incstack = 0
   622                           ; Regs used in _OUT: [wreg+status,2+status,0]
   623                           ;OUT@b stored from wreg
   624  011F  0020               	movlb	0	; select bank0
   625  0120  00B2               	movwf	OUT@b
   626                           
   627                           ;PIC16F1827-ChargeStation06.c: 69: if (hl == 0) {
   628  0121  0830               	movf	OUT@hl,w
   629  0122  1D03               	btfss	3,2
   630  0123  292F               	goto	l686
   631                           
   632                           ;PIC16F1827-ChargeStation06.c: 70: PORTB = PORTB | (0x01 << b);
   633  0124  3001               	movlw	1
   634  0125  00B1               	movwf	??_OUT
   635  0126  0A32               	incf	OUT@b,w
   636  0127  2929               	goto	u274
   637  0128                     u275:	
   638  0128  35B1               	lslf	??_OUT,f
   639  0129                     u274:	
   640  0129  0B89               	decfsz	9,f
   641  012A  2928               	goto	u275
   642  012B  0831               	movf	??_OUT,w
   643  012C  040D               	iorwf	13,w	;volatile
   644  012D  008D               	movwf	13	;volatile
   645                           
   646                           ;PIC16F1827-ChargeStation06.c: 71: } else {
   647  012E  0008               	return
   648  012F                     l686:	
   649                           
   650                           ;PIC16F1827-ChargeStation06.c: 72: PORTB = PORTB & (~(0x01 << b));
   651  012F  3001               	movlw	1
   652  0130  00B1               	movwf	??_OUT
   653  0131  0A32               	incf	OUT@b,w
   654  0132  2934               	goto	u284
   655  0133                     u285:	
   656  0133  35B1               	lslf	??_OUT,f
   657  0134                     u284:	
   658  0134  0B89               	decfsz	9,f
   659  0135  2933               	goto	u285
   660  0136  0831               	movf	??_OUT,w
   661  0137  3AFF               	xorlw	255
   662  0138  050D               	andwf	13,w	;volatile
   663  0139  008D               	movwf	13	;volatile
   664  013A  0008               	return
   665  013B                     __end_of_OUT:	
   666                           
   667                           	psect	text3
   668  00E2                     __ptext3:	
   669 ;; *************** function _LED *****************
   670 ;; Defined at:
   671 ;;		line 76 in file "PIC16F1827-ChargeStation06.c"
   672 ;; Parameters:    Size  Location     Type
   673 ;;  b               1    wreg     unsigned char 
   674 ;;  hl              1    0[BANK0 ] unsigned char 
   675 ;; Auto vars:     Size  Location     Type
   676 ;;  b               1    2[BANK0 ] unsigned char 
   677 ;; Return value:  Size  Location     Type
   678 ;;		None               void
   679 ;; Registers used:
   680 ;;		wreg, status,2, status,0
   681 ;; Tracked objects:
   682 ;;		On entry : 0/0
   683 ;;		On exit  : 0/0
   684 ;;		Unchanged: 0/0
   685 ;; Data sizes:     COMMON   BANK0   BANK1   BANK2   BANK3   BANK4
   686 ;;      Params:         0       1       0       0       0       0
   687 ;;      Locals:         0       1       0       0       0       0
   688 ;;      Temps:          0       1       0       0       0       0
   689 ;;      Totals:         0       3       0       0       0       0
   690 ;;Total ram usage:        3 bytes
   691 ;; Hardware stack levels used:    1
   692 ;; Hardware stack levels required when called:    2
   693 ;; This function calls:
   694 ;;		Nothing
   695 ;; This function is called by:
   696 ;;		_main
   697 ;; This function uses a non-reentrant model
   698 ;;
   699                           
   700                           
   701                           ;psect for function _LED
   702  00E2                     _LED:	
   703                           
   704                           ;incstack = 0
   705                           ; Regs used in _LED: [wreg+status,2+status,0]
   706                           ;LED@b stored from wreg
   707  00E2  0020               	movlb	0	; select bank0
   708  00E3  00B2               	movwf	LED@b
   709                           
   710                           ;PIC16F1827-ChargeStation06.c: 77: if (hl == 1) {
   711  00E4  0330               	decf	LED@hl,w
   712  00E5  1D03               	btfss	3,2
   713  00E6  28F4               	goto	l692
   714                           
   715                           ;PIC16F1827-ChargeStation06.c: 78: PORTB = PORTB | (0x01 << (b + 4));
   716  00E7  3001               	movlw	1
   717  00E8  00B1               	movwf	??_LED
   718  00E9  0832               	movf	LED@b,w
   719  00EA  3E04               	addlw	4
   720  00EB  0A89               	incf	9,f
   721  00EC  28EE               	goto	u304
   722  00ED                     u305:	
   723  00ED  35B1               	lslf	??_LED,f
   724  00EE                     u304:	
   725  00EE  0B89               	decfsz	9,f
   726  00EF  28ED               	goto	u305
   727  00F0  0831               	movf	??_LED,w
   728  00F1  040D               	iorwf	13,w	;volatile
   729  00F2  008D               	movwf	13	;volatile
   730                           
   731                           ;PIC16F1827-ChargeStation06.c: 79: } else {
   732  00F3  0008               	return
   733  00F4                     l692:	
   734                           
   735                           ;PIC16F1827-ChargeStation06.c: 80: PORTB = PORTB & (~(0x01 << (b + 4)));
   736  00F4  3001               	movlw	1
   737  00F5  00B1               	movwf	??_LED
   738  00F6  0832               	movf	LED@b,w
   739  00F7  3E04               	addlw	4
   740  00F8  0A89               	incf	9,f
   741  00F9  28FB               	goto	u314
   742  00FA                     u315:	
   743  00FA  35B1               	lslf	??_LED,f
   744  00FB                     u314:	
   745  00FB  0B89               	decfsz	9,f
   746  00FC  28FA               	goto	u315
   747  00FD  0831               	movf	??_LED,w
   748  00FE  3AFF               	xorlw	255
   749  00FF  050D               	andwf	13,w	;volatile
   750  0100  008D               	movwf	13	;volatile
   751  0101  0008               	return
   752  0102                     __end_of_LED:	
   753                           
   754                           	psect	intentry
   755  0004                     __pintentry:	
   756 ;; *************** function _isr *****************
   757 ;; Defined at:
   758 ;;		line 36 in file "PIC16F1827-ChargeStation06.c"
   759 ;; Parameters:    Size  Location     Type
   760 ;;		None
   761 ;; Auto vars:     Size  Location     Type
   762 ;;  i               1    7[COMMON] unsigned char 
   763 ;; Return value:  Size  Location     Type
   764 ;;		None               void
   765 ;; Registers used:
   766 ;;		wreg, fsr1l, fsr1h, status,2, status,0, pclath, cstack
   767 ;; Tracked objects:
   768 ;;		On entry : 0/0
   769 ;;		On exit  : 0/0
   770 ;;		Unchanged: 0/0
   771 ;; Data sizes:     COMMON   BANK0   BANK1   BANK2   BANK3   BANK4
   772 ;;      Params:         0       0       0       0       0       0
   773 ;;      Locals:         1       0       0       0       0       0
   774 ;;      Temps:          3       0       0       0       0       0
   775 ;;      Totals:         4       0       0       0       0       0
   776 ;;Total ram usage:        4 bytes
   777 ;; Hardware stack levels used:    1
   778 ;; Hardware stack levels required when called:    1
   779 ;; This function calls:
   780 ;;		_adc
   781 ;;		i1_LED
   782 ;;		i1_OUT
   783 ;; This function is called by:
   784 ;;		Interrupt level 1
   785 ;; This function uses a non-reentrant model
   786 ;;
   787                           
   788  0004                     _isr:	
   789                           
   790                           ;incstack = 0
   791                           ; Regs used in _isr: [wreg+fsr1l+fsr1h+status,2+status,0+pclath+cstack]
   792  0004  147E               	bsf	126,0	;set compiler interrupt flag (level 1)
   793  0005  3180               	pagesel	$
   794  0006  0020               	movlb	0	; select bank0
   795  0007  087F               	movf	127,w
   796  0008  00F6               	movwf	??_isr+2
   797                           
   798                           ;PIC16F1827-ChargeStation06.c: 37: uint8_t i;
   799                           ;PIC16F1827-ChargeStation06.c: 38: if (PIR1bits.TMR1IF == 1) {
   800  0009  1C11               	btfss	17,0	;volatile
   801  000A  2864               	goto	i1l51
   802                           
   803                           ;PIC16F1827-ChargeStation06.c: 39: PIR1bits.TMR1IF = 0;
   804  000B  1011               	bcf	17,0	;volatile
   805                           
   806                           ;PIC16F1827-ChargeStation06.c: 40: for (i = 0; i < 4; i++) {
   807  000C  01F7               	clrf	isr@i
   808  000D  3004               	movlw	4
   809  000E  0277               	subwf	isr@i,w
   810  000F  1803               	btfsc	3,0
   811  0010  2864               	goto	i1l51
   812  0011                     i1l730:	
   813                           
   814                           ;PIC16F1827-ChargeStation06.c: 41: v[i] = 2 * adc(i);
   815  0011  0877               	movf	isr@i,w
   816  0012  3181  213B  3180   	fcall	_adc
   817  0015  0870               	movf	?_adc,w
   818  0016  00F4               	movwf	??_isr
   819  0017  0871               	movf	?_adc+1,w
   820  0018  00F5               	movwf	??_isr+1
   821  0019  35F4               	lslf	??_isr,f
   822  001A  0DF5               	rlf	??_isr+1,f
   823  001B  3577               	lslf	isr@i,w
   824  001C  3E28               	addlw	(low (_v| 0))& (0+255)
   825  001D  0086               	movwf	6
   826  001E  0187               	clrf	7
   827  001F  0874               	movf	??_isr,w
   828  0020  3FC0               	movwi [0]fsr1
   829  0021  0875               	movf	??_isr+1,w
   830  0022  3FC1               	movwi [1]fsr1
   831                           
   832                           ;PIC16F1827-ChargeStation06.c: 43: if (v[i] < 75) {
   833  0023  3577               	lslf	isr@i,w
   834  0024  3E28               	addlw	(low (_v| 0))& (0+255)
   835  0025  0086               	movwf	6
   836  0026  0187               	clrf	7
   837  0027  3F40               	moviw [0]fsr1
   838  0028  00F4               	movwf	??_isr
   839  0029  3F41               	moviw [1]fsr1
   840  002A  00F5               	movwf	??_isr+1
   841  002B  3000               	movlw	0
   842  002C  0275               	subwf	??_isr+1,w
   843  002D  304B               	movlw	75
   844  002E  1903               	skipnz
   845  002F  0274               	subwf	??_isr,w
   846  0030  1803               	skipnc
   847  0031  2855               	goto	i1l738
   848                           
   849                           ;PIC16F1827-ChargeStation06.c: 44: cut[i]++;
   850  0032  3577               	lslf	isr@i,w
   851  0033  3E20               	addlw	(low (_cut| 0))& (0+255)
   852  0034  0086               	movwf	6
   853  0035  0187               	clrf	7
   854  0036  3001               	movlw	1
   855  0037  0781               	addwf	1,f
   856  0038  3141               	addfsr 1,1
   857  0039  1803               	skipnc
   858  003A  0A81               	incf	1,f
   859                           
   860                           ;PIC16F1827-ChargeStation06.c: 45: if (cut[i] >= 50) {
   861  003B  3577               	lslf	isr@i,w
   862  003C  3E20               	addlw	(low (_cut| 0))& (0+255)
   863  003D  0086               	movwf	6
   864  003E  0187               	clrf	7
   865  003F  3F40               	moviw [0]fsr1
   866  0040  00F4               	movwf	??_isr
   867  0041  3F41               	moviw [1]fsr1
   868  0042  00F5               	movwf	??_isr+1
   869  0043  3000               	movlw	0
   870  0044  0275               	subwf	??_isr+1,w
   871  0045  3032               	movlw	50
   872  0046  1903               	skipnz
   873  0047  0274               	subwf	??_isr,w
   874  0048  1C03               	skipc
   875  0049  285C               	goto	i1l740
   876                           
   877                           ;PIC16F1827-ChargeStation06.c: 46: OUT(i, 0);
   878  004A  01F0               	clrf	i1OUT@hl
   879  004B  0877               	movf	isr@i,w
   880  004C  3181  2102  3180   	fcall	i1_OUT
   881                           
   882                           ;PIC16F1827-ChargeStation06.c: 47: LED(i, 0);
   883  004F  01F0               	clrf	i1LED@hl
   884  0050  0877               	movf	isr@i,w
   885  0051  3180  20C1  3180   	fcall	i1_LED
   886                           
   887                           ;PIC16F1827-ChargeStation06.c: 48: }
   888                           ;PIC16F1827-ChargeStation06.c: 49: } else {
   889  0054  285C               	goto	i1l740
   890  0055                     i1l738:	
   891                           
   892                           ;PIC16F1827-ChargeStation06.c: 50: cut[i] = 0;
   893  0055  3577               	lslf	isr@i,w
   894  0056  3E20               	addlw	(low (_cut| 0))& (0+255)
   895  0057  0086               	movwf	6
   896  0058  0187               	clrf	7
   897  0059  3000               	movlw	0
   898  005A  3FC0               	movwi [0]fsr1
   899  005B  3FC1               	movwi [1]fsr1
   900  005C                     i1l740:	
   901  005C  3001               	movlw	1
   902  005D  00F4               	movwf	??_isr
   903  005E  0874               	movf	??_isr,w
   904  005F  07F7               	addwf	isr@i,f
   905  0060  3004               	movlw	4
   906  0061  0277               	subwf	isr@i,w
   907  0062  1C03               	skipc
   908  0063  2811               	goto	i1l730
   909  0064                     i1l51:	
   910                           
   911                           ;PIC16F1827-ChargeStation06.c: 51: }
   912                           ;PIC16F1827-ChargeStation06.c: 52: }
   913                           ;PIC16F1827-ChargeStation06.c: 53: }
   914                           ;PIC16F1827-ChargeStation06.c: 54: if (INTCONbits.TMR0IF == 1) {
   915  0064  190B               	btfsc	11,2	;volatile
   916                           
   917                           ;PIC16F1827-ChargeStation06.c: 55: INTCONbits.TMR0IF = 0;
   918  0065  110B               	bcf	11,2	;volatile
   919  0066  0876               	movf	??_isr+2,w
   920  0067  0020               	movlb	0	; select bank0
   921  0068  00FF               	movwf	127
   922  0069  107E               	bcf	126,0	;clear compiler interrupt flag (level 1)
   923  006A  0009               	retfie
   924  006B                     __end_of_isr:	
   925                           
   926                           	psect	text5
   927  0102                     __ptext5:	
   928 ;; *************** function i1_OUT *****************
   929 ;; Defined at:
   930 ;;		line 68 in file "PIC16F1827-ChargeStation06.c"
   931 ;; Parameters:    Size  Location     Type
   932 ;;  b               1    wreg     unsigned char 
   933 ;;  hl              1    0[COMMON] unsigned char 
   934 ;; Auto vars:     Size  Location     Type
   935 ;;  b               1    2[COMMON] unsigned char 
   936 ;; Return value:  Size  Location     Type
   937 ;;		None               void
   938 ;; Registers used:
   939 ;;		wreg, status,2, status,0
   940 ;; Tracked objects:
   941 ;;		On entry : 0/0
   942 ;;		On exit  : 0/0
   943 ;;		Unchanged: 0/0
   944 ;; Data sizes:     COMMON   BANK0   BANK1   BANK2   BANK3   BANK4
   945 ;;      Params:         1       0       0       0       0       0
   946 ;;      Locals:         1       0       0       0       0       0
   947 ;;      Temps:          1       0       0       0       0       0
   948 ;;      Totals:         3       0       0       0       0       0
   949 ;;Total ram usage:        3 bytes
   950 ;; Hardware stack levels used:    1
   951 ;; This function calls:
   952 ;;		Nothing
   953 ;; This function is called by:
   954 ;;		_isr
   955 ;; This function uses a non-reentrant model
   956 ;;
   957                           
   958                           
   959                           ;psect for function i1_OUT
   960  0102                     i1_OUT:	
   961                           
   962                           ;incstack = 0
   963                           ; Regs used in i1_OUT: [wreg+status,2+status,0]
   964                           ;i1OUT@b stored from wreg
   965  0102  00F2               	movwf	i1OUT@b
   966                           
   967                           ;PIC16F1827-ChargeStation06.c: 69: if (hl == 0) {
   968  0103  0870               	movf	i1OUT@hl,w
   969  0104  1D03               	btfss	3,2
   970  0105  2912               	goto	i1l712
   971                           
   972                           ;PIC16F1827-ChargeStation06.c: 70: PORTB = PORTB | (0x01 << b);
   973  0106  3001               	movlw	1
   974  0107  00F1               	movwf	??i1_OUT
   975  0108  0A72               	incf	i1OUT@b,w
   976  0109  290B               	goto	u35_24
   977  010A                     u35_25:	
   978  010A  35F1               	lslf	??i1_OUT,f
   979  010B                     u35_24:	
   980  010B  0B89               	decfsz	9,f
   981  010C  290A               	goto	u35_25
   982  010D  0871               	movf	??i1_OUT,w
   983  010E  0020               	movlb	0	; select bank0
   984  010F  040D               	iorwf	13,w	;volatile
   985  0110  008D               	movwf	13	;volatile
   986                           
   987                           ;PIC16F1827-ChargeStation06.c: 71: } else {
   988  0111  0008               	return
   989  0112                     i1l712:	
   990                           
   991                           ;PIC16F1827-ChargeStation06.c: 72: PORTB = PORTB & (~(0x01 << b));
   992  0112  3001               	movlw	1
   993  0113  00F1               	movwf	??i1_OUT
   994  0114  0A72               	incf	i1OUT@b,w
   995  0115  2917               	goto	u36_24
   996  0116                     u36_25:	
   997  0116  35F1               	lslf	??i1_OUT,f
   998  0117                     u36_24:	
   999  0117  0B89               	decfsz	9,f
  1000  0118  2916               	goto	u36_25
  1001  0119  0871               	movf	??i1_OUT,w
  1002  011A  3AFF               	xorlw	255
  1003  011B  0020               	movlb	0	; select bank0
  1004  011C  050D               	andwf	13,w	;volatile
  1005  011D  008D               	movwf	13	;volatile
  1006  011E  0008               	return
  1007  011F                     __end_ofi1_OUT:	
  1008                           
  1009                           	psect	text6
  1010  00C1                     __ptext6:	
  1011 ;; *************** function i1_LED *****************
  1012 ;; Defined at:
  1013 ;;		line 76 in file "PIC16F1827-ChargeStation06.c"
  1014 ;; Parameters:    Size  Location     Type
  1015 ;;  b               1    wreg     unsigned char 
  1016 ;;  hl              1    0[COMMON] unsigned char 
  1017 ;; Auto vars:     Size  Location     Type
  1018 ;;  b               1    2[COMMON] unsigned char 
  1019 ;; Return value:  Size  Location     Type
  1020 ;;		None               void
  1021 ;; Registers used:
  1022 ;;		wreg, status,2, status,0
  1023 ;; Tracked objects:
  1024 ;;		On entry : 0/0
  1025 ;;		On exit  : 0/0
  1026 ;;		Unchanged: 0/0
  1027 ;; Data sizes:     COMMON   BANK0   BANK1   BANK2   BANK3   BANK4
  1028 ;;      Params:         1       0       0       0       0       0
  1029 ;;      Locals:         1       0       0       0       0       0
  1030 ;;      Temps:          1       0       0       0       0       0
  1031 ;;      Totals:         3       0       0       0       0       0
  1032 ;;Total ram usage:        3 bytes
  1033 ;; Hardware stack levels used:    1
  1034 ;; This function calls:
  1035 ;;		Nothing
  1036 ;; This function is called by:
  1037 ;;		_isr
  1038 ;; This function uses a non-reentrant model
  1039 ;;
  1040                           
  1041                           
  1042                           ;psect for function i1_LED
  1043  00C1                     i1_LED:	
  1044                           
  1045                           ;incstack = 0
  1046                           ; Regs used in i1_LED: [wreg+status,2+status,0]
  1047                           ;i1LED@b stored from wreg
  1048  00C1  00F2               	movwf	i1LED@b
  1049                           
  1050                           ;PIC16F1827-ChargeStation06.c: 77: if (hl == 1) {
  1051  00C2  0370               	decf	i1LED@hl,w
  1052  00C3  1D03               	btfss	3,2
  1053  00C4  28D3               	goto	i1l718
  1054                           
  1055                           ;PIC16F1827-ChargeStation06.c: 78: PORTB = PORTB | (0x01 << (b + 4));
  1056  00C5  3001               	movlw	1
  1057  00C6  00F1               	movwf	??i1_LED
  1058  00C7  0872               	movf	i1LED@b,w
  1059  00C8  3E04               	addlw	4
  1060  00C9  0A89               	incf	9,f
  1061  00CA  28CC               	goto	u38_24
  1062  00CB                     u38_25:	
  1063  00CB  35F1               	lslf	??i1_LED,f
  1064  00CC                     u38_24:	
  1065  00CC  0B89               	decfsz	9,f
  1066  00CD  28CB               	goto	u38_25
  1067  00CE  0871               	movf	??i1_LED,w
  1068  00CF  0020               	movlb	0	; select bank0
  1069  00D0  040D               	iorwf	13,w	;volatile
  1070  00D1  008D               	movwf	13	;volatile
  1071                           
  1072                           ;PIC16F1827-ChargeStation06.c: 79: } else {
  1073  00D2  0008               	return
  1074  00D3                     i1l718:	
  1075                           
  1076                           ;PIC16F1827-ChargeStation06.c: 80: PORTB = PORTB & (~(0x01 << (b + 4)));
  1077  00D3  3001               	movlw	1
  1078  00D4  00F1               	movwf	??i1_LED
  1079  00D5  0872               	movf	i1LED@b,w
  1080  00D6  3E04               	addlw	4
  1081  00D7  0A89               	incf	9,f
  1082  00D8  28DA               	goto	u39_24
  1083  00D9                     u39_25:	
  1084  00D9  35F1               	lslf	??i1_LED,f
  1085  00DA                     u39_24:	
  1086  00DA  0B89               	decfsz	9,f
  1087  00DB  28D9               	goto	u39_25
  1088  00DC  0871               	movf	??i1_LED,w
  1089  00DD  3AFF               	xorlw	255
  1090  00DE  0020               	movlb	0	; select bank0
  1091  00DF  050D               	andwf	13,w	;volatile
  1092  00E0  008D               	movwf	13	;volatile
  1093  00E1  0008               	return
  1094  00E2                     __end_ofi1_LED:	
  1095                           
  1096                           	psect	text7
  1097  013B                     __ptext7:	
  1098 ;; *************** function _adc *****************
  1099 ;; Defined at:
  1100 ;;		line 59 in file "PIC16F1827-ChargeStation06.c"
  1101 ;; Parameters:    Size  Location     Type
  1102 ;;  ch              1    wreg     unsigned char 
  1103 ;; Auto vars:     Size  Location     Type
  1104 ;;  ch              1    3[COMMON] unsigned char 
  1105 ;; Return value:  Size  Location     Type
  1106 ;;                  2    0[COMMON] unsigned int 
  1107 ;; Registers used:
  1108 ;;		wreg, status,2, status,0
  1109 ;; Tracked objects:
  1110 ;;		On entry : 0/0
  1111 ;;		On exit  : 0/0
  1112 ;;		Unchanged: 0/0
  1113 ;; Data sizes:     COMMON   BANK0   BANK1   BANK2   BANK3   BANK4
  1114 ;;      Params:         2       0       0       0       0       0
  1115 ;;      Locals:         1       0       0       0       0       0
  1116 ;;      Temps:          1       0       0       0       0       0
  1117 ;;      Totals:         4       0       0       0       0       0
  1118 ;;Total ram usage:        4 bytes
  1119 ;; Hardware stack levels used:    1
  1120 ;; This function calls:
  1121 ;;		Nothing
  1122 ;; This function is called by:
  1123 ;;		_isr
  1124 ;; This function uses a non-reentrant model
  1125 ;;
  1126                           
  1127                           
  1128                           ;psect for function _adc
  1129  013B                     _adc:	
  1130                           
  1131                           ;incstack = 0
  1132                           ; Regs used in _adc: [wreg+status,2+status,0]
  1133                           ;adc@ch stored from wreg
  1134  013B  00F3               	movwf	adc@ch
  1135                           
  1136                           ;PIC16F1827-ChargeStation06.c: 60: ADCON0bits.ADON = 1;
  1137  013C  0021               	movlb	1	; select bank1
  1138  013D  141D               	bsf	29,0	;volatile
  1139                           
  1140                           ;PIC16F1827-ChargeStation06.c: 61: ADCON0bits.CHS = ch;
  1141  013E  0873               	movf	adc@ch,w
  1142  013F  00F2               	movwf	??_adc
  1143  0140  0DF2               	rlf	??_adc,f
  1144  0141  0DF2               	rlf	??_adc,f
  1145  0142  081D               	movf	29,w	;volatile
  1146  0143  0672               	xorwf	??_adc,w
  1147  0144  3983               	andlw	-125
  1148  0145  0672               	xorwf	??_adc,w
  1149  0146  009D               	movwf	29	;volatile
  1150                           
  1151                           ;PIC16F1827-ChargeStation06.c: 62: _delay((unsigned long)((20)*(32000000/4000000.0)));
  1152  0147  3035               	movlw	53
  1153  0148  00F2               	movwf	??_adc
  1154  0149                     u49_27:	
  1155  0149  0BF2               	decfsz	??_adc,f
  1156  014A  2949               	goto	u49_27
  1157                           
  1158                           ;PIC16F1827-ChargeStation06.c: 63: ADCON0bits.GO_nDONE = 1;
  1159  014B  0021               	movlb	1	; select bank1
  1160  014C  149D               	bsf	29,1	;volatile
  1161  014D                     i1l61:	
  1162                           ;PIC16F1827-ChargeStation06.c: 64: while (ADCON0bits.GO_nDONE);
  1163                           
  1164  014D  189D               	btfsc	29,1	;volatile
  1165  014E  294D               	goto	i1l61
  1166                           
  1167                           ;PIC16F1827-ChargeStation06.c: 65: return ADRES;
  1168  014F  081C               	movf	28,w	;volatile
  1169  0150  00F1               	movwf	?_adc+1
  1170  0151  081B               	movf	27,w	;volatile
  1171  0152  00F0               	movwf	?_adc
  1172  0153  0008               	return
  1173  0154                     __end_of_adc:	
  1174  007E                     btemp	set	126	;btemp
  1175  007E                     int$flags	set	126
  1176  007E                     wtemp	set	126
  1177  007E                     wtemp0	set	126
  1178  0080                     wtemp1	set	128
  1179  0082                     wtemp2	set	130
  1180  0084                     wtemp3	set	132
  1181  0086                     wtemp4	set	134
  1182  0088                     wtemp5	set	136
  1183  007F                     wtemp6	set	127
  1184  007E                     ttemp	set	126
  1185  007E                     ttemp0	set	126
  1186  0081                     ttemp1	set	129
  1187  0084                     ttemp2	set	132
  1188  0087                     ttemp3	set	135
  1189  007F                     ttemp4	set	127
  1190  007E                     ltemp	set	126
  1191  007E                     ltemp0	set	126
  1192  0082                     ltemp1	set	130
  1193  0086                     ltemp2	set	134
  1194  0080                     ltemp3	set	128


Data Sizes:
    Strings     0
    Constant    0
    Data        0
    BSS         16
    Persistent  0
    Stack       0

Auto Spaces:
    Space          Size  Autos    Used
    COMMON           14      8       8
    BANK0            80      5      21
    BANK1            80      0       0
    BANK2            80      0       0
    BANK3            80      0       0
    BANK4            48      0       0

Pointer List with Targets:

    None.

Critical Paths under _main in COMMON

    None.

Critical Paths under _isr in COMMON

    _isr->_adc

Critical Paths under _main in BANK0

    _main->_LED
    _main->_OUT
    _main->_SW

Critical Paths under _isr in BANK0

    None.

Critical Paths under _main in BANK1

    None.

Critical Paths under _isr in BANK1

    None.

Critical Paths under _main in BANK2

    None.

Critical Paths under _isr in BANK2

    None.

Critical Paths under _main in BANK3

    None.

Critical Paths under _isr in BANK3

    None.

Critical Paths under _main in BANK4

    None.

Critical Paths under _isr in BANK4

    None.

Call Graph Tables:

 ---------------------------------------------------------------------------------
 (Depth) Function   	        Calls       Base Space   Used Autos Params    Refs
 ---------------------------------------------------------------------------------
 (0) _main                                                 2     2      0     515
                                              3 BANK0      2     2      0
                                _LED
                                _OUT
                                 _SW
 ---------------------------------------------------------------------------------
 (1) _SW                                                   3     3      0      45
                                              0 BANK0      3     3      0
 ---------------------------------------------------------------------------------
 (1) _OUT                                                  3     2      1     168
                                              0 BANK0      3     2      1
 ---------------------------------------------------------------------------------
 (1) _LED                                                  3     2      1     168
                                              0 BANK0      3     2      1
 ---------------------------------------------------------------------------------
 Estimated maximum stack depth 1
 ---------------------------------------------------------------------------------
 (Depth) Function   	        Calls       Base Space   Used Autos Params    Refs
 ---------------------------------------------------------------------------------
 (2) _isr                                                  4     4      0     428
                                              4 COMMON     4     4      0
                                _adc
                              i1_LED
                              i1_OUT
 ---------------------------------------------------------------------------------
 (3) i1_OUT                                                3     2      1      92
                                              0 COMMON     3     2      1
 ---------------------------------------------------------------------------------
 (3) i1_LED                                                3     2      1      92
                                              0 COMMON     3     2      1
 ---------------------------------------------------------------------------------
 (3) _adc                                                  4     2      2      22
                                              0 COMMON     4     2      2
 ---------------------------------------------------------------------------------
 Estimated maximum stack depth 3
 ---------------------------------------------------------------------------------

 Call Graph Graphs:

 _main (ROOT)
   _LED
   _OUT
   _SW

 _isr (ROOT)
   _adc
   i1_LED
   i1_OUT

 Address spaces:
Name               Size   Autos  Total    Cost      Usage
BIGRAM             170      0       0       0        0.0%
EEDATA             100      0       0       0        0.0%
NULL                 0      0       0       0        0.0%
CODE                 0      0       0       0        0.0%
BITCOMMON            E      0       0       1        0.0%
BITSFR0              0      0       0       1        0.0%
SFR0                 0      0       0       1        0.0%
COMMON               E      8       8       2       57.1%
BITSFR1              0      0       0       2        0.0%
SFR1                 0      0       0       2        0.0%
BITSFR2              0      0       0       3        0.0%
SFR2                 0      0       0       3        0.0%
STACK                0      0       0       3        0.0%
BITSFR3              0      0       0       4        0.0%
SFR3                 0      0       0       4        0.0%
ABS                  0      0      1D       4        0.0%
BITBANK0            50      0       0       5        0.0%
BITSFR4              0      0       0       5        0.0%
SFR4                 0      0       0       5        0.0%
BANK0               50      5      15       6       26.3%
BITSFR5              0      0       0       6        0.0%
SFR5                 0      0       0       6        0.0%
BITBANK1            50      0       0       7        0.0%
BITSFR6              0      0       0       7        0.0%
SFR6                 0      0       0       7        0.0%
BANK1               50      0       0       8        0.0%
BITSFR7              0      0       0       8        0.0%
SFR7                 0      0       0       8        0.0%
BITBANK2            50      0       0       9        0.0%
BITSFR8              0      0       0       9        0.0%
SFR8                 0      0       0       9        0.0%
BANK2               50      0       0      10        0.0%
BITSFR9              0      0       0      10        0.0%
SFR9                 0      0       0      10        0.0%
BITBANK3            50      0       0      11        0.0%
BITSFR10             0      0       0      11        0.0%
SFR10                0      0       0      11        0.0%
BANK3               50      0       0      12        0.0%
BITSFR11             0      0       0      12        0.0%
SFR11                0      0       0      12        0.0%
BITBANK4            30      0       0      13        0.0%
BITSFR12             0      0       0      13        0.0%
SFR12                0      0       0      13        0.0%
BANK4               30      0       0      14        0.0%
BITSFR13             0      0       0      14        0.0%
SFR13                0      0       0      14        0.0%
BITSFR14             0      0       0      15        0.0%
SFR14                0      0       0      15        0.0%
DATA                 0      0      1D      15        0.0%
BITSFR15             0      0       0      16        0.0%
SFR15                0      0       0      16        0.0%
BITSFR16             0      0       0      17        0.0%
SFR16                0      0       0      17        0.0%
BITSFR17             0      0       0      18        0.0%
SFR17                0      0       0      18        0.0%
BITSFR18             0      0       0      19        0.0%
SFR18                0      0       0      19        0.0%
BITSFR19             0      0       0      20        0.0%
SFR19                0      0       0      20        0.0%
BITSFR20             0      0       0      21        0.0%
SFR20                0      0       0      21        0.0%
BITSFR21             0      0       0      22        0.0%
SFR21                0      0       0      22        0.0%
BITSFR22             0      0       0      23        0.0%
SFR22                0      0       0      23        0.0%
BITSFR23             0      0       0      24        0.0%
SFR23                0      0       0      24        0.0%
BITSFR24             0      0       0      25        0.0%
SFR24                0      0       0      25        0.0%
BITSFR25             0      0       0      26        0.0%
SFR25                0      0       0      26        0.0%
BITSFR26             0      0       0      27        0.0%
SFR26                0      0       0      27        0.0%
BITSFR27             0      0       0      28        0.0%
SFR27                0      0       0      28        0.0%
BITSFR28             0      0       0      29        0.0%
SFR28                0      0       0      29        0.0%
BITSFR29             0      0       0      30        0.0%
SFR29                0      0       0      30        0.0%
BITSFR30             0      0       0      31        0.0%
SFR30                0      0       0      31        0.0%
BITSFR31             0      0       0      32        0.0%
SFR31                0      0       0      32        0.0%


Microchip Technology PIC Macro Assembler V1.35 build -356382666 
Symbol Table                                                                                   Mon Nov 16 18:45:31 2015

                      _v 0028              __CFG_CP$OFF 0000                       _SW 0154  
                    ?_SW 0070                      l704 0169                      SW@b 0031  
                    l692 00F4                      l686 012F                      l774 0098  
                    l784 00BB                      _LED 00E2                      u304 00EE  
                    u305 00ED                      u314 00FB                      u315 00FA  
                    u324 0161                      u325 0160                      u274 0129  
           __CFG_CPD$OFF 0000                      u275 0128                      u284 0134  
                    u285 0133                      _OUT 011F                      _adc 013B  
                    _cut 0020                      _isr 0004             __CFG_BORV$LO 0000  
                    wreg 0009                     ??_SW 0030             __CFG_LVP$OFF 0000  
                   LED@b 0032                     ?_LED 0030                     ?_OUT 0030  
                   ?_adc 0070                     OUT@b 0032                     ?_isr 0070  
                   i1l51 0064                     i1l61 014D             __CFG_WRT$OFF 0000  
                   _main 0078                     fsr0h 0005                     fsr1h 0007  
                   fsr0l 0004                     indf0 0000                     indf1 0001  
                   fsr1l 0006                     btemp 007E                     isr@i 0077  
                   ltemp 007E                     start 006B                     ttemp 007E  
                   wtemp 007E            __CFG_IESO$OFF 0000                    ??_LED 0031  
                  ??_OUT 0031                    ??_adc 0072                    ??_isr 0074  
                  LED@hl 0030            __CFG_PLLEN$ON 0000                    ?_main 0070  
                  OUT@hl 0030                    _ADRES 009B            __CFG_WDTE$OFF 0000  
                  _T1CON 0018                    i1l712 0112                    i1l730 0011  
                  i1l740 005C                    i1l718 00D3                    i1l738 0055  
                  i1_LED 00C1                    i1_OUT 0102                    _TMR1H 0017  
                  _TMR1L 0016                    _PORTA 000C                    _PORTB 000D  
                  u35_24 010B                    u35_25 010A                    u36_24 0117  
                  u36_25 0116                    u38_24 00CC                    u38_25 00CB  
                  u39_24 00DA                    u39_25 00D9                    _TRISA 008C  
                  _TRISB 008D                    u49_27 0149           __CFG_FCMEN$OFF 0000  
                  adc@ch 0073                    main@i 0034           __CFG_BOREN$OFF 0000  
                  ltemp0 007E                    ltemp1 0082                    ltemp2 0086  
                  ltemp3 0080                    ttemp0 007E                    ttemp1 0081  
                  ttemp2 0084                    ttemp3 0087                    ttemp4 007F  
                  status 0003                    wtemp0 007E                    wtemp1 0080  
                  wtemp2 0082                    wtemp3 0084                    wtemp4 0086  
                  wtemp5 0088                    wtemp6 007F           __CFG_MCLRE$OFF 0000  
        __initialization 006D             __end_of_main 00C1                   ??_main 0033  
                 ?i1_LED 0070                   ?i1_OUT 0070                   _ADCON1 009E  
                 i1LED@b 0072                   _ANSELA 018C                   _ANSELB 018D  
                 SW@temp 0032                   i1OUT@b 0072                   _FVRCON 0117  
                 _OSCCON 0099           __CFG_PWRTE$OFF 0000  __end_of__initialization 0074  
          __end_ofi1_LED 00E2            __end_ofi1_OUT 011F           __pcstackCOMMON 0070  
             __end_of_SW 016B                  ??i1_LED 0071                  ??i1_OUT 0071  
             __pbssBANK0 0020               __pmaintext 0078               __pintentry 0004  
                i1LED@hl 0070                  i1OUT@hl 0070          __CFG_STVREN$OFF 0000  
                __ptext1 0154                  __ptext2 011F                  __ptext3 00E2  
                __ptext5 0102                  __ptext6 00C1                  __ptext7 013B  
           __size_of_LED 0020             __size_of_OUT 001C             __size_of_adc 0019  
           __size_of_isr 0067                  clrloop0 016C     end_of_initialization 0074  
       __CFG_FOSC$INTOSC 0000      start_initialization 006D              __end_of_LED 0102  
            __end_of_OUT 013B              __end_of_adc 0154              __end_of_isr 006B  
              ___latbits 0001            __pcstackBANK0 0030           __size_ofi1_LED 0021  
         __size_ofi1_OUT 001D              __size_of_SW 0017                clear_ram0 016B  
               _PIE1bits 0091                 _PIR1bits 0011               _ADCON0bits 009D  
          __size_of_main 0049                 int$flags 007E               _INTCONbits 000B  
               intlevel1 0000        __CFG_CLKOUTEN$OFF 0000               _OPTION_REG 0095  
