

Microchip Technology PIC LITE Macro Assembler V1.35 build -356382666 
                                                                                               Mon Nov 16 18:37:48 2015

Microchip Technology Omniscient Code Generator v1.35 (Free mode) build 201507080246
     1                           	processor	16F1827
     2                           	opt	pw 120
     3                           	opt	lm
     4                           	psect	idataBANK0,global,class=CODE,delta=2
     5                           	psect	nvBANK0,global,class=BANK0,space=1,delta=1
     6                           	psect	cinit,global,class=CODE,merge=1,delta=2
     7                           	psect	bssCOMMON,global,class=COMMON,space=1,delta=1
     8                           	psect	bssBANK0,global,class=BANK0,space=1,delta=1
     9                           	psect	dataBANK0,global,class=BANK0,space=1,delta=1
    10                           	psect	inittext,global,class=CODE,delta=2
    11                           	psect	cstackCOMMON,global,class=COMMON,space=1,delta=1
    12                           	psect	cstackBANK0,global,class=BANK0,space=1,delta=1
    13                           	psect	maintext,global,class=CODE,merge=1,split=1,delta=2
    14                           	psect	text1,local,class=CODE,merge=1,delta=2
    15                           	psect	text2,local,class=CODE,merge=1,delta=2
    16                           	psect	intentry,global,class=CODE,delta=2
    17                           	psect	text4,local,class=CODE,merge=1,delta=2
    18                           	psect	text5,local,class=CODE,merge=1,delta=2
    19                           	dabs	1,0x7E,2
    20  0000                     	;# 
    21  0001                     	;# 
    22  0002                     	;# 
    23  0003                     	;# 
    24  0004                     	;# 
    25  0005                     	;# 
    26  0006                     	;# 
    27  0007                     	;# 
    28  0008                     	;# 
    29  0009                     	;# 
    30  000A                     	;# 
    31  000B                     	;# 
    32  000C                     	;# 
    33  000D                     	;# 
    34  0011                     	;# 
    35  0012                     	;# 
    36  0013                     	;# 
    37  0014                     	;# 
    38  0015                     	;# 
    39  0016                     	;# 
    40  0016                     	;# 
    41  0017                     	;# 
    42  0018                     	;# 
    43  0019                     	;# 
    44  001A                     	;# 
    45  001B                     	;# 
    46  001C                     	;# 
    47  001E                     	;# 
    48  001F                     	;# 
    49  008C                     	;# 
    50  008D                     	;# 
    51  0091                     	;# 
    52  0092                     	;# 
    53  0093                     	;# 
    54  0094                     	;# 
    55  0095                     	;# 
    56  0096                     	;# 
    57  0097                     	;# 
    58  0098                     	;# 
    59  0099                     	;# 
    60  009A                     	;# 
    61  009B                     	;# 
    62  009B                     	;# 
    63  009C                     	;# 
    64  009D                     	;# 
    65  009E                     	;# 
    66  010C                     	;# 
    67  010D                     	;# 
    68  0111                     	;# 
    69  0112                     	;# 
    70  0113                     	;# 
    71  0114                     	;# 
    72  0115                     	;# 
    73  0116                     	;# 
    74  0117                     	;# 
    75  0118                     	;# 
    76  0119                     	;# 
    77  011A                     	;# 
    78  011B                     	;# 
    79  011D                     	;# 
    80  011E                     	;# 
    81  018C                     	;# 
    82  018D                     	;# 
    83  0191                     	;# 
    84  0191                     	;# 
    85  0192                     	;# 
    86  0193                     	;# 
    87  0193                     	;# 
    88  0193                     	;# 
    89  0194                     	;# 
    90  0195                     	;# 
    91  0196                     	;# 
    92  0199                     	;# 
    93  019A                     	;# 
    94  019B                     	;# 
    95  019B                     	;# 
    96  019B                     	;# 
    97  019B                     	;# 
    98  019C                     	;# 
    99  019C                     	;# 
   100  019D                     	;# 
   101  019E                     	;# 
   102  019F                     	;# 
   103  020C                     	;# 
   104  020D                     	;# 
   105  0211                     	;# 
   106  0211                     	;# 
   107  0212                     	;# 
   108  0212                     	;# 
   109  0213                     	;# 
   110  0213                     	;# 
   111  0214                     	;# 
   112  0214                     	;# 
   113  0215                     	;# 
   114  0215                     	;# 
   115  0215                     	;# 
   116  0216                     	;# 
   117  0216                     	;# 
   118  0217                     	;# 
   119  0217                     	;# 
   120  0219                     	;# 
   121  021A                     	;# 
   122  021B                     	;# 
   123  021C                     	;# 
   124  021D                     	;# 
   125  021E                     	;# 
   126  021F                     	;# 
   127  0291                     	;# 
   128  0291                     	;# 
   129  0292                     	;# 
   130  0293                     	;# 
   131  0294                     	;# 
   132  0295                     	;# 
   133  0295                     	;# 
   134  0296                     	;# 
   135  0298                     	;# 
   136  0298                     	;# 
   137  0299                     	;# 
   138  029A                     	;# 
   139  029B                     	;# 
   140  029C                     	;# 
   141  029C                     	;# 
   142  029D                     	;# 
   143  029E                     	;# 
   144  029E                     	;# 
   145  0311                     	;# 
   146  0311                     	;# 
   147  0312                     	;# 
   148  0313                     	;# 
   149  0318                     	;# 
   150  0318                     	;# 
   151  0319                     	;# 
   152  031A                     	;# 
   153  0394                     	;# 
   154  0395                     	;# 
   155  0396                     	;# 
   156  039A                     	;# 
   157  039C                     	;# 
   158  039D                     	;# 
   159  039E                     	;# 
   160  039F                     	;# 
   161  0415                     	;# 
   162  0416                     	;# 
   163  0417                     	;# 
   164  041C                     	;# 
   165  041D                     	;# 
   166  041E                     	;# 
   167  0FE4                     	;# 
   168  0FE5                     	;# 
   169  0FE6                     	;# 
   170  0FE7                     	;# 
   171  0FE8                     	;# 
   172  0FE9                     	;# 
   173  0FEA                     	;# 
   174  0FEB                     	;# 
   175  0FED                     	;# 
   176  0FEE                     	;# 
   177  0FEF                     	;# 
   178                           
   179                           	psect	idataBANK0
   180  01D7                     __pidataBANK0:	
   181                           
   182                           ;initializer for _p
   183  01D7  3403               	retlw	3
   184  01D8  349F               	retlw	159
   185  01D9  3425               	retlw	37
   186  01DA  340D               	retlw	13
   187  01DB  3499               	retlw	153
   188  01DC  3449               	retlw	73
   189  01DD  3441               	retlw	65
   190  01DE  341B               	retlw	27
   191  01DF  3401               	retlw	1
   192  01E0  3409               	retlw	9
   193                           
   194                           ;initializer for _q
   195  01E1  3402               	retlw	2
   196  01E2  349E               	retlw	158
   197  01E3  3424               	retlw	36
   198  01E4  340C               	retlw	12
   199  01E5  3498               	retlw	152
   200  01E6  3448               	retlw	72
   201  01E7  3440               	retlw	64
   202  01E8  341A               	retlw	26
   203  01E9  3400               	retlw	0
   204  01EA  3408               	retlw	8
   205                           
   206                           ;initializer for _r
   207  01EB  34FF               	retlw	255
   208  01EC  349F               	retlw	159
   209  01ED  3425               	retlw	37
   210  01EE  340D               	retlw	13
   211  01EF  3499               	retlw	153
   212  01F0  3449               	retlw	73
   213  01F1  3441               	retlw	65
   214  01F2  341B               	retlw	27
   215  01F3  3401               	retlw	1
   216  01F4  3409               	retlw	9
   217                           
   218                           	psect	nvBANK0
   219  0054                     __pnvBANK0:	
   220  0054                     _v:	
   221  0054                     	ds	4
   222  0058                     _temp:	
   223  0058                     	ds	2
   224  000B                     _INTCONbits	set	11
   225  0011                     _PIR1bits	set	17
   226  000C                     _PORTA	set	12
   227  000D                     _PORTB	set	13
   228  0018                     _T1CON	set	24
   229  0017                     _TMR1H	set	23
   230  0016                     _TMR1L	set	22
   231  009D                     _ADCON0	set	157
   232  009E                     _ADCON1	set	158
   233  009C                     _ADRESH	set	156
   234  009B                     _ADRESL	set	155
   235  0095                     _OPTION_REG	set	149
   236  0099                     _OSCCON	set	153
   237  0091                     _PIE1bits	set	145
   238  008C                     _TRISA	set	140
   239  008D                     _TRISB	set	141
   240  018C                     _ANSELA	set	396
   241  018D                     _ANSELB	set	397
   242                           
   243                           ; #config settings
   244  0000                     
   245                           	psect	cinit
   246  00C7                     start_initialization:	
   247  00C7                     __initialization:	
   248                           
   249                           ; Clear objects allocated to COMMON
   250  00C7  01FD               	clrf	__pbssCOMMON& (0+127)
   251                           
   252                           ; Clear objects allocated to BANK0
   253  00C8  01DA               	clrf	__pbssBANK0& (0+127)
   254  00C9  01DB               	clrf	(__pbssBANK0+1)& (0+127)
   255  00CA  01DC               	clrf	(__pbssBANK0+2)& (0+127)
   256  00CB  01DD               	clrf	(__pbssBANK0+3)& (0+127)
   257  00CC  01DE               	clrf	(__pbssBANK0+4)& (0+127)
   258                           
   259                           ; Initialize objects allocated to BANK0
   260  00CD  30D7               	movlw	low __pidataBANK0
   261  00CE  0084               	movwf	4
   262  00CF  3081               	movlw	(high __pidataBANK0)| (0+128)
   263  00D0  0085               	movwf	5
   264  00D1  3020               	movlw	low __pdataBANK0
   265  00D2  0086               	movwf	6
   266  00D3  3000               	movlw	high __pdataBANK0
   267  00D4  0087               	movwf	7
   268  00D5  301E               	movlw	30
   269  00D6  3182  222A         	fcall	init_ram
   270  00D8                     end_of_initialization:	
   271                           ;End of C runtime variable initialization code
   272                           
   273  00D8                     __end_of__initialization:	
   274  00D8  107E               	bcf	int$flags,0	;clear compiler interrupt flag (level 1)
   275  00D9  0020               	movlb	0
   276  00DA  3180  28DC         	ljmp	_main	;jump to C main() function
   277                           
   278                           	psect	bssCOMMON
   279  007D                     __pbssCOMMON:	
   280  007D                     _i:	
   281  007D                     	ds	1
   282                           
   283                           	psect	bssBANK0
   284  005A                     __pbssBANK0:	
   285  005A                     _cnt1m:	
   286  005A                     	ds	2
   287  005C                     _fu:	
   288  005C                     	ds	1
   289  005D                     _j:	
   290  005D                     	ds	1
   291  005E                     _ji:	
   292  005E                     	ds	1
   293                           
   294                           	psect	dataBANK0
   295  0020                     __pdataBANK0:	
   296  0020                     _p:	
   297  0020                     	ds	10
   298  002A                     _q:	
   299  002A                     	ds	10
   300  0034                     _r:	
   301  0034                     	ds	10
   302                           
   303                           	psect	inittext
   304  022A                     init_ram:	
   305  022A  00FE               	movwf	126
   306  022B                     initloop:	
   307  022B  0012               	moviw fsr0++
   308  022C  001E               	movwi fsr1++
   309  022D  0BFE               	decfsz	126,f
   310  022E  2A2B               	goto	initloop
   311  022F  3400               	retlw	0
   312                           
   313                           	psect	cstackCOMMON
   314  0070                     __pcstackCOMMON:	
   315  0070                     ?_isr:	
   316  0070                     ?_main:	
   317                           ; 0 bytes @ 0x0
   318                           
   319  0070                     ?___llmod:	
   320                           ; 2 bytes @ 0x0
   321                           
   322  0070                     ___llmod@divisor:	
   323                           ; 4 bytes @ 0x0
   324                           
   325                           
   326                           ; 4 bytes @ 0x0
   327  0070                     	ds	4
   328  0074                     ___llmod@dividend:	
   329                           
   330                           ; 4 bytes @ 0x4
   331  0074                     	ds	4
   332  0078                     ??___llmod:	
   333                           
   334                           ; 0 bytes @ 0x8
   335  0078                     	ds	1
   336  0079                     ___llmod@counter:	
   337                           
   338                           ; 1 bytes @ 0x9
   339  0079                     	ds	1
   340  007A                     ??___lldiv:	
   341                           
   342                           ; 0 bytes @ 0xA
   343  007A                     	ds	1
   344  007B                     ??_isr:	
   345                           
   346                           ; 0 bytes @ 0xB
   347  007B                     	ds	2
   348                           
   349                           	psect	cstackBANK0
   350  003E                     __pcstackBANK0:	
   351  003E                     ?___lldiv:	
   352  003E                     ___lldiv@divisor:	
   353                           ; 4 bytes @ 0x0
   354                           
   355                           
   356                           ; 4 bytes @ 0x0
   357  003E                     	ds	4
   358  0042                     ___lldiv@dividend:	
   359                           
   360                           ; 4 bytes @ 0x4
   361  0042                     	ds	4
   362  0046                     ___lldiv@quotient:	
   363                           
   364                           ; 4 bytes @ 0x8
   365  0046                     	ds	4
   366  004A                     ___lldiv@counter:	
   367                           
   368                           ; 1 bytes @ 0xC
   369  004A                     	ds	1
   370  004B                     ?_adc:	
   371  004B                     ?___wmul:	
   372                           ; 2 bytes @ 0xD
   373                           
   374  004B                     ___wmul@multiplier:	
   375                           ; 2 bytes @ 0xD
   376                           
   377                           
   378                           ; 2 bytes @ 0xD
   379  004B                     	ds	2
   380  004D                     ??_adc:	
   381  004D                     ___wmul@multiplicand:	
   382                           ; 0 bytes @ 0xF
   383                           
   384                           
   385                           ; 2 bytes @ 0xF
   386  004D                     	ds	2
   387  004F                     ??___wmul:	
   388  004F                     ___wmul@product:	
   389                           ; 0 bytes @ 0x11
   390                           
   391                           
   392                           ; 2 bytes @ 0x11
   393  004F                     	ds	2
   394  0051                     ??_main:	
   395                           
   396                           ; 0 bytes @ 0x13
   397  0051                     	ds	3
   398                           
   399                           	psect	maintext
   400  00DC                     __pmaintext:	
   401 ;;
   402 ;;Main: autosize = 0, tempsize = 3, incstack = 0, save=0
   403 ;;
   404 ;; *************** function _main *****************
   405 ;; Defined at:
   406 ;;		line 88 in file "PIC16F1827-Ammeter02.c"
   407 ;; Parameters:    Size  Location     Type
   408 ;;		None
   409 ;; Auto vars:     Size  Location     Type
   410 ;;		None
   411 ;; Return value:  Size  Location     Type
   412 ;;                  2   78[None  ] int 
   413 ;; Registers used:
   414 ;;		wreg, status,2, status,0, pclath, cstack
   415 ;; Tracked objects:
   416 ;;		On entry : B1F/0
   417 ;;		On exit  : 0/0
   418 ;;		Unchanged: 0/0
   419 ;; Data sizes:     COMMON   BANK0   BANK1   BANK2   BANK3   BANK4
   420 ;;      Params:         0       0       0       0       0       0
   421 ;;      Locals:         0       0       0       0       0       0
   422 ;;      Temps:          0       3       0       0       0       0
   423 ;;      Totals:         0       3       0       0       0       0
   424 ;;Total ram usage:        3 bytes
   425 ;; Hardware stack levels required when called:    3
   426 ;; This function calls:
   427 ;;		___wmul
   428 ;;		_adc
   429 ;; This function is called by:
   430 ;;		Startup code after reset
   431 ;; This function uses a non-reentrant model
   432 ;;
   433                           
   434                           
   435                           ;psect for function _main
   436  00DC                     _main:	
   437                           
   438                           ;PIC16F1827-Ammeter02.c: 89: OSCCON = 0x70;
   439                           
   440                           ;incstack = 0
   441                           ; Regs used in _main: [wreg+status,2+status,0+pclath+cstack]
   442  00DC  3070               	movlw	112
   443  00DD  0021               	movlb	1	; select bank1
   444  00DE  0099               	movwf	25	;volatile
   445                           
   446                           ;PIC16F1827-Ammeter02.c: 90: ANSELA = 0x10;
   447  00DF  3010               	movlw	16
   448  00E0  0023               	movlb	3	; select bank3
   449  00E1  008C               	movwf	12	;volatile
   450                           
   451                           ;PIC16F1827-Ammeter02.c: 91: ANSELB = 0x00;
   452  00E2  018D               	clrf	13	;volatile
   453                           
   454                           ;PIC16F1827-Ammeter02.c: 92: TRISA = 0xF0;
   455  00E3  30F0               	movlw	240
   456  00E4  0021               	movlb	1	; select bank1
   457  00E5  008C               	movwf	12	;volatile
   458                           
   459                           ;PIC16F1827-Ammeter02.c: 93: TRISB = 0x00;
   460  00E6  018D               	clrf	13	;volatile
   461                           
   462                           ;PIC16F1827-Ammeter02.c: 94: ADCON1 = 0b10000000;
   463  00E7  3080               	movlw	128
   464  00E8  009E               	movwf	30	;volatile
   465                           
   466                           ;PIC16F1827-Ammeter02.c: 96: OPTION_REG = 0b10010011;
   467  00E9  3093               	movlw	147
   468  00EA  0095               	movwf	21	;volatile
   469                           
   470                           ;PIC16F1827-Ammeter02.c: 97: INTCONbits.TMR0IE = 1;
   471  00EB  168B               	bsf	11,5	;volatile
   472                           
   473                           ;PIC16F1827-Ammeter02.c: 99: T1CON = 0x01;
   474  00EC  3001               	movlw	1
   475  00ED  0020               	movlb	0	; select bank0
   476  00EE  0098               	movwf	24	;volatile
   477                           
   478                           ;PIC16F1827-Ammeter02.c: 100: TMR1H = 0x00;
   479  00EF  0197               	clrf	23	;volatile
   480                           
   481                           ;PIC16F1827-Ammeter02.c: 101: TMR1L = 0x00;
   482  00F0  0196               	clrf	22	;volatile
   483                           
   484                           ;PIC16F1827-Ammeter02.c: 102: PIE1bits.TMR1IE = 1;
   485  00F1  0021               	movlb	1	; select bank1
   486  00F2  1411               	bsf	17,0	;volatile
   487                           
   488                           ;PIC16F1827-Ammeter02.c: 103: INTCONbits.PEIE = 1;
   489  00F3  170B               	bsf	11,6	;volatile
   490                           
   491                           ;PIC16F1827-Ammeter02.c: 104: INTCONbits.GIE = 1;
   492  00F4  178B               	bsf	11,7	;volatile
   493  00F5                     l800:	
   494                           ;PIC16F1827-Ammeter02.c: 106: while (1) {
   495                           
   496                           
   497                           ;PIC16F1827-Ammeter02.c: 107: temp = adc();
   498  00F5  3182  2211  3180   	fcall	_adc
   499  00F8  0020               	movlb	0	; select bank0
   500  00F9  084C               	movf	?_adc+1,w
   501  00FA  00D9               	movwf	_temp+1
   502  00FB  084B               	movf	?_adc,w
   503  00FC  00D8               	movwf	_temp
   504                           
   505                           ;PIC16F1827-Ammeter02.c: 108: v = temp*50/1024;
   506  00FD  0859               	movf	_temp+1,w
   507  00FE  00CC               	movwf	___wmul@multiplier+1
   508  00FF  0858               	movf	_temp,w
   509  0100  00CB               	movwf	___wmul@multiplier
   510  0101  3032               	movlw	50
   511  0102  00CD               	movwf	___wmul@multiplicand
   512  0103  3000               	movlw	0
   513  0104  00CE               	movwf	___wmul@multiplicand+1
   514  0105  3181  21F5  3180   	fcall	___wmul
   515  0108  0020               	movlb	0	; select bank0
   516  0109  084B               	movf	?___wmul,w
   517  010A  00D1               	movwf	??_main
   518  010B  084C               	movf	?___wmul+1,w
   519  010C  00D2               	movwf	??_main+1
   520  010D  300A               	movlw	10
   521  010E                     u425:	
   522  010E  36D2               	lsrf	??_main+1,f
   523  010F  0CD1               	rrf	??_main,f
   524  0110  0B89               	decfsz	9,f
   525  0111  290E               	goto	u425
   526  0112  0851               	movf	??_main,w
   527  0113  00D4               	movwf	_v
   528  0114  0852               	movf	??_main+1,w
   529  0115  00D5               	movwf	_v+1
   530  0116  01D6               	clrf	_v+2
   531  0117  01D7               	clrf	_v+3
   532                           
   533                           ;PIC16F1827-Ammeter02.c: 109: _delay((unsigned long)((200)*(32000000/4000.0)));
   534  0118  3009               	movlw	9
   535  0119  00D3               	movwf	??_main+2
   536  011A  301E               	movlw	30
   537  011B  00D2               	movwf	??_main+1
   538  011C  30EB               	movlw	235
   539  011D  00D1               	movwf	??_main
   540  011E                     u437:	
   541  011E  0BD1               	decfsz	??_main,f
   542  011F  291E               	goto	u437
   543  0120  0BD2               	decfsz	??_main+1,f
   544  0121  291E               	goto	u437
   545  0122  0BD3               	decfsz	??_main+2,f
   546  0123  291E               	goto	u437
   547  0124  0000               	nop
   548                           
   549                           ;PIC16F1827-Ammeter02.c: 110: _delay((unsigned long)((200)*(32000000/4000.0)));
   550  0125  3009               	movlw	9
   551  0126  0020               	movlb	0	; select bank0
   552  0127  00D3               	movwf	??_main+2
   553  0128  301E               	movlw	30
   554  0129  00D2               	movwf	??_main+1
   555  012A  30EB               	movlw	235
   556  012B  00D1               	movwf	??_main
   557  012C                     u447:	
   558  012C  0BD1               	decfsz	??_main,f
   559  012D  292C               	goto	u447
   560  012E  0BD2               	decfsz	??_main+1,f
   561  012F  292C               	goto	u447
   562  0130  0BD3               	decfsz	??_main+2,f
   563  0131  292C               	goto	u447
   564  0132  0000               	nop
   565                           
   566                           ;PIC16F1827-Ammeter02.c: 111: _delay((unsigned long)((200)*(32000000/4000.0)));
   567  0133  3009               	movlw	9
   568  0134  0020               	movlb	0	; select bank0
   569  0135  00D3               	movwf	??_main+2
   570  0136  301E               	movlw	30
   571  0137  00D2               	movwf	??_main+1
   572  0138  30EB               	movlw	235
   573  0139  00D1               	movwf	??_main
   574  013A                     u457:	
   575  013A  0BD1               	decfsz	??_main,f
   576  013B  293A               	goto	u457
   577  013C  0BD2               	decfsz	??_main+1,f
   578  013D  293A               	goto	u457
   579  013E  0BD3               	decfsz	??_main+2,f
   580  013F  293A               	goto	u457
   581  0140  0000               	nop
   582  0141  28F5               	goto	l800
   583  0142                     __end_of_main:	
   584                           ;PIC16F1827-Ammeter02.c: 112: }
   585                           ;PIC16F1827-Ammeter02.c: 113: return 0;
   586                           ;	Return value of _main is never used
   587                           
   588                           
   589                           	psect	text1
   590  0211                     __ptext1:	
   591 ;; *************** function _adc *****************
   592 ;; Defined at:
   593 ;;		line 80 in file "PIC16F1827-Ammeter02.c"
   594 ;; Parameters:    Size  Location     Type
   595 ;;		None
   596 ;; Auto vars:     Size  Location     Type
   597 ;;		None
   598 ;; Return value:  Size  Location     Type
   599 ;;                  2   13[BANK0 ] unsigned int 
   600 ;; Registers used:
   601 ;;		wreg, status,2, status,0
   602 ;; Tracked objects:
   603 ;;		On entry : 0/0
   604 ;;		On exit  : 0/0
   605 ;;		Unchanged: 0/0
   606 ;; Data sizes:     COMMON   BANK0   BANK1   BANK2   BANK3   BANK4
   607 ;;      Params:         0       2       0       0       0       0
   608 ;;      Locals:         0       0       0       0       0       0
   609 ;;      Temps:          0       1       0       0       0       0
   610 ;;      Totals:         0       3       0       0       0       0
   611 ;;Total ram usage:        3 bytes
   612 ;; Hardware stack levels used:    1
   613 ;; Hardware stack levels required when called:    2
   614 ;; This function calls:
   615 ;;		Nothing
   616 ;; This function is called by:
   617 ;;		_main
   618 ;; This function uses a non-reentrant model
   619 ;;
   620                           
   621                           
   622                           ;psect for function _adc
   623  0211                     _adc:	
   624                           
   625                           ;PIC16F1827-Ammeter02.c: 81: ADCON0 = (ADCON0 & 0b10000010) + 0b00010001;
   626                           
   627                           ;incstack = 0
   628                           ; Regs used in _adc: [wreg+status,2+status,0]
   629  0211  0021               	movlb	1	; select bank1
   630  0212  081D               	movf	29,w	;volatile
   631  0213  3982               	andlw	130
   632  0214  3E11               	addlw	17
   633  0215  009D               	movwf	29	;volatile
   634                           
   635                           ;PIC16F1827-Ammeter02.c: 82: _delay((unsigned long)((20)*(32000000/4000000.0)));
   636  0216  3035               	movlw	53
   637  0217  0020               	movlb	0	; select bank0
   638  0218  00CD               	movwf	??_adc
   639  0219                     u467:	
   640  0219  0BCD               	decfsz	??_adc,f
   641  021A  2A19               	goto	u467
   642                           
   643                           ;PIC16F1827-Ammeter02.c: 83: ADCON0 = (ADCON0 & 0b11111101) + 0b00000010;
   644  021B  0021               	movlb	1	; select bank1
   645  021C  081D               	movf	29,w	;volatile
   646  021D  39FD               	andlw	253
   647  021E  3E02               	addlw	2
   648  021F  009D               	movwf	29	;volatile
   649  0220                     l73:	
   650                           ;PIC16F1827-Ammeter02.c: 84: while (ADCON0 & 0b00000010);
   651                           
   652  0220  189D               	btfsc	29,1	;volatile
   653  0221  2A20               	goto	l73
   654                           
   655                           ;PIC16F1827-Ammeter02.c: 85: return (ADRESH << 8)+ADRESL;
   656  0222  081C               	movf	28,w	;volatile
   657  0223  0020               	movlb	0	; select bank0
   658  0224  00CC               	movwf	?_adc+1
   659  0225  0021               	movlb	1	; select bank1
   660  0226  081B               	movf	27,w	;volatile
   661  0227  0020               	movlb	0	; select bank0
   662  0228  00CB               	movwf	?_adc
   663  0229  0008               	return
   664  022A                     __end_of_adc:	
   665                           
   666                           	psect	text2
   667  01F5                     __ptext2:	
   668 ;; *************** function ___wmul *****************
   669 ;; Defined at:
   670 ;;		line 15 in file "C:\Program Files (x86)\Microchip\xc8\v1.35\sources\common\Umul16.c"
   671 ;; Parameters:    Size  Location     Type
   672 ;;  multiplier      2   13[BANK0 ] unsigned int 
   673 ;;  multiplicand    2   15[BANK0 ] unsigned int 
   674 ;; Auto vars:     Size  Location     Type
   675 ;;  product         2   17[BANK0 ] unsigned int 
   676 ;; Return value:  Size  Location     Type
   677 ;;                  2   13[BANK0 ] unsigned int 
   678 ;; Registers used:
   679 ;;		wreg, status,2, status,0
   680 ;; Tracked objects:
   681 ;;		On entry : 0/0
   682 ;;		On exit  : 0/0
   683 ;;		Unchanged: 0/0
   684 ;; Data sizes:     COMMON   BANK0   BANK1   BANK2   BANK3   BANK4
   685 ;;      Params:         0       4       0       0       0       0
   686 ;;      Locals:         0       2       0       0       0       0
   687 ;;      Temps:          0       0       0       0       0       0
   688 ;;      Totals:         0       6       0       0       0       0
   689 ;;Total ram usage:        6 bytes
   690 ;; Hardware stack levels used:    1
   691 ;; Hardware stack levels required when called:    2
   692 ;; This function calls:
   693 ;;		Nothing
   694 ;; This function is called by:
   695 ;;		_main
   696 ;; This function uses a non-reentrant model
   697 ;;
   698                           
   699                           
   700                           ;psect for function ___wmul
   701  01F5                     ___wmul:	
   702                           
   703                           ;incstack = 0
   704                           ; Regs used in ___wmul: [wreg+status,2+status,0]
   705  01F5  0020               	movlb	0	; select bank0
   706  01F6  01CF               	clrf	___wmul@product
   707  01F7  01D0               	clrf	___wmul@product+1
   708  01F8                     l688:	
   709  01F8  1C4B               	btfss	___wmul@multiplier,0
   710  01F9  29FE               	goto	l166
   711  01FA  084D               	movf	___wmul@multiplicand,w
   712  01FB  07CF               	addwf	___wmul@product,f
   713  01FC  084E               	movf	___wmul@multiplicand+1,w
   714  01FD  3DD0               	addwfc	___wmul@product+1,f
   715  01FE                     l166:	
   716  01FE  3001               	movlw	1
   717  01FF                     u245:	
   718  01FF  35CD               	lslf	___wmul@multiplicand,f
   719  0200  0DCE               	rlf	___wmul@multiplicand+1,f
   720  0201  0B89               	decfsz	9,f
   721  0202  29FF               	goto	u245
   722  0203  3001               	movlw	1
   723  0204                     u255:	
   724  0204  36CC               	lsrf	___wmul@multiplier+1,f
   725  0205  0CCB               	rrf	___wmul@multiplier,f
   726  0206  0B89               	decfsz	9,f
   727  0207  2A04               	goto	u255
   728  0208  084B               	movf	___wmul@multiplier,w
   729  0209  044C               	iorwf	___wmul@multiplier+1,w
   730  020A  1D03               	btfss	3,2
   731  020B  29F8               	goto	l688
   732  020C  0850               	movf	___wmul@product+1,w
   733  020D  00CC               	movwf	?___wmul+1
   734  020E  084F               	movf	___wmul@product,w
   735  020F  00CB               	movwf	?___wmul
   736  0210  0008               	return
   737  0211                     __end_of___wmul:	
   738                           
   739                           	psect	intentry
   740  0004                     __pintentry:	
   741 ;; *************** function _isr *****************
   742 ;; Defined at:
   743 ;;		line 42 in file "PIC16F1827-Ammeter02.c"
   744 ;; Parameters:    Size  Location     Type
   745 ;;		None
   746 ;; Auto vars:     Size  Location     Type
   747 ;;		None
   748 ;; Return value:  Size  Location     Type
   749 ;;		None               void
   750 ;; Registers used:
   751 ;;		wreg, fsr0l, fsr0h, fsr1l, fsr1h, status,2, status,0, pclath, cstack
   752 ;; Tracked objects:
   753 ;;		On entry : 0/0
   754 ;;		On exit  : 0/0
   755 ;;		Unchanged: 0/0
   756 ;; Data sizes:     COMMON   BANK0   BANK1   BANK2   BANK3   BANK4
   757 ;;      Params:         0       0       0       0       0       0
   758 ;;      Locals:         0       0       0       0       0       0
   759 ;;      Temps:          2       0       0       0       0       0
   760 ;;      Totals:         2       0       0       0       0       0
   761 ;;Total ram usage:        2 bytes
   762 ;; Hardware stack levels used:    1
   763 ;; Hardware stack levels required when called:    1
   764 ;; This function calls:
   765 ;;		___lldiv
   766 ;;		___llmod
   767 ;; This function is called by:
   768 ;;		Interrupt level 1
   769 ;; This function uses a non-reentrant model
   770 ;;
   771                           
   772  0004                     _isr:	
   773                           
   774                           ;incstack = 0
   775                           ; Regs used in _isr: [wreg-fsr1h+status,2+status,0+pclath+cstack]
   776  0004  147E               	bsf	126,0	;set compiler interrupt flag (level 1)
   777  0005  3180               	pagesel	$
   778  0006  0020               	movlb	0	; select bank0
   779  0007  087F               	movf	127,w
   780  0008  00FC               	movwf	??_isr+1
   781                           
   782                           ;PIC16F1827-Ammeter02.c: 43: if (PIR1bits.TMR1IF == 1) {
   783  0009  1811               	btfsc	17,0	;volatile
   784                           
   785                           ;PIC16F1827-Ammeter02.c: 44: PIR1bits.TMR1IF = 0;
   786  000A  1011               	bcf	17,0	;volatile
   787                           
   788                           ;PIC16F1827-Ammeter02.c: 45: }
   789                           ;PIC16F1827-Ammeter02.c: 47: if (INTCONbits.TMR0IF == 1) {
   790  000B  1D0B               	btfss	11,2	;volatile
   791  000C  28C1               	goto	i1l70
   792                           
   793                           ;PIC16F1827-Ammeter02.c: 48: INTCONbits.TMR0IF = 0;
   794  000D  110B               	bcf	11,2	;volatile
   795                           
   796                           ;PIC16F1827-Ammeter02.c: 50: i++;
   797  000E  3001               	movlw	1
   798  000F  00FB               	movwf	??_isr
   799  0010  087B               	movf	??_isr,w
   800  0011  07FD               	addwf	_i,f
   801                           
   802                           ;PIC16F1827-Ammeter02.c: 51: switch (i) {
   803  0012  28B3               	goto	i1l774
   804  0013                     i1l752:	
   805                           ;PIC16F1827-Ammeter02.c: 52: case 1:
   806                           
   807                           
   808                           ;PIC16F1827-Ammeter02.c: 53: PORTB = 0xFF;
   809  0013  30FF               	movlw	255
   810  0014  008D               	movwf	13	;volatile
   811                           
   812                           ;PIC16F1827-Ammeter02.c: 54: PORTA = 0x01;
   813  0015  3001               	movlw	1
   814  0016  008C               	movwf	12	;volatile
   815                           
   816                           ;PIC16F1827-Ammeter02.c: 55: PORTB = p[(v % 10) / 1];
   817  0017  3000               	movlw	0
   818  0018  00F3               	movwf	___llmod@divisor+3
   819  0019  3000               	movlw	0
   820  001A  00F2               	movwf	___llmod@divisor+2
   821  001B  3000               	movlw	0
   822  001C  00F1               	movwf	___llmod@divisor+1
   823  001D  300A               	movlw	10
   824  001E  00F0               	movwf	___llmod@divisor
   825  001F  0857               	movf	_v+3,w
   826  0020  00F7               	movwf	___llmod@dividend+3
   827  0021  0856               	movf	_v+2,w
   828  0022  00F6               	movwf	___llmod@dividend+2
   829  0023  0855               	movf	_v+1,w
   830  0024  00F5               	movwf	___llmod@dividend+1
   831  0025  0854               	movf	_v,w
   832  0026  00F4               	movwf	___llmod@dividend
   833  0027  3181  2195  3180   	fcall	___llmod
   834  002A  0870               	movf	?___llmod,w
   835  002B  3E20               	addlw	(low (_p| 0))& (0+255)
   836  002C  0086               	movwf	6
   837  002D  0187               	clrf	7
   838  002E  0801               	movf	1,w
   839  002F  0020               	movlb	0	; select bank0
   840  0030  28AD               	goto	L3
   841  0031                     i1l756:	
   842                           ;PIC16F1827-Ammeter02.c: 57: case 2:
   843                           
   844                           ;PIC16F1827-Ammeter02.c: 56: break;
   845                           
   846                           
   847                           ;PIC16F1827-Ammeter02.c: 58: PORTB = 0xFF;
   848  0031  30FF               	movlw	255
   849  0032  008D               	movwf	13	;volatile
   850                           
   851                           ;PIC16F1827-Ammeter02.c: 59: PORTA = 0x02;
   852  0033  3002               	movlw	2
   853  0034  008C               	movwf	12	;volatile
   854                           
   855                           ;PIC16F1827-Ammeter02.c: 60: PORTB = p[(v % 100) / 10];
   856  0035  3000               	movlw	0
   857  0036  00C1               	movwf	___lldiv@divisor+3
   858  0037  3000               	movlw	0
   859  0038  00C0               	movwf	___lldiv@divisor+2
   860  0039  3000               	movlw	0
   861  003A  00BF               	movwf	___lldiv@divisor+1
   862  003B  300A               	movlw	10
   863  003C  00BE               	movwf	___lldiv@divisor
   864  003D  0857               	movf	_v+3,w
   865  003E  00F7               	movwf	___llmod@dividend+3
   866  003F  0856               	movf	_v+2,w
   867  0040  00F6               	movwf	___llmod@dividend+2
   868  0041  0855               	movf	_v+1,w
   869  0042  00F5               	movwf	___llmod@dividend+1
   870  0043  0854               	movf	_v,w
   871  0044  00F4               	movwf	___llmod@dividend
   872  0045  3000               	movlw	0
   873  0046  00F3               	movwf	___llmod@divisor+3
   874  0047  3000               	movlw	0
   875  0048  00F2               	movwf	___llmod@divisor+2
   876  0049  3000               	movlw	0
   877  004A  00F1               	movwf	___llmod@divisor+1
   878  004B  3064               	movlw	100
   879  004C  2868               	goto	L6
   880  004D                     i1l760:	
   881                           ;PIC16F1827-Ammeter02.c: 62: case 3:
   882                           
   883                           ;PIC16F1827-Ammeter02.c: 61: break;
   884                           
   885                           
   886                           ;PIC16F1827-Ammeter02.c: 63: PORTB = 0xFF;
   887  004D  30FF               	movlw	255
   888  004E  008D               	movwf	13	;volatile
   889                           
   890                           ;PIC16F1827-Ammeter02.c: 64: PORTA = 0x04;
   891  004F  3004               	movlw	4
   892  0050  008C               	movwf	12	;volatile
   893                           
   894                           ;PIC16F1827-Ammeter02.c: 65: PORTB = p[(v % 1000) / 100];
   895  0051  3000               	movlw	0
   896  0052  00C1               	movwf	___lldiv@divisor+3
   897  0053  3000               	movlw	0
   898  0054  00C0               	movwf	___lldiv@divisor+2
   899  0055  3000               	movlw	0
   900  0056  00BF               	movwf	___lldiv@divisor+1
   901  0057  3064               	movlw	100
   902  0058  00BE               	movwf	___lldiv@divisor
   903  0059  0857               	movf	_v+3,w
   904  005A  00F7               	movwf	___llmod@dividend+3
   905  005B  0856               	movf	_v+2,w
   906  005C  00F6               	movwf	___llmod@dividend+2
   907  005D  0855               	movf	_v+1,w
   908  005E  00F5               	movwf	___llmod@dividend+1
   909  005F  0854               	movf	_v,w
   910  0060  00F4               	movwf	___llmod@dividend
   911  0061  3000               	movlw	0
   912  0062  00F3               	movwf	___llmod@divisor+3
   913  0063  3000               	movlw	0
   914  0064  00F2               	movwf	___llmod@divisor+2
   915  0065  3003               	movlw	3
   916  0066  00F1               	movwf	___llmod@divisor+1
   917  0067  30E8               	movlw	232
   918  0068                     L6:	
   919  0068  00F0               	movwf	___llmod@divisor
   920  0069  3181  2195  3180   	fcall	___llmod
   921  006C  0873               	movf	?___llmod+3,w
   922  006D  0020               	movlb	0	; select bank0
   923  006E  00C5               	movwf	___lldiv@dividend+3
   924  006F  0872               	movf	?___llmod+2,w
   925  0070  00C4               	movwf	___lldiv@dividend+2
   926  0071  0871               	movf	?___llmod+1,w
   927  0072  00C3               	movwf	___lldiv@dividend+1
   928  0073  0870               	movf	?___llmod,w
   929  0074  00C2               	movwf	___lldiv@dividend
   930  0075  3181  2142  3180   	fcall	___lldiv
   931  0078  0020               	movlb	0	; select bank0
   932  0079  083E               	movf	?___lldiv,w
   933  007A  3E20               	addlw	(low (_p| 0))& (0+255)
   934  007B  28AA               	goto	L4
   935  007C                     i1l764:	
   936                           ;PIC16F1827-Ammeter02.c: 67: case 4:
   937                           
   938                           ;PIC16F1827-Ammeter02.c: 66: break;
   939                           
   940                           
   941                           ;PIC16F1827-Ammeter02.c: 68: PORTB = 0xFF;
   942  007C  30FF               	movlw	255
   943  007D  008D               	movwf	13	;volatile
   944                           
   945                           ;PIC16F1827-Ammeter02.c: 69: PORTA = 0x08;
   946  007E  3008               	movlw	8
   947  007F  008C               	movwf	12	;volatile
   948                           
   949                           ;PIC16F1827-Ammeter02.c: 70: PORTB = q[(v % 10000) / 1000];
   950  0080  3000               	movlw	0
   951  0081  00C1               	movwf	___lldiv@divisor+3
   952  0082  3000               	movlw	0
   953  0083  00C0               	movwf	___lldiv@divisor+2
   954  0084  3003               	movlw	3
   955  0085  00BF               	movwf	___lldiv@divisor+1
   956  0086  30E8               	movlw	232
   957  0087  00BE               	movwf	___lldiv@divisor
   958  0088  0857               	movf	_v+3,w
   959  0089  00F7               	movwf	___llmod@dividend+3
   960  008A  0856               	movf	_v+2,w
   961  008B  00F6               	movwf	___llmod@dividend+2
   962  008C  0855               	movf	_v+1,w
   963  008D  00F5               	movwf	___llmod@dividend+1
   964  008E  0854               	movf	_v,w
   965  008F  00F4               	movwf	___llmod@dividend
   966  0090  3000               	movlw	0
   967  0091  00F3               	movwf	___llmod@divisor+3
   968  0092  3000               	movlw	0
   969  0093  00F2               	movwf	___llmod@divisor+2
   970  0094  3027               	movlw	39
   971  0095  00F1               	movwf	___llmod@divisor+1
   972  0096  3010               	movlw	16
   973  0097  00F0               	movwf	___llmod@divisor
   974  0098  3181  2195  3180   	fcall	___llmod
   975  009B  0873               	movf	?___llmod+3,w
   976  009C  0020               	movlb	0	; select bank0
   977  009D  00C5               	movwf	___lldiv@dividend+3
   978  009E  0872               	movf	?___llmod+2,w
   979  009F  00C4               	movwf	___lldiv@dividend+2
   980  00A0  0871               	movf	?___llmod+1,w
   981  00A1  00C3               	movwf	___lldiv@dividend+1
   982  00A2  0870               	movf	?___llmod,w
   983  00A3  00C2               	movwf	___lldiv@dividend
   984  00A4  3181  2142  3180   	fcall	___lldiv
   985  00A7  0020               	movlb	0	; select bank0
   986  00A8  083E               	movf	?___lldiv,w
   987  00A9  3E2A               	addlw	(low (_q| 0))& (0+255)
   988  00AA                     L4:	
   989  00AA  0086               	movwf	6
   990  00AB  0187               	clrf	7
   991  00AC  0801               	movf	1,w
   992  00AD                     L3:	
   993  00AD  008D               	movwf	13	;volatile
   994                           
   995                           ;PIC16F1827-Ammeter02.c: 71: break;
   996  00AE  28C1               	goto	i1l70
   997  00AF                     i1l768:	
   998                           ;PIC16F1827-Ammeter02.c: 72: default:
   999                           
  1000                           
  1001                           ;PIC16F1827-Ammeter02.c: 73: PORTB = 0xFF;
  1002  00AF  30FF               	movlw	255
  1003  00B0  008D               	movwf	13	;volatile
  1004                           
  1005                           ;PIC16F1827-Ammeter02.c: 74: i = 0;
  1006  00B1  01FD               	clrf	_i
  1007                           
  1008                           ;PIC16F1827-Ammeter02.c: 76: }
  1009                           
  1010                           ;PIC16F1827-Ammeter02.c: 75: break;
  1011  00B2  28C1               	goto	i1l70
  1012  00B3                     i1l774:	
  1013  00B3  087D               	movf	_i,w
  1014                           
  1015                           ; Switch size 1, requested type "space"
  1016                           ; Number of cases is 4, Range of values is 1 to 4
  1017                           ; switch strategies available:
  1018                           ; Name         Instructions Cycles
  1019                           ; simple_byte           13     7 (average)
  1020                           ; direct_byte           17     9 (fixed)
  1021                           ; jumptable            263     9 (fixed)
  1022                           ;	Chosen strategy is simple_byte
  1023  00B4  3A01               	xorlw	1	; case 1
  1024  00B5  1903               	skipnz
  1025  00B6  2813               	goto	i1l752
  1026  00B7  3A03               	xorlw	3	; case 2
  1027  00B8  1903               	skipnz
  1028  00B9  2831               	goto	i1l756
  1029  00BA  3A01               	xorlw	1	; case 3
  1030  00BB  1903               	skipnz
  1031  00BC  284D               	goto	i1l760
  1032  00BD  3A07               	xorlw	7	; case 4
  1033  00BE  1903               	skipnz
  1034  00BF  287C               	goto	i1l764
  1035  00C0  28AF               	goto	i1l768
  1036  00C1                     i1l70:	
  1037  00C1  087C               	movf	??_isr+1,w
  1038  00C2  00FF               	movwf	127
  1039  00C3  107E               	bcf	126,0	;clear compiler interrupt flag (level 1)
  1040  00C4  0009               	retfie
  1041  00C5                     __end_of_isr:	
  1042                           
  1043                           	psect	text4
  1044  0195                     __ptext4:	
  1045 ;; *************** function ___llmod *****************
  1046 ;; Defined at:
  1047 ;;		line 6 in file "C:\Program Files (x86)\Microchip\xc8\v1.35\sources\common\llmod.c"
  1048 ;; Parameters:    Size  Location     Type
  1049 ;;  divisor         4    0[COMMON] unsigned long 
  1050 ;;  dividend        4    4[COMMON] unsigned long 
  1051 ;; Auto vars:     Size  Location     Type
  1052 ;;  counter         1    9[COMMON] unsigned char 
  1053 ;; Return value:  Size  Location     Type
  1054 ;;                  4    0[COMMON] unsigned long 
  1055 ;; Registers used:
  1056 ;;		wreg, status,2, status,0
  1057 ;; Tracked objects:
  1058 ;;		On entry : 0/0
  1059 ;;		On exit  : 0/0
  1060 ;;		Unchanged: 0/0
  1061 ;; Data sizes:     COMMON   BANK0   BANK1   BANK2   BANK3   BANK4
  1062 ;;      Params:         8       0       0       0       0       0
  1063 ;;      Locals:         1       0       0       0       0       0
  1064 ;;      Temps:          1       0       0       0       0       0
  1065 ;;      Totals:        10       0       0       0       0       0
  1066 ;;Total ram usage:       10 bytes
  1067 ;; Hardware stack levels used:    1
  1068 ;; This function calls:
  1069 ;;		Nothing
  1070 ;; This function is called by:
  1071 ;;		_isr
  1072 ;; This function uses a non-reentrant model
  1073 ;;
  1074                           
  1075                           
  1076                           ;psect for function ___llmod
  1077  0195                     ___llmod:	
  1078                           
  1079                           ;incstack = 0
  1080                           ; Regs used in ___llmod: [wreg+status,2+status,0]
  1081  0195  0873               	movf	___llmod@divisor+3,w
  1082  0196  0472               	iorwf	___llmod@divisor+2,w
  1083  0197  0471               	iorwf	___llmod@divisor+1,w
  1084  0198  0470               	iorwf	___llmod@divisor,w
  1085  0199  1903               	skipnz
  1086  019A  29CE               	goto	i1l740
  1087  019B  01F9               	clrf	___llmod@counter
  1088  019C  0AF9               	incf	___llmod@counter,f
  1089  019D                     i1l730:	
  1090  019D  1BF3               	btfsc	___llmod@divisor+3,7
  1091  019E  29AB               	goto	i1l732
  1092  019F  3001               	movlw	1
  1093  01A0                     u35_25:	
  1094  01A0  35F0               	lslf	___llmod@divisor,f
  1095  01A1  0DF1               	rlf	___llmod@divisor+1,f
  1096  01A2  0DF2               	rlf	___llmod@divisor+2,f
  1097  01A3  0DF3               	rlf	___llmod@divisor+3,f
  1098  01A4  0B89               	decfsz	9,f
  1099  01A5  29A0               	goto	u35_25
  1100  01A6  3001               	movlw	1
  1101  01A7  00F8               	movwf	??___llmod
  1102  01A8  0878               	movf	??___llmod,w
  1103  01A9  07F9               	addwf	___llmod@counter,f
  1104  01AA  299D               	goto	i1l730
  1105  01AB                     i1l732:	
  1106  01AB  0873               	movf	___llmod@divisor+3,w
  1107  01AC  0277               	subwf	___llmod@dividend+3,w
  1108  01AD  1D03               	skipz
  1109  01AE  29B9               	goto	u37_25
  1110  01AF  0872               	movf	___llmod@divisor+2,w
  1111  01B0  0276               	subwf	___llmod@dividend+2,w
  1112  01B1  1D03               	skipz
  1113  01B2  29B9               	goto	u37_25
  1114  01B3  0871               	movf	___llmod@divisor+1,w
  1115  01B4  0275               	subwf	___llmod@dividend+1,w
  1116  01B5  1D03               	skipz
  1117  01B6  29B9               	goto	u37_25
  1118  01B7  0870               	movf	___llmod@divisor,w
  1119  01B8  0274               	subwf	___llmod@dividend,w
  1120  01B9                     u37_25:	
  1121  01B9  1C03               	skipc
  1122  01BA  29C3               	goto	i1l736
  1123  01BB  0870               	movf	___llmod@divisor,w
  1124  01BC  02F4               	subwf	___llmod@dividend,f
  1125  01BD  0871               	movf	___llmod@divisor+1,w
  1126  01BE  3BF5               	subwfb	___llmod@dividend+1,f
  1127  01BF  0872               	movf	___llmod@divisor+2,w
  1128  01C0  3BF6               	subwfb	___llmod@dividend+2,f
  1129  01C1  0873               	movf	___llmod@divisor+3,w
  1130  01C2  3BF7               	subwfb	___llmod@dividend+3,f
  1131  01C3                     i1l736:	
  1132  01C3  3001               	movlw	1
  1133  01C4                     u38_25:	
  1134  01C4  36F3               	lsrf	___llmod@divisor+3,f
  1135  01C5  0CF2               	rrf	___llmod@divisor+2,f
  1136  01C6  0CF1               	rrf	___llmod@divisor+1,f
  1137  01C7  0CF0               	rrf	___llmod@divisor,f
  1138  01C8  0B89               	decfsz	9,f
  1139  01C9  29C4               	goto	u38_25
  1140  01CA  3001               	movlw	1
  1141  01CB  02F9               	subwf	___llmod@counter,f
  1142  01CC  1D03               	btfss	3,2
  1143  01CD  29AB               	goto	i1l732
  1144  01CE                     i1l740:	
  1145  01CE  0877               	movf	___llmod@dividend+3,w
  1146  01CF  00F3               	movwf	?___llmod+3
  1147  01D0  0876               	movf	___llmod@dividend+2,w
  1148  01D1  00F2               	movwf	?___llmod+2
  1149  01D2  0875               	movf	___llmod@dividend+1,w
  1150  01D3  00F1               	movwf	?___llmod+1
  1151  01D4  0874               	movf	___llmod@dividend,w
  1152  01D5  00F0               	movwf	?___llmod
  1153  01D6  0008               	return
  1154  01D7                     __end_of___llmod:	
  1155                           
  1156                           	psect	text5
  1157  0142                     __ptext5:	
  1158 ;; *************** function ___lldiv *****************
  1159 ;; Defined at:
  1160 ;;		line 6 in file "C:\Program Files (x86)\Microchip\xc8\v1.35\sources\common\lldiv.c"
  1161 ;; Parameters:    Size  Location     Type
  1162 ;;  divisor         4    0[BANK0 ] unsigned long 
  1163 ;;  dividend        4    4[BANK0 ] unsigned long 
  1164 ;; Auto vars:     Size  Location     Type
  1165 ;;  quotient        4    8[BANK0 ] unsigned long 
  1166 ;;  counter         1   12[BANK0 ] unsigned char 
  1167 ;; Return value:  Size  Location     Type
  1168 ;;                  4    0[BANK0 ] unsigned long 
  1169 ;; Registers used:
  1170 ;;		wreg, status,2, status,0
  1171 ;; Tracked objects:
  1172 ;;		On entry : 0/0
  1173 ;;		On exit  : 0/0
  1174 ;;		Unchanged: 0/0
  1175 ;; Data sizes:     COMMON   BANK0   BANK1   BANK2   BANK3   BANK4
  1176 ;;      Params:         0       8       0       0       0       0
  1177 ;;      Locals:         0       5       0       0       0       0
  1178 ;;      Temps:          1       0       0       0       0       0
  1179 ;;      Totals:         1      13       0       0       0       0
  1180 ;;Total ram usage:       14 bytes
  1181 ;; Hardware stack levels used:    1
  1182 ;; This function calls:
  1183 ;;		Nothing
  1184 ;; This function is called by:
  1185 ;;		_isr
  1186 ;; This function uses a non-reentrant model
  1187 ;;
  1188                           
  1189                           
  1190                           ;psect for function ___lldiv
  1191  0142                     ___lldiv:	
  1192                           
  1193                           ;incstack = 0
  1194                           ; Regs used in ___lldiv: [wreg+status,2+status,0]
  1195  0142  3000               	movlw	0
  1196  0143  0020               	movlb	0	; select bank0
  1197  0144  00C9               	movwf	___lldiv@quotient+3
  1198  0145  3000               	movlw	0
  1199  0146  00C8               	movwf	___lldiv@quotient+2
  1200  0147  3000               	movlw	0
  1201  0148  00C7               	movwf	___lldiv@quotient+1
  1202  0149  3000               	movlw	0
  1203  014A  00C6               	movwf	___lldiv@quotient
  1204  014B  0841               	movf	___lldiv@divisor+3,w
  1205  014C  0440               	iorwf	___lldiv@divisor+2,w
  1206  014D  043F               	iorwf	___lldiv@divisor+1,w
  1207  014E  043E               	iorwf	___lldiv@divisor,w
  1208  014F  1903               	skipnz
  1209  0150  298C               	goto	i1l720
  1210  0151  01CA               	clrf	___lldiv@counter
  1211  0152  0ACA               	incf	___lldiv@counter,f
  1212  0153                     i1l706:	
  1213  0153  1BC1               	btfsc	___lldiv@divisor+3,7
  1214  0154  2961               	goto	i1l708
  1215  0155  3001               	movlw	1
  1216  0156                     u28_25:	
  1217  0156  35BE               	lslf	___lldiv@divisor,f
  1218  0157  0DBF               	rlf	___lldiv@divisor+1,f
  1219  0158  0DC0               	rlf	___lldiv@divisor+2,f
  1220  0159  0DC1               	rlf	___lldiv@divisor+3,f
  1221  015A  0B89               	decfsz	9,f
  1222  015B  2956               	goto	u28_25
  1223  015C  3001               	movlw	1
  1224  015D  00FA               	movwf	??___lldiv
  1225  015E  087A               	movf	??___lldiv,w
  1226  015F  07CA               	addwf	___lldiv@counter,f
  1227  0160  2953               	goto	i1l706
  1228  0161                     i1l708:	
  1229  0161  3001               	movlw	1
  1230  0162                     u30_25:	
  1231  0162  35C6               	lslf	___lldiv@quotient,f
  1232  0163  0DC7               	rlf	___lldiv@quotient+1,f
  1233  0164  0DC8               	rlf	___lldiv@quotient+2,f
  1234  0165  0DC9               	rlf	___lldiv@quotient+3,f
  1235  0166  0B89               	decfsz	9,f
  1236  0167  2962               	goto	u30_25
  1237  0168  0841               	movf	___lldiv@divisor+3,w
  1238  0169  0245               	subwf	___lldiv@dividend+3,w
  1239  016A  1D03               	skipz
  1240  016B  2976               	goto	u31_25
  1241  016C  0840               	movf	___lldiv@divisor+2,w
  1242  016D  0244               	subwf	___lldiv@dividend+2,w
  1243  016E  1D03               	skipz
  1244  016F  2976               	goto	u31_25
  1245  0170  083F               	movf	___lldiv@divisor+1,w
  1246  0171  0243               	subwf	___lldiv@dividend+1,w
  1247  0172  1D03               	skipz
  1248  0173  2976               	goto	u31_25
  1249  0174  083E               	movf	___lldiv@divisor,w
  1250  0175  0242               	subwf	___lldiv@dividend,w
  1251  0176                     u31_25:	
  1252  0176  1C03               	skipc
  1253  0177  2981               	goto	i1l716
  1254  0178  083E               	movf	___lldiv@divisor,w
  1255  0179  02C2               	subwf	___lldiv@dividend,f
  1256  017A  083F               	movf	___lldiv@divisor+1,w
  1257  017B  3BC3               	subwfb	___lldiv@dividend+1,f
  1258  017C  0840               	movf	___lldiv@divisor+2,w
  1259  017D  3BC4               	subwfb	___lldiv@dividend+2,f
  1260  017E  0841               	movf	___lldiv@divisor+3,w
  1261  017F  3BC5               	subwfb	___lldiv@dividend+3,f
  1262  0180  1446               	bsf	___lldiv@quotient,0
  1263  0181                     i1l716:	
  1264  0181  3001               	movlw	1
  1265  0182                     u32_25:	
  1266  0182  36C1               	lsrf	___lldiv@divisor+3,f
  1267  0183  0CC0               	rrf	___lldiv@divisor+2,f
  1268  0184  0CBF               	rrf	___lldiv@divisor+1,f
  1269  0185  0CBE               	rrf	___lldiv@divisor,f
  1270  0186  0B89               	decfsz	9,f
  1271  0187  2982               	goto	u32_25
  1272  0188  3001               	movlw	1
  1273  0189  02CA               	subwf	___lldiv@counter,f
  1274  018A  1D03               	btfss	3,2
  1275  018B  2961               	goto	i1l708
  1276  018C                     i1l720:	
  1277  018C  0849               	movf	___lldiv@quotient+3,w
  1278  018D  00C1               	movwf	?___lldiv+3
  1279  018E  0848               	movf	___lldiv@quotient+2,w
  1280  018F  00C0               	movwf	?___lldiv+2
  1281  0190  0847               	movf	___lldiv@quotient+1,w
  1282  0191  00BF               	movwf	?___lldiv+1
  1283  0192  0846               	movf	___lldiv@quotient,w
  1284  0193  00BE               	movwf	?___lldiv
  1285  0194  0008               	return
  1286  0195                     __end_of___lldiv:	
  1287  007E                     btemp	set	126	;btemp
  1288  007E                     int$flags	set	126
  1289  007E                     wtemp	set	126
  1290  007E                     wtemp0	set	126
  1291  0080                     wtemp1	set	128
  1292  0082                     wtemp2	set	130
  1293  0084                     wtemp3	set	132
  1294  0086                     wtemp4	set	134
  1295  0088                     wtemp5	set	136
  1296  007F                     wtemp6	set	127
  1297  007E                     ttemp	set	126
  1298  007E                     ttemp0	set	126
  1299  0081                     ttemp1	set	129
  1300  0084                     ttemp2	set	132
  1301  0087                     ttemp3	set	135
  1302  007F                     ttemp4	set	127
  1303  007E                     ltemp	set	126
  1304  007E                     ltemp0	set	126
  1305  0082                     ltemp1	set	130
  1306  0086                     ltemp2	set	134
  1307  0080                     ltemp3	set	128


Data Sizes:
    Strings     0
    Constant    0
    Data        30
    BSS         6
    Persistent  6
    Stack       0

Auto Spaces:
    Space          Size  Autos    Used
    COMMON           14     13      14
    BANK0            80     22      63
    BANK1            80      0       0
    BANK2            80      0       0
    BANK3            80      0       0
    BANK4            48      0       0

Pointer List with Targets:

    None.

Critical Paths under _main in COMMON

    None.

Critical Paths under _isr in COMMON

    _isr->___lldiv
    ___lldiv->___llmod

Critical Paths under _main in BANK0

    _main->___wmul

Critical Paths under _isr in BANK0

    _isr->___lldiv

Critical Paths under _main in BANK1

    None.

Critical Paths under _isr in BANK1

    None.

Critical Paths under _main in BANK2

    None.

Critical Paths under _isr in BANK2

    None.

Critical Paths under _main in BANK3

    None.

Critical Paths under _isr in BANK3

    None.

Critical Paths under _main in BANK4

    None.

Critical Paths under _isr in BANK4

    None.

Call Graph Tables:

 ---------------------------------------------------------------------------------
 (Depth) Function   	        Calls       Base Space   Used Autos Params    Refs
 ---------------------------------------------------------------------------------
 (0) _main                                                 3     3      0     198
                                             19 BANK0      3     3      0
                             ___wmul
                                _adc
 ---------------------------------------------------------------------------------
 (1) _adc                                                  3     1      2       0
                                             13 BANK0      3     1      2
 ---------------------------------------------------------------------------------
 (1) ___wmul                                               6     2      4     198
                                             13 BANK0      6     2      4
 ---------------------------------------------------------------------------------
 Estimated maximum stack depth 1
 ---------------------------------------------------------------------------------
 (Depth) Function   	        Calls       Base Space   Used Autos Params    Refs
 ---------------------------------------------------------------------------------
 (2) _isr                                                  2     2      0    1063
                                             11 COMMON     2     2      0
                            ___lldiv
                            ___llmod
 ---------------------------------------------------------------------------------
 (3) ___llmod                                             10     2      8     583
                                              0 COMMON    10     2      8
 ---------------------------------------------------------------------------------
 (3) ___lldiv                                             14     6      8     480
                                             10 COMMON     1     1      0
                                              0 BANK0     13     5      8
                            ___llmod (ARG)
 ---------------------------------------------------------------------------------
 Estimated maximum stack depth 3
 ---------------------------------------------------------------------------------

 Call Graph Graphs:

 _main (ROOT)
   ___wmul
   _adc

 _isr (ROOT)
   ___lldiv
     ___llmod (ARG)
   ___llmod

 Address spaces:
Name               Size   Autos  Total    Cost      Usage
BIGRAM             170      0       0       0        0.0%
EEDATA             100      0       0       0        0.0%
NULL                 0      0       0       0        0.0%
CODE                 0      0       0       0        0.0%
BITCOMMON            E      0       0       1        0.0%
BITSFR0              0      0       0       1        0.0%
SFR0                 0      0       0       1        0.0%
COMMON               E      D       E       2      100.0%
BITSFR1              0      0       0       2        0.0%
SFR1                 0      0       0       2        0.0%
BITSFR2              0      0       0       3        0.0%
SFR2                 0      0       0       3        0.0%
STACK                0      0       0       3        0.0%
BITSFR3              0      0       0       4        0.0%
SFR3                 0      0       0       4        0.0%
ABS                  0      0      4D       4        0.0%
BITBANK0            50      0       0       5        0.0%
BITSFR4              0      0       0       5        0.0%
SFR4                 0      0       0       5        0.0%
BANK0               50     16      3F       6       78.8%
BITSFR5              0      0       0       6        0.0%
SFR5                 0      0       0       6        0.0%
BITBANK1            50      0       0       7        0.0%
BITSFR6              0      0       0       7        0.0%
SFR6                 0      0       0       7        0.0%
BANK1               50      0       0       8        0.0%
BITSFR7              0      0       0       8        0.0%
SFR7                 0      0       0       8        0.0%
BITBANK2            50      0       0       9        0.0%
BITSFR8              0      0       0       9        0.0%
SFR8                 0      0       0       9        0.0%
BANK2               50      0       0      10        0.0%
BITSFR9              0      0       0      10        0.0%
SFR9                 0      0       0      10        0.0%
BITBANK3            50      0       0      11        0.0%
BITSFR10             0      0       0      11        0.0%
SFR10                0      0       0      11        0.0%
BANK3               50      0       0      12        0.0%
BITSFR11             0      0       0      12        0.0%
SFR11                0      0       0      12        0.0%
BITBANK4            30      0       0      13        0.0%
BITSFR12             0      0       0      13        0.0%
SFR12                0      0       0      13        0.0%
BANK4               30      0       0      14        0.0%
BITSFR13             0      0       0      14        0.0%
SFR13                0      0       0      14        0.0%
BITSFR14             0      0       0      15        0.0%
SFR14                0      0       0      15        0.0%
DATA                 0      0      4D      15        0.0%
BITSFR15             0      0       0      16        0.0%
SFR15                0      0       0      16        0.0%
BITSFR16             0      0       0      17        0.0%
SFR16                0      0       0      17        0.0%
BITSFR17             0      0       0      18        0.0%
SFR17                0      0       0      18        0.0%
BITSFR18             0      0       0      19        0.0%
SFR18                0      0       0      19        0.0%
BITSFR19             0      0       0      20        0.0%
SFR19                0      0       0      20        0.0%
BITSFR20             0      0       0      21        0.0%
SFR20                0      0       0      21        0.0%
BITSFR21             0      0       0      22        0.0%
SFR21                0      0       0      22        0.0%
BITSFR22             0      0       0      23        0.0%
SFR22                0      0       0      23        0.0%
BITSFR23             0      0       0      24        0.0%
SFR23                0      0       0      24        0.0%
BITSFR24             0      0       0      25        0.0%
SFR24                0      0       0      25        0.0%
BITSFR25             0      0       0      26        0.0%
SFR25                0      0       0      26        0.0%
BITSFR26             0      0       0      27        0.0%
SFR26                0      0       0      27        0.0%
BITSFR27             0      0       0      28        0.0%
SFR27                0      0       0      28        0.0%
BITSFR28             0      0       0      29        0.0%
SFR28                0      0       0      29        0.0%
BITSFR29             0      0       0      30        0.0%
SFR29                0      0       0      30        0.0%
BITSFR30             0      0       0      31        0.0%
SFR30                0      0       0      31        0.0%
BITSFR31             0      0       0      32        0.0%
SFR31                0      0       0      32        0.0%


Microchip Technology PIC Macro Assembler V1.35 build -356382666 
Symbol Table                                                                                   Mon Nov 16 18:37:48 2015

                      _i 007D                        _j 005D                        _p 0020  
                      _q 002A                        _r 0034                        _v 0054  
            __CFG_CP$OFF 0000                       l73 0220                       _ji 005E  
                     _fu 005C      ___wmul@multiplicand 004D                      l166 01FE  
                    l800 00F5                      l688 01F8                      u245 01FF  
                    u255 0204                      u425 010E             __CFG_CPD$OFF 0000  
                    u437 011E                      u447 012C                      u457 013A  
                    u467 0219                      _adc 0211                      _isr 0004  
           __CFG_BORV$LO 0000                      wreg 0009             __CFG_LVP$OFF 0000  
                   ?_adc 004B                     ?_isr 0070                     i1l70 00C1  
           __CFG_WRT$OFF 0000                     _main 00DC                     _temp 0058  
                   fsr0h 0005                     fsr1h 0007                     fsr0l 0004  
                   indf1 0001                     fsr1l 0006                     btemp 007E  
                   ltemp 007E                     start 00C5                     ttemp 007E  
                   wtemp 007E            __CFG_IESO$OFF 0000                    ??_adc 004D  
                  ??_isr 007B            __CFG_PLLEN$ON 0000                    ?_main 0070  
          __CFG_WDTE$OFF 0000          __end_of___lldiv 0195                    _T1CON 0018  
        __end_of___llmod 01D7                    i1l720 018C                    i1l706 0153  
                  i1l730 019D                    i1l716 0181                    i1l708 0161  
                  i1l732 01AB                    i1l740 01CE                    i1l736 01C3  
                  i1l760 004D                    i1l752 0013                    i1l764 007C  
                  i1l756 0031                    i1l774 00B3                    i1l768 00AF  
                  u30_25 0162                    u31_25 0176                    u32_25 0182  
                  _TMR1H 0017                    _TMR1L 0016                    _PORTA 000C  
                  _PORTB 000D                    u35_25 01A0                    u28_25 0156  
                  u37_25 01B9                    u38_25 01C4                    _TRISA 008C  
                  _TRISB 008D           __CFG_FCMEN$OFF 0000                    _cnt1m 005A  
         __CFG_BOREN$OFF 0000                    ltemp0 007E                    ltemp1 0082  
                  ltemp2 0086                    ltemp3 0080                    ttemp0 007E  
                  ttemp1 0081                    ttemp2 0084                    ttemp3 0087  
                  ttemp4 007F                    status 0003                    wtemp0 007E  
                  wtemp1 0080                    wtemp2 0082                    wtemp3 0084  
                  wtemp4 0086                    wtemp5 0088                    wtemp6 007F  
         __CFG_MCLRE$OFF 0000          __initialization 00C7             __end_of_main 0142  
                 ??_main 0051                   _ADCON0 009D                   _ADCON1 009E  
       ___llmod@dividend 0074                   _ADRESH 009C                   _ADRESL 009B  
                 _ANSELA 018C                   _ANSELB 018D                   _OSCCON 0099  
         __CFG_PWRTE$OFF 0000                   ___wmul 01F5                ??___lldiv 007A  
              ??___llmod 0078  __end_of__initialization 00D8           __pcstackCOMMON 0070  
           __pidataBANK0 01D7               __pbssBANK0 005A               __pmaintext 00DC  
                ?___wmul 004B               __pintentry 0004                  ___lldiv 0142  
        __size_of___wmul 001C                  ___llmod 0195          __CFG_STVREN$OFF 0000  
                __ptext1 0211                  __ptext2 01F5                  __ptext4 0195  
                __ptext5 0142             __size_of_adc 0019             __size_of_isr 00C1  
   end_of_initialization 00D8                  init_ram 022A                  initloop 022B  
        ___lldiv@divisor 003E          ___lldiv@counter 004A         __CFG_FOSC$INTOSC 0000  
         __end_of___wmul 0211      start_initialization 00C7              __end_of_adc 022A  
            __end_of_isr 00C5          ___llmod@divisor 0070          ___llmod@counter 0079  
               ??___wmul 004F              __pdataBANK0 0020              __pbssCOMMON 007D  
              ___latbits 0001            __pcstackBANK0 003E                __pnvBANK0 0054  
               ?___lldiv 003E                 ?___llmod 0070           ___wmul@product 004F  
               _PIE1bits 0091                 _PIR1bits 0011        ___wmul@multiplier 004B  
       __size_of___lldiv 0053         __size_of___llmod 0042            __size_of_main 0066  
               int$flags 007E               _INTCONbits 000B                 intlevel1 0000  
       ___lldiv@dividend 0042        __CFG_CLKOUTEN$OFF 0000               _OPTION_REG 0095  
       ___lldiv@quotient 0046  
