

Microchip Technology PIC LITE Macro Assembler V1.33 build 59893 
                                                                                               Wed Feb 18 21:39:23 2015

Microchip Technology Omniscient Code Generator (Lite mode) build 59893
     1                           	processor	16F1827
     2                           	opt	pw 120
     3                           	opt	lm
     4                           	psect	idataCOMMON,global,class=CODE,delta=2
     5                           	psect	cinit,global,class=CODE,merge=1,delta=2
     6                           	psect	dataCOMMON,global,class=COMMON,space=1,delta=1
     7                           	psect	bssBANK0,global,class=BANK0,space=1,delta=1
     8                           	psect	cstackCOMMON,global,class=COMMON,space=1,delta=1
     9                           	psect	cstackBANK0,global,class=BANK0,space=1,delta=1
    10                           	psect	maintext,global,class=CODE,merge=1,split=1,delta=2
    11                           	psect	text1,local,class=CODE,merge=1,delta=2
    12                           	psect	text2,local,class=CODE,merge=1,delta=2
    13                           	psect	text3,local,class=CODE,merge=1,delta=2
    14                           	psect	text4,local,class=CODE,merge=1,delta=2
    15                           	psect	text5,local,class=CODE,merge=1,delta=2
    16                           	psect	intentry,global,class=CODE,delta=2
    17                           	psect	text7,local,class=CODE,merge=1,delta=2
    18                           	psect	text8,local,class=CODE,merge=1,delta=2
    19                           	psect	text9,local,class=CODE,merge=1,delta=2
    20                           	dabs	1,0x7E,2
    21  0000                     	;# 
    22  0001                     	;# 
    23  0002                     	;# 
    24  0003                     	;# 
    25  0004                     	;# 
    26  0005                     	;# 
    27  0006                     	;# 
    28  0007                     	;# 
    29  0008                     	;# 
    30  0009                     	;# 
    31  000A                     	;# 
    32  000B                     	;# 
    33  000C                     	;# 
    34  000D                     	;# 
    35  0011                     	;# 
    36  0012                     	;# 
    37  0013                     	;# 
    38  0014                     	;# 
    39  0015                     	;# 
    40  0016                     	;# 
    41  0016                     	;# 
    42  0017                     	;# 
    43  0018                     	;# 
    44  0019                     	;# 
    45  001A                     	;# 
    46  001B                     	;# 
    47  001C                     	;# 
    48  001E                     	;# 
    49  001F                     	;# 
    50  008C                     	;# 
    51  008D                     	;# 
    52  0091                     	;# 
    53  0092                     	;# 
    54  0093                     	;# 
    55  0094                     	;# 
    56  0095                     	;# 
    57  0096                     	;# 
    58  0097                     	;# 
    59  0098                     	;# 
    60  0099                     	;# 
    61  009A                     	;# 
    62  009B                     	;# 
    63  009B                     	;# 
    64  009C                     	;# 
    65  009D                     	;# 
    66  009E                     	;# 
    67  010C                     	;# 
    68  010D                     	;# 
    69  0111                     	;# 
    70  0112                     	;# 
    71  0113                     	;# 
    72  0114                     	;# 
    73  0115                     	;# 
    74  0116                     	;# 
    75  0117                     	;# 
    76  0118                     	;# 
    77  0119                     	;# 
    78  011A                     	;# 
    79  011B                     	;# 
    80  011D                     	;# 
    81  011E                     	;# 
    82  018C                     	;# 
    83  018D                     	;# 
    84  0191                     	;# 
    85  0191                     	;# 
    86  0192                     	;# 
    87  0193                     	;# 
    88  0193                     	;# 
    89  0193                     	;# 
    90  0194                     	;# 
    91  0195                     	;# 
    92  0196                     	;# 
    93  0199                     	;# 
    94  019A                     	;# 
    95  019B                     	;# 
    96  019B                     	;# 
    97  019B                     	;# 
    98  019B                     	;# 
    99  019C                     	;# 
   100  019C                     	;# 
   101  019D                     	;# 
   102  019E                     	;# 
   103  019F                     	;# 
   104  020C                     	;# 
   105  020D                     	;# 
   106  0211                     	;# 
   107  0211                     	;# 
   108  0212                     	;# 
   109  0212                     	;# 
   110  0213                     	;# 
   111  0213                     	;# 
   112  0214                     	;# 
   113  0214                     	;# 
   114  0215                     	;# 
   115  0215                     	;# 
   116  0215                     	;# 
   117  0216                     	;# 
   118  0216                     	;# 
   119  0217                     	;# 
   120  0217                     	;# 
   121  0219                     	;# 
   122  021A                     	;# 
   123  021B                     	;# 
   124  021C                     	;# 
   125  021D                     	;# 
   126  021E                     	;# 
   127  021F                     	;# 
   128  0291                     	;# 
   129  0291                     	;# 
   130  0292                     	;# 
   131  0293                     	;# 
   132  0294                     	;# 
   133  0295                     	;# 
   134  0295                     	;# 
   135  0296                     	;# 
   136  0298                     	;# 
   137  0298                     	;# 
   138  0299                     	;# 
   139  029A                     	;# 
   140  029B                     	;# 
   141  029C                     	;# 
   142  029C                     	;# 
   143  029D                     	;# 
   144  029E                     	;# 
   145  029E                     	;# 
   146  0311                     	;# 
   147  0311                     	;# 
   148  0312                     	;# 
   149  0313                     	;# 
   150  0318                     	;# 
   151  0318                     	;# 
   152  0319                     	;# 
   153  031A                     	;# 
   154  0394                     	;# 
   155  0395                     	;# 
   156  0396                     	;# 
   157  039A                     	;# 
   158  039C                     	;# 
   159  039D                     	;# 
   160  039E                     	;# 
   161  039F                     	;# 
   162  0415                     	;# 
   163  0416                     	;# 
   164  0417                     	;# 
   165  041C                     	;# 
   166  041D                     	;# 
   167  041E                     	;# 
   168  0FE4                     	;# 
   169  0FE5                     	;# 
   170  0FE6                     	;# 
   171  0FE7                     	;# 
   172  0FE8                     	;# 
   173  0FE9                     	;# 
   174  0FEA                     	;# 
   175  0FEB                     	;# 
   176  0FED                     	;# 
   177  0FEE                     	;# 
   178  0FEF                     	;# 
   179                           
   180                           	psect	idataCOMMON
   181  0182                     __pidataCOMMON:	
   182                           
   183                           ;initializer for LCD_SetCursor@F2883
   184  0182  3400               	retlw	0
   185  0183  3440               	retlw	64
   186  001E                     _CPSCON0	set	30
   187  001E                     _CPSCON0bits	set	30
   188  001F                     _CPSCON1	set	31
   189  000B                     _INTCON	set	11
   190  000B                     _INTCONbits	set	11
   191  0018                     _T1CON	set	24
   192  0018                     _T1CONbits	set	24
   193  0019                     _T1GCONbits	set	25
   194  0015                     _TMR0	set	21
   195  0017                     _TMR1H	set	23
   196  0016                     _TMR1L	set	22
   197  0093                     _BCL1IF	set	147
   198  008D                     _RCIF	set	141
   199  008B                     _SSP1IF	set	139
   200  005A                     _TMR0IF	set	90
   201  008C                     _TXIF	set	140
   202  009B                     _ADRES	set	155
   203  009D                     _ADCON0bits	set	157
   204  009E                     _ADCON1bits	set	158
   205  0095                     _OPTION_REG	set	149
   206  0095                     _OPTION_REGbits	set	149
   207  0099                     _OSCCON	set	153
   208  0091                     _PIE1bits	set	145
   209  008C                     _TRISA	set	140
   210  008D                     _TRISB	set	141
   211  048C                     _TXIE	set	1164
   212  0117                     _FVRCON	set	279
   213  010C                     _LATAbits	set	268
   214  018C                     _ANSELA	set	396
   215  018D                     _ANSELB	set	397
   216  0199                     _RCREG	set	409
   217  019D                     _RCSTA	set	413
   218  019C                     _SPBRGH	set	412
   219  019B                     _SPBRGL	set	411
   220  019A                     _TXREG	set	410
   221  019E                     _TXSTA	set	414
   222  0CFB                     _BRG16	set	3323
   223  0CEF                     _SPEN	set	3311
   224  0212                     _SSP1ADD	set	530
   225  0211                     _SSP1BUF	set	529
   226  0215                     _SSP1CON1	set	533
   227  0216                     _SSP1CON2	set	534
   228  0216                     _SSP1CON2bits	set	534
   229  0214                     _SSP1STAT	set	532
   230                           
   231                           ; #config settings
   232  0000                     
   233                           	psect	cinit
   234  0023                     start_initialization:	
   235  0023                     __initialization:	
   236                           
   237                           ; Clear objects allocated to BANK0
   238  0023  01C9               	clrf	__pbssBANK0& (0+127)
   239  0024  01CA               	clrf	(__pbssBANK0+1)& (0+127)
   240  0025  01CB               	clrf	(__pbssBANK0+2)& (0+127)
   241  0026  01CC               	clrf	(__pbssBANK0+3)& (0+127)
   242  0027  01CD               	clrf	(__pbssBANK0+4)& (0+127)
   243  0028  01CE               	clrf	(__pbssBANK0+5)& (0+127)
   244  0029  01CF               	clrf	(__pbssBANK0+6)& (0+127)
   245  002A  01D0               	clrf	(__pbssBANK0+7)& (0+127)
   246                           
   247                           ; Initialize objects allocated to COMMON
   248  002B  3181  2182  3180   	fcall	__pidataCOMMON	;fetch initializer
   249  002E  00F7               	movwf	__pdataCOMMON& (0+127)
   250  002F  3181  2183         	fcall	__pidataCOMMON+1	;fetch initializer
   251  0031  00F8               	movwf	(__pdataCOMMON+1)& (0+127)
   252  0032                     end_of_initialization:	
   253                           ;End of C runtime variable initialization code
   254                           
   255  0032                     __end_of__initialization:	
   256  0032  107E               	bcf	pic14e$flags,0	;clear compiler interrupt flag
   257  0033  0020               	movlb	0
   258  0034  3180  2836         	ljmp	_main	;jump to C main() function
   259                           
   260                           	psect	dataCOMMON
   261  0077                     __pdataCOMMON:	
   262  0077                     LCD_SetCursor@F2883:	
   263  0077                     	ds	2
   264                           
   265                           	psect	bssBANK0
   266  0049                     __pbssBANK0:	
   267  0049                     _cap:	
   268  0049                     	ds	2
   269  004B                     _cnt:	
   270  004B                     	ds	1
   271  004C                     _intFlag:	
   272  004C                     	ds	1
   273  004D                     _tx_buf:	
   274  004D                     	ds	4
   275                           
   276                           	psect	cstackCOMMON
   277  0070                     __pcstackCOMMON:	
   278  0070                     ??_ringbuf_pop:	
   279  0070                     ??_ringbuf_num:	
   280                           ; 0 bytes @ 0x0
   281                           
   282  0070                     ?_UART_init:	
   283                           ; 0 bytes @ 0x0
   284                           
   285  0070                     ?_tx_send:	
   286                           ; 0 bytes @ 0x0
   287                           
   288  0070                     ?_interrupt_TXIF:	
   289                           ; 0 bytes @ 0x0
   290                           
   291  0070                     ?_isr:	
   292                           ; 0 bytes @ 0x0
   293                           
   294  0070                     ?_mainFunc:	
   295                           ; 0 bytes @ 0x0
   296                           
   297  0070                     ?_main:	
   298                           ; 0 bytes @ 0x0
   299                           
   300  0070                     ?_ringbuf_pop:	
   301                           ; 0 bytes @ 0x0
   302                           
   303  0070                     ?_ringbuf_num:	
   304                           ; 1 bytes @ 0x0
   305                           
   306                           
   307                           ; 1 bytes @ 0x0
   308  0070                     	ds	1
   309  0071                     ringbuf_num@rb:	
   310                           
   311                           ; 1 bytes @ 0x1
   312  0071                     	ds	1
   313  0072                     ringbuf_pop@ret:	
   314                           
   315                           ; 1 bytes @ 0x2
   316  0072                     	ds	1
   317  0073                     ringbuf_pop@rb:	
   318                           
   319                           ; 1 bytes @ 0x3
   320  0073                     	ds	1
   321  0074                     ??_interrupt_TXIF:	
   322  0074                     ??_isr:	
   323                           ; 0 bytes @ 0x4
   324                           
   325                           
   326                           ; 0 bytes @ 0x4
   327  0074                     	ds	2
   328  0076                     isr@ascii:	
   329                           
   330                           ; 1 bytes @ 0x6
   331  0076                     	ds	1
   332                           
   333                           	psect	cstackBANK0
   334  0020                     __pcstackBANK0:	
   335  0020                     ?_ringbuf_init:	
   336  0020                     ?_ringbuf_push:	
   337                           ; 0 bytes @ 0x0
   338                           
   339  0020                     ??_UART_init:	
   340                           ; 0 bytes @ 0x0
   341                           
   342  0020                     ringbuf_init@internal_buf:	
   343                           ; 0 bytes @ 0x0
   344                           
   345  0020                     ringbuf_push@asciicode:	
   346                           ; 1 bytes @ 0x0
   347                           
   348  0020                     UART_init@device:	
   349                           ; 1 bytes @ 0x0
   350                           
   351                           
   352                           ; 1 bytes @ 0x0
   353  0020                     	ds	1
   354  0021                     ??_ringbuf_push:	
   355  0021                     ringbuf_init@bufsize:	
   356                           ; 0 bytes @ 0x1
   357                           
   358                           
   359                           ; 1 bytes @ 0x1
   360  0021                     	ds	1
   361  0022                     ??_ringbuf_init:	
   362                           
   363                           ; 0 bytes @ 0x2
   364  0022                     	ds	1
   365  0023                     ringbuf_init@rb:	
   366  0023                     ringbuf_push@rb:	
   367                           ; 1 bytes @ 0x3
   368                           
   369                           
   370                           ; 1 bytes @ 0x3
   371  0023                     	ds	1
   372  0024                     ??_tx_send:	
   373                           
   374                           ; 0 bytes @ 0x4
   375  0024                     	ds	1
   376  0025                     tx_send@asciicode:	
   377                           
   378                           ; 1 bytes @ 0x5
   379  0025                     	ds	1
   380  0026                     ??_mainFunc:	
   381                           
   382                           ; 0 bytes @ 0x6
   383  0026                     	ds	2
   384  0028                     ??_main:	
   385                           
   386                           ; 0 bytes @ 0x8
   387  0028                     	ds	3
   388  002B                     main@buf:	
   389                           
   390                           ; 30 bytes @ 0xB
   391  002B                     	ds	30
   392                           
   393                           	psect	maintext
   394  0036                     __pmaintext:	
   395 ;;
   396 ;;Main: autosize = 0, tempsize = 3, incstack = 0, save=0
   397 ;;
   398 ;; *************** function _main *****************
   399 ;; Defined at:
   400 ;;		line 64 in file "PIC16F1827-CSM01.c"
   401 ;; Parameters:    Size  Location     Type
   402 ;;		None
   403 ;; Auto vars:     Size  Location     Type
   404 ;;  buf            30   11[BANK0 ] unsigned char [30]
   405 ;; Return value:  Size  Location     Type
   406 ;;		None               void
   407 ;; Registers used:
   408 ;;		wreg, fsr0l, fsr0h, fsr1l, fsr1h, status,2, status,0, pclath, cstack
   409 ;; Tracked objects:
   410 ;;		On entry : 17F/0
   411 ;;		On exit  : 0/0
   412 ;;		Unchanged: 0/0
   413 ;; Data sizes:     COMMON   BANK0   BANK1   BANK2   BANK3   BANK4
   414 ;;      Params:         0       0       0       0       0       0
   415 ;;      Locals:         0      30       0       0       0       0
   416 ;;      Temps:          0       3       0       0       0       0
   417 ;;      Totals:         0      33       0       0       0       0
   418 ;;Total ram usage:       33 bytes
   419 ;; Hardware stack levels required when called:    6
   420 ;; This function calls:
   421 ;;		_UART_init
   422 ;;		_mainFunc
   423 ;;		_ringbuf_init
   424 ;; This function is called by:
   425 ;;		Startup code after reset
   426 ;; This function uses a non-reentrant model
   427 ;;
   428                           
   429                           
   430                           ;psect for function _main
   431  0036                     _main:	
   432                           
   433                           ;PIC16F1827-CSM01.c: 65: cap = 0;
   434                           
   435                           ;incstack = 0
   436                           ; Regs used in _main: [wreg-fsr1h+status,2+status,0+pclath+cstack]
   437  0036  0020               	movlb	0	; select bank0
   438  0037  01C9               	clrf	_cap
   439  0038  01CA               	clrf	_cap+1
   440                           
   441                           ;PIC16F1827-CSM01.c: 66: intFlag = 0;
   442  0039  01CC               	clrf	_intFlag
   443                           
   444                           ;PIC16F1827-CSM01.c: 68: OSCCON = 0x70;
   445  003A  3070               	movlw	112
   446  003B  0021               	movlb	1	; select bank1
   447  003C  0099               	movwf	25	;volatile
   448                           
   449                           ;PIC16F1827-CSM01.c: 69: ANSELA = 0x01;
   450  003D  3001               	movlw	1
   451  003E  0023               	movlb	3	; select bank3
   452  003F  008C               	movwf	12	;volatile
   453                           
   454                           ;PIC16F1827-CSM01.c: 70: ANSELB = 0x00;
   455  0040  018D               	clrf	13	;volatile
   456                           
   457                           ;PIC16F1827-CSM01.c: 71: TRISA = 0x01;
   458  0041  3001               	movlw	1
   459  0042  0021               	movlb	1	; select bank1
   460  0043  008C               	movwf	12	;volatile
   461                           
   462                           ;PIC16F1827-CSM01.c: 72: TRISB = 0x02;
   463  0044  3002               	movlw	2
   464  0045  008D               	movwf	13	;volatile
   465                           
   466                           ;PIC16F1827-CSM01.c: 74: UART_init(0);
   467  0046  3000               	movlw	0
   468  0047  3181  2163  3180   	fcall	_UART_init
   469                           
   470                           ;PIC16F1827-CSM01.c: 76: char buf[30];
   471                           ;PIC16F1827-CSM01.c: 77: ringbuf_init(&tx_buf, buf, sizeof (buf));
   472  004A  302B               	movlw	main@buf& (0+255)
   473  004B  0020               	movlb	0	; select bank0
   474  004C  00A8               	movwf	??_main
   475  004D  0828               	movf	??_main,w
   476  004E  00A0               	movwf	ringbuf_init@internal_buf
   477  004F  301E               	movlw	30
   478  0050  00A9               	movwf	??_main+1
   479  0051  0829               	movf	??_main+1,w
   480  0052  00A1               	movwf	ringbuf_init@bufsize
   481  0053  304D               	movlw	_tx_buf& (0+255)
   482  0054  3181  2131  3180   	fcall	_ringbuf_init
   483                           
   484                           ;PIC16F1827-CSM01.c: 79: _delay((unsigned long)((100)*(32000000/4000.0)));
   485  0057  3005               	movlw	5
   486  0058  0020               	movlb	0	; select bank0
   487  0059  00AA               	movwf	??_main+2
   488  005A  300F               	movlw	15
   489  005B  00A9               	movwf	??_main+1
   490  005C  30F4               	movlw	244
   491  005D  00A8               	movwf	??_main
   492  005E                     u647:	
   493  005E  0BA8               	decfsz	??_main,f
   494  005F  285E               	goto	u647
   495  0060  0BA9               	decfsz	??_main+1,f
   496  0061  285E               	goto	u647
   497  0062  0BAA               	decfsz	??_main+2,f
   498  0063  285E               	goto	u647
   499                           
   500                           ;PIC16F1827-CSM01.c: 81: CPSCON0 = 0b00001100;
   501  0064  300C               	movlw	12
   502  0065  0020               	movlb	0	; select bank0
   503  0066  009E               	movwf	30	;volatile
   504                           
   505                           ;PIC16F1827-CSM01.c: 82: CPSCON1 = 0x00;
   506  0067  019F               	clrf	31	;volatile
   507                           
   508                           ;PIC16F1827-CSM01.c: 83: T1CON = 0b11000001;
   509  0068  30C1               	movlw	193
   510  0069  0098               	movwf	24	;volatile
   511                           
   512                           ;PIC16F1827-CSM01.c: 84: T1GCONbits.TMR1GE = 0;
   513  006A  1399               	bcf	25,7	;volatile
   514                           
   515                           ;PIC16F1827-CSM01.c: 85: TMR0 = 0;
   516  006B  0195               	clrf	21	;volatile
   517                           
   518                           ;PIC16F1827-CSM01.c: 86: OPTION_REG = 0b00000110;
   519  006C  3006               	movlw	6
   520  006D  0021               	movlb	1	; select bank1
   521  006E  0095               	movwf	21	;volatile
   522                           
   523                           ;PIC16F1827-CSM01.c: 87: OPTION_REGbits.PS = 7;
   524  006F  3007               	movlw	7
   525  0070  0495               	iorwf	21,f	;volatile
   526                           
   527                           ;PIC16F1827-CSM01.c: 88: INTCON = 0b01100000;
   528  0071  3060               	movlw	96
   529  0072  008B               	movwf	11	;volatile
   530                           
   531                           ;PIC16F1827-CSM01.c: 90: TMR1L = 0;
   532  0073  0020               	movlb	0	; select bank0
   533  0074  0196               	clrf	22	;volatile
   534                           
   535                           ;PIC16F1827-CSM01.c: 91: TMR1H = 0;
   536  0075  0197               	clrf	23	;volatile
   537                           
   538                           ;PIC16F1827-CSM01.c: 93: INTCONbits.GIE = 1;
   539  0076  178B               	bsf	11,7	;volatile
   540  0077                     l1419:	
   541                           ;PIC16F1827-CSM01.c: 95: while (1) {
   542                           
   543                           
   544                           ;PIC16F1827-CSM01.c: 96: if (intFlag) {
   545  0077  0020               	movlb	0	; select bank0
   546  0078  084C               	movf	_intFlag,w
   547  0079  1903               	btfsc	3,2
   548  007A  2877               	goto	l1419
   549                           
   550                           ;PIC16F1827-CSM01.c: 97: intFlag = 0;
   551  007B  01CC               	clrf	_intFlag
   552                           
   553                           ;PIC16F1827-CSM01.c: 98: mainFunc();
   554  007C  3180  2081  3180   	fcall	_mainFunc
   555  007F  0020               	movlb	0	; select bank0
   556  0080  2877               	goto	l1419
   557  0081                     __end_of_main:	
   558                           
   559                           	psect	text1
   560  0131                     __ptext1:	
   561 ;; *************** function _ringbuf_init *****************
   562 ;; Defined at:
   563 ;;		line 113 in file "C:\Program Files (x86)\Microchip\xc8\v1.33\include\My_header_16F.h"
   564 ;; Parameters:    Size  Location     Type
   565 ;;  rb              1    wreg     PTR struct ringbuf
   566 ;;		 -> tx_buf(4), 
   567 ;;  internal_buf    1    0[BANK0 ] PTR unsigned char 
   568 ;;		 -> main@buf(30), 
   569 ;;  bufsize         1    1[BANK0 ] unsigned char 
   570 ;; Auto vars:     Size  Location     Type
   571 ;;  rb              1    3[BANK0 ] PTR struct ringbuf
   572 ;;		 -> tx_buf(4), 
   573 ;; Return value:  Size  Location     Type
   574 ;;		None               void
   575 ;; Registers used:
   576 ;;		wreg, fsr1l, fsr1h, status,2
   577 ;; Tracked objects:
   578 ;;		On entry : 0/0
   579 ;;		On exit  : 0/0
   580 ;;		Unchanged: 0/0
   581 ;; Data sizes:     COMMON   BANK0   BANK1   BANK2   BANK3   BANK4
   582 ;;      Params:         0       2       0       0       0       0
   583 ;;      Locals:         0       1       0       0       0       0
   584 ;;      Temps:          0       1       0       0       0       0
   585 ;;      Totals:         0       4       0       0       0       0
   586 ;;Total ram usage:        4 bytes
   587 ;; Hardware stack levels used:    1
   588 ;; Hardware stack levels required when called:    3
   589 ;; This function calls:
   590 ;;		Nothing
   591 ;; This function is called by:
   592 ;;		_main
   593 ;; This function uses a non-reentrant model
   594 ;;
   595                           
   596                           
   597                           ;psect for function _ringbuf_init
   598  0131                     _ringbuf_init:	
   599                           
   600                           ;incstack = 0
   601                           ; Regs used in _ringbuf_init: [wreg+fsr1l+fsr1h+status,2]
   602                           ;ringbuf_init@rb stored from wreg
   603  0131  0020               	movlb	0	; select bank0
   604  0132  00A3               	movwf	ringbuf_init@rb
   605                           
   606                           ;My_header_16F.h: 114: rb->buf = internal_buf;
   607  0133  0820               	movf	ringbuf_init@internal_buf,w
   608  0134  00A2               	movwf	??_ringbuf_init
   609  0135  0823               	movf	ringbuf_init@rb,w
   610  0136  0086               	movwf	6
   611  0137  0187               	clrf	7
   612  0138  0822               	movf	??_ringbuf_init,w
   613  0139  0081               	movwf	1
   614                           
   615                           ;My_header_16F.h: 115: rb->size = bufsize;
   616  013A  0821               	movf	ringbuf_init@bufsize,w
   617  013B  00A2               	movwf	??_ringbuf_init
   618  013C  0A23               	incf	ringbuf_init@rb,w
   619  013D  0086               	movwf	6
   620  013E  0187               	clrf	7
   621  013F  0822               	movf	??_ringbuf_init,w
   622  0140  0081               	movwf	1
   623                           
   624                           ;My_header_16F.h: 116: rb->head = 0;
   625  0141  0823               	movf	ringbuf_init@rb,w
   626  0142  3E02               	addlw	2
   627  0143  0086               	movwf	6
   628  0144  0187               	clrf	7
   629  0145  0181               	clrf	1
   630                           
   631                           ;My_header_16F.h: 117: rb->tail = 0;
   632  0146  0823               	movf	ringbuf_init@rb,w
   633  0147  3E03               	addlw	3
   634  0148  0086               	movwf	6
   635  0149  0187               	clrf	7
   636  014A  0181               	clrf	1
   637  014B  0008               	return
   638  014C                     __end_of_ringbuf_init:	
   639                           
   640                           	psect	text2
   641  0081                     __ptext2:	
   642 ;; *************** function _mainFunc *****************
   643 ;; Defined at:
   644 ;;		line 43 in file "PIC16F1827-CSM01.c"
   645 ;; Parameters:    Size  Location     Type
   646 ;;		None
   647 ;; Auto vars:     Size  Location     Type
   648 ;;		None
   649 ;; Return value:  Size  Location     Type
   650 ;;		None               void
   651 ;; Registers used:
   652 ;;		wreg, fsr0l, fsr0h, fsr1l, fsr1h, status,2, status,0, pclath, cstack
   653 ;; Tracked objects:
   654 ;;		On entry : 0/0
   655 ;;		On exit  : 0/0
   656 ;;		Unchanged: 0/0
   657 ;; Data sizes:     COMMON   BANK0   BANK1   BANK2   BANK3   BANK4
   658 ;;      Params:         0       0       0       0       0       0
   659 ;;      Locals:         0       0       0       0       0       0
   660 ;;      Temps:          0       2       0       0       0       0
   661 ;;      Totals:         0       2       0       0       0       0
   662 ;;Total ram usage:        2 bytes
   663 ;; Hardware stack levels used:    1
   664 ;; Hardware stack levels required when called:    5
   665 ;; This function calls:
   666 ;;		_tx_send
   667 ;; This function is called by:
   668 ;;		_main
   669 ;; This function uses a non-reentrant model
   670 ;;
   671                           
   672                           
   673                           ;psect for function _mainFunc
   674  0081                     _mainFunc:	
   675                           
   676                           ;PIC16F1827-CSM01.c: 44: CPSCON0bits.CPSON = 0;
   677                           
   678                           ;incstack = 0
   679                           ; Regs used in _mainFunc: [wreg-fsr1h+status,2+status,0+pclath+cstack]
   680  0081  0020               	movlb	0	; select bank0
   681  0082  139E               	bcf	30,7	;volatile
   682                           
   683                           ;PIC16F1827-CSM01.c: 46: cap = (TMR1H << 8) + TMR1L;
   684  0083  0817               	movf	23,w	;volatile
   685  0084  01CA               	clrf	_cap+1
   686  0085  07CA               	addwf	_cap+1,f
   687  0086  0816               	movf	22,w	;volatile
   688  0087  01C9               	clrf	_cap
   689  0088  07C9               	addwf	_cap,f
   690                           
   691                           ;PIC16F1827-CSM01.c: 48: if ((cap >> 8) > 0x0D) {
   692  0089  084A               	movf	_cap+1,w
   693  008A  00A7               	movwf	??_mainFunc+1
   694  008B  0849               	movf	_cap,w
   695  008C  00A6               	movwf	??_mainFunc
   696  008D  0827               	movf	??_mainFunc+1,w
   697  008E  00A6               	movwf	??_mainFunc
   698  008F  01A7               	clrf	??_mainFunc+1
   699  0090  3000               	movlw	0
   700  0091  0227               	subwf	??_mainFunc+1,w
   701  0092  300E               	movlw	14
   702  0093  1903               	skipnz
   703  0094  0226               	subwf	??_mainFunc,w
   704  0095  1C03               	skipc
   705  0096  289A               	goto	l278
   706                           
   707                           ;PIC16F1827-CSM01.c: 49: LATAbits.LATA1 = 0;
   708  0097  0022               	movlb	2	; select bank2
   709  0098  108C               	bcf	12,1	;volatile
   710                           
   711                           ;PIC16F1827-CSM01.c: 50: } else {
   712  0099  289C               	goto	l1285
   713  009A                     l278:	
   714                           
   715                           ;PIC16F1827-CSM01.c: 51: LATAbits.LATA1 = 1;
   716  009A  0022               	movlb	2	; select bank2
   717  009B  148C               	bsf	12,1	;volatile
   718  009C                     l1285:	
   719                           
   720                           ;PIC16F1827-CSM01.c: 52: }
   721                           ;PIC16F1827-CSM01.c: 54: TMR1L = 0;
   722  009C  0020               	movlb	0	; select bank0
   723  009D  0196               	clrf	22	;volatile
   724                           
   725                           ;PIC16F1827-CSM01.c: 55: TMR1H = 0;
   726  009E  0197               	clrf	23	;volatile
   727                           
   728                           ;PIC16F1827-CSM01.c: 56: CPSCON0bits.CPSON = 1;
   729  009F  179E               	bsf	30,7	;volatile
   730                           
   731                           ;PIC16F1827-CSM01.c: 58: if (cnt++ >= 10) {
   732  00A0  3001               	movlw	1
   733  00A1  00A6               	movwf	??_mainFunc
   734  00A2  0826               	movf	??_mainFunc,w
   735  00A3  07CB               	addwf	_cnt,f
   736  00A4  300B               	movlw	11
   737  00A5  024B               	subwf	_cnt,w
   738  00A6  1C03               	skipc
   739  00A7  0008               	return
   740                           
   741                           ;PIC16F1827-CSM01.c: 59: tx_send(cap >> 8);
   742  00A8  084A               	movf	_cap+1,w
   743  00A9  3181  2176         	fcall	_tx_send
   744                           
   745                           ;PIC16F1827-CSM01.c: 60: cnt = 0;
   746  00AB  0020               	movlb	0	; select bank0
   747  00AC  01CB               	clrf	_cnt
   748  00AD  0008               	return
   749  00AE                     __end_of_mainFunc:	
   750                           
   751                           	psect	text3
   752  0176                     __ptext3:	
   753 ;; *************** function _tx_send *****************
   754 ;; Defined at:
   755 ;;		line 161 in file "C:\Program Files (x86)\Microchip\xc8\v1.33\include\My_header_16F.h"
   756 ;; Parameters:    Size  Location     Type
   757 ;;  asciicode       1    wreg     unsigned char 
   758 ;; Auto vars:     Size  Location     Type
   759 ;;  asciicode       1    5[BANK0 ] unsigned char 
   760 ;; Return value:  Size  Location     Type
   761 ;;		None               void
   762 ;; Registers used:
   763 ;;		wreg, fsr0l, fsr0h, fsr1l, fsr1h, status,2, status,0, pclath, cstack
   764 ;; Tracked objects:
   765 ;;		On entry : 0/0
   766 ;;		On exit  : 0/0
   767 ;;		Unchanged: 0/0
   768 ;; Data sizes:     COMMON   BANK0   BANK1   BANK2   BANK3   BANK4
   769 ;;      Params:         0       0       0       0       0       0
   770 ;;      Locals:         0       1       0       0       0       0
   771 ;;      Temps:          0       1       0       0       0       0
   772 ;;      Totals:         0       2       0       0       0       0
   773 ;;Total ram usage:        2 bytes
   774 ;; Hardware stack levels used:    1
   775 ;; Hardware stack levels required when called:    4
   776 ;; This function calls:
   777 ;;		_ringbuf_push
   778 ;; This function is called by:
   779 ;;		_mainFunc
   780 ;; This function uses a non-reentrant model
   781 ;;
   782                           
   783                           
   784                           ;psect for function _tx_send
   785  0176                     _tx_send:	
   786                           
   787                           ;incstack = 0
   788                           ; Regs used in _tx_send: [wreg-fsr1h+status,2+status,0+pclath+cstack]
   789                           ;tx_send@asciicode stored from wreg
   790  0176  0020               	movlb	0	; select bank0
   791  0177  00A5               	movwf	tx_send@asciicode
   792                           
   793                           ;My_header_16F.h: 162: ringbuf_push(&tx_buf, asciicode);
   794  0178  0825               	movf	tx_send@asciicode,w
   795  0179  00A4               	movwf	??_tx_send
   796  017A  0824               	movf	??_tx_send,w
   797  017B  00A0               	movwf	ringbuf_push@asciicode
   798  017C  304D               	movlw	_tx_buf& (0+255)
   799  017D  3180  20AE         	fcall	_ringbuf_push
   800                           
   801                           ;My_header_16F.h: 163: PIE1bits.TXIE = 1;
   802  017F  0021               	movlb	1	; select bank1
   803  0180  1611               	bsf	17,4	;volatile
   804  0181  0008               	return
   805  0182                     __end_of_tx_send:	
   806                           
   807                           	psect	text4
   808  00AE                     __ptext4:	
   809 ;; *************** function _ringbuf_push *****************
   810 ;; Defined at:
   811 ;;		line 120 in file "C:\Program Files (x86)\Microchip\xc8\v1.33\include\My_header_16F.h"
   812 ;; Parameters:    Size  Location     Type
   813 ;;  rb              1    wreg     PTR struct ringbuf
   814 ;;		 -> tx_buf(4), 
   815 ;;  asciicode       1    0[BANK0 ] unsigned char 
   816 ;; Auto vars:     Size  Location     Type
   817 ;;  rb              1    3[BANK0 ] PTR struct ringbuf
   818 ;;		 -> tx_buf(4), 
   819 ;; Return value:  Size  Location     Type
   820 ;;		None               void
   821 ;; Registers used:
   822 ;;		wreg, fsr0l, fsr0h, fsr1l, fsr1h, status,2, status,0
   823 ;; Tracked objects:
   824 ;;		On entry : 0/0
   825 ;;		On exit  : 0/0
   826 ;;		Unchanged: 0/0
   827 ;; Data sizes:     COMMON   BANK0   BANK1   BANK2   BANK3   BANK4
   828 ;;      Params:         0       1       0       0       0       0
   829 ;;      Locals:         0       1       0       0       0       0
   830 ;;      Temps:          0       2       0       0       0       0
   831 ;;      Totals:         0       4       0       0       0       0
   832 ;;Total ram usage:        4 bytes
   833 ;; Hardware stack levels used:    1
   834 ;; Hardware stack levels required when called:    3
   835 ;; This function calls:
   836 ;;		Nothing
   837 ;; This function is called by:
   838 ;;		_tx_send
   839 ;;		_tx_sends
   840 ;; This function uses a non-reentrant model
   841 ;;
   842                           
   843                           
   844                           ;psect for function _ringbuf_push
   845  00AE                     _ringbuf_push:	
   846                           
   847                           ;incstack = 0
   848                           ; Regs used in _ringbuf_push: [wreg-fsr1h+status,2+status,0]
   849                           ;ringbuf_push@rb stored from wreg
   850  00AE  0020               	movlb	0	; select bank0
   851  00AF  00A3               	movwf	ringbuf_push@rb
   852                           
   853                           ;My_header_16F.h: 121: rb->buf[rb->head] = asciicode;
   854  00B0  0820               	movf	ringbuf_push@asciicode,w
   855  00B1  00A1               	movwf	??_ringbuf_push
   856  00B2  0823               	movf	ringbuf_push@rb,w
   857  00B3  0086               	movwf	6
   858  00B4  0187               	clrf	7
   859  00B5  0823               	movf	ringbuf_push@rb,w
   860  00B6  3E02               	addlw	2
   861  00B7  0084               	movwf	4
   862  00B8  0185               	clrf	5
   863  00B9  0800               	movf	0,w
   864  00BA  0701               	addwf	1,w
   865  00BB  00A2               	movwf	??_ringbuf_push+1
   866  00BC  0822               	movf	??_ringbuf_push+1,w
   867  00BD  0086               	movwf	6
   868  00BE  0187               	clrf	7
   869  00BF  0821               	movf	??_ringbuf_push,w
   870  00C0  0081               	movwf	1
   871                           
   872                           ;My_header_16F.h: 122: rb->head++;
   873  00C1  3001               	movlw	1
   874  00C2  00A1               	movwf	??_ringbuf_push
   875  00C3  0823               	movf	ringbuf_push@rb,w
   876  00C4  3E02               	addlw	2
   877  00C5  0086               	movwf	6
   878  00C6  0187               	clrf	7
   879  00C7  0821               	movf	??_ringbuf_push,w
   880  00C8  0781               	addwf	1,f
   881                           
   882                           ;My_header_16F.h: 123: if (rb->head >= rb->size) {
   883  00C9  0823               	movf	ringbuf_push@rb,w
   884  00CA  3E02               	addlw	2
   885  00CB  0086               	movwf	6
   886  00CC  0187               	clrf	7
   887  00CD  0A23               	incf	ringbuf_push@rb,w
   888  00CE  0084               	movwf	4
   889  00CF  0185               	clrf	5
   890  00D0  0800               	movf	0,w
   891  00D1  0201               	subwf	1,w
   892  00D2  1C03               	skipc
   893  00D3  0008               	return
   894                           
   895                           ;My_header_16F.h: 124: rb->head = 0;
   896  00D4  0823               	movf	ringbuf_push@rb,w
   897  00D5  3E02               	addlw	2
   898  00D6  0086               	movwf	6
   899  00D7  0187               	clrf	7
   900  00D8  0181               	clrf	1
   901  00D9  0008               	return
   902  00DA                     __end_of_ringbuf_push:	
   903                           
   904                           	psect	text5
   905  0163                     __ptext5:	
   906 ;; *************** function _UART_init *****************
   907 ;; Defined at:
   908 ;;		line 148 in file "C:\Program Files (x86)\Microchip\xc8\v1.33\include\My_header_16F.h"
   909 ;; Parameters:    Size  Location     Type
   910 ;;  device          1    wreg     unsigned char 
   911 ;; Auto vars:     Size  Location     Type
   912 ;;  device          1    0[BANK0 ] unsigned char 
   913 ;; Return value:  Size  Location     Type
   914 ;;		None               void
   915 ;; Registers used:
   916 ;;		wreg, status,2, status,0
   917 ;; Tracked objects:
   918 ;;		On entry : 0/0
   919 ;;		On exit  : 0/0
   920 ;;		Unchanged: 0/0
   921 ;; Data sizes:     COMMON   BANK0   BANK1   BANK2   BANK3   BANK4
   922 ;;      Params:         0       0       0       0       0       0
   923 ;;      Locals:         0       1       0       0       0       0
   924 ;;      Temps:          0       0       0       0       0       0
   925 ;;      Totals:         0       1       0       0       0       0
   926 ;;Total ram usage:        1 bytes
   927 ;; Hardware stack levels used:    1
   928 ;; Hardware stack levels required when called:    3
   929 ;; This function calls:
   930 ;;		Nothing
   931 ;; This function is called by:
   932 ;;		_main
   933 ;; This function uses a non-reentrant model
   934 ;;
   935                           
   936                           
   937                           ;psect for function _UART_init
   938  0163                     _UART_init:	
   939                           
   940                           ;incstack = 0
   941                           ; Regs used in _UART_init: [wreg+status,2+status,0]
   942                           ;UART_init@device stored from wreg
   943  0163  0020               	movlb	0	; select bank0
   944  0164  00A0               	movwf	UART_init@device
   945                           
   946                           ;My_header_16F.h: 149: if (device == 0) {
   947  0165  08A0               	movf	UART_init@device,f
   948  0166  1D03               	skipz
   949  0167  0008               	return
   950                           
   951                           ;My_header_16F.h: 150: SPEN = 1;
   952  0168  0023               	movlb	3	; select bank3
   953  0169  179D               	bsf	29,7	;volatile
   954                           
   955                           ;My_header_16F.h: 151: RCSTA = 0x90;
   956  016A  3090               	movlw	144
   957  016B  009D               	movwf	29	;volatile
   958                           
   959                           ;My_header_16F.h: 152: BRG16 = 0;
   960  016C  119F               	bcf	31,3	;volatile
   961                           
   962                           ;My_header_16F.h: 153: SPBRGH = 0;
   963  016D  019C               	clrf	28	;volatile
   964                           
   965                           ;My_header_16F.h: 154: SPBRGL = 207;
   966  016E  30CF               	movlw	207
   967  016F  009B               	movwf	27	;volatile
   968                           
   969                           ;My_header_16F.h: 155: TXSTA = 0x24;
   970  0170  3024               	movlw	36
   971  0171  009E               	movwf	30	;volatile
   972                           
   973                           ;My_header_16F.h: 156: PIE1bits.RCIE = 1;
   974  0172  0021               	movlb	1	; select bank1
   975  0173  1691               	bsf	17,5	;volatile
   976                           
   977                           ;My_header_16F.h: 157: INTCONbits.PEIE = 1;
   978  0174  170B               	bsf	11,6	;volatile
   979  0175  0008               	return
   980  0176                     __end_of_UART_init:	
   981                           
   982                           	psect	intentry
   983  0004                     __pintentry:	
   984 ;; *************** function _isr *****************
   985 ;; Defined at:
   986 ;;		line 30 in file "PIC16F1827-CSM01.c"
   987 ;; Parameters:    Size  Location     Type
   988 ;;		None
   989 ;; Auto vars:     Size  Location     Type
   990 ;;  ascii           1    6[COMMON] unsigned char 
   991 ;; Return value:  Size  Location     Type
   992 ;;		None               void
   993 ;; Registers used:
   994 ;;		wreg, fsr0l, fsr0h, fsr1l, fsr1h, status,2, status,0, pclath, cstack
   995 ;; Tracked objects:
   996 ;;		On entry : 0/0
   997 ;;		On exit  : 0/0
   998 ;;		Unchanged: 0/0
   999 ;; Data sizes:     COMMON   BANK0   BANK1   BANK2   BANK3   BANK4
  1000 ;;      Params:         0       0       0       0       0       0
  1001 ;;      Locals:         1       0       0       0       0       0
  1002 ;;      Temps:          2       0       0       0       0       0
  1003 ;;      Totals:         3       0       0       0       0       0
  1004 ;;Total ram usage:        3 bytes
  1005 ;; Hardware stack levels used:    1
  1006 ;; Hardware stack levels required when called:    2
  1007 ;; This function calls:
  1008 ;;		_interrupt_TXIF
  1009 ;; This function is called by:
  1010 ;;		Interrupt level 1
  1011 ;; This function uses a non-reentrant model
  1012 ;;
  1013                           
  1014  0004                     _isr:	
  1015                           
  1016                           ;incstack = 0
  1017                           ; Regs used in _isr: [wreg-fsr1h+status,2+status,0+pclath+cstack]
  1018  0004  147E               	bsf	126,0	;set compiler interrupt flag
  1019  0005  3180               	pagesel	$
  1020  0006  0020               	movlb	0	; select bank0
  1021  0007  087F               	movf	127,w
  1022  0008  00F5               	movwf	??_isr+1
  1023                           
  1024                           ;PIC16F1827-CSM01.c: 31: interrupt_TXIF();
  1025  0009  3181  214C  3180   	fcall	_interrupt_TXIF
  1026                           
  1027                           ;PIC16F1827-CSM01.c: 32: if (TMR0IF) {
  1028  000C  1D0B               	btfss	11,2	;volatile
  1029  000D  2813               	goto	i1l1313
  1030                           
  1031                           ;PIC16F1827-CSM01.c: 33: TMR0 = 0;
  1032  000E  0020               	movlb	0	; select bank0
  1033  000F  0195               	clrf	21	;volatile
  1034                           
  1035                           ;PIC16F1827-CSM01.c: 34: INTCONbits.TMR0IF = 0;
  1036  0010  110B               	bcf	11,2	;volatile
  1037                           
  1038                           ;PIC16F1827-CSM01.c: 35: intFlag = 1;
  1039  0011  01CC               	clrf	_intFlag
  1040  0012  0ACC               	incf	_intFlag,f
  1041  0013                     i1l1313:	
  1042                           
  1043                           ;PIC16F1827-CSM01.c: 36: }
  1044                           ;PIC16F1827-CSM01.c: 37: if (RCIF) {
  1045  0013  0020               	movlb	0	; select bank0
  1046  0014  1E91               	btfss	17,5	;volatile
  1047  0015  281C               	goto	i1l275
  1048                           
  1049                           ;PIC16F1827-CSM01.c: 38: RCIF = 0;
  1050  0016  1291               	bcf	17,5	;volatile
  1051                           
  1052                           ;PIC16F1827-CSM01.c: 39: char ascii = RCREG;
  1053  0017  0023               	movlb	3	; select bank3
  1054  0018  0819               	movf	25,w	;volatile
  1055  0019  00F4               	movwf	??_isr
  1056  001A  0874               	movf	??_isr,w
  1057  001B  00F6               	movwf	isr@ascii
  1058  001C                     i1l275:	
  1059  001C  0875               	movf	??_isr+1,w
  1060  001D  0020               	movlb	0	; select bank0
  1061  001E  00FF               	movwf	127
  1062  001F  107E               	bcf	126,0	;clear compiler interrupt flag
  1063  0020  0009               	retfie
  1064  0021                     __end_of_isr:	
  1065                           
  1066                           	psect	text7
  1067  014C                     __ptext7:	
  1068 ;; *************** function _interrupt_TXIF *****************
  1069 ;; Defined at:
  1070 ;;		line 174 in file "C:\Program Files (x86)\Microchip\xc8\v1.33\include\My_header_16F.h"
  1071 ;; Parameters:    Size  Location     Type
  1072 ;;		None
  1073 ;; Auto vars:     Size  Location     Type
  1074 ;;		None
  1075 ;; Return value:  Size  Location     Type
  1076 ;;		None               void
  1077 ;; Registers used:
  1078 ;;		wreg, fsr0l, fsr0h, fsr1l, fsr1h, status,2, status,0, pclath, cstack
  1079 ;; Tracked objects:
  1080 ;;		On entry : 0/0
  1081 ;;		On exit  : 0/0
  1082 ;;		Unchanged: 0/0
  1083 ;; Data sizes:     COMMON   BANK0   BANK1   BANK2   BANK3   BANK4
  1084 ;;      Params:         0       0       0       0       0       0
  1085 ;;      Locals:         0       0       0       0       0       0
  1086 ;;      Temps:          0       0       0       0       0       0
  1087 ;;      Totals:         0       0       0       0       0       0
  1088 ;;Total ram usage:        0 bytes
  1089 ;; Hardware stack levels used:    1
  1090 ;; Hardware stack levels required when called:    1
  1091 ;; This function calls:
  1092 ;;		_ringbuf_num
  1093 ;;		_ringbuf_pop
  1094 ;; This function is called by:
  1095 ;;		_isr
  1096 ;; This function uses a non-reentrant model
  1097 ;;
  1098                           
  1099                           
  1100                           ;psect for function _interrupt_TXIF
  1101  014C                     _interrupt_TXIF:	
  1102                           
  1103                           ;My_header_16F.h: 175: if (TXIE && TXIF) {
  1104                           
  1105                           ;incstack = 0
  1106                           ; Regs used in _interrupt_TXIF: [wreg-fsr1h+status,2+status,0+pclath+cstack]
  1107  014C  0021               	movlb	1	; select bank1
  1108  014D  1E11               	btfss	17,4	;volatile
  1109  014E  0008               	return
  1110  014F  0020               	movlb	0	; select bank0
  1111  0150  1E11               	btfss	17,4	;volatile
  1112  0151  0008               	return
  1113                           
  1114                           ;My_header_16F.h: 176: TXIF = 0;
  1115  0152  1211               	bcf	17,4	;volatile
  1116                           
  1117                           ;My_header_16F.h: 177: if (ringbuf_num(&tx_buf) > 0) {
  1118  0153  304D               	movlw	_tx_buf& (0+255)
  1119  0154  3181  2106  3181   	fcall	_ringbuf_num
  1120  0157  3A00               	xorlw	0
  1121  0158  1903               	skipnz
  1122  0159  2960               	goto	i1l160
  1123                           
  1124                           ;My_header_16F.h: 178: TXREG = ringbuf_pop(&tx_buf);
  1125  015A  304D               	movlw	_tx_buf& (0+255)
  1126  015B  3180  20DA         	fcall	_ringbuf_pop
  1127  015D  0023               	movlb	3	; select bank3
  1128  015E  009A               	movwf	26	;volatile
  1129                           
  1130                           ;My_header_16F.h: 179: } else {
  1131  015F  0008               	return
  1132  0160                     i1l160:	
  1133                           
  1134                           ;My_header_16F.h: 180: PIE1bits.TXIE = 0;
  1135  0160  0021               	movlb	1	; select bank1
  1136  0161  1211               	bcf	17,4	;volatile
  1137  0162  0008               	return
  1138  0163                     __end_of_interrupt_TXIF:	
  1139                           
  1140                           	psect	text8
  1141  00DA                     __ptext8:	
  1142 ;; *************** function _ringbuf_pop *****************
  1143 ;; Defined at:
  1144 ;;		line 128 in file "C:\Program Files (x86)\Microchip\xc8\v1.33\include\My_header_16F.h"
  1145 ;; Parameters:    Size  Location     Type
  1146 ;;  rb              1    wreg     PTR struct ringbuf
  1147 ;;		 -> tx_buf(4), 
  1148 ;; Auto vars:     Size  Location     Type
  1149 ;;  rb              1    3[COMMON] PTR struct ringbuf
  1150 ;;		 -> tx_buf(4), 
  1151 ;;  ret             1    2[COMMON] unsigned char 
  1152 ;; Return value:  Size  Location     Type
  1153 ;;                  1    wreg      unsigned char 
  1154 ;; Registers used:
  1155 ;;		wreg, fsr0l, fsr0h, fsr1l, fsr1h, status,2, status,0
  1156 ;; Tracked objects:
  1157 ;;		On entry : 0/0
  1158 ;;		On exit  : 0/0
  1159 ;;		Unchanged: 0/0
  1160 ;; Data sizes:     COMMON   BANK0   BANK1   BANK2   BANK3   BANK4
  1161 ;;      Params:         0       0       0       0       0       0
  1162 ;;      Locals:         2       0       0       0       0       0
  1163 ;;      Temps:          2       0       0       0       0       0
  1164 ;;      Totals:         4       0       0       0       0       0
  1165 ;;Total ram usage:        4 bytes
  1166 ;; Hardware stack levels used:    1
  1167 ;; This function calls:
  1168 ;;		Nothing
  1169 ;; This function is called by:
  1170 ;;		_interrupt_TXIF
  1171 ;; This function uses a non-reentrant model
  1172 ;;
  1173                           
  1174                           
  1175                           ;psect for function _ringbuf_pop
  1176  00DA                     _ringbuf_pop:	
  1177                           
  1178                           ;incstack = 0
  1179                           ; Regs used in _ringbuf_pop: [wreg-fsr1h+status,2+status,0]
  1180                           ;ringbuf_pop@rb stored from wreg
  1181  00DA  00F3               	movwf	ringbuf_pop@rb
  1182                           
  1183                           ;My_header_16F.h: 129: uint8_t ret = rb->buf[rb->tail];
  1184  00DB  0873               	movf	ringbuf_pop@rb,w
  1185  00DC  0086               	movwf	6
  1186  00DD  0187               	clrf	7
  1187  00DE  0873               	movf	ringbuf_pop@rb,w
  1188  00DF  3E03               	addlw	3
  1189  00E0  0084               	movwf	4
  1190  00E1  0185               	clrf	5
  1191  00E2  0800               	movf	0,w
  1192  00E3  0701               	addwf	1,w
  1193  00E4  00F0               	movwf	??_ringbuf_pop
  1194  00E5  0870               	movf	??_ringbuf_pop,w
  1195  00E6  0086               	movwf	6
  1196  00E7  0187               	clrf	7
  1197  00E8  0801               	movf	1,w
  1198  00E9  00F1               	movwf	??_ringbuf_pop+1
  1199  00EA  0871               	movf	??_ringbuf_pop+1,w
  1200  00EB  00F2               	movwf	ringbuf_pop@ret
  1201                           
  1202                           ;My_header_16F.h: 130: rb->tail++;
  1203  00EC  3001               	movlw	1
  1204  00ED  00F0               	movwf	??_ringbuf_pop
  1205  00EE  0873               	movf	ringbuf_pop@rb,w
  1206  00EF  3E03               	addlw	3
  1207  00F0  0086               	movwf	6
  1208  00F1  0187               	clrf	7
  1209  00F2  0870               	movf	??_ringbuf_pop,w
  1210  00F3  0781               	addwf	1,f
  1211                           
  1212                           ;My_header_16F.h: 131: if (rb->tail >= rb->size) {
  1213  00F4  0873               	movf	ringbuf_pop@rb,w
  1214  00F5  3E03               	addlw	3
  1215  00F6  0086               	movwf	6
  1216  00F7  0187               	clrf	7
  1217  00F8  0A73               	incf	ringbuf_pop@rb,w
  1218  00F9  0084               	movwf	4
  1219  00FA  0185               	clrf	5
  1220  00FB  0800               	movf	0,w
  1221  00FC  0201               	subwf	1,w
  1222  00FD  1C03               	skipc
  1223  00FE  2904               	goto	i1l1225
  1224                           
  1225                           ;My_header_16F.h: 132: rb->tail = 0;
  1226  00FF  0873               	movf	ringbuf_pop@rb,w
  1227  0100  3E03               	addlw	3
  1228  0101  0086               	movwf	6
  1229  0102  0187               	clrf	7
  1230  0103  0181               	clrf	1
  1231  0104                     i1l1225:	
  1232                           
  1233                           ;My_header_16F.h: 133: }
  1234                           ;My_header_16F.h: 134: return ret;
  1235  0104  0872               	movf	ringbuf_pop@ret,w
  1236  0105  0008               	return
  1237  0106                     __end_of_ringbuf_pop:	
  1238                           
  1239                           	psect	text9
  1240  0106                     __ptext9:	
  1241 ;; *************** function _ringbuf_num *****************
  1242 ;; Defined at:
  1243 ;;		line 137 in file "C:\Program Files (x86)\Microchip\xc8\v1.33\include\My_header_16F.h"
  1244 ;; Parameters:    Size  Location     Type
  1245 ;;  rb              1    wreg     PTR struct ringbuf
  1246 ;;		 -> tx_buf(4), 
  1247 ;; Auto vars:     Size  Location     Type
  1248 ;;  rb              1    1[COMMON] PTR struct ringbuf
  1249 ;;		 -> tx_buf(4), 
  1250 ;; Return value:  Size  Location     Type
  1251 ;;                  1    wreg      unsigned char 
  1252 ;; Registers used:
  1253 ;;		wreg, fsr0l, fsr0h, fsr1l, fsr1h, status,2, status,0
  1254 ;; Tracked objects:
  1255 ;;		On entry : 0/0
  1256 ;;		On exit  : 0/0
  1257 ;;		Unchanged: 0/0
  1258 ;; Data sizes:     COMMON   BANK0   BANK1   BANK2   BANK3   BANK4
  1259 ;;      Params:         0       0       0       0       0       0
  1260 ;;      Locals:         1       0       0       0       0       0
  1261 ;;      Temps:          1       0       0       0       0       0
  1262 ;;      Totals:         2       0       0       0       0       0
  1263 ;;Total ram usage:        2 bytes
  1264 ;; Hardware stack levels used:    1
  1265 ;; This function calls:
  1266 ;;		Nothing
  1267 ;; This function is called by:
  1268 ;;		_interrupt_TXIF
  1269 ;; This function uses a non-reentrant model
  1270 ;;
  1271                           
  1272                           
  1273                           ;psect for function _ringbuf_num
  1274  0106                     _ringbuf_num:	
  1275                           
  1276                           ;incstack = 0
  1277                           ; Regs used in _ringbuf_num: [wreg-fsr1h+status,2+status,0]
  1278                           ;ringbuf_num@rb stored from wreg
  1279  0106  00F1               	movwf	ringbuf_num@rb
  1280                           
  1281                           ;My_header_16F.h: 138: if (rb->head >= rb->tail) {
  1282  0107  0871               	movf	ringbuf_num@rb,w
  1283  0108  3E02               	addlw	2
  1284  0109  0086               	movwf	6
  1285  010A  0187               	clrf	7
  1286  010B  0871               	movf	ringbuf_num@rb,w
  1287  010C  3E03               	addlw	3
  1288  010D  0084               	movwf	4
  1289  010E  0185               	clrf	5
  1290  010F  0800               	movf	0,w
  1291  0110  0201               	subwf	1,w
  1292  0111  1C03               	skipc
  1293  0112  291F               	goto	i1l1237
  1294                           
  1295                           ;My_header_16F.h: 139: return (rb->head - rb->tail);
  1296  0113  0871               	movf	ringbuf_num@rb,w
  1297  0114  3E02               	addlw	2
  1298  0115  0086               	movwf	6
  1299  0116  0187               	clrf	7
  1300  0117  0871               	movf	ringbuf_num@rb,w
  1301  0118  3E03               	addlw	3
  1302  0119  0084               	movwf	4
  1303  011A  0185               	clrf	5
  1304  011B  0300               	decf	0,w
  1305  011C  3AFF               	xorlw	255
  1306  011D  0701               	addwf	1,w
  1307                           
  1308                           ;My_header_16F.h: 140: } else {
  1309  011E  0008               	return
  1310  011F                     i1l1237:	
  1311                           
  1312                           ;My_header_16F.h: 141: return (rb->size + rb->head - rb->tail);
  1313  011F  0871               	movf	ringbuf_num@rb,w
  1314  0120  3E02               	addlw	2
  1315  0121  0086               	movwf	6
  1316  0122  0187               	clrf	7
  1317  0123  0A71               	incf	ringbuf_num@rb,w
  1318  0124  0084               	movwf	4
  1319  0125  0185               	clrf	5
  1320  0126  0800               	movf	0,w
  1321  0127  00F0               	movwf	??_ringbuf_num
  1322  0128  0871               	movf	ringbuf_num@rb,w
  1323  0129  3E03               	addlw	3
  1324  012A  0084               	movwf	4
  1325  012B  0185               	clrf	5
  1326  012C  0300               	decf	0,w
  1327  012D  3AFF               	xorlw	255
  1328  012E  0770               	addwf	??_ringbuf_num,w
  1329  012F  0701               	addwf	1,w
  1330  0130  0008               	return
  1331  0131                     __end_of_ringbuf_num:	
  1332  007E                     btemp	set	126	;btemp
  1333  007E                     pic14e$flags	set	126
  1334  007E                     wtemp	set	126
  1335  007E                     wtemp0	set	126
  1336  0080                     wtemp1	set	128
  1337  0082                     wtemp2	set	130
  1338  0084                     wtemp3	set	132
  1339  0086                     wtemp4	set	134
  1340  0088                     wtemp5	set	136
  1341  007F                     wtemp6	set	127
  1342  007E                     ttemp	set	126
  1343  007E                     ttemp0	set	126
  1344  0081                     ttemp1	set	129
  1345  0084                     ttemp2	set	132
  1346  0087                     ttemp3	set	135
  1347  007F                     ttemp4	set	127
  1348  007E                     ltemp	set	126
  1349  007E                     ltemp0	set	126
  1350  0082                     ltemp1	set	130
  1351  0086                     ltemp2	set	134
  1352  0080                     ltemp3	set	128


Data Sizes:
    Strings     0
    Constant    0
    Data        2
    BSS         8
    Persistent  0
    Stack       0

Auto Spaces:
    Space          Size  Autos    Used
    COMMON           14      7       9
    BANK0            80     41      49
    BANK1            80      0       0
    BANK2            80      0       0
    BANK3            80      0       0
    BANK4            48      0       0

Pointer List with Targets:

    tx_buf.buf	PTR unsigned char  size(1) Largest target is 30
		 -> main@buf(BANK0[30]), 

    ringbuf_num@rb.buf	PTR unsigned char  size(1) Largest target is 30
		 -> main@buf(BANK0[30]), 

    ringbuf_num@rb	PTR struct ringbuf size(1) Largest target is 5
		 -> tx_buf(BANK0[4]), 

    ringbuf_pop@rb.buf	PTR unsigned char  size(1) Largest target is 30
		 -> main@buf(BANK0[30]), 

    ringbuf_pop@rb	PTR struct ringbuf size(1) Largest target is 5
		 -> tx_buf(BANK0[4]), 

    ringbuf_push@rb.buf	PTR unsigned char  size(1) Largest target is 30
		 -> main@buf(BANK0[30]), 

    ringbuf_push@rb	PTR struct ringbuf size(1) Largest target is 5
		 -> tx_buf(BANK0[4]), 

    S224ringbuf$buf	PTR unsigned char  size(1) Largest target is 30
		 -> main@buf(BANK0[30]), 

    ringbuf_init@rb.buf	PTR unsigned char  size(1) Largest target is 30
		 -> main@buf(BANK0[30]), 

    ringbuf_init@internal_buf	PTR unsigned char  size(1) Largest target is 30
		 -> main@buf(BANK0[30]), 

    ringbuf_init@rb	PTR struct ringbuf size(1) Largest target is 5
		 -> tx_buf(BANK0[4]), 


Critical Paths under _main in COMMON

    None.

Critical Paths under _isr in COMMON

    _interrupt_TXIF->_ringbuf_pop

Critical Paths under _main in BANK0

    _main->_mainFunc
    _mainFunc->_tx_send
    _tx_send->_ringbuf_push

Critical Paths under _isr in BANK0

    None.

Critical Paths under _main in BANK1

    None.

Critical Paths under _isr in BANK1

    None.

Critical Paths under _main in BANK2

    None.

Critical Paths under _isr in BANK2

    None.

Critical Paths under _main in BANK3

    None.

Critical Paths under _isr in BANK3

    None.

Critical Paths under _main in BANK4

    None.

Critical Paths under _isr in BANK4

    None.

Call Graph Tables:

 ---------------------------------------------------------------------------------
 (Depth) Function   	        Calls       Base Space   Used Autos Params    Refs
 ---------------------------------------------------------------------------------
 (0) _main                                                33    33      0     749
                                              8 BANK0     33    33      0
                          _UART_init
                           _mainFunc
                       _ringbuf_init
 ---------------------------------------------------------------------------------
 (1) _ringbuf_init                                         4     2      2     298
                                              0 BANK0      4     2      2
 ---------------------------------------------------------------------------------
 (1) _mainFunc                                             2     2      0     380
                                              6 BANK0      2     2      0
                            _tx_send
 ---------------------------------------------------------------------------------
 (2) _tx_send                                              2     2      0     380
                                              4 BANK0      2     2      0
                       _ringbuf_push
 ---------------------------------------------------------------------------------
 (3) _ringbuf_push                                         4     3      1     358
                                              0 BANK0      4     3      1
 ---------------------------------------------------------------------------------
 (1) _UART_init                                            1     1      0      31
                                              0 BANK0      1     1      0
 ---------------------------------------------------------------------------------
 Estimated maximum stack depth 3
 ---------------------------------------------------------------------------------
 (Depth) Function   	        Calls       Base Space   Used Autos Params    Refs
 ---------------------------------------------------------------------------------
 (4) _isr                                                  3     3      0     386
                                              4 COMMON     3     3      0
                     _interrupt_TXIF
 ---------------------------------------------------------------------------------
 (5) _interrupt_TXIF                                       0     0      0     385
                        _ringbuf_num
                        _ringbuf_pop
 ---------------------------------------------------------------------------------
 (6) _ringbuf_pop                                          4     4      0     193
                                              0 COMMON     4     4      0
 ---------------------------------------------------------------------------------
 (6) _ringbuf_num                                          2     2      0     192
                                              0 COMMON     2     2      0
 ---------------------------------------------------------------------------------
 Estimated maximum stack depth 6
 ---------------------------------------------------------------------------------

 Call Graph Graphs:

 _main (ROOT)
   _UART_init
   _mainFunc
     _tx_send
       _ringbuf_push
   _ringbuf_init

 _isr (ROOT)
   _interrupt_TXIF
     _ringbuf_num
     _ringbuf_pop

 Address spaces:
Name               Size   Autos  Total    Cost      Usage
BIGRAM             170      0       0       0        0.0%
EEDATA             100      0       0       0        0.0%
NULL                 0      0       0       0        0.0%
CODE                 0      0       0       0        0.0%
BITCOMMON            E      0       0       1        0.0%
BITSFR0              0      0       0       1        0.0%
SFR0                 0      0       0       1        0.0%
COMMON               E      7       9       2       64.3%
BITSFR1              0      0       0       2        0.0%
SFR1                 0      0       0       2        0.0%
BITSFR2              0      0       0       3        0.0%
SFR2                 0      0       0       3        0.0%
STACK                0      0       0       3        0.0%
BITSFR3              0      0       0       4        0.0%
SFR3                 0      0       0       4        0.0%
ABS                  0      0      3A       4        0.0%
BITBANK0            50      0       0       5        0.0%
BITSFR4              0      0       0       5        0.0%
SFR4                 0      0       0       5        0.0%
BANK0               50     29      31       6       61.3%
BITSFR5              0      0       0       6        0.0%
SFR5                 0      0       0       6        0.0%
BITBANK1            50      0       0       7        0.0%
BITSFR6              0      0       0       7        0.0%
SFR6                 0      0       0       7        0.0%
BANK1               50      0       0       8        0.0%
BITSFR7              0      0       0       8        0.0%
SFR7                 0      0       0       8        0.0%
BITBANK2            50      0       0       9        0.0%
BITSFR8              0      0       0       9        0.0%
SFR8                 0      0       0       9        0.0%
BANK2               50      0       0      10        0.0%
BITSFR9              0      0       0      10        0.0%
SFR9                 0      0       0      10        0.0%
BITBANK3            50      0       0      11        0.0%
BITSFR10             0      0       0      11        0.0%
SFR10                0      0       0      11        0.0%
BANK3               50      0       0      12        0.0%
BITSFR11             0      0       0      12        0.0%
SFR11                0      0       0      12        0.0%
BITBANK4            30      0       0      13        0.0%
BITSFR12             0      0       0      13        0.0%
SFR12                0      0       0      13        0.0%
BANK4               30      0       0      14        0.0%
BITSFR13             0      0       0      14        0.0%
SFR13                0      0       0      14        0.0%
BITSFR14             0      0       0      15        0.0%
SFR14                0      0       0      15        0.0%
DATA                 0      0      3A      15        0.0%
BITSFR15             0      0       0      16        0.0%
SFR15                0      0       0      16        0.0%
BITSFR16             0      0       0      17        0.0%
SFR16                0      0       0      17        0.0%
BITSFR17             0      0       0      18        0.0%
SFR17                0      0       0      18        0.0%
BITSFR18             0      0       0      19        0.0%
SFR18                0      0       0      19        0.0%
BITSFR19             0      0       0      20        0.0%
SFR19                0      0       0      20        0.0%
BITSFR20             0      0       0      21        0.0%
SFR20                0      0       0      21        0.0%
BITSFR21             0      0       0      22        0.0%
SFR21                0      0       0      22        0.0%
BITSFR22             0      0       0      23        0.0%
SFR22                0      0       0      23        0.0%
BITSFR23             0      0       0      24        0.0%
SFR23                0      0       0      24        0.0%
BITSFR24             0      0       0      25        0.0%
SFR24                0      0       0      25        0.0%
BITSFR25             0      0       0      26        0.0%
SFR25                0      0       0      26        0.0%
BITSFR26             0      0       0      27        0.0%
SFR26                0      0       0      27        0.0%
BITSFR27             0      0       0      28        0.0%
SFR27                0      0       0      28        0.0%
BITSFR28             0      0       0      29        0.0%
SFR28                0      0       0      29        0.0%
BITSFR29             0      0       0      30        0.0%
SFR29                0      0       0      30        0.0%
BITSFR30             0      0       0      31        0.0%
SFR30                0      0       0      31        0.0%
BITSFR31             0      0       0      32        0.0%
SFR31                0      0       0      32        0.0%


Microchip Technology PIC Macro Assembler V1.33 build 59893 
Symbol Table                                                                                   Wed Feb 18 21:39:23 2015

             __CFG_CP$OFF 0000    __end_of_interrupt_TXIF 0163                       l278 009A  
            __CFG_CPD$OFF 0000                       u647 005E                       _cap 0049  
                     _cnt 004B                       _isr 0004              __CFG_BORV$LO 0000  
            __CFG_LVP$OFF 0000                      l1419 0077                      l1285 009C  
                    ?_isr 0070                      _RCIF 008D                      _TMR0 0015  
                    _SPEN 0CEF                      _TXIE 048C                      _TXIF 008C  
            __CFG_WRT$OFF 0000                      _main 0036                      fsr0h 0005  
                    fsr1h 0007                      fsr0l 0004                      indf0 0000  
                    indf1 0001                      fsr1l 0006                      btemp 007E  
                    ltemp 007E                      start 0021                      ttemp 007E  
                    wtemp 007E             __CFG_IESO$OFF 0000                     ??_isr 0074  
           __CFG_PLLEN$ON 0000           ?_interrupt_TXIF 0070                     ?_main 0070  
                   _ADRES 009B                     _BRG16 0CFB             __CFG_WDTE$OFF 0000  
                   _T1CON 0018                     i1l160 0160                     i1l275 001C  
                   _RCREG 0199                     _RCSTA 019D                     _TMR1H 0017  
                   _TMR1L 0016                     _TRISA 008C                     _TRISB 008D  
                   _TXREG 019A                     _TXSTA 019E            __CFG_FCMEN$OFF 0000  
      __size_of_UART_init 0013     ringbuf_push@asciicode 0020            __CFG_BOREN$OFF 0000  
                   ltemp0 007E                     ltemp1 0082                     ltemp2 0086  
                   ltemp3 0080                     ttemp0 007E                     ttemp1 0081  
                   ttemp2 0084                     ttemp3 0087                     ttemp4 007F  
                   wtemp0 007E                     wtemp1 0080                     wtemp2 0082  
                   wtemp3 0084                     wtemp4 0086                     wtemp5 0088  
                   wtemp6 007F           __end_of_tx_send 0182            __CFG_MCLRE$OFF 0000  
         __initialization 0023              __end_of_main 0081       ringbuf_init@bufsize 0021  
                  ??_main 0028                    _BCL1IF 0093                    _ANSELA 018C  
                  _ANSELB 018D                    i1l1225 0104                    i1l1313 0013  
                  i1l1237 011F                    _INTCON 000B                    _FVRCON 0117  
                  _OSCCON 0099                    _TMR0IF 005A                    _SPBRGH 019C  
                  _SPBRGL 019B                    _SSP1IF 008B            __CFG_PWRTE$OFF 0000  
            ?_ringbuf_pop 0070              ?_ringbuf_num 0070          __end_of_mainFunc 00AE  
       __end_of_UART_init 0176                    _tx_buf 004D              __pdataCOMMON 0077  
         UART_init@device 0020                 ??_tx_send 0024   __end_of__initialization 0032  
          __pcstackCOMMON 0070            _OPTION_REGbits 0095                __pbssBANK0 0049  
              __pmaintext 0036          ??_interrupt_TXIF 0074                __pintentry 0004  
                 _CPSCON0 001E                   _CPSCON1 001F                   _SSP1ADD 0212  
                 _SSP1BUF 0211                 ?_mainFunc 0070             ?_ringbuf_init 0020  
           ?_ringbuf_push 0020      __size_of_ringbuf_pop 002C      __size_of_ringbuf_num 002B  
         __CFG_STVREN$OFF 0000                   __ptext1 0131                   __ptext2 0081  
                 __ptext3 0176                   __ptext4 00AE                   __ptext5 0163  
                 __ptext7 014C                   __ptext8 00DA                   __ptext9 0106  
               _T1CONbits 0018                   _intFlag 004C              __size_of_isr 001D  
                 main@buf 002B                   _tx_send 0176                ??_mainFunc 0026  
    end_of_initialization 0032            ??_ringbuf_init 0022            ??_ringbuf_push 0021  
               _UART_init 0163          __CFG_FOSC$INTOSC 0000            ringbuf_init@rb 0023  
          ringbuf_pop@ret 0072            ringbuf_push@rb 0023             __pidataCOMMON 0182  
              ?_UART_init 0070       start_initialization 0023               __end_of_isr 0021  
               ___latbits 0001             __pcstackBANK0 0020      __end_of_ringbuf_init 014C  
    __end_of_ringbuf_push 00DA          tx_send@asciicode 0025         __size_of_mainFunc 002D  
             ??_UART_init 0020               _CPSCON0bits 001E                  ?_tx_send 0070  
ringbuf_init@internal_buf 0020                  _LATAbits 010C                  _PIE1bits 0091  
           ??_ringbuf_pop 0070             ??_ringbuf_num 0070                  _SSP1CON1 0215  
                _SSP1CON2 0216                  _SSP1STAT 0214                _ADCON0bits 009D  
              _ADCON1bits 009E   __size_of_interrupt_TXIF 0017             ringbuf_pop@rb 0073  
           ringbuf_num@rb 0071        LCD_SetCursor@F2883 0077       __end_of_ringbuf_pop 0106  
     __end_of_ringbuf_num 0131     __size_of_ringbuf_init 001B     __size_of_ringbuf_push 002C  
              _T1GCONbits 0019              _SSP1CON2bits 0216                  _mainFunc 0081  
        __size_of_tx_send 000C             __size_of_main 004B              _ringbuf_init 0131  
            _ringbuf_push 00AE                _INTCONbits 000B                  isr@ascii 0076  
             pic14e$flags 007E                  intlevel1 0000         __CFG_CLKOUTEN$OFF 0000  
             _ringbuf_pop 00DA               _ringbuf_num 0106                _OPTION_REG 0095  
          _interrupt_TXIF 014C  
