

Microchip Technology PIC LITE Macro Assembler V1.33 build 59893 
                                                                                               Mon Feb 09 18:08:10 2015

Microchip Technology Omniscient Code Generator (Lite mode) build 59893
     1                           	processor	16F1827
     2                           	opt	pw 120
     3                           	opt	lm
     4                           	psect	idataBANK0,global,class=CODE,delta=2
     5                           	psect	cinit,global,class=CODE,merge=1,delta=2
     6                           	psect	bssBANK0,global,class=BANK0,space=1,delta=1
     7                           	psect	dataBANK0,global,class=BANK0,space=1,delta=1
     8                           	psect	clrtext,global,class=CODE,delta=2
     9                           	psect	cstackCOMMON,global,class=COMMON,space=1,delta=1
    10                           	psect	cstackBANK0,global,class=BANK0,space=1,delta=1
    11                           	psect	maintext,global,class=CODE,merge=1,split=1,delta=2
    12                           	psect	text1,local,class=CODE,merge=1,delta=2
    13                           	psect	text2,local,class=CODE,merge=1,delta=2
    14                           	psect	text3,local,class=CODE,merge=1,delta=2
    15                           	psect	text4,local,class=CODE,merge=1,delta=2
    16                           	psect	intentry,global,class=CODE,delta=2
    17                           	psect	text6,local,class=CODE,merge=1,delta=2
    18                           	psect	text7,local,class=CODE,merge=1,delta=2
    19                           	psect	text8,local,class=CODE,merge=1,delta=2
    20                           	dabs	1,0x7E,2
    21  0000                     	;# 
    22  0001                     	;# 
    23  0002                     	;# 
    24  0003                     	;# 
    25  0004                     	;# 
    26  0005                     	;# 
    27  0006                     	;# 
    28  0007                     	;# 
    29  0008                     	;# 
    30  0009                     	;# 
    31  000A                     	;# 
    32  000B                     	;# 
    33  000C                     	;# 
    34  000D                     	;# 
    35  0011                     	;# 
    36  0012                     	;# 
    37  0013                     	;# 
    38  0014                     	;# 
    39  0015                     	;# 
    40  0016                     	;# 
    41  0016                     	;# 
    42  0017                     	;# 
    43  0018                     	;# 
    44  0019                     	;# 
    45  001A                     	;# 
    46  001B                     	;# 
    47  001C                     	;# 
    48  001E                     	;# 
    49  001F                     	;# 
    50  008C                     	;# 
    51  008D                     	;# 
    52  0091                     	;# 
    53  0092                     	;# 
    54  0093                     	;# 
    55  0094                     	;# 
    56  0095                     	;# 
    57  0096                     	;# 
    58  0097                     	;# 
    59  0098                     	;# 
    60  0099                     	;# 
    61  009A                     	;# 
    62  009B                     	;# 
    63  009B                     	;# 
    64  009C                     	;# 
    65  009D                     	;# 
    66  009E                     	;# 
    67  010C                     	;# 
    68  010D                     	;# 
    69  0111                     	;# 
    70  0112                     	;# 
    71  0113                     	;# 
    72  0114                     	;# 
    73  0115                     	;# 
    74  0116                     	;# 
    75  0117                     	;# 
    76  0118                     	;# 
    77  0119                     	;# 
    78  011A                     	;# 
    79  011B                     	;# 
    80  011D                     	;# 
    81  011E                     	;# 
    82  018C                     	;# 
    83  018D                     	;# 
    84  0191                     	;# 
    85  0191                     	;# 
    86  0192                     	;# 
    87  0193                     	;# 
    88  0193                     	;# 
    89  0193                     	;# 
    90  0194                     	;# 
    91  0195                     	;# 
    92  0196                     	;# 
    93  0199                     	;# 
    94  019A                     	;# 
    95  019B                     	;# 
    96  019B                     	;# 
    97  019B                     	;# 
    98  019B                     	;# 
    99  019C                     	;# 
   100  019C                     	;# 
   101  019D                     	;# 
   102  019E                     	;# 
   103  019F                     	;# 
   104  020C                     	;# 
   105  020D                     	;# 
   106  0211                     	;# 
   107  0211                     	;# 
   108  0212                     	;# 
   109  0212                     	;# 
   110  0213                     	;# 
   111  0213                     	;# 
   112  0214                     	;# 
   113  0214                     	;# 
   114  0215                     	;# 
   115  0215                     	;# 
   116  0215                     	;# 
   117  0216                     	;# 
   118  0216                     	;# 
   119  0217                     	;# 
   120  0217                     	;# 
   121  0219                     	;# 
   122  021A                     	;# 
   123  021B                     	;# 
   124  021C                     	;# 
   125  021D                     	;# 
   126  021E                     	;# 
   127  021F                     	;# 
   128  0291                     	;# 
   129  0291                     	;# 
   130  0292                     	;# 
   131  0293                     	;# 
   132  0294                     	;# 
   133  0295                     	;# 
   134  0295                     	;# 
   135  0296                     	;# 
   136  0298                     	;# 
   137  0298                     	;# 
   138  0299                     	;# 
   139  029A                     	;# 
   140  029B                     	;# 
   141  029C                     	;# 
   142  029C                     	;# 
   143  029D                     	;# 
   144  029E                     	;# 
   145  029E                     	;# 
   146  0311                     	;# 
   147  0311                     	;# 
   148  0312                     	;# 
   149  0313                     	;# 
   150  0318                     	;# 
   151  0318                     	;# 
   152  0319                     	;# 
   153  031A                     	;# 
   154  0394                     	;# 
   155  0395                     	;# 
   156  0396                     	;# 
   157  039A                     	;# 
   158  039C                     	;# 
   159  039D                     	;# 
   160  039E                     	;# 
   161  039F                     	;# 
   162  0415                     	;# 
   163  0416                     	;# 
   164  0417                     	;# 
   165  041C                     	;# 
   166  041D                     	;# 
   167  041E                     	;# 
   168  0FE4                     	;# 
   169  0FE5                     	;# 
   170  0FE6                     	;# 
   171  0FE7                     	;# 
   172  0FE8                     	;# 
   173  0FE9                     	;# 
   174  0FEA                     	;# 
   175  0FEB                     	;# 
   176  0FED                     	;# 
   177  0FEE                     	;# 
   178  0FEF                     	;# 
   179                           
   180                           	psect	idataBANK0
   181  029D                     __pidataBANK0:	
   182                           
   183                           ;initializer for LCD_SetCursor@F2883
   184  029D  3400               	retlw	0
   185  029E  3440               	retlw	64
   186                           
   187                           ;initializer for _cnt_clk
   188  029F  3448               	retlw	72
   189  000B                     _INTCONbits	set	11
   190  0011                     _PIR1bits	set	17
   191  000C                     _PORTAbits	set	12
   192  0018                     _T1CONbits	set	24
   193  0017                     _TMR1H	set	23
   194  0016                     _TMR1L	set	22
   195  0093                     _BCL1IF	set	147
   196  008B                     _SSP1IF	set	139
   197  008C                     _TXIF	set	140
   198  009B                     _ADRES	set	155
   199  009D                     _ADCON0bits	set	157
   200  009E                     _ADCON1bits	set	158
   201  0095                     _OPTION_REGbits	set	149
   202  0099                     _OSCCON	set	153
   203  0091                     _PIE1bits	set	145
   204  008C                     _TRISA	set	140
   205  008D                     _TRISB	set	141
   206  048C                     _TXIE	set	1164
   207  0117                     _FVRCON	set	279
   208  0868                     _LATB0	set	2152
   209  0869                     _LATB1	set	2153
   210  086B                     _LATB3	set	2155
   211  086C                     _LATB4	set	2156
   212  086D                     _LATB5	set	2157
   213  018C                     _ANSELA	set	396
   214  018D                     _ANSELB	set	397
   215  019D                     _RCSTA	set	413
   216  019C                     _SPBRGH	set	412
   217  019B                     _SPBRGL	set	411
   218  019A                     _TXREG	set	410
   219  019E                     _TXSTA	set	414
   220  0CFB                     _BRG16	set	3323
   221  0CEF                     _SPEN	set	3311
   222  0212                     _SSP1ADD	set	530
   223  0211                     _SSP1BUF	set	529
   224  0215                     _SSP1CON1	set	533
   225  0216                     _SSP1CON2	set	534
   226  0216                     _SSP1CON2bits	set	534
   227  0214                     _SSP1STAT	set	532
   228  020C                     _WPUA	set	524
   229  020D                     _WPUB	set	525
   230                           
   231                           ; #config settings
   232  0000                     
   233                           	psect	cinit
   234  002F                     start_initialization:	
   235  002F                     __initialization:	
   236                           
   237                           ; Clear objects allocated to BANK0
   238  002F  3020               	movlw	low __pbssBANK0
   239  0030  0084               	movwf	4
   240  0031  3000               	movlw	high __pbssBANK0
   241  0032  0085               	movwf	5
   242  0033  3010               	movlw	16
   243  0034  3182  2297  3180   	fcall	clear_ram0
   244                           
   245                           ; Initialize objects allocated to BANK0
   246  0037  3182  229D  3180   	fcall	__pidataBANK0	;fetch initializer
   247  003A  00B0               	movwf	__pdataBANK0& (0+127)
   248  003B  3182  229E  3180   	fcall	__pidataBANK0+1	;fetch initializer
   249  003E  00B1               	movwf	(__pdataBANK0+1)& (0+127)
   250  003F  3182  229F         	fcall	__pidataBANK0+2	;fetch initializer
   251  0041  00B2               	movwf	(__pdataBANK0+2)& (0+127)
   252  0042                     end_of_initialization:	
   253                           ;End of C runtime variable initialization code
   254                           
   255  0042                     __end_of__initialization:	
   256  0042  107E               	bcf	pic14e$flags,0	;clear compiler interrupt flag
   257  0043  0020               	movlb	0
   258  0044  3182  2A36         	ljmp	_main	;jump to C main() function
   259                           
   260                           	psect	bssBANK0
   261  0020                     __pbssBANK0:	
   262  0020                     _serial_data1:	
   263  0020                     	ds	2
   264  0022                     _serial_data2:	
   265  0022                     	ds	2
   266  0024                     _cnt_t1:	
   267  0024                     	ds	1
   268  0025                     _tx_buf:	
   269  0025                     	ds	5
   270  002A                     _sw_m:	
   271  002A                     	ds	3
   272  002D                     _sw_p:	
   273  002D                     	ds	3
   274                           
   275                           	psect	dataBANK0
   276  0030                     __pdataBANK0:	
   277  0030                     LCD_SetCursor@F2883:	
   278  0030                     	ds	2
   279  0032                     _cnt_clk:	
   280  0032                     	ds	1
   281                           
   282                           	psect	clrtext
   283  0297                     clear_ram0:	
   284                           ;	Called with FSR0 containing the base address, and
   285                           ;	WREG with the size to clear
   286                           
   287  0297  0064               	clrwdt	;clear the watchdog before getting into this loop
   288  0298                     clrloop0:	
   289  0298  0180               	clrf	0	;clear RAM location pointed to by FSR
   290  0299  3101               	addfsr 0,1
   291  029A  0B89               	decfsz	9,f	;Have we reached the end of clearing yet?
   292  029B  2A98               	goto	clrloop0	;have we reached the end yet?
   293  029C  3400               	retlw	0	;all done for this memory range, return
   294                           
   295                           	psect	cstackCOMMON
   296  0070                     __pcstackCOMMON:	
   297  0070                     ?_send_timer_interrupt:	
   298  0070                     ?_timer0_init:	
   299                           ; 0 bytes @ 0x0
   300                           
   301  0070                     ?_timer1_init:	
   302                           ; 0 bytes @ 0x0
   303                           
   304  0070                     ?_button_timer_interrupt:	
   305                           ; 0 bytes @ 0x0
   306                           
   307  0070                     ?_ISR:	
   308                           ; 0 bytes @ 0x0
   309                           
   310  0070                     ?_data_set:	
   311                           ; 0 bytes @ 0x0
   312                           
   313  0070                     ?_main_init:	
   314                           ; 0 bytes @ 0x0
   315                           
   316  0070                     ?_main:	
   317                           ; 0 bytes @ 0x0
   318                           
   319  0070                     ?___awdiv:	
   320                           ; 2 bytes @ 0x0
   321                           
   322  0070                     button_timer_interrupt@sw_value:	
   323                           ; 2 bytes @ 0x0
   324                           
   325  0070                     ___awdiv@divisor:	
   326                           ; 1 bytes @ 0x0
   327                           
   328                           
   329                           ; 2 bytes @ 0x0
   330  0070                     	ds	1
   331  0071                     ??_button_timer_interrupt:	
   332                           
   333                           ; 0 bytes @ 0x1
   334  0071                     	ds	1
   335  0072                     ___awdiv@dividend:	
   336                           
   337                           ; 2 bytes @ 0x2
   338  0072                     	ds	1
   339  0073                     button_timer_interrupt@bt:	
   340                           
   341                           ; 1 bytes @ 0x3
   342  0073                     	ds	1
   343  0074                     ??___awdiv:	
   344                           
   345                           ; 0 bytes @ 0x4
   346  0074                     	ds	1
   347  0075                     ___awdiv@counter:	
   348                           
   349                           ; 1 bytes @ 0x5
   350  0075                     	ds	1
   351  0076                     ___awdiv@sign:	
   352                           
   353                           ; 1 bytes @ 0x6
   354  0076                     	ds	1
   355  0077                     ___awdiv@quotient:	
   356                           
   357                           ; 2 bytes @ 0x7
   358  0077                     	ds	2
   359  0079                     ??_send_timer_interrupt:	
   360                           
   361                           ; 0 bytes @ 0x9
   362  0079                     	ds	4
   363  007D                     ??_ISR:	
   364                           
   365                           ; 0 bytes @ 0xD
   366  007D                     	ds	1
   367                           
   368                           	psect	cstackBANK0
   369  0033                     __pcstackBANK0:	
   370  0033                     ??_timer0_init:	
   371  0033                     ??_timer1_init:	
   372                           ; 0 bytes @ 0x0
   373                           
   374  0033                     ??_data_set:	
   375                           ; 0 bytes @ 0x0
   376                           
   377                           
   378                           ; 0 bytes @ 0x0
   379  0033                     	ds	1
   380  0034                     timer0_init@prescaler:	
   381  0034                     timer1_init@prescaler:	
   382                           ; 1 bytes @ 0x1
   383                           
   384                           
   385                           ; 1 bytes @ 0x1
   386  0034                     	ds	1
   387  0035                     ??_main_init:	
   388  0035                     data_set@value:	
   389                           ; 0 bytes @ 0x2
   390                           
   391                           
   392                           ; 1 bytes @ 0x2
   393  0035                     	ds	1
   394  0036                     ??_main:	
   395                           
   396                           	psect	maintext
   397  0236                     __pmaintext:	
   398                           ; 0 bytes @ 0x3
   399 ;;
   400 ;;Main: autosize = 0, tempsize = 0, incstack = 0, save=0
   401 ;;
   402 ;; *************** function _main *****************
   403 ;; Defined at:
   404 ;;		line 114 in file "PIC16F1827-EV01.c"
   405 ;; Parameters:    Size  Location     Type
   406 ;;		None
   407 ;; Auto vars:     Size  Location     Type
   408 ;;		None
   409 ;; Return value:  Size  Location     Type
   410 ;;                  2  295[COMMON] int 
   411 ;; Registers used:
   412 ;;		wreg, status,2, status,0, pclath, cstack
   413 ;; Tracked objects:
   414 ;;		On entry : 17F/0
   415 ;;		On exit  : 0/0
   416 ;;		Unchanged: 0/0
   417 ;; Data sizes:     COMMON   BANK0   BANK1   BANK2   BANK3   BANK4
   418 ;;      Params:         0       0       0       0       0       0
   419 ;;      Locals:         0       0       0       0       0       0
   420 ;;      Temps:          0       0       0       0       0       0
   421 ;;      Totals:         0       0       0       0       0       0
   422 ;;Total ram usage:        0 bytes
   423 ;; Hardware stack levels required when called:    5
   424 ;; This function calls:
   425 ;;		_data_set
   426 ;;		_main_init
   427 ;; This function is called by:
   428 ;;		Startup code after reset
   429 ;; This function uses a non-reentrant model
   430 ;;
   431                           
   432                           
   433                           ;psect for function _main
   434  0236                     _main:	
   435                           
   436                           ;PIC16F1827-EV01.c: 115: main_init();
   437                           
   438                           ;incstack = 0
   439                           ; Regs used in _main: [wreg+status,2+status,0+pclath+cstack]
   440  0236  3182  226C  3182   	fcall	_main_init
   441                           
   442                           ;PIC16F1827-EV01.c: 116: INTCONbits.GIE = 1;
   443  0239  178B               	bsf	11,7	;volatile
   444  023A                     l1696:	
   445                           ;PIC16F1827-EV01.c: 118: while (1) {
   446                           
   447                           
   448                           ;PIC16F1827-EV01.c: 119: if (sw_p.flag.press == 1) {
   449  023A  0020               	movlb	0	; select bank0
   450  023B  1C2F               	btfss	_sw_p+2,0
   451  023C  2A45               	goto	l1704
   452                           
   453                           ;PIC16F1827-EV01.c: 120: sw_p.flag.press = 0;
   454  023D  102F               	bcf	_sw_p+2,0
   455                           
   456                           ;PIC16F1827-EV01.c: 121: data_set(0);
   457  023E  3000               	movlw	0
   458  023F  3182  2218  3182   	fcall	_data_set
   459                           
   460                           ;PIC16F1827-EV01.c: 122: LATB0 = ~LATB0;
   461  0242  3001               	movlw	1
   462  0243  0022               	movlb	2	; select bank2
   463  0244  068D               	xorwf	13,f
   464  0245                     l1704:	
   465                           
   466                           ;PIC16F1827-EV01.c: 123: }
   467                           ;PIC16F1827-EV01.c: 124: if (sw_m.flag.press == 1) {
   468  0245  0020               	movlb	0	; select bank0
   469  0246  1C2C               	btfss	_sw_m+2,0
   470  0247  2A3A               	goto	l1696
   471                           
   472                           ;PIC16F1827-EV01.c: 125: sw_m.flag.press = 0;
   473  0248  102C               	bcf	_sw_m+2,0
   474                           
   475                           ;PIC16F1827-EV01.c: 126: data_set(48);
   476  0249  3030               	movlw	48
   477  024A  3182  2218  3182   	fcall	_data_set
   478                           
   479                           ;PIC16F1827-EV01.c: 127: LATB1 = ~LATB1;
   480  024D  3002               	movlw	2
   481  024E  0022               	movlb	2	; select bank2
   482  024F  068D               	xorwf	13,f
   483  0250  2A3A               	goto	l1696
   484  0251                     __end_of_main:	
   485                           ;PIC16F1827-EV01.c: 128: }
   486                           ;PIC16F1827-EV01.c: 129: }
   487                           ;PIC16F1827-EV01.c: 130: return 0;
   488                           ;	Return value of _main is never used
   489                           
   490                           
   491                           	psect	text1
   492  026C                     __ptext1:	
   493 ;; *************** function _main_init *****************
   494 ;; Defined at:
   495 ;;		line 98 in file "PIC16F1827-EV01.c"
   496 ;; Parameters:    Size  Location     Type
   497 ;;		None
   498 ;; Auto vars:     Size  Location     Type
   499 ;;		None
   500 ;; Return value:  Size  Location     Type
   501 ;;		None               void
   502 ;; Registers used:
   503 ;;		wreg, status,2, status,0, pclath, cstack
   504 ;; Tracked objects:
   505 ;;		On entry : 0/0
   506 ;;		On exit  : 0/0
   507 ;;		Unchanged: 0/0
   508 ;; Data sizes:     COMMON   BANK0   BANK1   BANK2   BANK3   BANK4
   509 ;;      Params:         0       0       0       0       0       0
   510 ;;      Locals:         0       0       0       0       0       0
   511 ;;      Temps:          0       0       0       0       0       0
   512 ;;      Totals:         0       0       0       0       0       0
   513 ;;Total ram usage:        0 bytes
   514 ;; Hardware stack levels used:    1
   515 ;; Hardware stack levels required when called:    4
   516 ;; This function calls:
   517 ;;		_timer0_init
   518 ;;		_timer1_init
   519 ;; This function is called by:
   520 ;;		_main
   521 ;; This function uses a non-reentrant model
   522 ;;
   523                           
   524                           
   525                           ;psect for function _main_init
   526  026C                     _main_init:	
   527                           
   528                           ;PIC16F1827-EV01.c: 99: OSCCON = 0x70;
   529                           
   530                           ;incstack = 0
   531                           ; Regs used in _main_init: [wreg+status,2+status,0+pclath+cstack]
   532  026C  3070               	movlw	112
   533  026D  0021               	movlb	1	; select bank1
   534  026E  0099               	movwf	25	;volatile
   535                           
   536                           ;PIC16F1827-EV01.c: 100: TRISA = 0xFF;
   537  026F  30FF               	movlw	255
   538  0270  008C               	movwf	12	;volatile
   539                           
   540                           ;PIC16F1827-EV01.c: 101: TRISB = 0x00;
   541  0271  018D               	clrf	13	;volatile
   542                           
   543                           ;PIC16F1827-EV01.c: 102: ANSELA = 0x00;
   544  0272  0023               	movlb	3	; select bank3
   545  0273  018C               	clrf	12	;volatile
   546                           
   547                           ;PIC16F1827-EV01.c: 103: ANSELB = 0x00;
   548  0274  018D               	clrf	13	;volatile
   549                           
   550                           ;PIC16F1827-EV01.c: 104: WPUA = 0xFF;
   551  0275  30FF               	movlw	255
   552  0276  0024               	movlb	4	; select bank4
   553  0277  008C               	movwf	12	;volatile
   554                           
   555                           ;PIC16F1827-EV01.c: 105: WPUB = 0x00;
   556  0278  018D               	clrf	13	;volatile
   557                           
   558                           ;PIC16F1827-EV01.c: 106: OPTION_REGbits.nWPUEN = 0;
   559  0279  0021               	movlb	1	; select bank1
   560  027A  1395               	bcf	21,7	;volatile
   561                           
   562                           ;PIC16F1827-EV01.c: 108: timer0_init(8);
   563  027B  3008               	movlw	8
   564  027C  3182  2251  3182   	fcall	_timer0_init
   565                           
   566                           ;PIC16F1827-EV01.c: 109: timer1_init(2);
   567  027F  3002               	movlw	2
   568  0280  3182  2284         	fcall	_timer1_init
   569                           
   570                           ;PIC16F1827-EV01.c: 111: INTCONbits.PEIE = 1;
   571  0282  170B               	bsf	11,6	;volatile
   572  0283  0008               	return
   573  0284                     __end_of_main_init:	
   574                           
   575                           	psect	text2
   576  0284                     __ptext2:	
   577 ;; *************** function _timer1_init *****************
   578 ;; Defined at:
   579 ;;		line 29 in file "C:\Program Files (x86)\Microchip\xc8\v1.33\include\My_header_16F.h"
   580 ;; Parameters:    Size  Location     Type
   581 ;;  prescaler       1    wreg     unsigned char 
   582 ;; Auto vars:     Size  Location     Type
   583 ;;  prescaler       1    1[BANK0 ] unsigned char 
   584 ;; Return value:  Size  Location     Type
   585 ;;		None               void
   586 ;; Registers used:
   587 ;;		wreg, status,2, status,0
   588 ;; Tracked objects:
   589 ;;		On entry : 0/0
   590 ;;		On exit  : 0/0
   591 ;;		Unchanged: 0/0
   592 ;; Data sizes:     COMMON   BANK0   BANK1   BANK2   BANK3   BANK4
   593 ;;      Params:         0       0       0       0       0       0
   594 ;;      Locals:         0       1       0       0       0       0
   595 ;;      Temps:          0       1       0       0       0       0
   596 ;;      Totals:         0       2       0       0       0       0
   597 ;;Total ram usage:        2 bytes
   598 ;; Hardware stack levels used:    1
   599 ;; Hardware stack levels required when called:    3
   600 ;; This function calls:
   601 ;;		Nothing
   602 ;; This function is called by:
   603 ;;		_main_init
   604 ;; This function uses a non-reentrant model
   605 ;;
   606                           
   607                           
   608                           ;psect for function _timer1_init
   609  0284                     _timer1_init:	
   610                           
   611                           ;incstack = 0
   612                           ; Regs used in _timer1_init: [wreg+status,2+status,0]
   613                           ;timer1_init@prescaler stored from wreg
   614  0284  0020               	movlb	0	; select bank0
   615  0285  00B4               	movwf	timer1_init@prescaler
   616                           
   617                           ;My_header_16F.h: 30: T1CONbits.TMR1ON = 1;
   618  0286  1418               	bsf	24,0	;volatile
   619                           
   620                           ;My_header_16F.h: 31: T1CONbits.TMR1CS = 0;
   621  0287  303F               	movlw	-193
   622  0288  0598               	andwf	24,f	;volatile
   623                           
   624                           ;My_header_16F.h: 32: T1CONbits.T1CKPS = prescaler;
   625  0289  0834               	movf	timer1_init@prescaler,w
   626  028A  00B3               	movwf	??_timer1_init
   627  028B  0EB3               	swapf	??_timer1_init,f
   628  028C  0818               	movf	24,w	;volatile
   629  028D  0633               	xorwf	??_timer1_init,w
   630  028E  39CF               	andlw	-49
   631  028F  0633               	xorwf	??_timer1_init,w
   632  0290  0098               	movwf	24	;volatile
   633                           
   634                           ;My_header_16F.h: 33: TMR1H = 0x00;
   635  0291  0197               	clrf	23	;volatile
   636                           
   637                           ;My_header_16F.h: 34: TMR1L = 0x00;
   638  0292  0196               	clrf	22	;volatile
   639                           
   640                           ;My_header_16F.h: 35: PIE1bits.TMR1IE = 1;
   641  0293  0021               	movlb	1	; select bank1
   642  0294  1411               	bsf	17,0	;volatile
   643                           
   644                           ;My_header_16F.h: 36: INTCONbits.PEIE = 1;
   645  0295  170B               	bsf	11,6	;volatile
   646  0296  0008               	return
   647  0297                     __end_of_timer1_init:	
   648                           
   649                           	psect	text3
   650  0251                     __ptext3:	
   651 ;; *************** function _timer0_init *****************
   652 ;; Defined at:
   653 ;;		line 15 in file "C:\Program Files (x86)\Microchip\xc8\v1.33\include\My_header_16F.h"
   654 ;; Parameters:    Size  Location     Type
   655 ;;  prescaler       1    wreg     unsigned char 
   656 ;; Auto vars:     Size  Location     Type
   657 ;;  prescaler       1    1[BANK0 ] unsigned char 
   658 ;; Return value:  Size  Location     Type
   659 ;;		None               void
   660 ;; Registers used:
   661 ;;		wreg, status,2, status,0
   662 ;; Tracked objects:
   663 ;;		On entry : 0/0
   664 ;;		On exit  : 0/0
   665 ;;		Unchanged: 0/0
   666 ;; Data sizes:     COMMON   BANK0   BANK1   BANK2   BANK3   BANK4
   667 ;;      Params:         0       0       0       0       0       0
   668 ;;      Locals:         0       1       0       0       0       0
   669 ;;      Temps:          0       1       0       0       0       0
   670 ;;      Totals:         0       2       0       0       0       0
   671 ;;Total ram usage:        2 bytes
   672 ;; Hardware stack levels used:    1
   673 ;; Hardware stack levels required when called:    3
   674 ;; This function calls:
   675 ;;		Nothing
   676 ;; This function is called by:
   677 ;;		_main_init
   678 ;; This function uses a non-reentrant model
   679 ;;
   680                           
   681                           
   682                           ;psect for function _timer0_init
   683  0251                     _timer0_init:	
   684                           
   685                           ;incstack = 0
   686                           ; Regs used in _timer0_init: [wreg+status,2+status,0]
   687                           ;timer0_init@prescaler stored from wreg
   688  0251  0020               	movlb	0	; select bank0
   689  0252  00B4               	movwf	timer0_init@prescaler
   690                           
   691                           ;My_header_16F.h: 16: if (prescaler == 0) {
   692  0253  08B4               	movf	timer0_init@prescaler,f
   693  0254  1D03               	skipz
   694  0255  2A59               	goto	l89
   695                           
   696                           ;My_header_16F.h: 17: OPTION_REGbits.PSA = 1;
   697  0256  0021               	movlb	1	; select bank1
   698  0257  1595               	bsf	21,3	;volatile
   699                           
   700                           ;My_header_16F.h: 18: } else {
   701  0258  2A67               	goto	l1272
   702  0259                     l89:	
   703                           
   704                           ;My_header_16F.h: 19: OPTION_REGbits.PSA = 0;
   705  0259  0021               	movlb	1	; select bank1
   706  025A  1195               	bcf	21,3	;volatile
   707                           
   708                           ;My_header_16F.h: 20: OPTION_REGbits.PS = prescaler - 1;
   709  025B  30FF               	movlw	255
   710  025C  0020               	movlb	0	; select bank0
   711  025D  0734               	addwf	timer0_init@prescaler,w
   712  025E  00B3               	movwf	??_timer0_init
   713  025F  0021               	movlb	1	; select bank1
   714  0260  0815               	movf	21,w	;volatile
   715  0261  0020               	movlb	0	; select bank0
   716  0262  0633               	xorwf	??_timer0_init,w
   717  0263  39F8               	andlw	-8
   718  0264  0633               	xorwf	??_timer0_init,w
   719  0265  0021               	movlb	1	; select bank1
   720  0266  0095               	movwf	21	;volatile
   721  0267                     l1272:	
   722                           
   723                           ;My_header_16F.h: 21: }
   724                           ;My_header_16F.h: 22: OPTION_REGbits.TMR0CS = 0;
   725  0267  1295               	bcf	21,5	;volatile
   726                           
   727                           ;My_header_16F.h: 23: OPTION_REGbits.TMR0SE = 0;
   728  0268  1215               	bcf	21,4	;volatile
   729                           
   730                           ;My_header_16F.h: 24: INTCONbits.TMR0IE = 1;
   731  0269  168B               	bsf	11,5	;volatile
   732                           
   733                           ;My_header_16F.h: 25: INTCONbits.PEIE = 1;
   734  026A  170B               	bsf	11,6	;volatile
   735  026B  0008               	return
   736  026C                     __end_of_timer0_init:	
   737                           
   738                           	psect	text4
   739  0218                     __ptext4:	
   740 ;; *************** function _data_set *****************
   741 ;; Defined at:
   742 ;;		line 92 in file "PIC16F1827-EV01.c"
   743 ;; Parameters:    Size  Location     Type
   744 ;;  value           1    wreg     unsigned char 
   745 ;; Auto vars:     Size  Location     Type
   746 ;;  value           1    2[BANK0 ] unsigned char 
   747 ;; Return value:  Size  Location     Type
   748 ;;		None               void
   749 ;; Registers used:
   750 ;;		wreg, status,2, status,0
   751 ;; Tracked objects:
   752 ;;		On entry : 0/0
   753 ;;		On exit  : 0/0
   754 ;;		Unchanged: 0/0
   755 ;; Data sizes:     COMMON   BANK0   BANK1   BANK2   BANK3   BANK4
   756 ;;      Params:         0       0       0       0       0       0
   757 ;;      Locals:         0       1       0       0       0       0
   758 ;;      Temps:          0       2       0       0       0       0
   759 ;;      Totals:         0       3       0       0       0       0
   760 ;;Total ram usage:        3 bytes
   761 ;; Hardware stack levels used:    1
   762 ;; Hardware stack levels required when called:    3
   763 ;; This function calls:
   764 ;;		Nothing
   765 ;; This function is called by:
   766 ;;		_main
   767 ;; This function uses a non-reentrant model
   768 ;;
   769                           
   770                           
   771                           ;psect for function _data_set
   772  0218                     _data_set:	
   773                           
   774                           ;incstack = 0
   775                           ; Regs used in _data_set: [wreg+status,2+status,0]
   776                           ;data_set@value stored from wreg
   777  0218  0020               	movlb	0	; select bank0
   778  0219  00B5               	movwf	data_set@value
   779                           
   780                           ;PIC16F1827-EV01.c: 93: serial_data1 = (value << 9) + 0x00;
   781  021A  0835               	movf	data_set@value,w
   782  021B  00B3               	movwf	??_data_set
   783  021C  01B4               	clrf	??_data_set+1
   784  021D  3009               	movlw	9
   785  021E                     u1205:	
   786  021E  35B3               	lslf	??_data_set,f
   787  021F  0DB4               	rlf	??_data_set+1,f
   788  0220  0B89               	decfsz	9,f
   789  0221  2A1E               	goto	u1205
   790  0222  0833               	movf	??_data_set,w
   791  0223  00A0               	movwf	_serial_data1
   792  0224  0834               	movf	??_data_set+1,w
   793  0225  00A1               	movwf	_serial_data1+1
   794                           
   795                           ;PIC16F1827-EV01.c: 94: serial_data1 = (value << 9) + 0x10;
   796  0226  0835               	movf	data_set@value,w
   797  0227  00B3               	movwf	??_data_set
   798  0228  01B4               	clrf	??_data_set+1
   799  0229  3009               	movlw	9
   800  022A                     u1215:	
   801  022A  35B3               	lslf	??_data_set,f
   802  022B  0DB4               	rlf	??_data_set+1,f
   803  022C  0B89               	decfsz	9,f
   804  022D  2A2A               	goto	u1215
   805  022E  0833               	movf	??_data_set,w
   806  022F  3E10               	addlw	16
   807  0230  00A0               	movwf	_serial_data1
   808  0231  3000               	movlw	0
   809  0232  3D34               	addwfc	??_data_set+1,w
   810  0233  00A1               	movwf	_serial_data1+1
   811                           
   812                           ;PIC16F1827-EV01.c: 95: cnt_clk = 0;
   813  0234  01B2               	clrf	_cnt_clk
   814  0235  0008               	return
   815  0236                     __end_of_data_set:	
   816                           
   817                           	psect	intentry
   818  0004                     __pintentry:	
   819 ;; *************** function _ISR *****************
   820 ;; Defined at:
   821 ;;		line 47 in file "PIC16F1827-EV01.c"
   822 ;; Parameters:    Size  Location     Type
   823 ;;		None
   824 ;; Auto vars:     Size  Location     Type
   825 ;;		None
   826 ;; Return value:  Size  Location     Type
   827 ;;		None               void
   828 ;; Registers used:
   829 ;;		wreg, fsr1l, fsr1h, status,2, status,0, pclath, cstack
   830 ;; Tracked objects:
   831 ;;		On entry : 0/0
   832 ;;		On exit  : 0/0
   833 ;;		Unchanged: 0/0
   834 ;; Data sizes:     COMMON   BANK0   BANK1   BANK2   BANK3   BANK4
   835 ;;      Params:         0       0       0       0       0       0
   836 ;;      Locals:         0       0       0       0       0       0
   837 ;;      Temps:          1       0       0       0       0       0
   838 ;;      Totals:         1       0       0       0       0       0
   839 ;;Total ram usage:        1 bytes
   840 ;; Hardware stack levels used:    1
   841 ;; Hardware stack levels required when called:    2
   842 ;; This function calls:
   843 ;;		_button_timer_interrupt
   844 ;;		_send_timer_interrupt
   845 ;; This function is called by:
   846 ;;		Interrupt level 1
   847 ;; This function uses a non-reentrant model
   848 ;;
   849                           
   850  0004                     _ISR:	
   851                           
   852                           ;incstack = 0
   853                           ; Regs used in _ISR: [wreg+fsr1l+fsr1h+status,2+status,0+pclath+cstack]
   854  0004  147E               	bsf	126,0	;set compiler interrupt flag
   855  0005  3180               	pagesel	$
   856  0006  0020               	movlb	0	; select bank0
   857  0007  087F               	movf	127,w
   858  0008  00FD               	movwf	??_ISR
   859                           
   860                           ;PIC16F1827-EV01.c: 48: if (PIR1bits.TMR1IF == 1) {
   861  0009  1C11               	btfss	17,0	;volatile
   862  000A  2823               	goto	i1l1686
   863                           
   864                           ;PIC16F1827-EV01.c: 49: PIR1bits.TMR1IF = 0;
   865  000B  1011               	bcf	17,0	;volatile
   866                           
   867                           ;PIC16F1827-EV01.c: 50: button_timer_interrupt(&sw_p, !PORTAbits.RA1);
   868  000C  1003               	clrc
   869  000D  1C8C               	btfss	12,1	;volatile
   870  000E  1403               	setc
   871  000F  3000               	movlw	0
   872  0010  1803               	btfsc	3,0
   873  0011  3001               	movlw	1
   874  0012  00F0               	movwf	button_timer_interrupt@sw_value
   875  0013  302D               	movlw	_sw_p& (0+255)
   876  0014  3181  210C  3180   	fcall	_button_timer_interrupt
   877                           
   878                           ;PIC16F1827-EV01.c: 51: button_timer_interrupt(&sw_m, !PORTAbits.RA2);
   879  0017  1003               	clrc
   880  0018  0020               	movlb	0	; select bank0
   881  0019  1D0C               	btfss	12,2	;volatile
   882  001A  1403               	setc
   883  001B  3000               	movlw	0
   884  001C  1803               	btfsc	3,0
   885  001D  3001               	movlw	1
   886  001E  00F0               	movwf	button_timer_interrupt@sw_value
   887  001F  302A               	movlw	_sw_m& (0+255)
   888  0020  3181  210C  3180   	fcall	_button_timer_interrupt
   889  0023                     i1l1686:	
   890                           
   891                           ;PIC16F1827-EV01.c: 52: }
   892                           ;PIC16F1827-EV01.c: 53: if (INTCONbits.TMR0IF == 1) {
   893  0023  1D0B               	btfss	11,2	;volatile
   894  0024  2828               	goto	i1l264
   895                           
   896                           ;PIC16F1827-EV01.c: 54: INTCONbits.TMR0IF = 0;
   897  0025  110B               	bcf	11,2	;volatile
   898                           
   899                           ;PIC16F1827-EV01.c: 55: send_timer_interrupt();
   900  0026  3180  2046         	fcall	_send_timer_interrupt
   901  0028                     i1l264:	
   902  0028  087D               	movf	??_ISR,w
   903  0029  0020               	movlb	0	; select bank0
   904  002A  00FF               	movwf	127
   905  002B  107E               	bcf	126,0	;clear compiler interrupt flag
   906  002C  0009               	retfie
   907  002D                     __end_of_ISR:	
   908                           
   909                           	psect	text6
   910  0046                     __ptext6:	
   911 ;; *************** function _send_timer_interrupt *****************
   912 ;; Defined at:
   913 ;;		line 59 in file "PIC16F1827-EV01.c"
   914 ;; Parameters:    Size  Location     Type
   915 ;;		None
   916 ;; Auto vars:     Size  Location     Type
   917 ;;		None
   918 ;; Return value:  Size  Location     Type
   919 ;;		None               void
   920 ;; Registers used:
   921 ;;		wreg, status,2, status,0, pclath, cstack
   922 ;; Tracked objects:
   923 ;;		On entry : 0/0
   924 ;;		On exit  : 0/0
   925 ;;		Unchanged: 0/0
   926 ;; Data sizes:     COMMON   BANK0   BANK1   BANK2   BANK3   BANK4
   927 ;;      Params:         0       0       0       0       0       0
   928 ;;      Locals:         0       0       0       0       0       0
   929 ;;      Temps:          4       0       0       0       0       0
   930 ;;      Totals:         4       0       0       0       0       0
   931 ;;Total ram usage:        4 bytes
   932 ;; Hardware stack levels used:    1
   933 ;; Hardware stack levels required when called:    1
   934 ;; This function calls:
   935 ;;		___awdiv
   936 ;; This function is called by:
   937 ;;		_ISR
   938 ;; This function uses a non-reentrant model
   939 ;;
   940                           
   941                           
   942                           ;psect for function _send_timer_interrupt
   943  0046                     _send_timer_interrupt:	
   944                           
   945                           ;PIC16F1827-EV01.c: 60: if (cnt_clk < 32) {
   946                           
   947                           ;incstack = 0
   948                           ; Regs used in _send_timer_interrupt: [wreg+status,2+status,0+pclath+cstack]
   949  0046  3020               	movlw	32
   950  0047  0020               	movlb	0	; select bank0
   951  0048  0232               	subwf	_cnt_clk,w
   952  0049  1803               	skipnc
   953  004A  2870               	goto	i1l1474
   954                           
   955                           ;PIC16F1827-EV01.c: 61: LATB4 = 0;
   956  004B  0022               	movlb	2	; select bank2
   957  004C  120D               	bcf	13,4	;volatile
   958                           
   959                           ;PIC16F1827-EV01.c: 62: if (cnt_clk % 2 == 0) {
   960  004D  0020               	movlb	0	; select bank0
   961  004E  1832               	btfsc	_cnt_clk,0
   962  004F  28C1               	goto	i1l278
   963                           
   964                           ;PIC16F1827-EV01.c: 63: LATB3 = 1;
   965  0050  0022               	movlb	2	; select bank2
   966  0051  158D               	bsf	13,3	;volatile
   967                           
   968                           ;PIC16F1827-EV01.c: 64: LATB5 = (serial_data1 >> (15 - cnt_clk / 2));
   969  0052  0020               	movlb	0	; select bank0
   970  0053  0821               	movf	_serial_data1+1,w
   971  0054  00FA               	movwf	??_send_timer_interrupt+1
   972  0055  0820               	movf	_serial_data1,w
   973  0056  00F9               	movwf	??_send_timer_interrupt
   974  0057  3002               	movlw	2
   975  0058  00F0               	movwf	___awdiv@divisor
   976  0059  3000               	movlw	0
   977  005A  00F1               	movwf	___awdiv@divisor+1
   978  005B  0832               	movf	_cnt_clk,w
   979  005C  00FB               	movwf	??_send_timer_interrupt+2
   980  005D  01FC               	clrf	??_send_timer_interrupt+3
   981  005E  087B               	movf	??_send_timer_interrupt+2,w
   982  005F  00F2               	movwf	___awdiv@dividend
   983  0060  087C               	movf	??_send_timer_interrupt+3,w
   984  0061  00F3               	movwf	___awdiv@dividend+1
   985  0062  3181  21C5  3180   	fcall	___awdiv
   986  0065  0870               	movf	?___awdiv,w
   987  0066  3AFF               	xorlw	255
   988  0067  3E01               	addlw	1
   989  0068  3E0F               	addlw	15
   990  0069  0A89               	incf	9,f
   991  006A  286D               	goto	u105_24
   992  006B                     u105_25:	
   993  006B  36FA               	lsrf	??_send_timer_interrupt+1,f
   994  006C  0CF9               	rrf	??_send_timer_interrupt,f
   995  006D                     u105_24:	
   996  006D  0B89               	decfsz	9,f
   997  006E  286B               	goto	u105_25
   998  006F  28B9               	goto	L2
   999  0070                     i1l1474:	
  1000                           ;PIC16F1827-EV01.c: 67: }
  1001                           ;PIC16F1827-EV01.c: 68: } else if (cnt_clk == 33) {
  1002                           
  1003                           ;PIC16F1827-EV01.c: 66: LATB3 = 0;
  1004                           
  1005                           ;PIC16F1827-EV01.c: 65: } else {
  1006                           
  1007  0070  0020               	movlb	0	; select bank0
  1008  0071  0832               	movf	_cnt_clk,w
  1009  0072  3A21               	xorlw	33
  1010  0073  1903               	btfsc	3,2
  1011  0074  28D1               	goto	i1l1498
  1012                           
  1013                           ;PIC16F1827-EV01.c: 70: } else if (cnt_clk == 34) {
  1014                           
  1015                           ;PIC16F1827-EV01.c: 69: LATB3 = 1;
  1016  0075  0020               	movlb	0	; select bank0
  1017  0076  0832               	movf	_cnt_clk,w
  1018  0077  3A22               	xorlw	34
  1019  0078  1903               	btfsc	3,2
  1020  0079  28E1               	goto	i1l1502
  1021                           
  1022                           ;PIC16F1827-EV01.c: 72: } else if (cnt_clk == 35) {
  1023                           
  1024                           ;PIC16F1827-EV01.c: 71: LATB4 = 1;
  1025  007A  0020               	movlb	0	; select bank0
  1026  007B  0832               	movf	_cnt_clk,w
  1027  007C  3A23               	xorlw	35
  1028  007D  1903               	btfsc	3,2
  1029  007E  28F1               	goto	i1l1506
  1030                           
  1031                           ;PIC16F1827-EV01.c: 74: } else if ((cnt_clk - 35) < 32) {
  1032                           
  1033                           ;PIC16F1827-EV01.c: 73: LATB4 = 0;
  1034  007F  0020               	movlb	0	; select bank0
  1035  0080  0832               	movf	_cnt_clk,w
  1036  0081  3EDD               	addlw	221
  1037  0082  00F9               	movwf	??_send_timer_interrupt
  1038  0083  30FF               	movlw	255
  1039  0084  1803               	skipnc
  1040  0085  3000               	movlw	0
  1041  0086  00FA               	movwf	??_send_timer_interrupt+1
  1042  0087  087A               	movf	??_send_timer_interrupt+1,w
  1043  0088  3A80               	xorlw	128
  1044  0089  00FB               	movwf	??_send_timer_interrupt+2
  1045  008A  3080               	movlw	128
  1046  008B  027B               	subwf	??_send_timer_interrupt+2,w
  1047  008C  1D03               	skipz
  1048  008D  2890               	goto	u111_25
  1049  008E  3020               	movlw	32
  1050  008F  0279               	subwf	??_send_timer_interrupt,w
  1051  0090                     u111_25:	
  1052  0090  1803               	skipnc
  1053  0091  28C4               	goto	i1l1496
  1054                           
  1055                           ;PIC16F1827-EV01.c: 75: LATB4 = 0;
  1056  0092  0022               	movlb	2	; select bank2
  1057  0093  120D               	bcf	13,4	;volatile
  1058                           
  1059                           ;PIC16F1827-EV01.c: 76: if ((cnt_clk - 35) % 2 == 0) {
  1060  0094  30DD               	movlw	221
  1061  0095  0020               	movlb	0	; select bank0
  1062  0096  0732               	addwf	_cnt_clk,w
  1063  0097  00F9               	movwf	??_send_timer_interrupt
  1064  0098  1879               	btfsc	??_send_timer_interrupt,0
  1065  0099  28C1               	goto	i1l278
  1066                           
  1067                           ;PIC16F1827-EV01.c: 77: LATB3 = 1;
  1068  009A  0022               	movlb	2	; select bank2
  1069  009B  158D               	bsf	13,3	;volatile
  1070                           
  1071                           ;PIC16F1827-EV01.c: 78: LATB5 = (serial_data2 >> (15 - (cnt_clk - 35) / 2));
  1072  009C  0020               	movlb	0	; select bank0
  1073  009D  0823               	movf	_serial_data2+1,w
  1074  009E  00FA               	movwf	??_send_timer_interrupt+1
  1075  009F  0822               	movf	_serial_data2,w
  1076  00A0  00F9               	movwf	??_send_timer_interrupt
  1077  00A1  3002               	movlw	2
  1078  00A2  00F0               	movwf	___awdiv@divisor
  1079  00A3  3000               	movlw	0
  1080  00A4  00F1               	movwf	___awdiv@divisor+1
  1081  00A5  0832               	movf	_cnt_clk,w
  1082  00A6  3EDD               	addlw	221
  1083  00A7  00F2               	movwf	___awdiv@dividend
  1084  00A8  30FF               	movlw	255
  1085  00A9  1803               	skipnc
  1086  00AA  3000               	movlw	0
  1087  00AB  00F3               	movwf	___awdiv@dividend+1
  1088  00AC  3181  21C5  3180   	fcall	___awdiv
  1089  00AF  0870               	movf	?___awdiv,w
  1090  00B0  3AFF               	xorlw	255
  1091  00B1  3E01               	addlw	1
  1092  00B2  3E0F               	addlw	15
  1093  00B3  0A89               	incf	9,f
  1094  00B4  28B7               	goto	u113_24
  1095  00B5                     u113_25:	
  1096  00B5  36FA               	lsrf	??_send_timer_interrupt+1,f
  1097  00B6  0CF9               	rrf	??_send_timer_interrupt,f
  1098  00B7                     u113_24:	
  1099  00B7  0B89               	decfsz	9,f
  1100  00B8  28B5               	goto	u113_25
  1101  00B9                     L2:	
  1102  00B9  1C79               	btfss	??_send_timer_interrupt,0
  1103  00BA  28BE               	goto	u114_20
  1104  00BB  0022               	movlb	2	; select bank2
  1105  00BC  168D               	bsf	13,5	;volatile
  1106  00BD  28F3               	goto	i1l1508
  1107  00BE                     u114_20:	
  1108  00BE  0022               	movlb	2	; select bank2
  1109  00BF  128D               	bcf	13,5	;volatile
  1110                           
  1111                           ;PIC16F1827-EV01.c: 79: } else {
  1112  00C0  28F3               	goto	i1l1508
  1113  00C1                     i1l278:	
  1114                           
  1115                           ;PIC16F1827-EV01.c: 80: LATB3 = 0;
  1116  00C1  0022               	movlb	2	; select bank2
  1117  00C2  118D               	bcf	13,3	;volatile
  1118                           
  1119                           ;PIC16F1827-EV01.c: 81: }
  1120                           ;PIC16F1827-EV01.c: 82: } else if ((cnt_clk - 35) == 33) {
  1121  00C3  28F3               	goto	i1l1508
  1122  00C4                     i1l1496:	
  1123  00C4  0020               	movlb	0	; select bank0
  1124  00C5  0832               	movf	_cnt_clk,w
  1125  00C6  3EDD               	addlw	221
  1126  00C7  00F9               	movwf	??_send_timer_interrupt
  1127  00C8  30FF               	movlw	255
  1128  00C9  1803               	skipnc
  1129  00CA  3000               	movlw	0
  1130  00CB  00FA               	movwf	??_send_timer_interrupt+1
  1131  00CC  3021               	movlw	33
  1132  00CD  0679               	xorwf	??_send_timer_interrupt,w
  1133  00CE  047A               	iorwf	??_send_timer_interrupt+1,w
  1134  00CF  1D03               	skipz
  1135  00D0  28D4               	goto	i1l1500
  1136  00D1                     i1l1498:	
  1137                           
  1138                           ;PIC16F1827-EV01.c: 83: LATB3 = 1;
  1139  00D1  0022               	movlb	2	; select bank2
  1140  00D2  158D               	bsf	13,3	;volatile
  1141                           
  1142                           ;PIC16F1827-EV01.c: 84: } else if ((cnt_clk - 35) == 34) {
  1143  00D3  28F3               	goto	i1l1508
  1144  00D4                     i1l1500:	
  1145  00D4  0020               	movlb	0	; select bank0
  1146  00D5  0832               	movf	_cnt_clk,w
  1147  00D6  3EDD               	addlw	221
  1148  00D7  00F9               	movwf	??_send_timer_interrupt
  1149  00D8  30FF               	movlw	255
  1150  00D9  1803               	skipnc
  1151  00DA  3000               	movlw	0
  1152  00DB  00FA               	movwf	??_send_timer_interrupt+1
  1153  00DC  3022               	movlw	34
  1154  00DD  0679               	xorwf	??_send_timer_interrupt,w
  1155  00DE  047A               	iorwf	??_send_timer_interrupt+1,w
  1156  00DF  1D03               	skipz
  1157  00E0  28E4               	goto	i1l1504
  1158  00E1                     i1l1502:	
  1159                           
  1160                           ;PIC16F1827-EV01.c: 85: LATB4 = 1;
  1161  00E1  0022               	movlb	2	; select bank2
  1162  00E2  160D               	bsf	13,4	;volatile
  1163                           
  1164                           ;PIC16F1827-EV01.c: 86: } else if ((cnt_clk - 35) == 35) {
  1165  00E3  28F3               	goto	i1l1508
  1166  00E4                     i1l1504:	
  1167  00E4  0020               	movlb	0	; select bank0
  1168  00E5  0832               	movf	_cnt_clk,w
  1169  00E6  3EDD               	addlw	221
  1170  00E7  00F9               	movwf	??_send_timer_interrupt
  1171  00E8  30FF               	movlw	255
  1172  00E9  1803               	skipnc
  1173  00EA  3000               	movlw	0
  1174  00EB  00FA               	movwf	??_send_timer_interrupt+1
  1175  00EC  3023               	movlw	35
  1176  00ED  0679               	xorwf	??_send_timer_interrupt,w
  1177  00EE  047A               	iorwf	??_send_timer_interrupt+1,w
  1178  00EF  1D03               	skipz
  1179  00F0  28F3               	goto	i1l1508
  1180  00F1                     i1l1506:	
  1181                           
  1182                           ;PIC16F1827-EV01.c: 87: LATB4 = 0;
  1183  00F1  0022               	movlb	2	; select bank2
  1184  00F2  120D               	bcf	13,4	;volatile
  1185  00F3                     i1l1508:	
  1186                           
  1187                           ;PIC16F1827-EV01.c: 88: }
  1188                           ;PIC16F1827-EV01.c: 89: if ((cnt_clk - 35) < 36)cnt_clk++;
  1189  00F3  0020               	movlb	0	; select bank0
  1190  00F4  0832               	movf	_cnt_clk,w
  1191  00F5  3EDD               	addlw	221
  1192  00F6  00F9               	movwf	??_send_timer_interrupt
  1193  00F7  30FF               	movlw	255
  1194  00F8  1803               	skipnc
  1195  00F9  3000               	movlw	0
  1196  00FA  00FA               	movwf	??_send_timer_interrupt+1
  1197  00FB  087A               	movf	??_send_timer_interrupt+1,w
  1198  00FC  3A80               	xorlw	128
  1199  00FD  00FB               	movwf	??_send_timer_interrupt+2
  1200  00FE  3080               	movlw	128
  1201  00FF  027B               	subwf	??_send_timer_interrupt+2,w
  1202  0100  1D03               	skipz
  1203  0101  2904               	goto	u119_25
  1204  0102  3024               	movlw	36
  1205  0103  0279               	subwf	??_send_timer_interrupt,w
  1206  0104                     u119_25:	
  1207  0104  1803               	skipnc
  1208  0105  0008               	return
  1209  0106  3001               	movlw	1
  1210  0107  00F9               	movwf	??_send_timer_interrupt
  1211  0108  0879               	movf	??_send_timer_interrupt,w
  1212  0109  0020               	movlb	0	; select bank0
  1213  010A  07B2               	addwf	_cnt_clk,f
  1214  010B  0008               	return
  1215  010C                     __end_of_send_timer_interrupt:	
  1216                           
  1217                           	psect	text7
  1218  01C5                     __ptext7:	
  1219 ;; *************** function ___awdiv *****************
  1220 ;; Defined at:
  1221 ;;		line 6 in file "C:\Program Files (x86)\Microchip\xc8\v1.33\sources\common\awdiv.c"
  1222 ;; Parameters:    Size  Location     Type
  1223 ;;  divisor         2    0[COMMON] int 
  1224 ;;  dividend        2    2[COMMON] int 
  1225 ;; Auto vars:     Size  Location     Type
  1226 ;;  quotient        2    7[COMMON] int 
  1227 ;;  sign            1    6[COMMON] unsigned char 
  1228 ;;  counter         1    5[COMMON] unsigned char 
  1229 ;; Return value:  Size  Location     Type
  1230 ;;                  2    0[COMMON] int 
  1231 ;; Registers used:
  1232 ;;		wreg, status,2, status,0
  1233 ;; Tracked objects:
  1234 ;;		On entry : 0/0
  1235 ;;		On exit  : 0/0
  1236 ;;		Unchanged: 0/0
  1237 ;; Data sizes:     COMMON   BANK0   BANK1   BANK2   BANK3   BANK4
  1238 ;;      Params:         4       0       0       0       0       0
  1239 ;;      Locals:         4       0       0       0       0       0
  1240 ;;      Temps:          1       0       0       0       0       0
  1241 ;;      Totals:         9       0       0       0       0       0
  1242 ;;Total ram usage:        9 bytes
  1243 ;; Hardware stack levels used:    1
  1244 ;; This function calls:
  1245 ;;		Nothing
  1246 ;; This function is called by:
  1247 ;;		_send_timer_interrupt
  1248 ;; This function uses a non-reentrant model
  1249 ;;
  1250                           
  1251                           
  1252                           ;psect for function ___awdiv
  1253  01C5                     ___awdiv:	
  1254                           
  1255                           ;incstack = 0
  1256                           ; Regs used in ___awdiv: [wreg+status,2+status,0]
  1257  01C5  01F6               	clrf	___awdiv@sign
  1258  01C6  1FF1               	btfss	___awdiv@divisor+1,7
  1259  01C7  29CF               	goto	i1l1312
  1260  01C8  09F0               	comf	___awdiv@divisor,f
  1261  01C9  09F1               	comf	___awdiv@divisor+1,f
  1262  01CA  0AF0               	incf	___awdiv@divisor,f
  1263  01CB  1903               	skipnz
  1264  01CC  0AF1               	incf	___awdiv@divisor+1,f
  1265  01CD  01F6               	clrf	___awdiv@sign
  1266  01CE  0AF6               	incf	___awdiv@sign,f
  1267  01CF                     i1l1312:	
  1268  01CF  1FF3               	btfss	___awdiv@dividend+1,7
  1269  01D0  29DA               	goto	i1l1318
  1270  01D1  09F2               	comf	___awdiv@dividend,f
  1271  01D2  09F3               	comf	___awdiv@dividend+1,f
  1272  01D3  0AF2               	incf	___awdiv@dividend,f
  1273  01D4  1903               	skipnz
  1274  01D5  0AF3               	incf	___awdiv@dividend+1,f
  1275  01D6  3001               	movlw	1
  1276  01D7  00F4               	movwf	??___awdiv
  1277  01D8  0874               	movf	??___awdiv,w
  1278  01D9  06F6               	xorwf	___awdiv@sign,f
  1279  01DA                     i1l1318:	
  1280  01DA  01F7               	clrf	___awdiv@quotient
  1281  01DB  01F8               	clrf	___awdiv@quotient+1
  1282  01DC  0871               	movf	___awdiv@divisor+1,w
  1283  01DD  0470               	iorwf	___awdiv@divisor,w
  1284  01DE  1903               	skipnz
  1285  01DF  2A09               	goto	i1l1340
  1286  01E0  01F5               	clrf	___awdiv@counter
  1287  01E1  0AF5               	incf	___awdiv@counter,f
  1288  01E2                     i1l1328:	
  1289  01E2  1BF1               	btfsc	___awdiv@divisor+1,7
  1290  01E3  29EE               	goto	i1l1330
  1291  01E4  3001               	movlw	1
  1292  01E5                     u80_25:	
  1293  01E5  35F0               	lslf	___awdiv@divisor,f
  1294  01E6  0DF1               	rlf	___awdiv@divisor+1,f
  1295  01E7  0B89               	decfsz	9,f
  1296  01E8  29E5               	goto	u80_25
  1297  01E9  3001               	movlw	1
  1298  01EA  00F4               	movwf	??___awdiv
  1299  01EB  0874               	movf	??___awdiv,w
  1300  01EC  07F5               	addwf	___awdiv@counter,f
  1301  01ED  29E2               	goto	i1l1328
  1302  01EE                     i1l1330:	
  1303  01EE  3001               	movlw	1
  1304  01EF                     u82_25:	
  1305  01EF  35F7               	lslf	___awdiv@quotient,f
  1306  01F0  0DF8               	rlf	___awdiv@quotient+1,f
  1307  01F1  0B89               	decfsz	9,f
  1308  01F2  29EF               	goto	u82_25
  1309  01F3  0871               	movf	___awdiv@divisor+1,w
  1310  01F4  0273               	subwf	___awdiv@dividend+1,w
  1311  01F5  1D03               	skipz
  1312  01F6  29F9               	goto	u83_25
  1313  01F7  0870               	movf	___awdiv@divisor,w
  1314  01F8  0272               	subwf	___awdiv@dividend,w
  1315  01F9                     u83_25:	
  1316  01F9  1C03               	skipc
  1317  01FA  2A00               	goto	i1l1336
  1318  01FB  0870               	movf	___awdiv@divisor,w
  1319  01FC  02F2               	subwf	___awdiv@dividend,f
  1320  01FD  0871               	movf	___awdiv@divisor+1,w
  1321  01FE  3BF3               	subwfb	___awdiv@dividend+1,f
  1322  01FF  1477               	bsf	___awdiv@quotient,0
  1323  0200                     i1l1336:	
  1324  0200  3001               	movlw	1
  1325  0201                     u84_25:	
  1326  0201  36F1               	lsrf	___awdiv@divisor+1,f
  1327  0202  0CF0               	rrf	___awdiv@divisor,f
  1328  0203  0B89               	decfsz	9,f
  1329  0204  2A01               	goto	u84_25
  1330  0205  3001               	movlw	1
  1331  0206  02F5               	subwf	___awdiv@counter,f
  1332  0207  1D03               	btfss	3,2
  1333  0208  29EE               	goto	i1l1330
  1334  0209                     i1l1340:	
  1335  0209  0876               	movf	___awdiv@sign,w
  1336  020A  1903               	btfsc	3,2
  1337  020B  2A11               	goto	i1l1344
  1338  020C  09F7               	comf	___awdiv@quotient,f
  1339  020D  09F8               	comf	___awdiv@quotient+1,f
  1340  020E  0AF7               	incf	___awdiv@quotient,f
  1341  020F  1903               	skipnz
  1342  0210  0AF8               	incf	___awdiv@quotient+1,f
  1343  0211                     i1l1344:	
  1344  0211  0878               	movf	___awdiv@quotient+1,w
  1345  0212  01F1               	clrf	?___awdiv+1
  1346  0213  07F1               	addwf	?___awdiv+1,f
  1347  0214  0877               	movf	___awdiv@quotient,w
  1348  0215  01F0               	clrf	?___awdiv
  1349  0216  07F0               	addwf	?___awdiv,f
  1350  0217  0008               	return
  1351  0218                     __end_of___awdiv:	
  1352                           
  1353                           	psect	text8
  1354  010C                     __ptext8:	
  1355 ;; *************** function _button_timer_interrupt *****************
  1356 ;; Defined at:
  1357 ;;		line 87 in file "C:\Program Files (x86)\Microchip\xc8\v1.33\include\My_header_16F.h"
  1358 ;; Parameters:    Size  Location     Type
  1359 ;;  bt              1    wreg     PTR struct button
  1360 ;;		 -> sw_m(3), sw_p(3), 
  1361 ;;  sw_value        1    0[COMMON] unsigned char 
  1362 ;; Auto vars:     Size  Location     Type
  1363 ;;  bt              1    3[COMMON] PTR struct button
  1364 ;;		 -> sw_m(3), sw_p(3), 
  1365 ;; Return value:  Size  Location     Type
  1366 ;;		None               void
  1367 ;; Registers used:
  1368 ;;		wreg, fsr1l, fsr1h, status,2, status,0
  1369 ;; Tracked objects:
  1370 ;;		On entry : 0/0
  1371 ;;		On exit  : 0/0
  1372 ;;		Unchanged: 0/0
  1373 ;; Data sizes:     COMMON   BANK0   BANK1   BANK2   BANK3   BANK4
  1374 ;;      Params:         1       0       0       0       0       0
  1375 ;;      Locals:         1       0       0       0       0       0
  1376 ;;      Temps:          2       0       0       0       0       0
  1377 ;;      Totals:         4       0       0       0       0       0
  1378 ;;Total ram usage:        4 bytes
  1379 ;; Hardware stack levels used:    1
  1380 ;; This function calls:
  1381 ;;		Nothing
  1382 ;; This function is called by:
  1383 ;;		_ISR
  1384 ;; This function uses a non-reentrant model
  1385 ;;
  1386                           
  1387                           
  1388                           ;psect for function _button_timer_interrupt
  1389  010C                     _button_timer_interrupt:	
  1390                           
  1391                           ;incstack = 0
  1392                           ; Regs used in _button_timer_interrupt: [wreg+fsr1l+fsr1h+status,2+status,0]
  1393                           ;button_timer_interrupt@bt stored from wreg
  1394  010C  00F3               	movwf	button_timer_interrupt@bt
  1395                           
  1396                           ;My_header_16F.h: 88: if (sw_value) {
  1397  010D  0870               	movf	button_timer_interrupt@sw_value,w
  1398  010E  1903               	btfsc	3,2
  1399  010F  2967               	goto	i1l1364
  1400                           
  1401                           ;My_header_16F.h: 89: if (bt->cnt_sw < 150 + 1) bt->cnt_sw++;
  1402  0110  0873               	movf	button_timer_interrupt@bt,w
  1403  0111  0086               	movwf	6
  1404  0112  0187               	clrf	7
  1405  0113  3F40               	moviw [0]fsr1
  1406  0114  00F1               	movwf	??_button_timer_interrupt
  1407  0115  3F41               	moviw [1]fsr1
  1408  0116  00F2               	movwf	??_button_timer_interrupt+1
  1409  0117  3000               	movlw	0
  1410  0118  0272               	subwf	??_button_timer_interrupt+1,w
  1411  0119  3097               	movlw	151
  1412  011A  1903               	skipnz
  1413  011B  0271               	subwf	??_button_timer_interrupt,w
  1414  011C  1803               	skipnc
  1415  011D  2926               	goto	i1l1354
  1416  011E  0873               	movf	button_timer_interrupt@bt,w
  1417  011F  0086               	movwf	6
  1418  0120  0187               	clrf	7
  1419  0121  3001               	movlw	1
  1420  0122  0781               	addwf	1,f
  1421  0123  3141               	addfsr 1,1
  1422  0124  1803               	skipnc
  1423  0125  0A81               	incf	1,f
  1424  0126                     i1l1354:	
  1425                           
  1426                           ;My_header_16F.h: 90: if (bt->cnt_sw == 150)bt->flag.long_holding_3 = 1;
  1427  0126  0873               	movf	button_timer_interrupt@bt,w
  1428  0127  0086               	movwf	6
  1429  0128  0187               	clrf	7
  1430  0129  3F40               	moviw [0]fsr1
  1431  012A  3A96               	xorlw	150
  1432  012B  1D03               	skipz
  1433  012C  292F               	goto	u89_25
  1434  012D  3F41               	moviw [1]fsr1
  1435  012E  3A00               	xorlw	0
  1436  012F                     u89_25:	
  1437  012F  1D03               	skipz
  1438  0130  2936               	goto	i1l109
  1439  0131  0873               	movf	button_timer_interrupt@bt,w
  1440  0132  3E02               	addlw	2
  1441  0133  0086               	movwf	6
  1442  0134  0187               	clrf	7
  1443  0135  1781               	bsf	1,7
  1444  0136                     i1l109:	
  1445                           
  1446                           ;My_header_16F.h: 91: if (bt->cnt_sw == 75)bt->flag.long_holding_2 = 1;
  1447  0136  0873               	movf	button_timer_interrupt@bt,w
  1448  0137  0086               	movwf	6
  1449  0138  0187               	clrf	7
  1450  0139  3F40               	moviw [0]fsr1
  1451  013A  3A4B               	xorlw	75
  1452  013B  1D03               	skipz
  1453  013C  293F               	goto	u90_25
  1454  013D  3F41               	moviw [1]fsr1
  1455  013E  3A00               	xorlw	0
  1456  013F                     u90_25:	
  1457  013F  1D03               	skipz
  1458  0140  2946               	goto	i1l110
  1459  0141  0873               	movf	button_timer_interrupt@bt,w
  1460  0142  3E02               	addlw	2
  1461  0143  0086               	movwf	6
  1462  0144  0187               	clrf	7
  1463  0145  1701               	bsf	1,6
  1464  0146                     i1l110:	
  1465                           
  1466                           ;My_header_16F.h: 92: if (bt->cnt_sw == 30)bt->flag.long_holding_1 = 1;
  1467  0146  0873               	movf	button_timer_interrupt@bt,w
  1468  0147  0086               	movwf	6
  1469  0148  0187               	clrf	7
  1470  0149  3F40               	moviw [0]fsr1
  1471  014A  3A1E               	xorlw	30
  1472  014B  1D03               	skipz
  1473  014C  294F               	goto	u91_25
  1474  014D  3F41               	moviw [1]fsr1
  1475  014E  3A00               	xorlw	0
  1476  014F                     u91_25:	
  1477  014F  1D03               	skipz
  1478  0150  2956               	goto	i1l111
  1479  0151  0873               	movf	button_timer_interrupt@bt,w
  1480  0152  3E02               	addlw	2
  1481  0153  0086               	movwf	6
  1482  0154  0187               	clrf	7
  1483  0155  1681               	bsf	1,5
  1484  0156                     i1l111:	
  1485                           
  1486                           ;My_header_16F.h: 93: if (bt->cnt_sw == 2)bt->flag.pressing = 1;
  1487  0156  0873               	movf	button_timer_interrupt@bt,w
  1488  0157  0086               	movwf	6
  1489  0158  0187               	clrf	7
  1490  0159  3F40               	moviw [0]fsr1
  1491  015A  3A02               	xorlw	2
  1492  015B  1D03               	skipz
  1493  015C  295F               	goto	u92_25
  1494  015D  3F41               	moviw [1]fsr1
  1495  015E  3A00               	xorlw	0
  1496  015F                     u92_25:	
  1497  015F  1D03               	skipz
  1498  0160  0008               	return
  1499  0161  0873               	movf	button_timer_interrupt@bt,w
  1500  0162  3E02               	addlw	2
  1501  0163  0086               	movwf	6
  1502  0164  0187               	clrf	7
  1503  0165  1601               	bsf	1,4
  1504                           
  1505                           ;My_header_16F.h: 94: } else {
  1506  0166  0008               	return
  1507  0167                     i1l1364:	
  1508                           
  1509                           ;My_header_16F.h: 95: if (bt->cnt_sw >= 150)bt->flag.long_hold_3 = 1;
  1510  0167  0873               	movf	button_timer_interrupt@bt,w
  1511  0168  0086               	movwf	6
  1512  0169  0187               	clrf	7
  1513  016A  3F40               	moviw [0]fsr1
  1514  016B  00F1               	movwf	??_button_timer_interrupt
  1515  016C  3F41               	moviw [1]fsr1
  1516  016D  00F2               	movwf	??_button_timer_interrupt+1
  1517  016E  3000               	movlw	0
  1518  016F  0272               	subwf	??_button_timer_interrupt+1,w
  1519  0170  3096               	movlw	150
  1520  0171  1903               	skipnz
  1521  0172  0271               	subwf	??_button_timer_interrupt,w
  1522  0173  1C03               	skipc
  1523  0174  297B               	goto	i1l1368
  1524  0175  0873               	movf	button_timer_interrupt@bt,w
  1525  0176  3E02               	addlw	2
  1526  0177  0086               	movwf	6
  1527  0178  0187               	clrf	7
  1528  0179  1581               	bsf	1,3
  1529  017A  29B6               	goto	i1l115
  1530  017B                     i1l1368:	
  1531                           
  1532                           ;My_header_16F.h: 96: else if (bt->cnt_sw >= 75)bt->flag.long_hold_2 = 1;
  1533  017B  0873               	movf	button_timer_interrupt@bt,w
  1534  017C  0086               	movwf	6
  1535  017D  0187               	clrf	7
  1536  017E  3F40               	moviw [0]fsr1
  1537  017F  00F1               	movwf	??_button_timer_interrupt
  1538  0180  3F41               	moviw [1]fsr1
  1539  0181  00F2               	movwf	??_button_timer_interrupt+1
  1540  0182  3000               	movlw	0
  1541  0183  0272               	subwf	??_button_timer_interrupt+1,w
  1542  0184  304B               	movlw	75
  1543  0185  1903               	skipnz
  1544  0186  0271               	subwf	??_button_timer_interrupt,w
  1545  0187  1C03               	skipc
  1546  0188  298F               	goto	i1l1372
  1547  0189  0873               	movf	button_timer_interrupt@bt,w
  1548  018A  3E02               	addlw	2
  1549  018B  0086               	movwf	6
  1550  018C  0187               	clrf	7
  1551  018D  1501               	bsf	1,2
  1552  018E  29B6               	goto	i1l115
  1553  018F                     i1l1372:	
  1554                           
  1555                           ;My_header_16F.h: 97: else if (bt->cnt_sw >= 30)bt->flag.long_hold_1 = 1;
  1556  018F  0873               	movf	button_timer_interrupt@bt,w
  1557  0190  0086               	movwf	6
  1558  0191  0187               	clrf	7
  1559  0192  3F40               	moviw [0]fsr1
  1560  0193  00F1               	movwf	??_button_timer_interrupt
  1561  0194  3F41               	moviw [1]fsr1
  1562  0195  00F2               	movwf	??_button_timer_interrupt+1
  1563  0196  3000               	movlw	0
  1564  0197  0272               	subwf	??_button_timer_interrupt+1,w
  1565  0198  301E               	movlw	30
  1566  0199  1903               	skipnz
  1567  019A  0271               	subwf	??_button_timer_interrupt,w
  1568  019B  1C03               	skipc
  1569  019C  29A3               	goto	i1l1376
  1570  019D  0873               	movf	button_timer_interrupt@bt,w
  1571  019E  3E02               	addlw	2
  1572  019F  0086               	movwf	6
  1573  01A0  0187               	clrf	7
  1574  01A1  1481               	bsf	1,1
  1575  01A2  29B6               	goto	i1l115
  1576  01A3                     i1l1376:	
  1577                           
  1578                           ;My_header_16F.h: 98: else if (bt->cnt_sw >= 2)bt->flag.press = 1;
  1579  01A3  0873               	movf	button_timer_interrupt@bt,w
  1580  01A4  0086               	movwf	6
  1581  01A5  0187               	clrf	7
  1582  01A6  3F40               	moviw [0]fsr1
  1583  01A7  00F1               	movwf	??_button_timer_interrupt
  1584  01A8  3F41               	moviw [1]fsr1
  1585  01A9  00F2               	movwf	??_button_timer_interrupt+1
  1586  01AA  3000               	movlw	0
  1587  01AB  0272               	subwf	??_button_timer_interrupt+1,w
  1588  01AC  3002               	movlw	2
  1589  01AD  1903               	skipnz
  1590  01AE  0271               	subwf	??_button_timer_interrupt,w
  1591  01AF  1C03               	skipc
  1592  01B0  29B6               	goto	i1l115
  1593  01B1  0873               	movf	button_timer_interrupt@bt,w
  1594  01B2  3E02               	addlw	2
  1595  01B3  0086               	movwf	6
  1596  01B4  0187               	clrf	7
  1597  01B5  1401               	bsf	1,0
  1598  01B6                     i1l115:	
  1599                           
  1600                           ;My_header_16F.h: 99: bt->cnt_sw = 0;
  1601  01B6  0873               	movf	button_timer_interrupt@bt,w
  1602  01B7  0086               	movwf	6
  1603  01B8  0187               	clrf	7
  1604  01B9  3000               	movlw	0
  1605  01BA  3FC0               	movwi [0]fsr1
  1606  01BB  3FC1               	movwi [1]fsr1
  1607                           
  1608                           ;My_header_16F.h: 100: bt->flags &= 0x0F;
  1609  01BC  300F               	movlw	15
  1610  01BD  00F1               	movwf	??_button_timer_interrupt
  1611  01BE  0873               	movf	button_timer_interrupt@bt,w
  1612  01BF  3E02               	addlw	2
  1613  01C0  0086               	movwf	6
  1614  01C1  0187               	clrf	7
  1615  01C2  0871               	movf	??_button_timer_interrupt,w
  1616  01C3  0581               	andwf	1,f
  1617  01C4  0008               	return
  1618  01C5                     __end_of_button_timer_interrupt:	
  1619  007E                     btemp	set	126	;btemp
  1620  007E                     pic14e$flags	set	126
  1621  007E                     wtemp	set	126
  1622  007E                     wtemp0	set	126
  1623  0080                     wtemp1	set	128
  1624  0082                     wtemp2	set	130
  1625  0084                     wtemp3	set	132
  1626  0086                     wtemp4	set	134
  1627  0088                     wtemp5	set	136
  1628  007F                     wtemp6	set	127
  1629  007E                     ttemp	set	126
  1630  007E                     ttemp0	set	126
  1631  0081                     ttemp1	set	129
  1632  0084                     ttemp2	set	132
  1633  0087                     ttemp3	set	135
  1634  007F                     ttemp4	set	127
  1635  007E                     ltemp	set	126
  1636  007E                     ltemp0	set	126
  1637  0082                     ltemp1	set	130
  1638  0086                     ltemp2	set	134
  1639  0080                     ltemp3	set	128


Data Sizes:
    Strings     0
    Constant    0
    Data        3
    BSS         16
    Persistent  0
    Stack       0

Auto Spaces:
    Space          Size  Autos    Used
    COMMON           14     14      14
    BANK0            80      3      22
    BANK1            80      0       0
    BANK2            80      0       0
    BANK3            80      0       0
    BANK4            48      0       0

Pointer List with Targets:

    tx_buf.buf	PTR unsigned char  size(1) Largest target is 0

    ringbuf_num@rb.buf	PTR unsigned char  size(1) Largest target is 0

    ringbuf_pop@rb.buf	PTR unsigned char  size(1) Largest target is 0

    ringbuf_push@rb.buf	PTR unsigned char  size(1) Largest target is 0

    S224ringbuf$buf	PTR unsigned char  size(1) Largest target is 0

    ringbuf_init@rb.buf	PTR unsigned char  size(1) Largest target is 0

    button_timer_interrupt@bt	PTR struct button size(1) Largest target is 3
		 -> sw_m(BANK0[3]), sw_p(BANK0[3]), 


Critical Paths under _main in COMMON

    None.

Critical Paths under _ISR in COMMON

    _ISR->_send_timer_interrupt
    _send_timer_interrupt->___awdiv

Critical Paths under _main in BANK0

    _main->_data_set
    _main_init->_timer0_init
    _main_init->_timer1_init

Critical Paths under _ISR in BANK0

    None.

Critical Paths under _main in BANK1

    None.

Critical Paths under _ISR in BANK1

    None.

Critical Paths under _main in BANK2

    None.

Critical Paths under _ISR in BANK2

    None.

Critical Paths under _main in BANK3

    None.

Critical Paths under _ISR in BANK3

    None.

Critical Paths under _main in BANK4

    None.

Critical Paths under _ISR in BANK4

    None.

Call Graph Tables:

 ---------------------------------------------------------------------------------
 (Depth) Function   	        Calls       Base Space   Used Autos Params    Refs
 ---------------------------------------------------------------------------------
 (0) _main                                                 0     0      0     110
                           _data_set
                          _main_init
 ---------------------------------------------------------------------------------
 (1) _main_init                                            0     0      0      66
                        _timer0_init
                        _timer1_init
 ---------------------------------------------------------------------------------
 (2) _timer1_init                                          2     2      0      22
                                              0 BANK0      2     2      0
 ---------------------------------------------------------------------------------
 (2) _timer0_init                                          2     2      0      44
                                              0 BANK0      2     2      0
 ---------------------------------------------------------------------------------
 (1) _data_set                                             3     3      0      44
                                              0 BANK0      3     3      0
 ---------------------------------------------------------------------------------
 Estimated maximum stack depth 2
 ---------------------------------------------------------------------------------
 (Depth) Function   	        Calls       Base Space   Used Autos Params    Refs
 ---------------------------------------------------------------------------------
 (3) _ISR                                                  1     1      0    1422
                                             13 COMMON     1     1      0
             _button_timer_interrupt
               _send_timer_interrupt
 ---------------------------------------------------------------------------------
 (4) _send_timer_interrupt                                 4     4      0     656
                                              9 COMMON     4     4      0
                            ___awdiv
 ---------------------------------------------------------------------------------
 (5) ___awdiv                                              9     5      4     656
                                              0 COMMON     9     5      4
 ---------------------------------------------------------------------------------
 (4) _button_timer_interrupt                               4     3      1     766
                                              0 COMMON     4     3      1
 ---------------------------------------------------------------------------------
 Estimated maximum stack depth 5
 ---------------------------------------------------------------------------------

 Call Graph Graphs:

 _main (ROOT)
   _data_set
   _main_init
     _timer0_init
     _timer1_init

 _ISR (ROOT)
   _button_timer_interrupt
   _send_timer_interrupt
     ___awdiv

 Address spaces:
Name               Size   Autos  Total    Cost      Usage
BIGRAM             170      0       0       0        0.0%
EEDATA             100      0       0       0        0.0%
NULL                 0      0       0       0        0.0%
CODE                 0      0       0       0        0.0%
BITCOMMON            E      0       0       1        0.0%
BITSFR0              0      0       0       1        0.0%
SFR0                 0      0       0       1        0.0%
COMMON               E      E       E       2      100.0%
BITSFR1              0      0       0       2        0.0%
SFR1                 0      0       0       2        0.0%
BITSFR2              0      0       0       3        0.0%
SFR2                 0      0       0       3        0.0%
STACK                0      0       0       3        0.0%
BITSFR3              0      0       0       4        0.0%
SFR3                 0      0       0       4        0.0%
ABS                  0      0      24       4        0.0%
BITBANK0            50      0       0       5        0.0%
BITSFR4              0      0       0       5        0.0%
SFR4                 0      0       0       5        0.0%
BANK0               50      3      16       6       27.5%
BITSFR5              0      0       0       6        0.0%
SFR5                 0      0       0       6        0.0%
BITBANK1            50      0       0       7        0.0%
BITSFR6              0      0       0       7        0.0%
SFR6                 0      0       0       7        0.0%
BANK1               50      0       0       8        0.0%
BITSFR7              0      0       0       8        0.0%
SFR7                 0      0       0       8        0.0%
BITBANK2            50      0       0       9        0.0%
BITSFR8              0      0       0       9        0.0%
SFR8                 0      0       0       9        0.0%
BANK2               50      0       0      10        0.0%
BITSFR9              0      0       0      10        0.0%
SFR9                 0      0       0      10        0.0%
BITBANK3            50      0       0      11        0.0%
BITSFR10             0      0       0      11        0.0%
SFR10                0      0       0      11        0.0%
BANK3               50      0       0      12        0.0%
BITSFR11             0      0       0      12        0.0%
SFR11                0      0       0      12        0.0%
BITBANK4            30      0       0      13        0.0%
BITSFR12             0      0       0      13        0.0%
SFR12                0      0       0      13        0.0%
BANK4               30      0       0      14        0.0%
BITSFR13             0      0       0      14        0.0%
SFR13                0      0       0      14        0.0%
BITSFR14             0      0       0      15        0.0%
SFR14                0      0       0      15        0.0%
DATA                 0      0      24      15        0.0%
BITSFR15             0      0       0      16        0.0%
SFR15                0      0       0      16        0.0%
BITSFR16             0      0       0      17        0.0%
SFR16                0      0       0      17        0.0%
BITSFR17             0      0       0      18        0.0%
SFR17                0      0       0      18        0.0%
BITSFR18             0      0       0      19        0.0%
SFR18                0      0       0      19        0.0%
BITSFR19             0      0       0      20        0.0%
SFR19                0      0       0      20        0.0%
BITSFR20             0      0       0      21        0.0%
SFR20                0      0       0      21        0.0%
BITSFR21             0      0       0      22        0.0%
SFR21                0      0       0      22        0.0%
BITSFR22             0      0       0      23        0.0%
SFR22                0      0       0      23        0.0%
BITSFR23             0      0       0      24        0.0%
SFR23                0      0       0      24        0.0%
BITSFR24             0      0       0      25        0.0%
SFR24                0      0       0      25        0.0%
BITSFR25             0      0       0      26        0.0%
SFR25                0      0       0      26        0.0%
BITSFR26             0      0       0      27        0.0%
SFR26                0      0       0      27        0.0%
BITSFR27             0      0       0      28        0.0%
SFR27                0      0       0      28        0.0%
BITSFR28             0      0       0      29        0.0%
SFR28                0      0       0      29        0.0%
BITSFR29             0      0       0      30        0.0%
SFR29                0      0       0      30        0.0%
BITSFR30             0      0       0      31        0.0%
SFR30                0      0       0      31        0.0%
BITSFR31             0      0       0      32        0.0%
SFR31                0      0       0      32        0.0%


Microchip Technology PIC Macro Assembler V1.33 build 59893 
Symbol Table                                                                                   Mon Feb 09 18:08:10 2015

                    __CFG_CP$OFF 0000                               l89 0259                     ___awdiv@sign 0076  
                   __CFG_CPD$OFF 0000                              _ISR 0004                     __CFG_BORV$LO 0000  
                            wreg 0009                     __CFG_LVP$OFF 0000                             ?_ISR 0070  
                           l1272 0267                             l1704 0245                             l1696 023A  
                           u1205 021E                             u1215 022A                             _SPEN 0CEF  
                           _TXIE 048C                             _TXIF 008C                             _WPUA 020C  
                           _WPUB 020D                     __CFG_WRT$OFF 0000                             _main 0236  
       button_timer_interrupt@bt 0073                             fsr0h 0005                             fsr1h 0007  
                           fsr0l 0004                             indf0 0000                             indf1 0001  
                           fsr1l 0006                             _sw_m 002A                             _sw_p 002D  
                           btemp 007E                             ltemp 007E                             start 002D  
                           ttemp 007E                             wtemp 007E                    __CFG_IESO$OFF 0000  
                          ??_ISR 007D                    __CFG_PLLEN$ON 0000                            ?_main 0070  
                __end_of___awdiv 0218                            _ADRES 009B                            _BRG16 0CFB  
                  __CFG_WDTE$OFF 0000                  ___awdiv@divisor 0070                            _LATB0 0868  
                          _LATB1 0869                            _LATB3 086B                            _LATB4 086C  
                          _LATB5 086D                            i1l110 0146                            i1l111 0156  
                          i1l115 01B6                            i1l109 0136                            i1l264 0028  
                          i1l278 00C1                  ___awdiv@counter 0075                            _RCSTA 019D  
                          _TMR1H 0017                            _TMR1L 0016                            u80_25 01E5  
                          _TRISA 008C                            _TRISB 008D                            u90_25 013F  
                          u82_25 01EF                            u91_25 014F                            u83_25 01F9  
                          u92_25 015F                            u84_25 0201                            _TXREG 019A  
                          u89_25 012F                            _TXSTA 019E                   __CFG_FCMEN$OFF 0000  
                 __CFG_BOREN$OFF 0000                            ltemp0 007E                            ltemp1 0082  
                          ltemp2 0086                            ltemp3 0080                            ttemp0 007E  
                          ttemp1 0081                            ttemp2 0084                            ttemp3 0087  
                          ttemp4 007F                            status 0003                            wtemp0 007E  
                          wtemp1 0080                            wtemp2 0082                            wtemp3 0084  
                          wtemp4 0086                            wtemp5 0088                            wtemp6 007F  
                 __CFG_MCLRE$OFF 0000                  __initialization 002F                     __end_of_main 0251  
   __end_of_send_timer_interrupt 010C                           ??_main 0036                           _BCL1IF 0093  
               ___awdiv@dividend 0072                           _ANSELA 018C                           _ANSELB 018D  
                         i1l1312 01CF                           i1l1330 01EE                           i1l1340 0209  
                         i1l1500 00D4                           u111_25 0090                           i1l1318 01DA  
                         i1l1502 00E1                           i1l1344 0211                           i1l1336 0200  
                         i1l1328 01E2                           i1l1504 00E4                           i1l1354 0126  
                         i1l1506 00F1                           i1l1372 018F                           i1l1364 0167  
                         i1l1508 00F3                           i1l1376 01A3                           i1l1368 017B  
                         i1l1474 0070                           u113_24 00B7                           u105_24 006D  
                         u113_25 00B5                           u105_25 006B                           u114_20 00BE  
                         i1l1496 00C4                           i1l1498 00D1                           i1l1686 0023  
                         u119_25 0104                           _FVRCON 0117                           _OSCCON 0099  
                         _SPBRGH 019C                           _SPBRGL 019B                           _SSP1IF 008B  
               __end_of_data_set 0236                   __CFG_PWRTE$OFF 0000                        ??___awdiv 0074  
                   ?_timer0_init 0070                     ?_timer1_init 0070                           _cnt_t1 0024  
               ___awdiv@quotient 0077                           _tx_buf 0025          __end_of__initialization 0042  
                 __pcstackCOMMON 0070                     __pidataBANK0 029D                   _OPTION_REGbits 0095  
           _send_timer_interrupt 0046               __size_of_main_init 0018                       __pbssBANK0 0020  
                     __pmaintext 0236                       __pintentry 0004                        ?_data_set 0070  
                        _SSP1ADD 0212                          _SSP1BUF 0211            ?_send_timer_interrupt 0070  
           timer1_init@prescaler 0034         ??_button_timer_interrupt 0071                    data_set@value 0035  
                        ___awdiv 01C5                  __CFG_STVREN$OFF 0000                __end_of_main_init 0284  
           __size_of_timer0_init 001B             __size_of_timer1_init 0013                          __ptext1 026C  
                        __ptext2 0284                          __ptext3 0251                          __ptext4 0218  
                        __ptext6 0046                          __ptext7 01C5                          __ptext8 010C  
                        _cnt_clk 0032                     __size_of_ISR 0029                        _T1CONbits 0018  
                     ??_data_set 0033                          clrloop0 0298             end_of_initialization 0042  
                      _PORTAbits 000C                 __CFG_FOSC$INTOSC 0000           ??_send_timer_interrupt 0079  
__size_of_button_timer_interrupt 00B9              start_initialization 002F                      __end_of_ISR 002D  
                    __pdataBANK0 0030           _button_timer_interrupt 010C                        ___latbits 0001  
                  __pcstackBANK0 0033                __size_of_data_set 001E                         ?___awdiv 0070  
                      _main_init 026C                        clear_ram0 0297                         _PIE1bits 0091  
                       _PIR1bits 0011                         _SSP1CON1 0215                         _SSP1CON2 0216  
                  ??_timer0_init 0033                    ??_timer1_init 0033                         _SSP1STAT 0214  
                     _ADCON0bits 009D                       _ADCON1bits 009E   button_timer_interrupt@sw_value 0070  
                     ?_main_init 0070               LCD_SetCursor@F2883 0030                 __size_of___awdiv 0053  
            __end_of_timer0_init 026C              __end_of_timer1_init 0297                         _data_set 0218  
           timer0_init@prescaler 0034                     _SSP1CON2bits 0216    __size_of_send_timer_interrupt 00C6  
                  __size_of_main 001B                     _serial_data1 0020                     _serial_data2 0022  
        ?_button_timer_interrupt 0070                      ??_main_init 0035                       _INTCONbits 000B  
                    pic14e$flags 007E                         intlevel1 0000                __CFG_CLKOUTEN$OFF 0000  
 __end_of_button_timer_interrupt 01C5                      _timer0_init 0251                      _timer1_init 0284  
