

Microchip Technology PIC18 Macro Assembler V1.35 build -356382666 
                                                                                                           Tue Nov 10 13:20:58 2015


     1                           
     2                           	; Microchip MPLAB XC8 C Compiler V1.35
     3                           	; Copyright (C) 1984-2015 HI-TECH Software
     4                           
     5                           	; Auto-generated runtime startup code for final link stage.
     6                           
     7                           	;
     8                           	; Compiler options:
     9                           	;
    10                           	; --chip=18F46J50 -G \
    11                           	; -mdist/PIC18F46J50_PIM_XC8/production/HID_Bootloader_PIC18F27J53.X.production.map \
    12                           	; --double=32 --float=32 --emi=wordwrite --rom=default,-1000-FFF7 \
    13                           	; --opt=default,+asm,-asmfile,-speed,+space,-debug --addrqual=require \
    14                           	; --mode=pro -P -N255 --warn=0 --asmlist \
    15                           	; --summary=default,-psect,-class,+mem,-hex,-file \
    16                           	; --output=default,-inhx032 \
    17                           	; --runtime=default,-clear,-init,+keep,-no_startup,-download,+config,+clib,+plib \
    18                           	; --output=-mcof,+elf:multilocs --stack=compiled:auto:auto:auto \
    19                           	; --errformat=%f:%l: error: (%n) %s \
    20                           	; --warnformat=%f:%l: warning: (%n) %s \
    21                           	; --msgformat=%f:%l: advisory: (%n) %s --summary=+xml \
    22                           	; --summarydir=dist/PIC18F46J50_PIM_XC8/production/memoryfile.xml \
    23                           	; -odist/PIC18F46J50_PIM_XC8/production/HID_Bootloader_PIC18F27J53.X.production.elf \
    24                           	; build/PIC18F46J50_PIM_XC8/production/_ext/1360937237/main.p1 \
    25                           	; build/PIC18F46J50_PIM_XC8/production/_ext/1360937237/usb_descriptors.p1 \
    26                           	; build/PIC18F46J50_PIM_XC8/production/_ext/1360937237/usb_device.p1 \
    27                           	; build/PIC18F46J50_PIM_XC8/production/_ext/1360937237/usb_device_hid.p1 \
    28                           	; build/PIC18F46J50_PIM_XC8/production/_ext/1360937237/VectorRemap.obj \
    29                           	; build/PIC18F46J50_PIM_XC8/production/_ext/1360937237/boot_18fxxjxx.p1 \
    30                           	; --ccmode=cci
    31                           	;
    32                           
    33                           
    34                           	processor	18F46J50
    35                           
    36                           	GLOBAL	_main,start
    37                           	FNROOT	_main
    38                           
    39  0000                     
    40                           	psect	jflash_buffer,class=CODE,space=0,noexec
    41                           	psect	config,class=CONFIG,delta=1,noexec
    42                           	psect	idloc,class=IDLOC,delta=1,noexec
    43                           	psect	const,class=CODE,delta=1,reloc=2,noexec
    44                           	psect	smallconst,class=SMALLCONST,delta=1,reloc=2,noexec
    45                           	psect	mediumconst,class=MEDIUMCONST,delta=1,reloc=2,noexec
    46                           	psect	rbss,class=COMRAM,space=1,noexec
    47                           	psect	bss,class=RAM,space=1,noexec
    48                           	psect	rdata,class=COMRAM,space=1,noexec
    49                           	psect	irdata,class=CODE,space=0,reloc=2,noexec
    50                           	psect	bss,class=RAM,space=1,noexec
    51                           	psect	data,class=RAM,space=1,noexec
    52                           	psect	idata,class=CODE,space=0,reloc=2,noexec
    53                           	psect	nvrram,class=COMRAM,space=1,noexec
    54                           	psect	nvbit,class=COMRAM,bit,space=1,noexec
    55                           	psect	temp,ovrld,class=COMRAM,space=1,noexec
    56                           	psect	struct,ovrld,class=COMRAM,space=1,noexec
    57                           	psect	rbit,class=COMRAM,bit,space=1,noexec
    58                           	psect	bigbss,class=BIGRAM,space=1,noexec
    59                           	psect	bigdata,class=BIGRAM,space=1,noexec
    60                           	psect	ibigdata,class=CODE,space=0,reloc=2,noexec
    61                           	psect	farbss,class=FARRAM,space=0,reloc=2,delta=1,noexec
    62                           	psect	nvFARRAM,class=FARRAM,space=0,reloc=2,delta=1,noexec
    63                           	psect	fardata,class=FARRAM,space=0,reloc=2,delta=1,noexec
    64                           	psect	ifardata,class=CODE,space=0,reloc=2,delta=1,noexec
    65                           
    66                           	psect	reset_vec,class=CODE,delta=1,reloc=2
    67                           	psect	powerup,class=CODE,delta=1,reloc=2
    68                           	psect	intcode,class=CODE,delta=1,reloc=2
    69                           	psect	intcode_body,class=CODE,delta=1,reloc=2
    70                           	psect	intcodelo,class=CODE,delta=1,reloc=2
    71                           	psect	intret,class=CODE,delta=1,reloc=2
    72                           	psect	intentry,class=CODE,delta=1,reloc=2
    73                           
    74                           	psect	intsave_regs,class=BIGRAM,space=1
    75                           	psect	init,class=CODE,delta=1,reloc=2
    76                           	psect	text,class=CODE,delta=1,reloc=2
    77                           GLOBAL	intlevel0,intlevel1,intlevel2
    78                           intlevel0:
    79  000000                     intlevel1:
    80  000000                     intlevel2:
    81  000000                     GLOBAL	intlevel3
    82                           intlevel3:
    83  000000                     	psect	end_init,class=CODE,delta=1,reloc=2
    84                           	psect	clrtext,class=CODE,delta=1,reloc=2
    85                           
    86                           	psect	smallconst
    87                           	GLOBAL	__smallconst
    88                           __smallconst:
    89  000F00                     	psect	mediumconst
    90                           	GLOBAL	__mediumconst
    91                           __mediumconst:
    92  000000                     wreg	EQU	0FE8h
    93  0000                     fsr0l	EQU	0FE9h
    94  0000                     fsr0h	EQU	0FEAh
    95  0000                     fsr1l	EQU	0FE1h
    96  0000                     fsr1h	EQU	0FE2h
    97  0000                     fsr2l	EQU	0FD9h
    98  0000                     fsr2h	EQU	0FDAh
    99  0000                     postinc0	EQU	0FEEh
   100  0000                     postdec0	EQU	0FEDh
   101  0000                     postinc1	EQU	0FE6h
   102  0000                     postdec1	EQU	0FE5h
   103  0000                     postinc2	EQU	0FDEh
   104  0000                     postdec2	EQU	0FDDh
   105  0000                     tblptrl	EQU	0FF6h
   106  0000                     tblptrh	EQU	0FF7h
   107  0000                     tblptru	EQU	0FF8h
   108  0000                     tablat		EQU	0FF5h
   109  0000                     
   110                           	PSECT	ramtop,class=RAM,noexec
   111                           	GLOBAL	__S1			; top of RAM usage
   112                           	GLOBAL	__ramtop
   113                           	GLOBAL	__LRAM,__HRAM
   114                           __ramtop:
   115  000F00                     
   116                           	psect	reset_vec
   117                           reset_vec:
   118  000000                     	; No powerup routine
   119                           	; No interrupt routine
   120                           	GLOBAL __accesstop
   121                           __accesstop EQU 96
   122  0000                     
   123                           
   124                           	psect	init
   125                           start:
   126  000000                     
   127                           ;Initialize the stack pointer (FSR1)
   128                           	global stacklo, stackhi
   129                           	stacklo	equ	08ACh
   130  0000                     	stackhi	equ	0EBFh
   131  0000                     
   132                           
   133                           	psect	stack,class=STACK,space=2,noexec
   134                           	global ___sp,___inthi_sp,___intlo_sp
   135                           ___sp:
   136  000000                     ___inthi_sp:
   137  000000                     ___intlo_sp:
   138  000000                     
   139                           	psect	end_init
   140                           	global start_initialization
   141                           	goto start_initialization	;jump to C runtime clear & initialization
   142  000000  EF68  F006         
   143                           ; Config register CONFIG1L @ 0xFFF8
   144                           ;	PLL Prescaler Selection bits
   145                           ;	PLLDIV = 3, Divide by 3 (12 MHz oscillator input)
   146                           ;	Stack Overflow/Underflow Reset
   147                           ;	STVREN = ON, Enabled
   148                           ;	Background Debug
   149                           ;	DEBUG = 0x1, unprogrammed default
   150                           ;	Watchdog Timer
   151                           ;	WDTEN = OFF, Disabled - Controlled by SWDTEN bit
   152                           ;	Extended Instruction Set
   153                           ;	XINST = OFF, Disabled
   154                           
   155                           	psect	config,class=CONFIG,delta=1,noexec
   156                           		org 0x0
   157  00FFF8                     		db 0xAA
   158  00FFF8  AA                 
   159                           ; Config register CONFIG1H @ 0xFFF9
   160                           ;	Code Protect
   161                           ;	CP0 = OFF, Program memory is not code-protected
   162                           ;	CPU System Clock Postscaler
   163                           ;	CPUDIV = OSC1, No CPU system clock divide
   164                           
   165                           	psect	config,class=CONFIG,delta=1,noexec
   166                           		org 0x1
   167  00FFF9                     		db 0xF7
   168  00FFF9  F7                 
   169                           ; Config register CONFIG2L @ 0xFFFA
   170                           ;	T1OSCEN Enforcement
   171                           ;	T1DIG = OFF, Secondary Oscillator clock source may not be selected
   172                           ;	Oscillator
   173                           ;	OSC = HSPLL, HS+PLL, USB-HS+PLL
   174                           ;	Fail-Safe Clock Monitor
   175                           ;	FCMEN = OFF, Disabled
   176                           ;	Internal External Oscillator Switch Over Mode
   177                           ;	IESO = OFF, Disabled
   178                           ;	Low-Power Timer1 Oscillator
   179                           ;	LPT1OSC = OFF, High-power operation
   180                           
   181                           	psect	config,class=CONFIG,delta=1,noexec
   182                           		org 0x2
   183  00FFFA                     		db 0x15
   184  00FFFA  15                 
   185                           ; Config register CONFIG2H @ 0xFFFB
   186                           ;	Watchdog Postscaler
   187                           ;	WDTPS = 32768, 1:32768
   188                           
   189                           	psect	config,class=CONFIG,delta=1,noexec
   190                           		org 0x3
   191  00FFFB                     		db 0xFF
   192  00FFFB  FF                 
   193                           ; Config register CONFIG3L @ 0xFFFC
   194                           ;	Deep Sleep BOR
   195                           ;	DSBOREN = OFF, Disabled
   196                           ;	Deep Sleep Watchdog Postscaler
   197                           ;	DSWDTPS = 8192, 1:8,192 (8.5 seconds)
   198                           ;	DSWDT Clock Select
   199                           ;	DSWDTOSC = INTOSCREF, DSWDT uses INTRC
   200                           ;	Deep Sleep Watchdog Timer
   201                           ;	DSWDTEN = OFF, Disabled
   202                           ;	RTCC Clock Select
   203                           ;	RTCOSC = T1OSCREF, RTCC uses T1OSC/T1CKI
   204                           
   205                           	psect	config,class=CONFIG,delta=1,noexec
   206                           		org 0x4
   207  00FFFC                     		db 0x63
   208  00FFFC  63                 
   209                           ; Config register CONFIG3H @ 0xFFFD
   210                           ;	IOLOCK One-Way Set Enable bit
   211                           ;	IOL1WAY = OFF, The IOLOCK bit (PPSCON<0>) can be set and cleared as needed
   212                           ;	MSSP address masking
   213                           ;	MSSP7B_EN = MSK7, 7 Bit address masking mode
   214                           
   215                           	psect	config,class=CONFIG,delta=1,noexec
   216                           		org 0x5
   217  00FFFD                     		db 0xF8
   218  00FFFD  F8                 
   219                           ; Config register CONFIG4L @ 0xFFFE
   220                           ;	Write/Erase Protect Page Start/End Location
   221                           ;	WPFP = PAGE_1, Write Protect Program Flash Page 1
   222                           ;	Write/Erase Protect Configuration Region
   223                           ;	WPCFG = OFF, Configuration Words page not erase/write-protected
   224                           ;	Write/Erase Protect Region Select (valid when WPDIS = 0)
   225                           ;	WPEND = PAGE_0, Page 0 through WPFP<5:0> erase/write protected
   226                           
   227                           	psect	config,class=CONFIG,delta=1,noexec
   228                           		org 0x6
   229  00FFFE                     		db 0x81
   230  00FFFE  81                 
   231                           ; Config register CONFIG4H @ 0xFFFF
   232                           ;	Write Protect Disable bit
   233                           ;	WPDIS = OFF, WPFP<5:0>/WPEND region ignored
   234                           
   235                           	psect	config,class=CONFIG,delta=1,noexec
   236                           		org 0x7
   237  00FFFF                     		db 0xF1
   238  00FFFF  F1                 


Microchip Technology PIC18 Macro Assembler V1.35 build -356382666 
Symbol Table                                                                                               Tue Nov 10 13:20:58 2015

                __S1 08AC                 ___sp 0000                 _main 09C4                 start 0000  
              __HRAM 0000                __LRAM 0001         __mediumconst 0000               stackhi 000EBF  
             stacklo 0008AC           __accesstop 000060           ___inthi_sp 0000           ___intlo_sp 0000  
            __ramtop 0F00  start_initialization 0CD0          __smallconst 0F00             intlevel0 0000  
           intlevel1 0000             intlevel2 0000             intlevel3 0000             reset_vec 0000  
