

Microchip Technology PIC LITE Macro Assembler V1.35 build -356382666 
                                                                                               Mon Nov 16 18:58:39 2015

Microchip Technology Omniscient Code Generator v1.35 (Free mode) build 201507080246
     1                           	processor	16F1827
     2                           	opt	pw 120
     3                           	opt	lm
     4                           	psect	cinit,global,class=CODE,merge=1,delta=2
     5                           	psect	cstackCOMMON,global,class=COMMON,space=1,delta=1
     6                           	psect	maintext,global,class=CODE,merge=1,split=1,delta=2
     7                           	psect	text1,local,class=CODE,merge=1,delta=2
     8                           	dabs	1,0x7E,2
     9  0000                     	;# 
    10  0001                     	;# 
    11  0002                     	;# 
    12  0003                     	;# 
    13  0004                     	;# 
    14  0005                     	;# 
    15  0006                     	;# 
    16  0007                     	;# 
    17  0008                     	;# 
    18  0009                     	;# 
    19  000A                     	;# 
    20  000B                     	;# 
    21  000C                     	;# 
    22  000D                     	;# 
    23  0011                     	;# 
    24  0012                     	;# 
    25  0013                     	;# 
    26  0014                     	;# 
    27  0015                     	;# 
    28  0016                     	;# 
    29  0016                     	;# 
    30  0017                     	;# 
    31  0018                     	;# 
    32  0019                     	;# 
    33  001A                     	;# 
    34  001B                     	;# 
    35  001C                     	;# 
    36  001E                     	;# 
    37  001F                     	;# 
    38  008C                     	;# 
    39  008D                     	;# 
    40  0091                     	;# 
    41  0092                     	;# 
    42  0093                     	;# 
    43  0094                     	;# 
    44  0095                     	;# 
    45  0096                     	;# 
    46  0097                     	;# 
    47  0098                     	;# 
    48  0099                     	;# 
    49  009A                     	;# 
    50  009B                     	;# 
    51  009B                     	;# 
    52  009C                     	;# 
    53  009D                     	;# 
    54  009E                     	;# 
    55  010C                     	;# 
    56  010D                     	;# 
    57  0111                     	;# 
    58  0112                     	;# 
    59  0113                     	;# 
    60  0114                     	;# 
    61  0115                     	;# 
    62  0116                     	;# 
    63  0117                     	;# 
    64  0118                     	;# 
    65  0119                     	;# 
    66  011A                     	;# 
    67  011B                     	;# 
    68  011D                     	;# 
    69  011E                     	;# 
    70  018C                     	;# 
    71  018D                     	;# 
    72  0191                     	;# 
    73  0191                     	;# 
    74  0192                     	;# 
    75  0193                     	;# 
    76  0193                     	;# 
    77  0193                     	;# 
    78  0194                     	;# 
    79  0195                     	;# 
    80  0196                     	;# 
    81  0199                     	;# 
    82  019A                     	;# 
    83  019B                     	;# 
    84  019B                     	;# 
    85  019B                     	;# 
    86  019B                     	;# 
    87  019C                     	;# 
    88  019C                     	;# 
    89  019D                     	;# 
    90  019E                     	;# 
    91  019F                     	;# 
    92  020C                     	;# 
    93  020D                     	;# 
    94  0211                     	;# 
    95  0211                     	;# 
    96  0212                     	;# 
    97  0212                     	;# 
    98  0213                     	;# 
    99  0213                     	;# 
   100  0214                     	;# 
   101  0214                     	;# 
   102  0215                     	;# 
   103  0215                     	;# 
   104  0215                     	;# 
   105  0216                     	;# 
   106  0216                     	;# 
   107  0217                     	;# 
   108  0217                     	;# 
   109  0219                     	;# 
   110  021A                     	;# 
   111  021B                     	;# 
   112  021C                     	;# 
   113  021D                     	;# 
   114  021E                     	;# 
   115  021F                     	;# 
   116  0291                     	;# 
   117  0291                     	;# 
   118  0292                     	;# 
   119  0293                     	;# 
   120  0294                     	;# 
   121  0295                     	;# 
   122  0295                     	;# 
   123  0296                     	;# 
   124  0298                     	;# 
   125  0298                     	;# 
   126  0299                     	;# 
   127  029A                     	;# 
   128  029B                     	;# 
   129  029C                     	;# 
   130  029C                     	;# 
   131  029D                     	;# 
   132  029E                     	;# 
   133  029E                     	;# 
   134  0311                     	;# 
   135  0311                     	;# 
   136  0312                     	;# 
   137  0313                     	;# 
   138  0318                     	;# 
   139  0318                     	;# 
   140  0319                     	;# 
   141  031A                     	;# 
   142  0394                     	;# 
   143  0395                     	;# 
   144  0396                     	;# 
   145  039A                     	;# 
   146  039C                     	;# 
   147  039D                     	;# 
   148  039E                     	;# 
   149  039F                     	;# 
   150  0415                     	;# 
   151  0416                     	;# 
   152  0417                     	;# 
   153  041C                     	;# 
   154  041D                     	;# 
   155  041E                     	;# 
   156  0FE4                     	;# 
   157  0FE5                     	;# 
   158  0FE6                     	;# 
   159  0FE7                     	;# 
   160  0FE8                     	;# 
   161  0FE9                     	;# 
   162  0FEA                     	;# 
   163  0FEB                     	;# 
   164  0FED                     	;# 
   165  0FEE                     	;# 
   166  0FEF                     	;# 
   167  001B                     _PR2	set	27
   168  001C                     _T2CON	set	28
   169  0099                     _OSCCON	set	153
   170  008C                     _TRISA	set	140
   171  008D                     _TRISB	set	141
   172  018C                     _ANSELA	set	396
   173  018D                     _ANSELB	set	397
   174  029A                     _CCP2CON	set	666
   175  0298                     _CCPR2L	set	664
   176  029E                     _CCPTMRS	set	670
   177  0313                     _CCP3CON	set	787
   178  031A                     _CCP4CON	set	794
   179  0311                     _CCPR3L	set	785
   180  0318                     _CCPR4L	set	792
   181                           
   182                           ; #config settings
   183  0000                     
   184                           	psect	cinit
   185  07FD                     start_initialization:	
   186  07FD                     __initialization:	
   187  07FD                     end_of_initialization:	
   188                           ;End of C runtime variable initialization code
   189                           
   190  07FD                     __end_of__initialization:	
   191  07FD  0020               	movlb	0
   192  07FE  3187  2F3E         	ljmp	_main	;jump to C main() function
   193                           
   194                           	psect	cstackCOMMON
   195  0070                     __pcstackCOMMON:	
   196  0070                     ?_delay_ms:	
   197  0070                     delay_ms@i:	
   198                           ; 2 bytes @ 0x0
   199                           
   200                           
   201                           ; 2 bytes @ 0x0
   202  0070                     	ds	2
   203  0072                     ??_delay_ms:	
   204                           
   205                           ; 0 bytes @ 0x2
   206  0072                     	ds	2
   207  0074                     ?_main:	
   208  0074                     main@argc:	
   209                           ; 2 bytes @ 0x4
   210                           
   211                           
   212                           ; 2 bytes @ 0x4
   213  0074                     	ds	2
   214  0076                     main@argv:	
   215                           
   216                           ; 2 bytes @ 0x6
   217  0076                     	ds	2
   218  0078                     ??_main:	
   219                           
   220                           ; 0 bytes @ 0x8
   221  0078                     	ds	3
   222  007B                     main@d1:	
   223                           
   224                           ; 2 bytes @ 0xB
   225  007B                     	ds	2
   226                           
   227                           	psect	maintext
   228  073E                     __pmaintext:	
   229 ;;
   230 ;;Main: autosize = 0, tempsize = 3, incstack = 0, save=0
   231 ;;
   232 ;; *************** function _main *****************
   233 ;; Defined at:
   234 ;;		line 38 in file "PIC16F1827-RGB01.c"
   235 ;; Parameters:    Size  Location     Type
   236 ;;  argc            2    4[COMMON] int 
   237 ;;  argv            2    6[COMMON] PTR PTR unsigned char 
   238 ;; Auto vars:     Size  Location     Type
   239 ;;  d1              2   11[COMMON] int 
   240 ;; Return value:  Size  Location     Type
   241 ;;                  2    4[COMMON] int 
   242 ;; Registers used:
   243 ;;		wreg, status,2, status,0, pclath, cstack
   244 ;; Tracked objects:
   245 ;;		On entry : B1F/0
   246 ;;		On exit  : 0/0
   247 ;;		Unchanged: 0/0
   248 ;; Data sizes:     COMMON   BANK0   BANK1   BANK2   BANK3   BANK4
   249 ;;      Params:         4       0       0       0       0       0
   250 ;;      Locals:         2       0       0       0       0       0
   251 ;;      Temps:          3       0       0       0       0       0
   252 ;;      Totals:         9       0       0       0       0       0
   253 ;;Total ram usage:        9 bytes
   254 ;; Hardware stack levels required when called:    1
   255 ;; This function calls:
   256 ;;		_delay_ms
   257 ;; This function is called by:
   258 ;;		Startup code after reset
   259 ;; This function uses a non-reentrant model
   260 ;;
   261                           
   262                           
   263                           ;psect for function _main
   264  073E                     _main:	
   265                           
   266                           ;PIC16F1827-RGB01.c: 39: OSCCON = 0x70;
   267                           
   268                           ;incstack = 0
   269                           ; Regs used in _main: [wreg+status,2+status,0+pclath+cstack]
   270  073E  3070               	movlw	112
   271  073F  0021               	movlb	1	; select bank1
   272  0740  0099               	movwf	25	;volatile
   273                           
   274                           ;PIC16F1827-RGB01.c: 40: TRISA = 0x00;
   275  0741  018C               	clrf	12	;volatile
   276                           
   277                           ;PIC16F1827-RGB01.c: 41: TRISB = 0x00;
   278  0742  018D               	clrf	13	;volatile
   279                           
   280                           ;PIC16F1827-RGB01.c: 42: ANSELA = 0x00;
   281  0743  0023               	movlb	3	; select bank3
   282  0744  018C               	clrf	12	;volatile
   283                           
   284                           ;PIC16F1827-RGB01.c: 43: ANSELB = 0x00;
   285  0745  018D               	clrf	13	;volatile
   286                           
   287                           ;PIC16F1827-RGB01.c: 44: CCPTMRS = 0x00;
   288  0746  0025               	movlb	5	; select bank5
   289  0747  019E               	clrf	30	;volatile
   290                           
   291                           ;PIC16F1827-RGB01.c: 45: CCP2CON = 0x0A;
   292  0748  300A               	movlw	10
   293  0749  009A               	movwf	26	;volatile
   294                           
   295                           ;PIC16F1827-RGB01.c: 46: CCP3CON = 0x0A;
   296  074A  300A               	movlw	10
   297  074B  0026               	movlb	6	; select bank6
   298  074C  0093               	movwf	19	;volatile
   299                           
   300                           ;PIC16F1827-RGB01.c: 47: CCP4CON = 0x0A;
   301  074D  300A               	movlw	10
   302  074E  009A               	movwf	26	;volatile
   303                           
   304                           ;PIC16F1827-RGB01.c: 48: T2CON = 0x06;
   305  074F  3006               	movlw	6
   306  0750  0020               	movlb	0	; select bank0
   307  0751  009C               	movwf	28	;volatile
   308                           
   309                           ;PIC16F1827-RGB01.c: 49: PR2 = 255;
   310  0752  30FF               	movlw	255
   311  0753  009B               	movwf	27	;volatile
   312                           
   313                           ;PIC16F1827-RGB01.c: 50: CCPR2L = 0x00;
   314  0754  0025               	movlb	5	; select bank5
   315  0755  0198               	clrf	24	;volatile
   316                           
   317                           ;PIC16F1827-RGB01.c: 51: CCP2CON = 0b00001100;
   318  0756  300C               	movlw	12
   319  0757  009A               	movwf	26	;volatile
   320                           
   321                           ;PIC16F1827-RGB01.c: 52: CCPR3L = 0x00;
   322  0758  0026               	movlb	6	; select bank6
   323  0759  0191               	clrf	17	;volatile
   324                           
   325                           ;PIC16F1827-RGB01.c: 53: CCP3CON = 0b00001100;
   326  075A  300C               	movlw	12
   327  075B  0093               	movwf	19	;volatile
   328                           
   329                           ;PIC16F1827-RGB01.c: 54: CCPR4L = 0x00;
   330  075C  0198               	clrf	24	;volatile
   331                           
   332                           ;PIC16F1827-RGB01.c: 55: CCP4CON = 0b00001100;
   333  075D  300C               	movlw	12
   334  075E  009A               	movwf	26	;volatile
   335                           
   336                           ;PIC16F1827-RGB01.c: 57: int d1 = 10;
   337  075F  300A               	movlw	10
   338  0760  00FB               	movwf	main@d1
   339  0761  3000               	movlw	0
   340  0762  00FC               	movwf	main@d1+1
   341  0763                     l633:	
   342                           ;PIC16F1827-RGB01.c: 59: while (1) {
   343                           
   344                           
   345                           ;PIC16F1827-RGB01.c: 60: CCPR2L = 0xFF;
   346  0763  30FF               	movlw	255
   347  0764  0025               	movlb	5	; select bank5
   348  0765  0098               	movwf	24	;volatile
   349                           
   350                           ;PIC16F1827-RGB01.c: 61: CCPR3L = 0x00;
   351  0766  0026               	movlb	6	; select bank6
   352  0767  0191               	clrf	17	;volatile
   353                           
   354                           ;PIC16F1827-RGB01.c: 62: CCPR4L = 0x00;
   355  0768  0198               	clrf	24	;volatile
   356                           
   357                           ;PIC16F1827-RGB01.c: 63: _delay((unsigned long)((200)*(32000000/4000.0)));
   358  0769  3009               	movlw	9
   359  076A  00FA               	movwf	??_main+2
   360  076B  301E               	movlw	30
   361  076C  00F9               	movwf	??_main+1
   362  076D  30EB               	movlw	235
   363  076E  00F8               	movwf	??_main
   364  076F                     u137:	
   365  076F  0BF8               	decfsz	??_main,f
   366  0770  2F6F               	goto	u137
   367  0771  0BF9               	decfsz	??_main+1,f
   368  0772  2F6F               	goto	u137
   369  0773  0BFA               	decfsz	??_main+2,f
   370  0774  2F6F               	goto	u137
   371  0775  0000               	nop
   372  0776                     l641:	
   373                           ;PIC16F1827-RGB01.c: 64: while (CCPR3L != 0xFF) {
   374                           
   375  0776  0026               	movlb	6	; select bank6
   376  0777  0A11               	incf	17,w	;volatile
   377  0778  1903               	btfsc	3,2
   378  0779  2F8A               	goto	l643
   379                           
   380                           ;PIC16F1827-RGB01.c: 65: CCPR2L--;
   381  077A  3001               	movlw	1
   382  077B  0025               	movlb	5	; select bank5
   383  077C  0298               	subwf	24,f	;volatile
   384                           
   385                           ;PIC16F1827-RGB01.c: 66: CCPR3L++;
   386  077D  3001               	movlw	1
   387  077E  00F8               	movwf	??_main
   388  077F  0878               	movf	??_main,w
   389  0780  0026               	movlb	6	; select bank6
   390  0781  0791               	addwf	17,f	;volatile
   391                           
   392                           ;PIC16F1827-RGB01.c: 67: delay_ms(d1);
   393  0782  087C               	movf	main@d1+1,w
   394  0783  00F1               	movwf	delay_ms@i+1
   395  0784  087B               	movf	main@d1,w
   396  0785  00F0               	movwf	delay_ms@i
   397  0786  3187  272C  3187   	fcall	_delay_ms
   398  0789  2F76               	goto	l641
   399  078A                     l643:	
   400                           
   401                           ;PIC16F1827-RGB01.c: 68: }
   402                           ;PIC16F1827-RGB01.c: 69: _delay((unsigned long)((200)*(32000000/4000.0)));
   403  078A  3009               	movlw	9
   404  078B  00FA               	movwf	??_main+2
   405  078C  301E               	movlw	30
   406  078D  00F9               	movwf	??_main+1
   407  078E  30EB               	movlw	235
   408  078F  00F8               	movwf	??_main
   409  0790                     u147:	
   410  0790  0BF8               	decfsz	??_main,f
   411  0791  2F90               	goto	u147
   412  0792  0BF9               	decfsz	??_main+1,f
   413  0793  2F90               	goto	u147
   414  0794  0BFA               	decfsz	??_main+2,f
   415  0795  2F90               	goto	u147
   416  0796  0000               	nop
   417  0797                     l649:	
   418                           ;PIC16F1827-RGB01.c: 70: while (CCPR4L != 0xFF) {
   419                           
   420  0797  0026               	movlb	6	; select bank6
   421  0798  0A18               	incf	24,w	;volatile
   422  0799  1903               	btfsc	3,2
   423  079A  2FAA               	goto	l651
   424                           
   425                           ;PIC16F1827-RGB01.c: 71: CCPR3L--;
   426  079B  3001               	movlw	1
   427  079C  0026               	movlb	6	; select bank6
   428  079D  0291               	subwf	17,f	;volatile
   429                           
   430                           ;PIC16F1827-RGB01.c: 72: CCPR4L++;
   431  079E  3001               	movlw	1
   432  079F  00F8               	movwf	??_main
   433  07A0  0878               	movf	??_main,w
   434  07A1  0798               	addwf	24,f	;volatile
   435                           
   436                           ;PIC16F1827-RGB01.c: 73: delay_ms(d1);
   437  07A2  087C               	movf	main@d1+1,w
   438  07A3  00F1               	movwf	delay_ms@i+1
   439  07A4  087B               	movf	main@d1,w
   440  07A5  00F0               	movwf	delay_ms@i
   441  07A6  3187  272C  3187   	fcall	_delay_ms
   442  07A9  2F97               	goto	l649
   443  07AA                     l651:	
   444                           
   445                           ;PIC16F1827-RGB01.c: 74: }
   446                           ;PIC16F1827-RGB01.c: 75: _delay((unsigned long)((200)*(32000000/4000.0)));
   447  07AA  3009               	movlw	9
   448  07AB  00FA               	movwf	??_main+2
   449  07AC  301E               	movlw	30
   450  07AD  00F9               	movwf	??_main+1
   451  07AE  30EB               	movlw	235
   452  07AF  00F8               	movwf	??_main
   453  07B0                     u157:	
   454  07B0  0BF8               	decfsz	??_main,f
   455  07B1  2FB0               	goto	u157
   456  07B2  0BF9               	decfsz	??_main+1,f
   457  07B3  2FB0               	goto	u157
   458  07B4  0BFA               	decfsz	??_main+2,f
   459  07B5  2FB0               	goto	u157
   460  07B6  0000               	nop
   461  07B7                     l657:	
   462                           ;PIC16F1827-RGB01.c: 76: while (CCPR2L != 0xFF) {
   463                           
   464  07B7  0025               	movlb	5	; select bank5
   465  07B8  0A18               	incf	24,w	;volatile
   466  07B9  1903               	btfsc	3,2
   467  07BA  2FDB               	goto	l663
   468                           
   469                           ;PIC16F1827-RGB01.c: 77: CCPR4L--;
   470  07BB  3001               	movlw	1
   471  07BC  0026               	movlb	6	; select bank6
   472  07BD  0298               	subwf	24,f	;volatile
   473                           
   474                           ;PIC16F1827-RGB01.c: 78: CCPR2L++;
   475  07BE  3001               	movlw	1
   476  07BF  00F8               	movwf	??_main
   477  07C0  0878               	movf	??_main,w
   478  07C1  0025               	movlb	5	; select bank5
   479  07C2  0798               	addwf	24,f	;volatile
   480                           
   481                           ;PIC16F1827-RGB01.c: 79: delay_ms(d1);
   482  07C3  087C               	movf	main@d1+1,w
   483  07C4  00F1               	movwf	delay_ms@i+1
   484  07C5  087B               	movf	main@d1,w
   485  07C6  00F0               	movwf	delay_ms@i
   486  07C7  3187  272C  3187   	fcall	_delay_ms
   487  07CA  2FB7               	goto	l657
   488  07CB                     l659:	
   489                           ;PIC16F1827-RGB01.c: 80: }
   490                           ;PIC16F1827-RGB01.c: 82: while (CCPR3L != 0xFF) {
   491                           
   492                           
   493                           ;PIC16F1827-RGB01.c: 83: CCPR3L++;
   494  07CB  3001               	movlw	1
   495  07CC  00F8               	movwf	??_main
   496  07CD  0878               	movf	??_main,w
   497  07CE  0026               	movlb	6	; select bank6
   498  07CF  0791               	addwf	17,f	;volatile
   499                           
   500                           ;PIC16F1827-RGB01.c: 84: CCPR4L++;
   501  07D0  3001               	movlw	1
   502  07D1  00F8               	movwf	??_main
   503  07D2  0878               	movf	??_main,w
   504  07D3  0798               	addwf	24,f	;volatile
   505                           
   506                           ;PIC16F1827-RGB01.c: 85: delay_ms(d1);
   507  07D4  087C               	movf	main@d1+1,w
   508  07D5  00F1               	movwf	delay_ms@i+1
   509  07D6  087B               	movf	main@d1,w
   510  07D7  00F0               	movwf	delay_ms@i
   511  07D8  3187  272C  3187   	fcall	_delay_ms
   512  07DB                     l663:	
   513  07DB  0026               	movlb	6	; select bank6
   514  07DC  0A11               	incf	17,w	;volatile
   515  07DD  1D03               	btfss	3,2
   516  07DE  2FCB               	goto	l659
   517                           
   518                           ;PIC16F1827-RGB01.c: 86: }
   519                           ;PIC16F1827-RGB01.c: 87: _delay((unsigned long)((200)*(32000000/4000.0)));
   520  07DF  3009               	movlw	9
   521  07E0  00FA               	movwf	??_main+2
   522  07E1  301E               	movlw	30
   523  07E2  00F9               	movwf	??_main+1
   524  07E3  30EB               	movlw	235
   525  07E4  00F8               	movwf	??_main
   526  07E5                     u167:	
   527  07E5  0BF8               	decfsz	??_main,f
   528  07E6  2FE5               	goto	u167
   529  07E7  0BF9               	decfsz	??_main+1,f
   530  07E8  2FE5               	goto	u167
   531  07E9  0BFA               	decfsz	??_main+2,f
   532  07EA  2FE5               	goto	u167
   533  07EB  0000               	nop
   534  07EC                     l671:	
   535                           ;PIC16F1827-RGB01.c: 88: while (CCPR3L) {
   536                           
   537  07EC  0026               	movlb	6	; select bank6
   538  07ED  0811               	movf	17,w	;volatile
   539  07EE  1903               	btfsc	3,2
   540  07EF  2F63               	goto	l633
   541                           
   542                           ;PIC16F1827-RGB01.c: 89: CCPR3L--;
   543  07F0  3001               	movlw	1
   544  07F1  0026               	movlb	6	; select bank6
   545  07F2  0291               	subwf	17,f	;volatile
   546                           
   547                           ;PIC16F1827-RGB01.c: 90: CCPR4L--;
   548  07F3  3001               	movlw	1
   549  07F4  0298               	subwf	24,f	;volatile
   550                           
   551                           ;PIC16F1827-RGB01.c: 91: delay_ms(d1);
   552  07F5  087C               	movf	main@d1+1,w
   553  07F6  00F1               	movwf	delay_ms@i+1
   554  07F7  087B               	movf	main@d1,w
   555  07F8  00F0               	movwf	delay_ms@i
   556  07F9  3187  272C  3187   	fcall	_delay_ms
   557  07FC  2FEC               	goto	l671
   558  07FD                     __end_of_main:	
   559                           ;PIC16F1827-RGB01.c: 92: }
   560                           ;PIC16F1827-RGB01.c: 93: }
   561                           ;PIC16F1827-RGB01.c: 94: return 0;
   562                           ;	Return value of _main is never used
   563                           
   564                           
   565                           	psect	text1
   566  072C                     __ptext1:	
   567 ;; *************** function _delay_ms *****************
   568 ;; Defined at:
   569 ;;		line 31 in file "PIC16F1827-RGB01.c"
   570 ;; Parameters:    Size  Location     Type
   571 ;;  i               2    0[COMMON] int 
   572 ;; Auto vars:     Size  Location     Type
   573 ;;		None
   574 ;; Return value:  Size  Location     Type
   575 ;;                  2    0[COMMON] int 
   576 ;; Registers used:
   577 ;;		wreg, status,2, status,0
   578 ;; Tracked objects:
   579 ;;		On entry : 0/0
   580 ;;		On exit  : 0/0
   581 ;;		Unchanged: 0/0
   582 ;; Data sizes:     COMMON   BANK0   BANK1   BANK2   BANK3   BANK4
   583 ;;      Params:         2       0       0       0       0       0
   584 ;;      Locals:         0       0       0       0       0       0
   585 ;;      Temps:          2       0       0       0       0       0
   586 ;;      Totals:         4       0       0       0       0       0
   587 ;;Total ram usage:        4 bytes
   588 ;; Hardware stack levels used:    1
   589 ;; This function calls:
   590 ;;		Nothing
   591 ;; This function is called by:
   592 ;;		_main
   593 ;; This function uses a non-reentrant model
   594 ;;
   595                           
   596                           
   597                           ;psect for function _delay_ms
   598  072C                     _delay_ms:	
   599  072C                     l599:	
   600                           ;PIC16F1827-RGB01.c: 32: while (i) {
   601                           
   602                           ;incstack = 0
   603                           ; Regs used in _delay_ms: [wreg+status,2+status,0]
   604                           
   605  072C  0870               	movf	delay_ms@i,w
   606  072D  0471               	iorwf	delay_ms@i+1,w
   607  072E  1903               	btfsc	3,2
   608  072F  0008               	return
   609                           
   610                           ;PIC16F1827-RGB01.c: 33: _delay((unsigned long)((1)*(32000000/4000.0)));
   611  0730  300B               	movlw	11
   612  0731  00F3               	movwf	??_delay_ms+1
   613  0732  3062               	movlw	98
   614  0733  00F2               	movwf	??_delay_ms
   615  0734                     u177:	
   616  0734  0BF2               	decfsz	??_delay_ms,f
   617  0735  2F34               	goto	u177
   618  0736  0BF3               	decfsz	??_delay_ms+1,f
   619  0737  2F34               	goto	u177
   620  0738  0000               	nop
   621                           
   622                           ;PIC16F1827-RGB01.c: 34: i--;
   623  0739  30FF               	movlw	255
   624  073A  07F0               	addwf	delay_ms@i,f
   625  073B  30FF               	movlw	255
   626  073C  3DF1               	addwfc	delay_ms@i+1,f
   627  073D  2F2C               	goto	l599
   628  073E                     __end_of_delay_ms:	
   629  007E                     btemp	set	126	;btemp
   630  007E                     wtemp	set	126
   631  007E                     wtemp0	set	126
   632  0080                     wtemp1	set	128
   633  0082                     wtemp2	set	130
   634  0084                     wtemp3	set	132
   635  0086                     wtemp4	set	134
   636  0088                     wtemp5	set	136
   637  007F                     wtemp6	set	127
   638  007E                     ttemp	set	126
   639  007E                     ttemp0	set	126
   640  0081                     ttemp1	set	129
   641  0084                     ttemp2	set	132
   642  0087                     ttemp3	set	135
   643  007F                     ttemp4	set	127
   644  007E                     ltemp	set	126
   645  007E                     ltemp0	set	126
   646  0082                     ltemp1	set	130
   647  0086                     ltemp2	set	134
   648  0080                     ltemp3	set	128


Data Sizes:
    Strings     0
    Constant    0
    Data        0
    BSS         0
    Persistent  0
    Stack       0

Auto Spaces:
    Space          Size  Autos    Used
    COMMON           14     13      13
    BANK0            80      0       0
    BANK1            80      0       0
    BANK2            80      0       0
    BANK3            80      0       0
    BANK4            48      0       0

Pointer List with Targets:

    None.

Critical Paths under _main in COMMON

    _main->_delay_ms

Critical Paths under _main in BANK0

    None.

Critical Paths under _main in BANK1

    None.

Critical Paths under _main in BANK2

    None.

Critical Paths under _main in BANK3

    None.

Critical Paths under _main in BANK4

    None.

Call Graph Tables:

 ---------------------------------------------------------------------------------
 (Depth) Function   	        Calls       Base Space   Used Autos Params    Refs
 ---------------------------------------------------------------------------------
 (0) _main                                                 9     5      4     399
                                              4 COMMON     9     5      4
                           _delay_ms
 ---------------------------------------------------------------------------------
 (1) _delay_ms                                             4     2      2     288
                                              0 COMMON     4     2      2
 ---------------------------------------------------------------------------------
 Estimated maximum stack depth 1
 ---------------------------------------------------------------------------------

 Call Graph Graphs:

 _main (ROOT)
   _delay_ms

 Address spaces:
Name               Size   Autos  Total    Cost      Usage
BIGRAM             170      0       0       0        0.0%
EEDATA             100      0       0       0        0.0%
NULL                 0      0       0       0        0.0%
CODE                 0      0       0       0        0.0%
BITCOMMON            E      0       0       1        0.0%
BITSFR0              0      0       0       1        0.0%
SFR0                 0      0       0       1        0.0%
COMMON               E      D       D       2       92.9%
BITSFR1              0      0       0       2        0.0%
SFR1                 0      0       0       2        0.0%
BITSFR2              0      0       0       3        0.0%
SFR2                 0      0       0       3        0.0%
STACK                0      0       0       3        0.0%
BITSFR3              0      0       0       4        0.0%
SFR3                 0      0       0       4        0.0%
ABS                  0      0       0       4        0.0%
BITBANK0            50      0       0       5        0.0%
BITSFR4              0      0       0       5        0.0%
SFR4                 0      0       0       5        0.0%
BANK0               50      0       0       6        0.0%
BITSFR5              0      0       0       6        0.0%
SFR5                 0      0       0       6        0.0%
BITBANK1            50      0       0       7        0.0%
BITSFR6              0      0       0       7        0.0%
SFR6                 0      0       0       7        0.0%
BANK1               50      0       0       8        0.0%
BITSFR7              0      0       0       8        0.0%
SFR7                 0      0       0       8        0.0%
BITBANK2            50      0       0       9        0.0%
BITSFR8              0      0       0       9        0.0%
SFR8                 0      0       0       9        0.0%
BANK2               50      0       0      10        0.0%
BITSFR9              0      0       0      10        0.0%
SFR9                 0      0       0      10        0.0%
BITBANK3            50      0       0      11        0.0%
BITSFR10             0      0       0      11        0.0%
SFR10                0      0       0      11        0.0%
BANK3               50      0       0      12        0.0%
BITSFR11             0      0       0      12        0.0%
SFR11                0      0       0      12        0.0%
BITBANK4            30      0       0      13        0.0%
BITSFR12             0      0       0      13        0.0%
SFR12                0      0       0      13        0.0%
BANK4               30      0       0      14        0.0%
BITSFR13             0      0       0      14        0.0%
SFR13                0      0       0      14        0.0%
BITSFR14             0      0       0      15        0.0%
SFR14                0      0       0      15        0.0%
DATA                 0      0       0      15        0.0%
BITSFR15             0      0       0      16        0.0%
SFR15                0      0       0      16        0.0%
BITSFR16             0      0       0      17        0.0%
SFR16                0      0       0      17        0.0%
BITSFR17             0      0       0      18        0.0%
SFR17                0      0       0      18        0.0%
BITSFR18             0      0       0      19        0.0%
SFR18                0      0       0      19        0.0%
BITSFR19             0      0       0      20        0.0%
SFR19                0      0       0      20        0.0%
BITSFR20             0      0       0      21        0.0%
SFR20                0      0       0      21        0.0%
BITSFR21             0      0       0      22        0.0%
SFR21                0      0       0      22        0.0%
BITSFR22             0      0       0      23        0.0%
SFR22                0      0       0      23        0.0%
BITSFR23             0      0       0      24        0.0%
SFR23                0      0       0      24        0.0%
BITSFR24             0      0       0      25        0.0%
SFR24                0      0       0      25        0.0%
BITSFR25             0      0       0      26        0.0%
SFR25                0      0       0      26        0.0%
BITSFR26             0      0       0      27        0.0%
SFR26                0      0       0      27        0.0%
BITSFR27             0      0       0      28        0.0%
SFR27                0      0       0      28        0.0%
BITSFR28             0      0       0      29        0.0%
SFR28                0      0       0      29        0.0%
BITSFR29             0      0       0      30        0.0%
SFR29                0      0       0      30        0.0%
BITSFR30             0      0       0      31        0.0%
SFR30                0      0       0      31        0.0%
BITSFR31             0      0       0      32        0.0%
SFR31                0      0       0      32        0.0%


Microchip Technology PIC Macro Assembler V1.35 build -356382666 
Symbol Table                                                                                   Mon Nov 16 18:58:39 2015

            __CFG_CP$OFF 0000                      l641 0776                      l633 0763  
                    l651 07AA                      l643 078A                      l671 07EC  
                    l663 07DB                      l657 07B7                      l649 0797  
                    l659 07CB                      l599 072C                      u137 076F  
                    u147 0790                      u157 07B0                      _PR2 001B  
                    u167 07E5                      u177 0734             __CFG_CPD$OFF 0000  
           __CFG_BORV$LO 0000             __CFG_LVP$OFF 0000             __CFG_WRT$OFF 0000  
                   _main 073E                     btemp 007E            __CFG_BOREN$ON 0000  
                   ltemp 007E                     start 0002                     ttemp 007E  
                   wtemp 007E            __CFG_IESO$OFF 0000            __CFG_PLLEN$ON 0000  
                  ?_main 0074            __CFG_WDTE$OFF 0000                    _T2CON 001C  
                  _TRISA 008C                    _TRISB 008D           __CFG_FCMEN$OFF 0000  
                  ltemp0 007E                    ltemp1 0082                    ltemp2 0086  
                  ltemp3 0080                    ttemp0 007E                    ttemp1 0081  
                  ttemp2 0084                    ttemp3 0087                    ttemp4 007F  
                  status 0003                    wtemp0 007E                    wtemp1 0080  
                  wtemp2 0082                    wtemp3 0084                    wtemp4 0086  
                  wtemp5 0088                    wtemp6 007F           __CFG_MCLRE$OFF 0000  
        __initialization 07FD             __end_of_main 07FD                   ??_main 0078  
                 _CCPR2L 0298                   _CCPR3L 0311                   _CCPR4L 0318  
                 _ANSELA 018C                   _ANSELB 018D                   _OSCCON 0099  
       __end_of_delay_ms 073E           __CFG_PWRTE$OFF 0000                   main@d1 007B  
__end_of__initialization 07FD           __pcstackCOMMON 0070               __pmaintext 073E  
                _CCP2CON 029A                  _CCP3CON 0313                  _CCP4CON 031A  
                _CCPTMRS 029E                ?_delay_ms 0070          __CFG_STVREN$OFF 0000  
                __ptext1 072C               ??_delay_ms 0072     end_of_initialization 07FD  
       __CFG_FOSC$INTOSC 0000      start_initialization 07FD                ___latbits 0001  
      __size_of_delay_ms 0012                delay_ms@i 0070                 _delay_ms 072C  
          __size_of_main 00BF                 main@argc 0074                 main@argv 0076  
      __CFG_CLKOUTEN$OFF 0000  
