

Microchip Technology PIC LITE Macro Assembler V1.33 build 59893 
                                                                                               Wed Dec 03 15:16:07 2014

Microchip Technology Omniscient Code Generator (Lite mode) build 59893
     1                           	processor	16F1827
     2                           	opt	pw 120
     3                           	opt	lm
     4                           	psect	text0,local,class=CODE,merge=1,delta=2
     5                           	psect	cinit,global,class=CODE,merge=1,delta=2
     6                           	psect	bssBANK0,global,class=BANK0,space=1,delta=1
     7                           	psect	clrtext,global,class=CODE,delta=2
     8                           	psect	cstackCOMMON,global,class=COMMON,space=1,delta=1
     9                           	psect	cstackBANK0,global,class=BANK0,space=1,delta=1
    10                           	psect	maintext,global,class=CODE,merge=1,split=1,delta=2
    11                           	psect	text1,local,class=CODE,merge=1,delta=2
    12                           	psect	text2,local,class=CODE,merge=1,delta=2
    13                           	psect	intentry,global,class=CODE,delta=2
    14                           	psect	text4,local,class=CODE,merge=1,delta=2
    15                           	psect	text5,local,class=CODE,merge=1,delta=2
    16                           	psect	text6,local,class=CODE,merge=1,delta=2
    17                           	psect	text7,local,class=CODE,merge=1,delta=2
    18                           	dabs	1,0x7E,2
    19  0000                     	;# 
    20  0001                     	;# 
    21  0002                     	;# 
    22  0003                     	;# 
    23  0004                     	;# 
    24  0005                     	;# 
    25  0006                     	;# 
    26  0007                     	;# 
    27  0008                     	;# 
    28  0009                     	;# 
    29  000A                     	;# 
    30  000B                     	;# 
    31  000C                     	;# 
    32  000D                     	;# 
    33  0011                     	;# 
    34  0012                     	;# 
    35  0013                     	;# 
    36  0014                     	;# 
    37  0015                     	;# 
    38  0016                     	;# 
    39  0016                     	;# 
    40  0017                     	;# 
    41  0018                     	;# 
    42  0019                     	;# 
    43  001A                     	;# 
    44  001B                     	;# 
    45  001C                     	;# 
    46  001E                     	;# 
    47  001F                     	;# 
    48  008C                     	;# 
    49  008D                     	;# 
    50  0091                     	;# 
    51  0092                     	;# 
    52  0093                     	;# 
    53  0094                     	;# 
    54  0095                     	;# 
    55  0096                     	;# 
    56  0097                     	;# 
    57  0098                     	;# 
    58  0099                     	;# 
    59  009A                     	;# 
    60  009B                     	;# 
    61  009B                     	;# 
    62  009C                     	;# 
    63  009D                     	;# 
    64  009E                     	;# 
    65  010C                     	;# 
    66  010D                     	;# 
    67  0111                     	;# 
    68  0112                     	;# 
    69  0113                     	;# 
    70  0114                     	;# 
    71  0115                     	;# 
    72  0116                     	;# 
    73  0117                     	;# 
    74  0118                     	;# 
    75  0119                     	;# 
    76  011A                     	;# 
    77  011B                     	;# 
    78  011D                     	;# 
    79  011E                     	;# 
    80  018C                     	;# 
    81  018D                     	;# 
    82  0191                     	;# 
    83  0191                     	;# 
    84  0192                     	;# 
    85  0193                     	;# 
    86  0193                     	;# 
    87  0193                     	;# 
    88  0194                     	;# 
    89  0195                     	;# 
    90  0196                     	;# 
    91  0199                     	;# 
    92  019A                     	;# 
    93  019B                     	;# 
    94  019B                     	;# 
    95  019B                     	;# 
    96  019B                     	;# 
    97  019C                     	;# 
    98  019C                     	;# 
    99  019D                     	;# 
   100  019E                     	;# 
   101  019F                     	;# 
   102  020C                     	;# 
   103  020D                     	;# 
   104  0211                     	;# 
   105  0211                     	;# 
   106  0212                     	;# 
   107  0212                     	;# 
   108  0213                     	;# 
   109  0213                     	;# 
   110  0214                     	;# 
   111  0214                     	;# 
   112  0215                     	;# 
   113  0215                     	;# 
   114  0215                     	;# 
   115  0216                     	;# 
   116  0216                     	;# 
   117  0217                     	;# 
   118  0217                     	;# 
   119  0219                     	;# 
   120  021A                     	;# 
   121  021B                     	;# 
   122  021C                     	;# 
   123  021D                     	;# 
   124  021E                     	;# 
   125  021F                     	;# 
   126  0291                     	;# 
   127  0291                     	;# 
   128  0292                     	;# 
   129  0293                     	;# 
   130  0294                     	;# 
   131  0295                     	;# 
   132  0295                     	;# 
   133  0296                     	;# 
   134  0298                     	;# 
   135  0298                     	;# 
   136  0299                     	;# 
   137  029A                     	;# 
   138  029B                     	;# 
   139  029C                     	;# 
   140  029C                     	;# 
   141  029D                     	;# 
   142  029E                     	;# 
   143  029E                     	;# 
   144  0311                     	;# 
   145  0311                     	;# 
   146  0312                     	;# 
   147  0313                     	;# 
   148  0318                     	;# 
   149  0318                     	;# 
   150  0319                     	;# 
   151  031A                     	;# 
   152  0394                     	;# 
   153  0395                     	;# 
   154  0396                     	;# 
   155  039A                     	;# 
   156  039C                     	;# 
   157  039D                     	;# 
   158  039E                     	;# 
   159  039F                     	;# 
   160  0415                     	;# 
   161  0416                     	;# 
   162  0417                     	;# 
   163  041C                     	;# 
   164  041D                     	;# 
   165  041E                     	;# 
   166  0FE4                     	;# 
   167  0FE5                     	;# 
   168  0FE6                     	;# 
   169  0FE7                     	;# 
   170  0FE8                     	;# 
   171  0FE9                     	;# 
   172  0FEA                     	;# 
   173  0FEB                     	;# 
   174  0FED                     	;# 
   175  0FEE                     	;# 
   176  0FEF                     	;# 
   177  000B                     _INTCONbits	set	11
   178  0011                     _PIR1bits	set	17
   179  000C                     _PORTA	set	12
   180  000D                     _PORTB	set	13
   181  0018                     _T1CON	set	24
   182  0017                     _TMR1H	set	23
   183  0016                     _TMR1L	set	22
   184  009B                     _ADRES	set	155
   185  009D                     _ADCON0bits	set	157
   186  009E                     _ADCON1	set	158
   187  0095                     _OPTION_REG	set	149
   188  0099                     _OSCCON	set	153
   189  0091                     _PIE1bits	set	145
   190  008C                     _TRISA	set	140
   191  008D                     _TRISB	set	141
   192  0117                     _FVRCON	set	279
   193  018C                     _ANSELA	set	396
   194  018D                     _ANSELB	set	397
   195                           
   196                           	psect	text0
   197  0000                     __ptext0:	
   198                           ; #config settings
   199                           
   200                           
   201                           ;psect for function _LED
   202  0000                     
   203                           	psect	cinit
   204  00E2                     start_initialization:	
   205  00E2                     __initialization:	
   206                           
   207                           ; Clear objects allocated to BANK0
   208  00E2  3020               	movlw	low __pbssBANK0
   209  00E3  0084               	movwf	4
   210  00E4  3000               	movlw	high __pbssBANK0
   211  00E5  0085               	movwf	5
   212  00E6  3026               	movlw	38
   213  00E7  3181  21EA         	fcall	clear_ram0
   214  00E9                     end_of_initialization:	
   215                           ;End of C runtime variable initialization code
   216                           
   217  00E9                     __end_of__initialization:	
   218  00E9  107E               	bcf	pic14e$flags,0	;clear compiler interrupt flag
   219  00EA  0020               	movlb	0
   220  00EB  3180  28ED         	ljmp	_main	;jump to C main() function
   221                           
   222                           	psect	bssBANK0
   223  0020                     __pbssBANK0:	
   224  0020                     _cut:	
   225  0020                     	ds	8
   226  0028                     _temp:	
   227  0028                     	ds	8
   228  0030                     _v:	
   229  0030                     	ds	8
   230  0038                     _cutf:	
   231  0038                     	ds	4
   232  003C                     _d:	
   233  003C                     	ds	4
   234  0040                     _cnt:	
   235  0040                     	ds	2
   236  0042                     _cnt0:	
   237  0042                     	ds	2
   238  0044                     _cnt1:	
   239  0044                     	ds	2
   240                           
   241                           	psect	clrtext
   242  01EA                     clear_ram0:	
   243                           ;	Called with FSR0 containing the base address, and
   244                           ;	WREG with the size to clear
   245                           
   246  01EA  0064               	clrwdt	;clear the watchdog before getting into this loop
   247  01EB                     clrloop0:	
   248  01EB  0180               	clrf	0	;clear RAM location pointed to by FSR
   249  01EC  3101               	addfsr 0,1
   250  01ED  0B89               	decfsz	9,f	;Have we reached the end of clearing yet?
   251  01EE  29EB               	goto	clrloop0	;have we reached the end yet?
   252  01EF  3400               	retlw	0	;all done for this memory range, return
   253                           
   254                           	psect	cstackCOMMON
   255  0070                     __pcstackCOMMON:	
   256  0070                     ?_LED:	
   257  0070                     ?_isr:	
   258                           ; 0 bytes @ 0x0
   259                           
   260  0070                     ?i1_OUT:	
   261                           ; 0 bytes @ 0x0
   262                           
   263  0070                     ?_SW:	
   264                           ; 0 bytes @ 0x0
   265                           
   266  0070                     ?_adc:	
   267                           ; 1 bytes @ 0x0
   268                           
   269  0070                     ?_main:	
   270                           ; 2 bytes @ 0x0
   271                           
   272  0070                     ?___lwdiv:	
   273                           ; 2 bytes @ 0x0
   274                           
   275  0070                     LED@hl:	
   276                           ; 2 bytes @ 0x0
   277                           
   278  0070                     i1OUT@hl:	
   279                           ; 1 bytes @ 0x0
   280                           
   281  0070                     ___lwdiv@divisor:	
   282                           ; 1 bytes @ 0x0
   283                           
   284                           
   285                           ; 2 bytes @ 0x0
   286  0070                     	ds	1
   287  0071                     ??_LED:	
   288  0071                     ??i1_OUT:	
   289                           ; 0 bytes @ 0x1
   290                           
   291                           
   292                           ; 0 bytes @ 0x1
   293  0071                     	ds	1
   294  0072                     ??_adc:	
   295  0072                     LED@b:	
   296                           ; 0 bytes @ 0x2
   297                           
   298  0072                     i1OUT@b:	
   299                           ; 1 bytes @ 0x2
   300                           
   301  0072                     ___lwdiv@dividend:	
   302                           ; 1 bytes @ 0x2
   303                           
   304                           
   305                           ; 2 bytes @ 0x2
   306  0072                     	ds	1
   307  0073                     adc@ch:	
   308                           
   309                           ; 1 bytes @ 0x3
   310  0073                     	ds	1
   311  0074                     ??___lwdiv:	
   312                           
   313                           ; 0 bytes @ 0x4
   314  0074                     	ds	1
   315  0075                     ___lwdiv@quotient:	
   316                           
   317                           ; 2 bytes @ 0x5
   318  0075                     	ds	2
   319  0077                     ___lwdiv@counter:	
   320                           
   321                           ; 1 bytes @ 0x7
   322  0077                     	ds	1
   323  0078                     ??_isr:	
   324                           
   325                           ; 0 bytes @ 0x8
   326  0078                     	ds	5
   327  007D                     isr@i:	
   328                           
   329                           ; 1 bytes @ 0xD
   330  007D                     	ds	1
   331                           
   332                           	psect	cstackBANK0
   333  0046                     __pcstackBANK0:	
   334  0046                     ?_OUT:	
   335  0046                     ??_SW:	
   336                           ; 0 bytes @ 0x0
   337                           
   338  0046                     OUT@hl:	
   339                           ; 0 bytes @ 0x0
   340                           
   341                           
   342                           ; 1 bytes @ 0x0
   343  0046                     	ds	1
   344  0047                     ??_OUT:	
   345  0047                     SW@b:	
   346                           ; 0 bytes @ 0x1
   347                           
   348                           
   349                           ; 1 bytes @ 0x1
   350  0047                     	ds	1
   351  0048                     OUT@b:	
   352  0048                     SW@temp:	
   353                           ; 1 bytes @ 0x2
   354                           
   355                           
   356                           ; 1 bytes @ 0x2
   357  0048                     	ds	1
   358  0049                     ??_main:	
   359                           
   360                           ; 0 bytes @ 0x3
   361  0049                     	ds	1
   362  004A                     main@i:	
   363                           
   364                           ; 1 bytes @ 0x4
   365  004A                     	ds	1
   366                           
   367                           	psect	maintext
   368  00ED                     __pmaintext:	
   369 ;;
   370 ;;Main: autosize = 0, tempsize = 1, incstack = 0, save=0
   371 ;;
   372 ;; *************** function _main *****************
   373 ;; Defined at:
   374 ;;		line 120 in file "PIC16F1827-ChargeStation05.c"
   375 ;; Parameters:    Size  Location     Type
   376 ;;		None
   377 ;; Auto vars:     Size  Location     Type
   378 ;;  i               1    4[BANK0 ] unsigned char 
   379 ;; Return value:  Size  Location     Type
   380 ;;                  2  102[COMMON] int 
   381 ;; Registers used:
   382 ;;		wreg, status,2, status,0, pclath, cstack
   383 ;; Tracked objects:
   384 ;;		On entry : 17F/0
   385 ;;		On exit  : 0/0
   386 ;;		Unchanged: 0/0
   387 ;; Data sizes:     COMMON   BANK0   BANK1   BANK2   BANK3   BANK4
   388 ;;      Params:         0       0       0       0       0       0
   389 ;;      Locals:         0       1       0       0       0       0
   390 ;;      Temps:          0       1       0       0       0       0
   391 ;;      Totals:         0       2       0       0       0       0
   392 ;;Total ram usage:        2 bytes
   393 ;; Hardware stack levels required when called:    3
   394 ;; This function calls:
   395 ;;		_OUT
   396 ;;		_SW
   397 ;; This function is called by:
   398 ;;		Startup code after reset
   399 ;; This function uses a non-reentrant model
   400 ;;
   401                           
   402                           
   403                           ;psect for function _main
   404  00ED                     _main:	
   405                           
   406                           ;PIC16F1827-ChargeStation05.c: 121: OSCCON = 0x70;
   407                           
   408                           ;incstack = 0
   409                           ; Regs used in _main: [wreg+status,2+status,0+pclath+cstack]
   410  00ED  3070               	movlw	112
   411  00EE  0021               	movlb	1	; select bank1
   412  00EF  0099               	movwf	25	;volatile
   413                           
   414                           ;PIC16F1827-ChargeStation05.c: 122: TRISA = 0xFF;
   415  00F0  30FF               	movlw	255
   416  00F1  008C               	movwf	12	;volatile
   417                           
   418                           ;PIC16F1827-ChargeStation05.c: 123: TRISB = 0x00;
   419  00F2  018D               	clrf	13	;volatile
   420                           
   421                           ;PIC16F1827-ChargeStation05.c: 124: ANSELA = 0x0F;
   422  00F3  300F               	movlw	15
   423  00F4  0023               	movlb	3	; select bank3
   424  00F5  008C               	movwf	12	;volatile
   425                           
   426                           ;PIC16F1827-ChargeStation05.c: 125: ANSELB = 0x00;
   427  00F6  018D               	clrf	13	;volatile
   428                           
   429                           ;PIC16F1827-ChargeStation05.c: 126: ADCON1 = 0x93;
   430  00F7  3093               	movlw	147
   431  00F8  0021               	movlb	1	; select bank1
   432  00F9  009E               	movwf	30	;volatile
   433                           
   434                           ;PIC16F1827-ChargeStation05.c: 127: FVRCON = 0x83;
   435  00FA  3083               	movlw	131
   436  00FB  0022               	movlb	2	; select bank2
   437  00FC  0097               	movwf	23	;volatile
   438                           
   439                           ;PIC16F1827-ChargeStation05.c: 129: PORTB = 0xF0;
   440  00FD  30F0               	movlw	240
   441  00FE  0020               	movlb	0	; select bank0
   442  00FF  008D               	movwf	13	;volatile
   443                           
   444                           ;PIC16F1827-ChargeStation05.c: 131: OPTION_REG = 0b10010011;
   445  0100  3093               	movlw	147
   446  0101  0021               	movlb	1	; select bank1
   447  0102  0095               	movwf	21	;volatile
   448                           
   449                           ;PIC16F1827-ChargeStation05.c: 132: INTCONbits.TMR0IE = 1;
   450  0103  168B               	bsf	11,5	;volatile
   451                           
   452                           ;PIC16F1827-ChargeStation05.c: 134: T1CON = 0x21;
   453  0104  3021               	movlw	33
   454  0105  0020               	movlb	0	; select bank0
   455  0106  0098               	movwf	24	;volatile
   456                           
   457                           ;PIC16F1827-ChargeStation05.c: 135: TMR1H = 0x00;
   458  0107  0197               	clrf	23	;volatile
   459                           
   460                           ;PIC16F1827-ChargeStation05.c: 136: TMR1L = 0x00;
   461  0108  0196               	clrf	22	;volatile
   462                           
   463                           ;PIC16F1827-ChargeStation05.c: 137: PIE1bits.TMR1IE = 1;
   464  0109  0021               	movlb	1	; select bank1
   465  010A  1411               	bsf	17,0	;volatile
   466                           
   467                           ;PIC16F1827-ChargeStation05.c: 138: INTCONbits.PEIE = 1;
   468  010B  170B               	bsf	11,6	;volatile
   469                           
   470                           ;PIC16F1827-ChargeStation05.c: 139: INTCONbits.GIE = 1;
   471  010C  178B               	bsf	11,7	;volatile
   472  010D                     l910:	
   473                           ;PIC16F1827-ChargeStation05.c: 140: uint8_t i;
   474                           ;PIC16F1827-ChargeStation05.c: 142: while (1) {
   475                           
   476                           
   477                           ;PIC16F1827-ChargeStation05.c: 143: for (i = 0; i < 4; i++) {
   478  010D  0020               	movlb	0	; select bank0
   479  010E  01CA               	clrf	main@i
   480  010F                     L1:	
   481  010F  3004               	movlw	4
   482  0110  024A               	subwf	main@i,w
   483  0111  1803               	btfsc	3,0
   484  0112  290D               	goto	l910
   485                           
   486                           ;PIC16F1827-ChargeStation05.c: 144: if (SW(i)) {
   487  0113  084A               	movf	main@i,w
   488  0114  3181  21D3  3180   	fcall	_SW
   489  0117  3A00               	xorlw	0
   490  0118  1903               	skipnz
   491  0119  2921               	goto	l918
   492                           
   493                           ;PIC16F1827-ChargeStation05.c: 145: OUT(i, 1);
   494  011A  0020               	movlb	0	; select bank0
   495  011B  01C6               	clrf	OUT@hl
   496  011C  0AC6               	incf	OUT@hl,f
   497  011D  084A               	movf	main@i,w
   498  011E  3181  219C  3180   	fcall	_OUT
   499  0121                     l918:	
   500  0121  3001               	movlw	1
   501  0122  0020               	movlb	0	; select bank0
   502  0123  00C9               	movwf	??_main
   503  0124  0849               	movf	??_main,w
   504  0125  07CA               	addwf	main@i,f
   505  0126  290F               	goto	L1
   506  0127                     __end_of_main:	
   507                           ;PIC16F1827-ChargeStation05.c: 146: }
   508                           ;PIC16F1827-ChargeStation05.c: 147: }
   509                           ;PIC16F1827-ChargeStation05.c: 148: }
   510                           ;PIC16F1827-ChargeStation05.c: 149: return 0;
   511                           ;	Return value of _main is never used
   512                           
   513                           
   514                           	psect	text1
   515  01D3                     __ptext1:	
   516 ;; *************** function _SW *****************
   517 ;; Defined at:
   518 ;;		line 110 in file "PIC16F1827-ChargeStation05.c"
   519 ;; Parameters:    Size  Location     Type
   520 ;;  b               1    wreg     unsigned char 
   521 ;; Auto vars:     Size  Location     Type
   522 ;;  b               1    1[BANK0 ] unsigned char 
   523 ;;  temp            1    2[BANK0 ] unsigned char 
   524 ;; Return value:  Size  Location     Type
   525 ;;                  1    wreg      unsigned char 
   526 ;; Registers used:
   527 ;;		wreg, status,2, status,0
   528 ;; Tracked objects:
   529 ;;		On entry : 0/0
   530 ;;		On exit  : 0/0
   531 ;;		Unchanged: 0/0
   532 ;; Data sizes:     COMMON   BANK0   BANK1   BANK2   BANK3   BANK4
   533 ;;      Params:         0       0       0       0       0       0
   534 ;;      Locals:         0       2       0       0       0       0
   535 ;;      Temps:          0       1       0       0       0       0
   536 ;;      Totals:         0       3       0       0       0       0
   537 ;;Total ram usage:        3 bytes
   538 ;; Hardware stack levels used:    1
   539 ;; Hardware stack levels required when called:    2
   540 ;; This function calls:
   541 ;;		Nothing
   542 ;; This function is called by:
   543 ;;		_main
   544 ;; This function uses a non-reentrant model
   545 ;;
   546                           
   547                           
   548                           ;psect for function _SW
   549  01D3                     _SW:	
   550                           
   551                           ;incstack = 0
   552                           ; Regs used in _SW: [wreg+status,2+status,0]
   553                           ;SW@b stored from wreg
   554  01D3  0020               	movlb	0	; select bank0
   555  01D4  00C7               	movwf	SW@b
   556                           
   557                           ;PIC16F1827-ChargeStation05.c: 111: uint8_t temp;
   558                           ;PIC16F1827-ChargeStation05.c: 112: temp = PORTA;
   559  01D5  080C               	movf	12,w	;volatile
   560  01D6  00C6               	movwf	??_SW
   561  01D7  0846               	movf	??_SW,w
   562  01D8  00C8               	movwf	SW@temp
   563                           
   564                           ;PIC16F1827-ChargeStation05.c: 113: if (temp & (0x01 << (b + 4))) {
   565  01D9  3001               	movlw	1
   566  01DA  00C6               	movwf	??_SW
   567  01DB  0847               	movf	SW@b,w
   568  01DC  3E04               	addlw	4
   569  01DD  0A89               	incf	9,f
   570  01DE  29E0               	goto	u444
   571  01DF                     u445:	
   572  01DF  35C6               	lslf	??_SW,f
   573  01E0                     u444:	
   574  01E0  0B89               	decfsz	9,f
   575  01E1  29DF               	goto	u445
   576  01E2  0846               	movf	??_SW,w
   577  01E3  0548               	andwf	SW@temp,w
   578  01E4  1903               	btfsc	3,2
   579  01E5  29E8               	goto	l780
   580                           
   581                           ;PIC16F1827-ChargeStation05.c: 114: return 0;
   582  01E6  3000               	movlw	0
   583                           
   584                           ;PIC16F1827-ChargeStation05.c: 115: } else {
   585  01E7  0008               	return
   586  01E8                     l780:	
   587                           
   588                           ;PIC16F1827-ChargeStation05.c: 116: return 1;
   589  01E8  3001               	movlw	1
   590  01E9  0008               	return
   591  01EA                     __end_of_SW:	
   592                           
   593                           	psect	text2
   594  019C                     __ptext2:	
   595 ;; *************** function _OUT *****************
   596 ;; Defined at:
   597 ;;		line 94 in file "PIC16F1827-ChargeStation05.c"
   598 ;; Parameters:    Size  Location     Type
   599 ;;  b               1    wreg     unsigned char 
   600 ;;  hl              1    0[BANK0 ] unsigned char 
   601 ;; Auto vars:     Size  Location     Type
   602 ;;  b               1    2[BANK0 ] unsigned char 
   603 ;; Return value:  Size  Location     Type
   604 ;;		None               void
   605 ;; Registers used:
   606 ;;		wreg, status,2, status,0
   607 ;; Tracked objects:
   608 ;;		On entry : 0/0
   609 ;;		On exit  : 0/0
   610 ;;		Unchanged: 0/0
   611 ;; Data sizes:     COMMON   BANK0   BANK1   BANK2   BANK3   BANK4
   612 ;;      Params:         0       1       0       0       0       0
   613 ;;      Locals:         0       1       0       0       0       0
   614 ;;      Temps:          0       1       0       0       0       0
   615 ;;      Totals:         0       3       0       0       0       0
   616 ;;Total ram usage:        3 bytes
   617 ;; Hardware stack levels used:    1
   618 ;; Hardware stack levels required when called:    2
   619 ;; This function calls:
   620 ;;		Nothing
   621 ;; This function is called by:
   622 ;;		_main
   623 ;; This function uses a non-reentrant model
   624 ;;
   625                           
   626                           
   627                           ;psect for function _OUT
   628  019C                     _OUT:	
   629                           
   630                           ;incstack = 0
   631                           ; Regs used in _OUT: [wreg+status,2+status,0]
   632                           ;OUT@b stored from wreg
   633  019C  0020               	movlb	0	; select bank0
   634  019D  00C8               	movwf	OUT@b
   635                           
   636                           ;PIC16F1827-ChargeStation05.c: 95: if (hl == 0) {
   637  019E  08C6               	movf	OUT@hl,f
   638  019F  1D03               	skipz
   639  01A0  29AC               	goto	l762
   640                           
   641                           ;PIC16F1827-ChargeStation05.c: 96: PORTB = PORTB | (0x01 << b);
   642  01A1  3001               	movlw	1
   643  01A2  00C7               	movwf	??_OUT
   644  01A3  0A48               	incf	OUT@b,w
   645  01A4  29A6               	goto	u394
   646  01A5                     u395:	
   647  01A5  35C7               	lslf	??_OUT,f
   648  01A6                     u394:	
   649  01A6  0B89               	decfsz	9,f
   650  01A7  29A5               	goto	u395
   651  01A8  0847               	movf	??_OUT,w
   652  01A9  040D               	iorwf	13,w	;volatile
   653  01AA  008D               	movwf	13	;volatile
   654                           
   655                           ;PIC16F1827-ChargeStation05.c: 97: } else {
   656  01AB  0008               	return
   657  01AC                     l762:	
   658                           
   659                           ;PIC16F1827-ChargeStation05.c: 98: PORTB = PORTB & (~(0x01 << b));
   660  01AC  3001               	movlw	1
   661  01AD  00C7               	movwf	??_OUT
   662  01AE  0A48               	incf	OUT@b,w
   663  01AF  29B1               	goto	u404
   664  01B0                     u405:	
   665  01B0  35C7               	lslf	??_OUT,f
   666  01B1                     u404:	
   667  01B1  0B89               	decfsz	9,f
   668  01B2  29B0               	goto	u405
   669  01B3  0847               	movf	??_OUT,w
   670  01B4  3AFF               	xorlw	255
   671  01B5  050D               	andwf	13,w	;volatile
   672  01B6  008D               	movwf	13	;volatile
   673  01B7  0008               	return
   674  01B8                     __end_of_OUT:	
   675                           
   676                           	psect	intentry
   677  0004                     __pintentry:	
   678 ;; *************** function _isr *****************
   679 ;; Defined at:
   680 ;;		line 41 in file "PIC16F1827-ChargeStation05.c"
   681 ;; Parameters:    Size  Location     Type
   682 ;;		None
   683 ;; Auto vars:     Size  Location     Type
   684 ;;  i               1   13[COMMON] unsigned char 
   685 ;; Return value:  Size  Location     Type
   686 ;;		None               void
   687 ;; Registers used:
   688 ;;		wreg, fsr1l, fsr1h, status,2, status,0, pclath, cstack
   689 ;; Tracked objects:
   690 ;;		On entry : 0/0
   691 ;;		On exit  : 0/0
   692 ;;		Unchanged: 0/0
   693 ;; Data sizes:     COMMON   BANK0   BANK1   BANK2   BANK3   BANK4
   694 ;;      Params:         0       0       0       0       0       0
   695 ;;      Locals:         1       0       0       0       0       0
   696 ;;      Temps:          5       0       0       0       0       0
   697 ;;      Totals:         6       0       0       0       0       0
   698 ;;Total ram usage:        6 bytes
   699 ;; Hardware stack levels used:    1
   700 ;; Hardware stack levels required when called:    1
   701 ;; This function calls:
   702 ;;		_LED
   703 ;;		___lwdiv
   704 ;;		_adc
   705 ;;		i1_OUT
   706 ;; This function is called by:
   707 ;;		Interrupt level 1
   708 ;; This function uses a non-reentrant model
   709 ;;
   710                           
   711  0004                     _isr:	
   712                           
   713                           ;incstack = 0
   714                           ; Regs used in _isr: [wreg+fsr1l+fsr1h+status,2+status,0+pclath+cstack]
   715  0004  147E               	bsf	126,0	;set compiler interrupt flag
   716  0005  3180               	pagesel	$
   717  0006  0020               	movlb	0	; select bank0
   718  0007  087F               	movf	127,w
   719  0008  00FC               	movwf	??_isr+4
   720                           
   721                           ;PIC16F1827-ChargeStation05.c: 42: uint8_t i;
   722                           ;PIC16F1827-ChargeStation05.c: 43: if (PIR1bits.TMR1IF == 1) {
   723  0009  1C11               	btfss	17,0	;volatile
   724  000A  2878               	goto	i1l63
   725                           
   726                           ;PIC16F1827-ChargeStation05.c: 44: PIR1bits.TMR1IF = 0;
   727  000B  1011               	bcf	17,0	;volatile
   728                           
   729                           ;PIC16F1827-ChargeStation05.c: 46: for (i = 0; i < 4; i++) {
   730  000C  01FD               	clrf	isr@i
   731  000D  3004               	movlw	4
   732  000E  027D               	subwf	isr@i,w
   733  000F  1803               	btfsc	3,0
   734  0010  2837               	goto	i1l834
   735  0011                     i1l826:	
   736                           
   737                           ;PIC16F1827-ChargeStation05.c: 47: temp[i] = adc(i);
   738  0011  087D               	movf	isr@i,w
   739  0012  3181  21B8  3180   	fcall	_adc
   740  0015  357D               	lslf	isr@i,w
   741  0016  3E28               	addlw	_temp& (0+255)
   742  0017  0086               	movwf	6
   743  0018  0187               	clrf	7
   744  0019  0870               	movf	?_adc,w
   745  001A  3FC0               	movwi [0]fsr1
   746  001B  0871               	movf	?_adc+1,w
   747  001C  3FC1               	movwi [1]fsr1
   748                           
   749                           ;PIC16F1827-ChargeStation05.c: 48: v[i] = temp[i] * 2;
   750  001D  357D               	lslf	isr@i,w
   751  001E  3E28               	addlw	_temp& (0+255)
   752  001F  0086               	movwf	6
   753  0020  0187               	clrf	7
   754  0021  3F40               	moviw [0]fsr1
   755  0022  00F8               	movwf	??_isr
   756  0023  3F41               	moviw [1]fsr1
   757  0024  00F9               	movwf	??_isr+1
   758  0025  35F8               	lslf	??_isr,f
   759  0026  0DF9               	rlf	??_isr+1,f
   760  0027  357D               	lslf	isr@i,w
   761  0028  3E30               	addlw	_v& (0+255)
   762  0029  0086               	movwf	6
   763  002A  0187               	clrf	7
   764  002B  0878               	movf	??_isr,w
   765  002C  3FC0               	movwi [0]fsr1
   766  002D  0879               	movf	??_isr+1,w
   767  002E  3FC1               	movwi [1]fsr1
   768  002F  3001               	movlw	1
   769  0030  00F8               	movwf	??_isr
   770  0031  0878               	movf	??_isr,w
   771  0032  07FD               	addwf	isr@i,f
   772  0033  3004               	movlw	4
   773  0034  027D               	subwf	isr@i,w
   774  0035  1C03               	skipc
   775  0036  2811               	goto	i1l826
   776  0037                     i1l834:	
   777                           
   778                           ;PIC16F1827-ChargeStation05.c: 49: }
   779                           ;PIC16F1827-ChargeStation05.c: 51: for (i = 0; i < 4; i++) {
   780  0037  01FD               	clrf	isr@i
   781  0038  3004               	movlw	4
   782  0039  027D               	subwf	isr@i,w
   783  003A  1803               	btfsc	3,0
   784  003B  2878               	goto	i1l63
   785  003C                     i1l840:	
   786                           
   787                           ;PIC16F1827-ChargeStation05.c: 52: if (v[i] < 75) {
   788  003C  357D               	lslf	isr@i,w
   789  003D  3E30               	addlw	_v& (0+255)
   790  003E  0086               	movwf	6
   791  003F  0187               	clrf	7
   792  0040  3F40               	moviw [0]fsr1
   793  0041  00F8               	movwf	??_isr
   794  0042  3F41               	moviw [1]fsr1
   795  0043  00F9               	movwf	??_isr+1
   796  0044  3000               	movlw	0
   797  0045  0279               	subwf	??_isr+1,w
   798  0046  304B               	movlw	75
   799  0047  1903               	skipnz
   800  0048  0278               	subwf	??_isr,w
   801  0049  1803               	skipnc
   802  004A  2869               	goto	i1l846
   803                           
   804                           ;PIC16F1827-ChargeStation05.c: 53: cut[i]++;
   805  004B  357D               	lslf	isr@i,w
   806  004C  3E20               	addlw	_cut& (0+255)
   807  004D  0086               	movwf	6
   808  004E  0187               	clrf	7
   809  004F  3001               	movlw	1
   810  0050  0781               	addwf	1,f
   811  0051  3141               	addfsr 1,1
   812  0052  1803               	skipnc
   813  0053  0A81               	incf	1,f
   814                           
   815                           ;PIC16F1827-ChargeStation05.c: 54: if (cut[i] >= 10) {
   816  0054  357D               	lslf	isr@i,w
   817  0055  3E20               	addlw	_cut& (0+255)
   818  0056  0086               	movwf	6
   819  0057  0187               	clrf	7
   820  0058  3F40               	moviw [0]fsr1
   821  0059  00F8               	movwf	??_isr
   822  005A  3F41               	moviw [1]fsr1
   823  005B  00F9               	movwf	??_isr+1
   824  005C  3000               	movlw	0
   825  005D  0279               	subwf	??_isr+1,w
   826  005E  300A               	movlw	10
   827  005F  1903               	skipnz
   828  0060  0278               	subwf	??_isr,w
   829  0061  1C03               	skipc
   830  0062  2870               	goto	i1l848
   831                           
   832                           ;PIC16F1827-ChargeStation05.c: 55: OUT(i, 0);
   833  0063  01F0               	clrf	i1OUT@hl
   834  0064  087D               	movf	isr@i,w
   835  0065  3181  217F  3180   	fcall	i1_OUT
   836                           
   837                           ;PIC16F1827-ChargeStation05.c: 56: }
   838                           ;PIC16F1827-ChargeStation05.c: 57: } else {
   839  0068  2870               	goto	i1l848
   840  0069                     i1l846:	
   841                           
   842                           ;PIC16F1827-ChargeStation05.c: 58: cut[i] = 0;
   843  0069  357D               	lslf	isr@i,w
   844  006A  3E20               	addlw	_cut& (0+255)
   845  006B  0086               	movwf	6
   846  006C  0187               	clrf	7
   847  006D  3000               	movlw	0
   848  006E  3FC0               	movwi [0]fsr1
   849  006F  3FC1               	movwi [1]fsr1
   850  0070                     i1l848:	
   851  0070  3001               	movlw	1
   852  0071  00F8               	movwf	??_isr
   853  0072  0878               	movf	??_isr,w
   854  0073  07FD               	addwf	isr@i,f
   855  0074  3004               	movlw	4
   856  0075  027D               	subwf	isr@i,w
   857  0076  1C03               	skipc
   858  0077  283C               	goto	i1l840
   859  0078                     i1l63:	
   860                           
   861                           ;PIC16F1827-ChargeStation05.c: 59: }
   862                           ;PIC16F1827-ChargeStation05.c: 60: }
   863                           ;PIC16F1827-ChargeStation05.c: 61: }
   864                           ;PIC16F1827-ChargeStation05.c: 62: if (INTCONbits.TMR0IF == 1) {
   865  0078  1D0B               	btfss	11,2	;volatile
   866  0079  28DB               	goto	i1l79
   867                           
   868                           ;PIC16F1827-ChargeStation05.c: 63: INTCONbits.TMR0IF = 0;
   869  007A  110B               	bcf	11,2	;volatile
   870                           
   871                           ;PIC16F1827-ChargeStation05.c: 64: cnt0++;
   872  007B  3001               	movlw	1
   873  007C  0020               	movlb	0	; select bank0
   874  007D  07C2               	addwf	_cnt0,f
   875  007E  3000               	movlw	0
   876  007F  3DC3               	addwfc	_cnt0+1,f
   877                           
   878                           ;PIC16F1827-ChargeStation05.c: 65: if (cnt0 == 400) {
   879  0080  3001               	movlw	1
   880  0081  0643               	xorwf	_cnt0+1,w
   881  0082  1D03               	skipz
   882  0083  2886               	goto	u64_25
   883  0084  3090               	movlw	144
   884  0085  0642               	xorwf	_cnt0,w
   885  0086                     u64_25:	
   886  0086  1D03               	skipz
   887  0087  28DB               	goto	i1l79
   888                           
   889                           ;PIC16F1827-ChargeStation05.c: 66: cnt0 = 0;
   890  0088  01C2               	clrf	_cnt0
   891  0089  01C3               	clrf	_cnt0+1
   892                           
   893                           ;PIC16F1827-ChargeStation05.c: 68: cnt++;
   894  008A  3001               	movlw	1
   895  008B  07C0               	addwf	_cnt,f
   896  008C  3000               	movlw	0
   897  008D  3DC1               	addwfc	_cnt+1,f
   898                           
   899                           ;PIC16F1827-ChargeStation05.c: 69: if (cnt == 40) cnt = 0;
   900  008E  3028               	movlw	40
   901  008F  0640               	xorwf	_cnt,w
   902  0090  0441               	iorwf	_cnt+1,w
   903  0091  1D03               	skipz
   904  0092  2895               	goto	i1l73
   905  0093  01C0               	clrf	_cnt
   906  0094  01C1               	clrf	_cnt+1
   907  0095                     i1l73:	
   908                           
   909                           ;PIC16F1827-ChargeStation05.c: 70: for (i = 0; i < 4; i++) {
   910  0095  01FD               	clrf	isr@i
   911  0096  3004               	movlw	4
   912  0097  027D               	subwf	isr@i,w
   913  0098  1803               	btfsc	3,0
   914  0099  28DB               	goto	i1l79
   915  009A                     i1l868:	
   916                           
   917                           ;PIC16F1827-ChargeStation05.c: 71: d[i] = v[i] / 100;
   918  009A  3064               	movlw	100
   919  009B  00F0               	movwf	___lwdiv@divisor
   920  009C  3000               	movlw	0
   921  009D  00F1               	movwf	___lwdiv@divisor+1
   922  009E  357D               	lslf	isr@i,w
   923  009F  3E30               	addlw	_v& (0+255)
   924  00A0  0086               	movwf	6
   925  00A1  0187               	clrf	7
   926  00A2  3F40               	moviw [0]fsr1
   927  00A3  00F2               	movwf	___lwdiv@dividend
   928  00A4  3F41               	moviw [1]fsr1
   929  00A5  00F3               	movwf	___lwdiv@dividend+1
   930  00A6  3181  2127  3180   	fcall	___lwdiv
   931  00A9  0870               	movf	?___lwdiv,w
   932  00AA  00F8               	movwf	??_isr
   933  00AB  087D               	movf	isr@i,w
   934  00AC  3E3C               	addlw	_d& (0+255)
   935  00AD  0086               	movwf	6
   936  00AE  0187               	clrf	7
   937  00AF  0878               	movf	??_isr,w
   938  00B0  0081               	movwf	1
   939                           
   940                           ;PIC16F1827-ChargeStation05.c: 72: if ((cnt % 2) == 1) {
   941  00B1  0020               	movlb	0	; select bank0
   942  00B2  1C40               	btfss	_cnt,0
   943  00B3  28CE               	goto	i1l876
   944                           
   945                           ;PIC16F1827-ChargeStation05.c: 73: if (((cnt + 1) / 2) <= d[i]) {
   946  00B4  0840               	movf	_cnt,w
   947  00B5  3E01               	addlw	1
   948  00B6  00F8               	movwf	??_isr
   949  00B7  3000               	movlw	0
   950  00B8  3D41               	addwfc	_cnt+1,w
   951  00B9  00F9               	movwf	??_isr+1
   952  00BA  36F9               	lsrf	??_isr+1,f
   953  00BB  0CF8               	rrf	??_isr,f
   954  00BC  087D               	movf	isr@i,w
   955  00BD  3E3C               	addlw	_d& (0+255)
   956  00BE  0086               	movwf	6
   957  00BF  0187               	clrf	7
   958  00C0  0801               	movf	1,w
   959  00C1  00FA               	movwf	??_isr+2
   960  00C2  01FB               	clrf	??_isr+3
   961  00C3  0879               	movf	??_isr+1,w
   962  00C4  027B               	subwf	??_isr+3,w
   963  00C5  1D03               	skipz
   964  00C6  28C9               	goto	u68_25
   965  00C7  0878               	movf	??_isr,w
   966  00C8  027A               	subwf	??_isr+2,w
   967  00C9                     u68_25:	
   968  00C9  1C03               	skipc
   969  00CA  28D3               	goto	i1l878
   970                           
   971                           ;PIC16F1827-ChargeStation05.c: 74: LED(i, 1);
   972  00CB  01F0               	clrf	LED@hl
   973  00CC  0AF0               	incf	LED@hl,f
   974  00CD  28CF               	goto	L2
   975  00CE                     i1l876:	
   976                           ;PIC16F1827-ChargeStation05.c: 75: }
   977                           ;PIC16F1827-ChargeStation05.c: 76: } else {
   978                           
   979                           
   980                           ;PIC16F1827-ChargeStation05.c: 77: LED(i, 0);
   981  00CE  01F0               	clrf	LED@hl
   982  00CF                     L2:	
   983  00CF  087D               	movf	isr@i,w
   984  00D0  3181  215D  3180   	fcall	_LED
   985  00D3                     i1l878:	
   986  00D3  3001               	movlw	1
   987  00D4  00F8               	movwf	??_isr
   988  00D5  0878               	movf	??_isr,w
   989  00D6  07FD               	addwf	isr@i,f
   990  00D7  3004               	movlw	4
   991  00D8  027D               	subwf	isr@i,w
   992  00D9  1C03               	skipc
   993  00DA  289A               	goto	i1l868
   994  00DB                     i1l79:	
   995  00DB  087C               	movf	??_isr+4,w
   996  00DC  0020               	movlb	0	; select bank0
   997  00DD  00FF               	movwf	127
   998  00DE  107E               	bcf	126,0	;clear compiler interrupt flag
   999  00DF  0009               	retfie
  1000  00E0                     __end_of_isr:	
  1001                           
  1002                           	psect	text4
  1003  017F                     __ptext4:	
  1004 ;; *************** function i1_OUT *****************
  1005 ;; Defined at:
  1006 ;;		line 94 in file "PIC16F1827-ChargeStation05.c"
  1007 ;; Parameters:    Size  Location     Type
  1008 ;;  b               1    wreg     unsigned char 
  1009 ;;  hl              1    0[COMMON] unsigned char 
  1010 ;; Auto vars:     Size  Location     Type
  1011 ;;  b               1    2[COMMON] unsigned char 
  1012 ;; Return value:  Size  Location     Type
  1013 ;;		None               void
  1014 ;; Registers used:
  1015 ;;		wreg, status,2, status,0
  1016 ;; Tracked objects:
  1017 ;;		On entry : 0/0
  1018 ;;		On exit  : 0/0
  1019 ;;		Unchanged: 0/0
  1020 ;; Data sizes:     COMMON   BANK0   BANK1   BANK2   BANK3   BANK4
  1021 ;;      Params:         1       0       0       0       0       0
  1022 ;;      Locals:         1       0       0       0       0       0
  1023 ;;      Temps:          1       0       0       0       0       0
  1024 ;;      Totals:         3       0       0       0       0       0
  1025 ;;Total ram usage:        3 bytes
  1026 ;; Hardware stack levels used:    1
  1027 ;; This function calls:
  1028 ;;		Nothing
  1029 ;; This function is called by:
  1030 ;;		_isr
  1031 ;; This function uses a non-reentrant model
  1032 ;;
  1033                           
  1034                           
  1035                           ;psect for function i1_OUT
  1036  017F                     i1_OUT:	
  1037                           
  1038                           ;incstack = 0
  1039                           ; Regs used in i1_OUT: [wreg+status,2+status,0]
  1040                           ;i1OUT@b stored from wreg
  1041  017F  00F2               	movwf	i1OUT@b
  1042                           
  1043                           ;PIC16F1827-ChargeStation05.c: 95: if (hl == 0) {
  1044  0180  08F0               	movf	i1OUT@hl,f
  1045  0181  1D03               	skipz
  1046  0182  298F               	goto	i1l814
  1047                           
  1048                           ;PIC16F1827-ChargeStation05.c: 96: PORTB = PORTB | (0x01 << b);
  1049  0183  3001               	movlw	1
  1050  0184  00F1               	movwf	??i1_OUT
  1051  0185  0A72               	incf	i1OUT@b,w
  1052  0186  2988               	goto	u54_24
  1053  0187                     u54_25:	
  1054  0187  35F1               	lslf	??i1_OUT,f
  1055  0188                     u54_24:	
  1056  0188  0B89               	decfsz	9,f
  1057  0189  2987               	goto	u54_25
  1058  018A  0871               	movf	??i1_OUT,w
  1059  018B  0020               	movlb	0	; select bank0
  1060  018C  040D               	iorwf	13,w	;volatile
  1061  018D  008D               	movwf	13	;volatile
  1062                           
  1063                           ;PIC16F1827-ChargeStation05.c: 97: } else {
  1064  018E  0008               	return
  1065  018F                     i1l814:	
  1066                           
  1067                           ;PIC16F1827-ChargeStation05.c: 98: PORTB = PORTB & (~(0x01 << b));
  1068  018F  3001               	movlw	1
  1069  0190  00F1               	movwf	??i1_OUT
  1070  0191  0A72               	incf	i1OUT@b,w
  1071  0192  2994               	goto	u55_24
  1072  0193                     u55_25:	
  1073  0193  35F1               	lslf	??i1_OUT,f
  1074  0194                     u55_24:	
  1075  0194  0B89               	decfsz	9,f
  1076  0195  2993               	goto	u55_25
  1077  0196  0871               	movf	??i1_OUT,w
  1078  0197  3AFF               	xorlw	255
  1079  0198  0020               	movlb	0	; select bank0
  1080  0199  050D               	andwf	13,w	;volatile
  1081  019A  008D               	movwf	13	;volatile
  1082  019B  0008               	return
  1083  019C                     __end_ofi1_OUT:	
  1084                           
  1085                           	psect	text5
  1086  01B8                     __ptext5:	
  1087 ;; *************** function _adc *****************
  1088 ;; Defined at:
  1089 ;;		line 85 in file "PIC16F1827-ChargeStation05.c"
  1090 ;; Parameters:    Size  Location     Type
  1091 ;;  ch              1    wreg     unsigned char 
  1092 ;; Auto vars:     Size  Location     Type
  1093 ;;  ch              1    3[COMMON] unsigned char 
  1094 ;; Return value:  Size  Location     Type
  1095 ;;                  2    0[COMMON] unsigned int 
  1096 ;; Registers used:
  1097 ;;		wreg, status,2, status,0
  1098 ;; Tracked objects:
  1099 ;;		On entry : 0/0
  1100 ;;		On exit  : 0/0
  1101 ;;		Unchanged: 0/0
  1102 ;; Data sizes:     COMMON   BANK0   BANK1   BANK2   BANK3   BANK4
  1103 ;;      Params:         2       0       0       0       0       0
  1104 ;;      Locals:         1       0       0       0       0       0
  1105 ;;      Temps:          1       0       0       0       0       0
  1106 ;;      Totals:         4       0       0       0       0       0
  1107 ;;Total ram usage:        4 bytes
  1108 ;; Hardware stack levels used:    1
  1109 ;; This function calls:
  1110 ;;		Nothing
  1111 ;; This function is called by:
  1112 ;;		_isr
  1113 ;; This function uses a non-reentrant model
  1114 ;;
  1115                           
  1116                           
  1117                           ;psect for function _adc
  1118  01B8                     _adc:	
  1119                           
  1120                           ;incstack = 0
  1121                           ; Regs used in _adc: [wreg+status,2+status,0]
  1122                           ;adc@ch stored from wreg
  1123  01B8  00F3               	movwf	adc@ch
  1124                           
  1125                           ;PIC16F1827-ChargeStation05.c: 86: ADCON0bits.ADON = 1;
  1126  01B9  0021               	movlb	1	; select bank1
  1127  01BA  141D               	bsf	29,0	;volatile
  1128                           
  1129                           ;PIC16F1827-ChargeStation05.c: 87: ADCON0bits.CHS = ch;
  1130  01BB  0873               	movf	adc@ch,w
  1131  01BC  00F2               	movwf	??_adc
  1132  01BD  0DF2               	rlf	??_adc,f
  1133  01BE  0DF2               	rlf	??_adc,f
  1134  01BF  081D               	movf	29,w	;volatile
  1135  01C0  0672               	xorwf	??_adc,w
  1136  01C1  3983               	andlw	-125
  1137  01C2  0672               	xorwf	??_adc,w
  1138  01C3  009D               	movwf	29	;volatile
  1139                           
  1140                           ;PIC16F1827-ChargeStation05.c: 88: _delay((unsigned long)((20)*(32000000/4000000.0)));
  1141  01C4  3035               	movlw	53
  1142  01C5  00F2               	movwf	??_adc
  1143  01C6                     u73_27:	
  1144  01C6  0BF2               	decfsz	??_adc,f
  1145  01C7  29C6               	goto	u73_27
  1146                           
  1147                           ;PIC16F1827-ChargeStation05.c: 89: ADCON0bits.GO_nDONE = 1;
  1148  01C8  0021               	movlb	1	; select bank1
  1149  01C9  149D               	bsf	29,1	;volatile
  1150  01CA                     i1l82:	
  1151                           ;PIC16F1827-ChargeStation05.c: 90: while (ADCON0bits.GO_nDONE);
  1152                           
  1153  01CA  189D               	btfsc	29,1	;volatile
  1154  01CB  29CA               	goto	i1l82
  1155                           
  1156                           ;PIC16F1827-ChargeStation05.c: 91: return ADRES;
  1157  01CC  081C               	movf	28,w	;volatile
  1158  01CD  01F1               	clrf	?_adc+1
  1159  01CE  07F1               	addwf	?_adc+1,f
  1160  01CF  081B               	movf	27,w	;volatile
  1161  01D0  01F0               	clrf	?_adc
  1162  01D1  07F0               	addwf	?_adc,f
  1163  01D2  0008               	return
  1164  01D3                     __end_of_adc:	
  1165                           
  1166                           	psect	text6
  1167  0127                     __ptext6:	
  1168 ;; *************** function ___lwdiv *****************
  1169 ;; Defined at:
  1170 ;;		line 6 in file "C:\Program Files (x86)\Microchip\xc8\v1.33\sources\common\lwdiv.c"
  1171 ;; Parameters:    Size  Location     Type
  1172 ;;  divisor         2    0[COMMON] unsigned int 
  1173 ;;  dividend        2    2[COMMON] unsigned int 
  1174 ;; Auto vars:     Size  Location     Type
  1175 ;;  quotient        2    5[COMMON] unsigned int 
  1176 ;;  counter         1    7[COMMON] unsigned char 
  1177 ;; Return value:  Size  Location     Type
  1178 ;;                  2    0[COMMON] unsigned int 
  1179 ;; Registers used:
  1180 ;;		wreg, status,2, status,0
  1181 ;; Tracked objects:
  1182 ;;		On entry : 0/0
  1183 ;;		On exit  : 0/0
  1184 ;;		Unchanged: 0/0
  1185 ;; Data sizes:     COMMON   BANK0   BANK1   BANK2   BANK3   BANK4
  1186 ;;      Params:         4       0       0       0       0       0
  1187 ;;      Locals:         3       0       0       0       0       0
  1188 ;;      Temps:          1       0       0       0       0       0
  1189 ;;      Totals:         8       0       0       0       0       0
  1190 ;;Total ram usage:        8 bytes
  1191 ;; Hardware stack levels used:    1
  1192 ;; This function calls:
  1193 ;;		Nothing
  1194 ;; This function is called by:
  1195 ;;		_isr
  1196 ;; This function uses a non-reentrant model
  1197 ;;
  1198                           
  1199                           
  1200                           ;psect for function ___lwdiv
  1201  0127                     ___lwdiv:	
  1202                           
  1203                           ;incstack = 0
  1204                           ; Regs used in ___lwdiv: [wreg+status,2+status,0]
  1205  0127  01F5               	clrf	___lwdiv@quotient
  1206  0128  01F6               	clrf	___lwdiv@quotient+1
  1207  0129  0871               	movf	___lwdiv@divisor+1,w
  1208  012A  0470               	iorwf	___lwdiv@divisor,w
  1209  012B  1903               	skipnz
  1210  012C  2956               	goto	i1l806
  1211  012D  01F7               	clrf	___lwdiv@counter
  1212  012E  0AF7               	incf	___lwdiv@counter,f
  1213  012F                     i1l794:	
  1214  012F  1BF1               	btfsc	___lwdiv@divisor+1,7
  1215  0130  293B               	goto	i1l796
  1216  0131  3001               	movlw	1
  1217  0132                     u47_25:	
  1218  0132  35F0               	lslf	___lwdiv@divisor,f
  1219  0133  0DF1               	rlf	___lwdiv@divisor+1,f
  1220  0134  0B89               	decfsz	9,f
  1221  0135  2932               	goto	u47_25
  1222  0136  3001               	movlw	1
  1223  0137  00F4               	movwf	??___lwdiv
  1224  0138  0874               	movf	??___lwdiv,w
  1225  0139  07F7               	addwf	___lwdiv@counter,f
  1226  013A  292F               	goto	i1l794
  1227  013B                     i1l796:	
  1228  013B  3001               	movlw	1
  1229  013C                     u49_25:	
  1230  013C  35F5               	lslf	___lwdiv@quotient,f
  1231  013D  0DF6               	rlf	___lwdiv@quotient+1,f
  1232  013E  0B89               	decfsz	9,f
  1233  013F  293C               	goto	u49_25
  1234  0140  0871               	movf	___lwdiv@divisor+1,w
  1235  0141  0273               	subwf	___lwdiv@dividend+1,w
  1236  0142  1D03               	skipz
  1237  0143  2946               	goto	u50_25
  1238  0144  0870               	movf	___lwdiv@divisor,w
  1239  0145  0272               	subwf	___lwdiv@dividend,w
  1240  0146                     u50_25:	
  1241  0146  1C03               	skipc
  1242  0147  294D               	goto	i1l802
  1243  0148  0870               	movf	___lwdiv@divisor,w
  1244  0149  02F2               	subwf	___lwdiv@dividend,f
  1245  014A  0871               	movf	___lwdiv@divisor+1,w
  1246  014B  3BF3               	subwfb	___lwdiv@dividend+1,f
  1247  014C  1475               	bsf	___lwdiv@quotient,0
  1248  014D                     i1l802:	
  1249  014D  3001               	movlw	1
  1250  014E                     u51_25:	
  1251  014E  36F1               	lsrf	___lwdiv@divisor+1,f
  1252  014F  0CF0               	rrf	___lwdiv@divisor,f
  1253  0150  0B89               	decfsz	9,f
  1254  0151  294E               	goto	u51_25
  1255  0152  3001               	movlw	1
  1256  0153  02F7               	subwf	___lwdiv@counter,f
  1257  0154  1D03               	btfss	3,2
  1258  0155  293B               	goto	i1l796
  1259  0156                     i1l806:	
  1260  0156  0876               	movf	___lwdiv@quotient+1,w
  1261  0157  01F1               	clrf	?___lwdiv+1
  1262  0158  07F1               	addwf	?___lwdiv+1,f
  1263  0159  0875               	movf	___lwdiv@quotient,w
  1264  015A  01F0               	clrf	?___lwdiv
  1265  015B  07F0               	addwf	?___lwdiv,f
  1266  015C  0008               	return
  1267  015D                     __end_of___lwdiv:	
  1268                           
  1269                           	psect	text7
  1270  015D                     __ptext7:	
  1271 ;; *************** function _LED *****************
  1272 ;; Defined at:
  1273 ;;		line 102 in file "PIC16F1827-ChargeStation05.c"
  1274 ;; Parameters:    Size  Location     Type
  1275 ;;  b               1    wreg     unsigned char 
  1276 ;;  hl              1    0[COMMON] unsigned char 
  1277 ;; Auto vars:     Size  Location     Type
  1278 ;;  b               1    2[COMMON] unsigned char 
  1279 ;; Return value:  Size  Location     Type
  1280 ;;		None               void
  1281 ;; Registers used:
  1282 ;;		wreg, status,2, status,0
  1283 ;; Tracked objects:
  1284 ;;		On entry : 0/0
  1285 ;;		On exit  : 0/0
  1286 ;;		Unchanged: 0/0
  1287 ;; Data sizes:     COMMON   BANK0   BANK1   BANK2   BANK3   BANK4
  1288 ;;      Params:         1       0       0       0       0       0
  1289 ;;      Locals:         1       0       0       0       0       0
  1290 ;;      Temps:          1       0       0       0       0       0
  1291 ;;      Totals:         3       0       0       0       0       0
  1292 ;;Total ram usage:        3 bytes
  1293 ;; Hardware stack levels used:    1
  1294 ;; This function calls:
  1295 ;;		Nothing
  1296 ;; This function is called by:
  1297 ;;		_isr
  1298 ;; This function uses a non-reentrant model
  1299 ;;
  1300                           
  1301                           
  1302                           ;psect for function _LED
  1303  015D                     _LED:	
  1304                           
  1305                           ;incstack = 0
  1306                           ; Regs used in _LED: [wreg+status,2+status,0]
  1307                           ;LED@b stored from wreg
  1308  015D  00F2               	movwf	LED@b
  1309                           
  1310                           ;PIC16F1827-ChargeStation05.c: 103: if (hl == 1) {
  1311  015E  0870               	movf	LED@hl,w
  1312  015F  3A01               	xorlw	1
  1313  0160  1D03               	skipz
  1314  0161  2970               	goto	i1l768
  1315                           
  1316                           ;PIC16F1827-ChargeStation05.c: 104: PORTB = PORTB | (0x01 << (b + 4));
  1317  0162  3001               	movlw	1
  1318  0163  00F1               	movwf	??_LED
  1319  0164  0872               	movf	LED@b,w
  1320  0165  3E04               	addlw	4
  1321  0166  0A89               	incf	9,f
  1322  0167  2969               	goto	u42_24
  1323  0168                     u42_25:	
  1324  0168  35F1               	lslf	??_LED,f
  1325  0169                     u42_24:	
  1326  0169  0B89               	decfsz	9,f
  1327  016A  2968               	goto	u42_25
  1328  016B  0871               	movf	??_LED,w
  1329  016C  0020               	movlb	0	; select bank0
  1330  016D  040D               	iorwf	13,w	;volatile
  1331  016E  008D               	movwf	13	;volatile
  1332                           
  1333                           ;PIC16F1827-ChargeStation05.c: 105: } else {
  1334  016F  0008               	return
  1335  0170                     i1l768:	
  1336                           
  1337                           ;PIC16F1827-ChargeStation05.c: 106: PORTB = PORTB & (~(0x01 << (b + 4)));
  1338  0170  3001               	movlw	1
  1339  0171  00F1               	movwf	??_LED
  1340  0172  0872               	movf	LED@b,w
  1341  0173  3E04               	addlw	4
  1342  0174  0A89               	incf	9,f
  1343  0175  2977               	goto	u43_24
  1344  0176                     u43_25:	
  1345  0176  35F1               	lslf	??_LED,f
  1346  0177                     u43_24:	
  1347  0177  0B89               	decfsz	9,f
  1348  0178  2976               	goto	u43_25
  1349  0179  0871               	movf	??_LED,w
  1350  017A  3AFF               	xorlw	255
  1351  017B  0020               	movlb	0	; select bank0
  1352  017C  050D               	andwf	13,w	;volatile
  1353  017D  008D               	movwf	13	;volatile
  1354  017E  0008               	return
  1355  017F                     __end_of_LED:	
  1356  007E                     btemp	set	126	;btemp
  1357  007E                     pic14e$flags	set	126
  1358  007E                     wtemp	set	126
  1359  007E                     wtemp0	set	126
  1360  0080                     wtemp1	set	128
  1361  0082                     wtemp2	set	130
  1362  0084                     wtemp3	set	132
  1363  0086                     wtemp4	set	134
  1364  0088                     wtemp5	set	136
  1365  007F                     wtemp6	set	127
  1366  007E                     ttemp	set	126
  1367  007E                     ttemp0	set	126
  1368  0081                     ttemp1	set	129
  1369  0084                     ttemp2	set	132
  1370  0087                     ttemp3	set	135
  1371  007F                     ttemp4	set	127
  1372  007E                     ltemp	set	126
  1373  007E                     ltemp0	set	126
  1374  0082                     ltemp1	set	130
  1375  0086                     ltemp2	set	134
  1376  0080                     ltemp3	set	128


Data Sizes:
    Strings     0
    Constant    0
    Data        0
    BSS         38
    Persistent  0
    Stack       0

Auto Spaces:
    Space          Size  Autos    Used
    COMMON           14     14      14
    BANK0            80      5      43
    BANK1            80      0       0
    BANK2            80      0       0
    BANK3            80      0       0
    BANK4            48      0       0

Pointer List with Targets:

    None.

Critical Paths under _main in COMMON

    None.

Critical Paths under _isr in COMMON

    _isr->___lwdiv

Critical Paths under _main in BANK0

    _main->_OUT
    _main->_SW

Critical Paths under _isr in BANK0

    None.

Critical Paths under _main in BANK1

    None.

Critical Paths under _isr in BANK1

    None.

Critical Paths under _main in BANK2

    None.

Critical Paths under _isr in BANK2

    None.

Critical Paths under _main in BANK3

    None.

Critical Paths under _isr in BANK3

    None.

Critical Paths under _main in BANK4

    None.

Critical Paths under _isr in BANK4

    None.

Call Graph Tables:

 ---------------------------------------------------------------------------------
 (Depth) Function   	        Calls       Base Space   Used Autos Params    Refs
 ---------------------------------------------------------------------------------
 (0) _main                                                 2     2      0     303
                                              3 BANK0      2     2      0
                                _OUT
                                 _SW
 ---------------------------------------------------------------------------------
 (1) _SW                                                   3     3      0      45
                                              0 BANK0      3     3      0
 ---------------------------------------------------------------------------------
 (1) _OUT                                                  3     2      1     168
                                              0 BANK0      3     2      1
 ---------------------------------------------------------------------------------
 Estimated maximum stack depth 1
 ---------------------------------------------------------------------------------
 (Depth) Function   	        Calls       Base Space   Used Autos Params    Refs
 ---------------------------------------------------------------------------------
 (2) _isr                                                  6     6      0    1044
                                              8 COMMON     6     6      0
                                _LED
                            ___lwdiv
                                _adc
                              i1_OUT
 ---------------------------------------------------------------------------------
 (3) i1_OUT                                                3     2      1      92
                                              0 COMMON     3     2      1
 ---------------------------------------------------------------------------------
 (3) _adc                                                  4     2      2      22
                                              0 COMMON     4     2      2
 ---------------------------------------------------------------------------------
 (3) ___lwdiv                                              8     4      4     290
                                              0 COMMON     8     4      4
 ---------------------------------------------------------------------------------
 (3) _LED                                                  3     2      1     194
                                              0 COMMON     3     2      1
 ---------------------------------------------------------------------------------
 Estimated maximum stack depth 3
 ---------------------------------------------------------------------------------

 Call Graph Graphs:

 _main (ROOT)
   _OUT
   _SW

 _isr (ROOT)
   _LED
   ___lwdiv
   _adc
   i1_OUT

 Address spaces:
Name               Size   Autos  Total    Cost      Usage
BIGRAM             170      0       0       0        0.0%
EEDATA             100      0       0       0        0.0%
NULL                 0      0       0       0        0.0%
CODE                 0      0       0       0        0.0%
BITCOMMON            E      0       0       1        0.0%
BITSFR0              0      0       0       1        0.0%
SFR0                 0      0       0       1        0.0%
COMMON               E      E       E       2      100.0%
BITSFR1              0      0       0       2        0.0%
SFR1                 0      0       0       2        0.0%
BITSFR2              0      0       0       3        0.0%
SFR2                 0      0       0       3        0.0%
STACK                0      0       0       3        0.0%
BITSFR3              0      0       0       4        0.0%
SFR3                 0      0       0       4        0.0%
ABS                  0      0      39       4        0.0%
BITBANK0            50      0       0       5        0.0%
BITSFR4              0      0       0       5        0.0%
SFR4                 0      0       0       5        0.0%
BANK0               50      5      2B       6       53.8%
BITSFR5              0      0       0       6        0.0%
SFR5                 0      0       0       6        0.0%
BITBANK1            50      0       0       7        0.0%
BITSFR6              0      0       0       7        0.0%
SFR6                 0      0       0       7        0.0%
BANK1               50      0       0       8        0.0%
BITSFR7              0      0       0       8        0.0%
SFR7                 0      0       0       8        0.0%
BITBANK2            50      0       0       9        0.0%
BITSFR8              0      0       0       9        0.0%
SFR8                 0      0       0       9        0.0%
BANK2               50      0       0      10        0.0%
BITSFR9              0      0       0      10        0.0%
SFR9                 0      0       0      10        0.0%
BITBANK3            50      0       0      11        0.0%
BITSFR10             0      0       0      11        0.0%
SFR10                0      0       0      11        0.0%
BANK3               50      0       0      12        0.0%
BITSFR11             0      0       0      12        0.0%
SFR11                0      0       0      12        0.0%
BITBANK4            30      0       0      13        0.0%
BITSFR12             0      0       0      13        0.0%
SFR12                0      0       0      13        0.0%
BANK4               30      0       0      14        0.0%
BITSFR13             0      0       0      14        0.0%
SFR13                0      0       0      14        0.0%
BITSFR14             0      0       0      15        0.0%
SFR14                0      0       0      15        0.0%
DATA                 0      0      39      15        0.0%
BITSFR15             0      0       0      16        0.0%
SFR15                0      0       0      16        0.0%
BITSFR16             0      0       0      17        0.0%
SFR16                0      0       0      17        0.0%
BITSFR17             0      0       0      18        0.0%
SFR17                0      0       0      18        0.0%
BITSFR18             0      0       0      19        0.0%
SFR18                0      0       0      19        0.0%
BITSFR19             0      0       0      20        0.0%
SFR19                0      0       0      20        0.0%
BITSFR20             0      0       0      21        0.0%
SFR20                0      0       0      21        0.0%
BITSFR21             0      0       0      22        0.0%
SFR21                0      0       0      22        0.0%
BITSFR22             0      0       0      23        0.0%
SFR22                0      0       0      23        0.0%
BITSFR23             0      0       0      24        0.0%
SFR23                0      0       0      24        0.0%
BITSFR24             0      0       0      25        0.0%
SFR24                0      0       0      25        0.0%
BITSFR25             0      0       0      26        0.0%
SFR25                0      0       0      26        0.0%
BITSFR26             0      0       0      27        0.0%
SFR26                0      0       0      27        0.0%
BITSFR27             0      0       0      28        0.0%
SFR27                0      0       0      28        0.0%
BITSFR28             0      0       0      29        0.0%
SFR28                0      0       0      29        0.0%
BITSFR29             0      0       0      30        0.0%
SFR29                0      0       0      30        0.0%
BITSFR30             0      0       0      31        0.0%
SFR30                0      0       0      31        0.0%
BITSFR31             0      0       0      32        0.0%
SFR31                0      0       0      32        0.0%


Microchip Technology PIC Macro Assembler V1.33 build 59893 
Symbol Table                                                                                   Wed Dec 03 15:16:07 2014

                      _d 003C                        _v 0030              __CFG_CP$OFF 0000  
                     _SW 01D3                      ?_SW 0070                      l910 010D  
                    SW@b 0047                      l762 01AC                      l780 01E8  
                    l918 0121                      _LED 015D                      u404 01B1  
                    u405 01B0             __CFG_CPD$OFF 0000                      u444 01E0  
                    u445 01DF                      u394 01A6                      u395 01A5  
                    _OUT 019C                      _adc 01B8                      _cnt 0040  
                    _cut 0020                      _isr 0004             __CFG_BORV$LO 0000  
                    wreg 0009                     ??_SW 0046             __CFG_LVP$OFF 0000  
                   LED@b 0072                     ?_LED 0070                     ?_OUT 0046  
                   ?_adc 0070                     OUT@b 0048                     ?_isr 0070  
                   i1l63 0078                     i1l73 0095                     i1l82 01CA  
                   i1l79 00DB             __CFG_WRT$OFF 0000                     _cnt0 0042  
                   _cnt1 0044                     _main 00ED                     _cutf 0038  
                   _temp 0028                     fsr0h 0005                     fsr1h 0007  
                   fsr0l 0004                     indf0 0000                     indf1 0001  
                   fsr1l 0006                     btemp 007E                     isr@i 007D  
                   ltemp 007E                     start 00E0                     ttemp 007E  
                   wtemp 007E            __CFG_IESO$OFF 0000                    ??_LED 0071  
                  ??_OUT 0047                    ??_adc 0072                    ??_isr 0078  
                  LED@hl 0070            __CFG_PLLEN$ON 0000                    ?_main 0070  
                  OUT@hl 0046                    _ADRES 009B            __CFG_WDTE$OFF 0000  
                  _T1CON 0018          __end_of___lwdiv 015D                    i1l802 014D  
                  i1l806 0156                    i1l814 018F                    i1l840 003C  
                  i1l834 0037                    i1l826 0011                    i1l846 0069  
                  i1l768 0170                    i1l848 0070                    i1l794 012F  
                  i1l796 013B                    i1l876 00CE                    i1l868 009A  
                  i1l878 00D3                    i1_OUT 017F                    _TMR1H 0017  
                  _TMR1L 0016                    u42_24 0169                    u42_25 0168  
                  u50_25 0146                    _PORTA 000C                    _PORTB 000D  
                  u43_24 0177                    u43_25 0176                    u51_25 014E  
                  u54_24 0188                    u54_25 0187                    u55_24 0194  
                  u47_25 0132                    u55_25 0193                    u64_25 0086  
                  _TRISA 008C                    _TRISB 008D                    u49_25 013C  
                  u73_27 01C6                    u68_25 00C9           __CFG_FCMEN$OFF 0000  
                  adc@ch 0073                    main@i 004A           __CFG_BOREN$OFF 0000  
                  ltemp0 007E                    ltemp1 0082                    ltemp2 0086  
                  ltemp3 0080                    ttemp0 007E                    ttemp1 0081  
                  ttemp2 0084                    ttemp3 0087                    ttemp4 007F  
                  status 0003                    wtemp0 007E                    wtemp1 0080  
                  wtemp2 0082                    wtemp3 0084                    wtemp4 0086  
                  wtemp5 0088                    wtemp6 007F           __CFG_MCLRE$OFF 0000  
        __initialization 00E2             __end_of_main 0127                   ??_main 0049  
                 ?i1_OUT 0070                   _ADCON1 009E                   _ANSELA 018C  
                 _ANSELB 018D                   SW@temp 0048                   i1OUT@b 0072  
                 _FVRCON 0117                   _OSCCON 0099           __CFG_PWRTE$OFF 0000  
              ??___lwdiv 0074  __end_of__initialization 00E9            __end_ofi1_OUT 019C  
         __pcstackCOMMON 0070               __end_of_SW 01EA                  ??i1_OUT 0071  
             __pbssBANK0 0020               __pmaintext 00ED               __pintentry 0004  
                i1OUT@hl 0070                  ___lwdiv 0127          __CFG_STVREN$OFF 0000  
                __ptext0 0000                  __ptext1 01D3                  __ptext2 019C  
                __ptext4 017F                  __ptext5 01B8                  __ptext6 0127  
                __ptext7 015D             __size_of_LED 0022             __size_of_OUT 001C  
           __size_of_adc 001B             __size_of_isr 00DC                  clrloop0 01EB  
   end_of_initialization 00E9         __CFG_FOSC$INTOSC 0000      start_initialization 00E2  
            __end_of_LED 017F              __end_of_OUT 01B8              __end_of_adc 01D3  
            __end_of_isr 00E0                ___latbits 0001            __pcstackBANK0 0046  
       ___lwdiv@dividend 0072                 ?___lwdiv 0070           __size_ofi1_OUT 001D  
       ___lwdiv@quotient 0075              __size_of_SW 0017                clear_ram0 01EA  
               _PIE1bits 0091                 _PIR1bits 0011               _ADCON0bits 009D  
       __size_of___lwdiv 0036          ___lwdiv@divisor 0070          ___lwdiv@counter 0077  
          __size_of_main 003A               _INTCONbits 000B              pic14e$flags 007E  
               intlevel1 0000        __CFG_CLKOUTEN$OFF 0000               _OPTION_REG 0095  
