

Microchip Technology PIC LITE Macro Assembler V1.35 build -356382666 
                                                                                               Mon Nov 16 19:11:40 2015

Microchip Technology Omniscient Code Generator v1.35 (Free mode) build 201507080246
     1                           	processor	16F1827
     2                           	opt	pw 120
     3                           	opt	lm
     4                           	psect	cinit,global,class=CODE,merge=1,delta=2
     5                           	psect	bssCOMMON,global,class=COMMON,space=1,delta=1
     6                           	psect	cstackCOMMON,global,class=COMMON,space=1,delta=1
     7                           	psect	maintext,global,class=CODE,merge=1,split=1,delta=2
     8                           	psect	intentry,global,class=CODE,delta=2
     9                           	dabs	1,0x7E,2
    10  0000                     	;# 
    11  0001                     	;# 
    12  0002                     	;# 
    13  0003                     	;# 
    14  0004                     	;# 
    15  0005                     	;# 
    16  0006                     	;# 
    17  0007                     	;# 
    18  0008                     	;# 
    19  0009                     	;# 
    20  000A                     	;# 
    21  000B                     	;# 
    22  000C                     	;# 
    23  000D                     	;# 
    24  0011                     	;# 
    25  0012                     	;# 
    26  0013                     	;# 
    27  0014                     	;# 
    28  0015                     	;# 
    29  0016                     	;# 
    30  0016                     	;# 
    31  0017                     	;# 
    32  0018                     	;# 
    33  0019                     	;# 
    34  001A                     	;# 
    35  001B                     	;# 
    36  001C                     	;# 
    37  001E                     	;# 
    38  001F                     	;# 
    39  008C                     	;# 
    40  008D                     	;# 
    41  0091                     	;# 
    42  0092                     	;# 
    43  0093                     	;# 
    44  0094                     	;# 
    45  0095                     	;# 
    46  0096                     	;# 
    47  0097                     	;# 
    48  0098                     	;# 
    49  0099                     	;# 
    50  009A                     	;# 
    51  009B                     	;# 
    52  009B                     	;# 
    53  009C                     	;# 
    54  009D                     	;# 
    55  009E                     	;# 
    56  010C                     	;# 
    57  010D                     	;# 
    58  0111                     	;# 
    59  0112                     	;# 
    60  0113                     	;# 
    61  0114                     	;# 
    62  0115                     	;# 
    63  0116                     	;# 
    64  0117                     	;# 
    65  0118                     	;# 
    66  0119                     	;# 
    67  011A                     	;# 
    68  011B                     	;# 
    69  011D                     	;# 
    70  011E                     	;# 
    71  018C                     	;# 
    72  018D                     	;# 
    73  0191                     	;# 
    74  0191                     	;# 
    75  0192                     	;# 
    76  0193                     	;# 
    77  0193                     	;# 
    78  0193                     	;# 
    79  0194                     	;# 
    80  0195                     	;# 
    81  0196                     	;# 
    82  0199                     	;# 
    83  019A                     	;# 
    84  019B                     	;# 
    85  019B                     	;# 
    86  019B                     	;# 
    87  019B                     	;# 
    88  019C                     	;# 
    89  019C                     	;# 
    90  019D                     	;# 
    91  019E                     	;# 
    92  019F                     	;# 
    93  020C                     	;# 
    94  020D                     	;# 
    95  0211                     	;# 
    96  0211                     	;# 
    97  0212                     	;# 
    98  0212                     	;# 
    99  0213                     	;# 
   100  0213                     	;# 
   101  0214                     	;# 
   102  0214                     	;# 
   103  0215                     	;# 
   104  0215                     	;# 
   105  0215                     	;# 
   106  0216                     	;# 
   107  0216                     	;# 
   108  0217                     	;# 
   109  0217                     	;# 
   110  0219                     	;# 
   111  021A                     	;# 
   112  021B                     	;# 
   113  021C                     	;# 
   114  021D                     	;# 
   115  021E                     	;# 
   116  021F                     	;# 
   117  0291                     	;# 
   118  0291                     	;# 
   119  0292                     	;# 
   120  0293                     	;# 
   121  0294                     	;# 
   122  0295                     	;# 
   123  0295                     	;# 
   124  0296                     	;# 
   125  0298                     	;# 
   126  0298                     	;# 
   127  0299                     	;# 
   128  029A                     	;# 
   129  029B                     	;# 
   130  029C                     	;# 
   131  029C                     	;# 
   132  029D                     	;# 
   133  029E                     	;# 
   134  029E                     	;# 
   135  0311                     	;# 
   136  0311                     	;# 
   137  0312                     	;# 
   138  0313                     	;# 
   139  0318                     	;# 
   140  0318                     	;# 
   141  0319                     	;# 
   142  031A                     	;# 
   143  0394                     	;# 
   144  0395                     	;# 
   145  0396                     	;# 
   146  039A                     	;# 
   147  039C                     	;# 
   148  039D                     	;# 
   149  039E                     	;# 
   150  039F                     	;# 
   151  0415                     	;# 
   152  0416                     	;# 
   153  0417                     	;# 
   154  041C                     	;# 
   155  041D                     	;# 
   156  041E                     	;# 
   157  0FE4                     	;# 
   158  0FE5                     	;# 
   159  0FE6                     	;# 
   160  0FE7                     	;# 
   161  0FE8                     	;# 
   162  0FE9                     	;# 
   163  0FEA                     	;# 
   164  0FEB                     	;# 
   165  0FED                     	;# 
   166  0FEE                     	;# 
   167  0FEF                     	;# 
   168  005F                     _GIE	set	95
   169  005E                     _PEIE	set	94
   170  008D                     _RCIF	set	141
   171  0099                     _OSCCON	set	153
   172  008C                     _TRISA	set	140
   173  008D                     _TRISB	set	141
   174  048D                     _RCIE	set	1165
   175  08EF                     _RXDTSEL	set	2287
   176  08F0                     _TXCKSEL	set	2288
   177  018C                     _ANSELA	set	396
   178  018D                     _ANSELB	set	397
   179  0199                     _RCREG	set	409
   180  019D                     _RCSTA	set	413
   181  019C                     _SPBRGH	set	412
   182  019B                     _SPBRGL	set	411
   183  019A                     _TXREG	set	410
   184  019E                     _TXSTA	set	414
   185  0CFB                     _BRG16	set	3323
   186  0CEF                     _SPEN	set	3311
   187  0CF1                     _TRMT	set	3313
   188                           
   189                           ; #config settings
   190  0000                     
   191                           	psect	cinit
   192  0018                     start_initialization:	
   193  0018                     __initialization:	
   194                           
   195                           ; Clear objects allocated to COMMON
   196  0018  01F0               	clrf	__pbssCOMMON& (0+127)
   197  0019  01F1               	clrf	(__pbssCOMMON+1)& (0+127)
   198  001A  01F2               	clrf	(__pbssCOMMON+2)& (0+127)
   199  001B                     end_of_initialization:	
   200                           ;End of C runtime variable initialization code
   201                           
   202  001B                     __end_of__initialization:	
   203  001B  107E               	bcf	int$flags,0	;clear compiler interrupt flag (level 1)
   204  001C  0020               	movlb	0
   205  001D  3180  281F         	ljmp	_main	;jump to C main() function
   206                           
   207                           	psect	bssCOMMON
   208  0070                     __pbssCOMMON:	
   209  0070                     _cnt1:	
   210  0070                     	ds	2
   211  0072                     _temp:	
   212  0072                     	ds	1
   213                           
   214                           	psect	cstackCOMMON
   215  0073                     __pcstackCOMMON:	
   216  0073                     ?_RSI:	
   217  0073                     ??_RSI:	
   218                           ; 0 bytes @ 0x0
   219                           
   220  0073                     ?_main:	
   221                           ; 0 bytes @ 0x0
   222                           
   223                           
   224                           ; 0 bytes @ 0x0
   225  0073                     	ds	1
   226  0074                     ??_main:	
   227                           
   228                           	psect	maintext
   229  001F                     __pmaintext:	
   230                           ; 0 bytes @ 0x1
   231 ;;
   232 ;;Main: autosize = 0, tempsize = 0, incstack = 0, save=0
   233 ;;
   234 ;; *************** function _main *****************
   235 ;; Defined at:
   236 ;;		line 43 in file "PIC16F1827-UART02.c"
   237 ;; Parameters:    Size  Location     Type
   238 ;;		None
   239 ;; Auto vars:     Size  Location     Type
   240 ;;		None
   241 ;; Return value:  Size  Location     Type
   242 ;;		None               void
   243 ;; Registers used:
   244 ;;		wreg, status,2
   245 ;; Tracked objects:
   246 ;;		On entry : B1F/0
   247 ;;		On exit  : 0/0
   248 ;;		Unchanged: 0/0
   249 ;; Data sizes:     COMMON   BANK0   BANK1   BANK2   BANK3   BANK4
   250 ;;      Params:         0       0       0       0       0       0
   251 ;;      Locals:         0       0       0       0       0       0
   252 ;;      Temps:          0       0       0       0       0       0
   253 ;;      Totals:         0       0       0       0       0       0
   254 ;;Total ram usage:        0 bytes
   255 ;; Hardware stack levels required when called:    1
   256 ;; This function calls:
   257 ;;		Nothing
   258 ;; This function is called by:
   259 ;;		Startup code after reset
   260 ;; This function uses a non-reentrant model
   261 ;;
   262                           
   263                           
   264                           ;psect for function _main
   265  001F                     _main:	
   266                           
   267                           ;PIC16F1827-UART02.c: 44: TRISA = 0X00;
   268                           
   269                           ;incstack = 0
   270                           ; Regs used in _main: [wreg+status,2]
   271  001F  0021               	movlb	1	; select bank1
   272  0020  018C               	clrf	12	;volatile
   273                           
   274                           ;PIC16F1827-UART02.c: 45: TRISB = 0X02;
   275  0021  3002               	movlw	2
   276  0022  008D               	movwf	13	;volatile
   277                           
   278                           ;PIC16F1827-UART02.c: 46: ANSELA = 0X00;
   279  0023  0023               	movlb	3	; select bank3
   280  0024  018C               	clrf	12	;volatile
   281                           
   282                           ;PIC16F1827-UART02.c: 47: ANSELB = 0X00;
   283  0025  018D               	clrf	13	;volatile
   284                           
   285                           ;PIC16F1827-UART02.c: 49: OSCCON = 0X70;
   286  0026  3070               	movlw	112
   287  0027  0021               	movlb	1	; select bank1
   288  0028  0099               	movwf	25	;volatile
   289                           
   290                           ;PIC16F1827-UART02.c: 51: SPEN = 1;
   291  0029  0023               	movlb	3	; select bank3
   292  002A  179D               	bsf	29,7	;volatile
   293                           
   294                           ;PIC16F1827-UART02.c: 52: TXCKSEL = 0;
   295  002B  0022               	movlb	2	; select bank2
   296  002C  101E               	bcf	30,0	;volatile
   297                           
   298                           ;PIC16F1827-UART02.c: 53: RXDTSEL = 0;
   299  002D  139D               	bcf	29,7	;volatile
   300                           
   301                           ;PIC16F1827-UART02.c: 54: RCSTA = 0X90;
   302  002E  3090               	movlw	144
   303  002F  0023               	movlb	3	; select bank3
   304  0030  009D               	movwf	29	;volatile
   305                           
   306                           ;PIC16F1827-UART02.c: 55: BRG16 = 0;
   307  0031  119F               	bcf	31,3	;volatile
   308                           
   309                           ;PIC16F1827-UART02.c: 56: SPBRGH = 0;
   310  0032  019C               	clrf	28	;volatile
   311                           
   312                           ;PIC16F1827-UART02.c: 57: SPBRGL = 207;
   313  0033  30CF               	movlw	207
   314  0034  009B               	movwf	27	;volatile
   315                           
   316                           ;PIC16F1827-UART02.c: 58: TXSTA = 0X24;
   317  0035  3024               	movlw	36
   318  0036  009E               	movwf	30	;volatile
   319                           
   320                           ;PIC16F1827-UART02.c: 60: RCIE = 1;
   321  0037  0021               	movlb	1	; select bank1
   322  0038  1691               	bsf	17,5	;volatile
   323                           
   324                           ;PIC16F1827-UART02.c: 61: PEIE = 1;
   325  0039  170B               	bsf	11,6	;volatile
   326                           
   327                           ;PIC16F1827-UART02.c: 62: GIE = 1;
   328  003A  178B               	bsf	11,7	;volatile
   329  003B                     l54:	
   330                           ;PIC16F1827-UART02.c: 64: while (1) {
   331                           
   332  003B  283B               	goto	l54
   333  003C                     __end_of_main:	
   334                           
   335                           	psect	intentry
   336  0004                     __pintentry:	
   337 ;; *************** function _RSI *****************
   338 ;; Defined at:
   339 ;;		line 35 in file "PIC16F1827-UART02.c"
   340 ;; Parameters:    Size  Location     Type
   341 ;;		None
   342 ;; Auto vars:     Size  Location     Type
   343 ;;		None
   344 ;; Return value:  Size  Location     Type
   345 ;;		None               void
   346 ;; Registers used:
   347 ;;		wreg
   348 ;; Tracked objects:
   349 ;;		On entry : 0/0
   350 ;;		On exit  : 0/0
   351 ;;		Unchanged: 0/0
   352 ;; Data sizes:     COMMON   BANK0   BANK1   BANK2   BANK3   BANK4
   353 ;;      Params:         0       0       0       0       0       0
   354 ;;      Locals:         0       0       0       0       0       0
   355 ;;      Temps:          1       0       0       0       0       0
   356 ;;      Totals:         1       0       0       0       0       0
   357 ;;Total ram usage:        1 bytes
   358 ;; Hardware stack levels used:    1
   359 ;; This function calls:
   360 ;;		Nothing
   361 ;; This function is called by:
   362 ;;		Interrupt level 1
   363 ;; This function uses a non-reentrant model
   364 ;;
   365                           
   366  0004                     _RSI:	
   367                           
   368                           ;incstack = 0
   369                           ; Regs used in _RSI: [wreg]
   370  0004  147E               	bsf	126,0	;set compiler interrupt flag (level 1)
   371  0005  3180               	pagesel	$
   372  0006  0020               	movlb	0	; select bank0
   373  0007  087F               	movf	127,w
   374  0008  00F3               	movwf	??_RSI
   375                           
   376                           ;PIC16F1827-UART02.c: 36: if (RCIF) {
   377  0009  1E91               	btfss	17,5	;volatile
   378  000A  2811               	goto	i1l51
   379                           
   380                           ;PIC16F1827-UART02.c: 37: RCIF = 0;
   381  000B  1291               	bcf	17,5	;volatile
   382  000C                     i1l48:	
   383                           ;PIC16F1827-UART02.c: 38: while (!TRMT);
   384                           
   385  000C  0023               	movlb	3	; select bank3
   386  000D  1C9E               	btfss	30,1	;volatile
   387  000E  280C               	goto	i1l48
   388                           
   389                           ;PIC16F1827-UART02.c: 39: TXREG=RCREG;
   390  000F  0819               	movf	25,w	;volatile
   391  0010  009A               	movwf	26	;volatile
   392  0011                     i1l51:	
   393  0011  0873               	movf	??_RSI,w
   394  0012  0020               	movlb	0	; select bank0
   395  0013  00FF               	movwf	127
   396  0014  107E               	bcf	126,0	;clear compiler interrupt flag (level 1)
   397  0015  0009               	retfie
   398  0016                     __end_of_RSI:	
   399  007E                     btemp	set	126	;btemp
   400  007E                     int$flags	set	126
   401  007E                     wtemp	set	126
   402  007E                     wtemp0	set	126
   403  0080                     wtemp1	set	128
   404  0082                     wtemp2	set	130
   405  0084                     wtemp3	set	132
   406  0086                     wtemp4	set	134
   407  0088                     wtemp5	set	136
   408  007F                     wtemp6	set	127
   409  007E                     ttemp	set	126
   410  007E                     ttemp0	set	126
   411  0081                     ttemp1	set	129
   412  0084                     ttemp2	set	132
   413  0087                     ttemp3	set	135
   414  007F                     ttemp4	set	127
   415  007E                     ltemp	set	126
   416  007E                     ltemp0	set	126
   417  0082                     ltemp1	set	130
   418  0086                     ltemp2	set	134
   419  0080                     ltemp3	set	128


Data Sizes:
    Strings     0
    Constant    0
    Data        0
    BSS         3
    Persistent  0
    Stack       0

Auto Spaces:
    Space          Size  Autos    Used
    COMMON           14      1       4
    BANK0            80      0       0
    BANK1            80      0       0
    BANK2            80      0       0
    BANK3            80      0       0
    BANK4            48      0       0

Pointer List with Targets:

    None.

Critical Paths under _main in COMMON

    None.

Critical Paths under _RSI in COMMON

    None.

Critical Paths under _main in BANK0

    None.

Critical Paths under _RSI in BANK0

    None.

Critical Paths under _main in BANK1

    None.

Critical Paths under _RSI in BANK1

    None.

Critical Paths under _main in BANK2

    None.

Critical Paths under _RSI in BANK2

    None.

Critical Paths under _main in BANK3

    None.

Critical Paths under _RSI in BANK3

    None.

Critical Paths under _main in BANK4

    None.

Critical Paths under _RSI in BANK4

    None.

Call Graph Tables:

 ---------------------------------------------------------------------------------
 (Depth) Function   	        Calls       Base Space   Used Autos Params    Refs
 ---------------------------------------------------------------------------------
 (0) _main                                                 0     0      0       0
 ---------------------------------------------------------------------------------
 Estimated maximum stack depth 0
 ---------------------------------------------------------------------------------
 (Depth) Function   	        Calls       Base Space   Used Autos Params    Refs
 ---------------------------------------------------------------------------------
 (1) _RSI                                                  1     1      0       0
                                              0 COMMON     1     1      0
 ---------------------------------------------------------------------------------
 Estimated maximum stack depth 1
 ---------------------------------------------------------------------------------

 Call Graph Graphs:

 _main (ROOT)

 _RSI (ROOT)

 Address spaces:
Name               Size   Autos  Total    Cost      Usage
BIGRAM             170      0       0       0        0.0%
EEDATA             100      0       0       0        0.0%
NULL                 0      0       0       0        0.0%
CODE                 0      0       0       0        0.0%
BITCOMMON            E      0       0       1        0.0%
BITSFR0              0      0       0       1        0.0%
SFR0                 0      0       0       1        0.0%
COMMON               E      1       4       2       28.6%
BITSFR1              0      0       0       2        0.0%
SFR1                 0      0       0       2        0.0%
BITSFR2              0      0       0       3        0.0%
SFR2                 0      0       0       3        0.0%
STACK                0      0       0       3        0.0%
BITSFR3              0      0       0       4        0.0%
SFR3                 0      0       0       4        0.0%
ABS                  0      0       4       4        0.0%
BITBANK0            50      0       0       5        0.0%
BITSFR4              0      0       0       5        0.0%
SFR4                 0      0       0       5        0.0%
BANK0               50      0       0       6        0.0%
BITSFR5              0      0       0       6        0.0%
SFR5                 0      0       0       6        0.0%
BITBANK1            50      0       0       7        0.0%
BITSFR6              0      0       0       7        0.0%
SFR6                 0      0       0       7        0.0%
BANK1               50      0       0       8        0.0%
BITSFR7              0      0       0       8        0.0%
SFR7                 0      0       0       8        0.0%
BITBANK2            50      0       0       9        0.0%
BITSFR8              0      0       0       9        0.0%
SFR8                 0      0       0       9        0.0%
BANK2               50      0       0      10        0.0%
BITSFR9              0      0       0      10        0.0%
SFR9                 0      0       0      10        0.0%
BITBANK3            50      0       0      11        0.0%
BITSFR10             0      0       0      11        0.0%
SFR10                0      0       0      11        0.0%
BANK3               50      0       0      12        0.0%
BITSFR11             0      0       0      12        0.0%
SFR11                0      0       0      12        0.0%
BITBANK4            30      0       0      13        0.0%
BITSFR12             0      0       0      13        0.0%
SFR12                0      0       0      13        0.0%
BANK4               30      0       0      14        0.0%
BITSFR13             0      0       0      14        0.0%
SFR13                0      0       0      14        0.0%
BITSFR14             0      0       0      15        0.0%
SFR14                0      0       0      15        0.0%
DATA                 0      0       4      15        0.0%
BITSFR15             0      0       0      16        0.0%
SFR15                0      0       0      16        0.0%
BITSFR16             0      0       0      17        0.0%
SFR16                0      0       0      17        0.0%
BITSFR17             0      0       0      18        0.0%
SFR17                0      0       0      18        0.0%
BITSFR18             0      0       0      19        0.0%
SFR18                0      0       0      19        0.0%
BITSFR19             0      0       0      20        0.0%
SFR19                0      0       0      20        0.0%
BITSFR20             0      0       0      21        0.0%
SFR20                0      0       0      21        0.0%
BITSFR21             0      0       0      22        0.0%
SFR21                0      0       0      22        0.0%
BITSFR22             0      0       0      23        0.0%
SFR22                0      0       0      23        0.0%
BITSFR23             0      0       0      24        0.0%
SFR23                0      0       0      24        0.0%
BITSFR24             0      0       0      25        0.0%
SFR24                0      0       0      25        0.0%
BITSFR25             0      0       0      26        0.0%
SFR25                0      0       0      26        0.0%
BITSFR26             0      0       0      27        0.0%
SFR26                0      0       0      27        0.0%
BITSFR27             0      0       0      28        0.0%
SFR27                0      0       0      28        0.0%
BITSFR28             0      0       0      29        0.0%
SFR28                0      0       0      29        0.0%
BITSFR29             0      0       0      30        0.0%
SFR29                0      0       0      30        0.0%
BITSFR30             0      0       0      31        0.0%
SFR30                0      0       0      31        0.0%
BITSFR31             0      0       0      32        0.0%
SFR31                0      0       0      32        0.0%


Microchip Technology PIC Macro Assembler V1.35 build -356382666 
Symbol Table                                                                                   Mon Nov 16 19:11:40 2015

            __CFG_CP$OFF 0000                       l54 003B                      _GIE 005F  
           __CFG_CPD$OFF 0000                      _RSI 0004             __CFG_BORV$LO 0000  
           __CFG_LVP$OFF 0000                     ?_RSI 0073                     _PEIE 005E  
                   i1l51 0011                     _RCIE 048D                     _RCIF 008D  
                   i1l48 000C                     _SPEN 0CEF                     _TRMT 0CF1  
           __CFG_WRT$OFF 0000                     _cnt1 0070                     _main 001F  
                   _temp 0072                     btemp 007E                     ltemp 007E  
                   start 0016                     ttemp 007E                     wtemp 007E  
          __CFG_IESO$OFF 0000                    ??_RSI 0073            __CFG_PLLEN$ON 0000  
                  ?_main 0073                    _BRG16 0CFB            __CFG_WDTE$OFF 0000  
                  _RCREG 0199                    _RCSTA 019D                    _TRISA 008C  
                  _TRISB 008D                    _TXREG 019A                    _TXSTA 019E  
         __CFG_FCMEN$OFF 0000           __CFG_BOREN$OFF 0000                    ltemp0 007E  
                  ltemp1 0082                    ltemp2 0086                    ltemp3 0080  
                  ttemp0 007E                    ttemp1 0081                    ttemp2 0084  
                  ttemp3 0087                    ttemp4 007F                    wtemp0 007E  
                  wtemp1 0080                    wtemp2 0082                    wtemp3 0084  
                  wtemp4 0086                    wtemp5 0088                    wtemp6 007F  
         __CFG_MCLRE$OFF 0000          __initialization 0018             __end_of_main 003C  
                 ??_main 0074                   _ANSELA 018C                   _ANSELB 018D  
                 _OSCCON 0099                   _SPBRGH 019C                   _SPBRGL 019B  
         __CFG_PWRTE$OFF 0000  __end_of__initialization 001B           __pcstackCOMMON 0073  
             __pmaintext 001F               __pintentry 0004                  _RXDTSEL 08EF  
                _TXCKSEL 08F0          __CFG_STVREN$OFF 0000             __size_of_RSI 0012  
   end_of_initialization 001B         __CFG_FOSC$INTOSC 0000      start_initialization 0018  
            __end_of_RSI 0016              __pbssCOMMON 0070                ___latbits 0001  
          __size_of_main 001D                 int$flags 007E                 intlevel1 0000  
      __CFG_CLKOUTEN$OFF 0000  
