

Microchip Technology PIC LITE Macro Assembler V1.35 build -356382666 
                                                                                               Mon Nov 16 18:37:54 2015

Microchip Technology Omniscient Code Generator v1.35 (Free mode) build 201507080246
     1                           	processor	16F1827
     2                           	opt	pw 120
     3                           	opt	lm
     4                           	psect	idataBANK0,global,class=CODE,delta=2
     5                           	psect	nvBANK0,global,class=BANK0,space=1,delta=1
     6                           	psect	cinit,global,class=CODE,merge=1,delta=2
     7                           	psect	bssBANK0,global,class=BANK0,space=1,delta=1
     8                           	psect	dataBANK0,global,class=BANK0,space=1,delta=1
     9                           	psect	inittext,global,class=CODE,delta=2
    10                           	psect	cstackCOMMON,global,class=COMMON,space=1,delta=1
    11                           	psect	cstackBANK0,global,class=BANK0,space=1,delta=1
    12                           	psect	maintext,global,class=CODE,merge=1,split=1,delta=2
    13                           	psect	text1,local,class=CODE,merge=1,delta=2
    14                           	psect	intentry,global,class=CODE,delta=2
    15                           	psect	text3,local,class=CODE,merge=1,delta=2
    16                           	psect	text4,local,class=CODE,merge=1,delta=2
    17                           	psect	text5,local,class=CODE,merge=1,delta=2
    18                           	dabs	1,0x7E,2
    19  0000                     	;# 
    20  0001                     	;# 
    21  0002                     	;# 
    22  0003                     	;# 
    23  0004                     	;# 
    24  0005                     	;# 
    25  0006                     	;# 
    26  0007                     	;# 
    27  0008                     	;# 
    28  0009                     	;# 
    29  000A                     	;# 
    30  000B                     	;# 
    31  000C                     	;# 
    32  000D                     	;# 
    33  0011                     	;# 
    34  0012                     	;# 
    35  0013                     	;# 
    36  0014                     	;# 
    37  0015                     	;# 
    38  0016                     	;# 
    39  0016                     	;# 
    40  0017                     	;# 
    41  0018                     	;# 
    42  0019                     	;# 
    43  001A                     	;# 
    44  001B                     	;# 
    45  001C                     	;# 
    46  001E                     	;# 
    47  001F                     	;# 
    48  008C                     	;# 
    49  008D                     	;# 
    50  0091                     	;# 
    51  0092                     	;# 
    52  0093                     	;# 
    53  0094                     	;# 
    54  0095                     	;# 
    55  0096                     	;# 
    56  0097                     	;# 
    57  0098                     	;# 
    58  0099                     	;# 
    59  009A                     	;# 
    60  009B                     	;# 
    61  009B                     	;# 
    62  009C                     	;# 
    63  009D                     	;# 
    64  009E                     	;# 
    65  010C                     	;# 
    66  010D                     	;# 
    67  0111                     	;# 
    68  0112                     	;# 
    69  0113                     	;# 
    70  0114                     	;# 
    71  0115                     	;# 
    72  0116                     	;# 
    73  0117                     	;# 
    74  0118                     	;# 
    75  0119                     	;# 
    76  011A                     	;# 
    77  011B                     	;# 
    78  011D                     	;# 
    79  011E                     	;# 
    80  018C                     	;# 
    81  018D                     	;# 
    82  0191                     	;# 
    83  0191                     	;# 
    84  0192                     	;# 
    85  0193                     	;# 
    86  0193                     	;# 
    87  0193                     	;# 
    88  0194                     	;# 
    89  0195                     	;# 
    90  0196                     	;# 
    91  0199                     	;# 
    92  019A                     	;# 
    93  019B                     	;# 
    94  019B                     	;# 
    95  019B                     	;# 
    96  019B                     	;# 
    97  019C                     	;# 
    98  019C                     	;# 
    99  019D                     	;# 
   100  019E                     	;# 
   101  019F                     	;# 
   102  020C                     	;# 
   103  020D                     	;# 
   104  0211                     	;# 
   105  0211                     	;# 
   106  0212                     	;# 
   107  0212                     	;# 
   108  0213                     	;# 
   109  0213                     	;# 
   110  0214                     	;# 
   111  0214                     	;# 
   112  0215                     	;# 
   113  0215                     	;# 
   114  0215                     	;# 
   115  0216                     	;# 
   116  0216                     	;# 
   117  0217                     	;# 
   118  0217                     	;# 
   119  0219                     	;# 
   120  021A                     	;# 
   121  021B                     	;# 
   122  021C                     	;# 
   123  021D                     	;# 
   124  021E                     	;# 
   125  021F                     	;# 
   126  0291                     	;# 
   127  0291                     	;# 
   128  0292                     	;# 
   129  0293                     	;# 
   130  0294                     	;# 
   131  0295                     	;# 
   132  0295                     	;# 
   133  0296                     	;# 
   134  0298                     	;# 
   135  0298                     	;# 
   136  0299                     	;# 
   137  029A                     	;# 
   138  029B                     	;# 
   139  029C                     	;# 
   140  029C                     	;# 
   141  029D                     	;# 
   142  029E                     	;# 
   143  029E                     	;# 
   144  0311                     	;# 
   145  0311                     	;# 
   146  0312                     	;# 
   147  0313                     	;# 
   148  0318                     	;# 
   149  0318                     	;# 
   150  0319                     	;# 
   151  031A                     	;# 
   152  0394                     	;# 
   153  0395                     	;# 
   154  0396                     	;# 
   155  039A                     	;# 
   156  039C                     	;# 
   157  039D                     	;# 
   158  039E                     	;# 
   159  039F                     	;# 
   160  0415                     	;# 
   161  0416                     	;# 
   162  0417                     	;# 
   163  041C                     	;# 
   164  041D                     	;# 
   165  041E                     	;# 
   166  0FE4                     	;# 
   167  0FE5                     	;# 
   168  0FE6                     	;# 
   169  0FE7                     	;# 
   170  0FE8                     	;# 
   171  0FE9                     	;# 
   172  0FEA                     	;# 
   173  0FEB                     	;# 
   174  0FED                     	;# 
   175  0FEE                     	;# 
   176  0FEF                     	;# 
   177                           
   178                           	psect	idataBANK0
   179  0219                     __pidataBANK0:	
   180                           
   181                           ;initializer for _p
   182  0219  3403               	retlw	3
   183  021A  349F               	retlw	159
   184  021B  3425               	retlw	37
   185  021C  340D               	retlw	13
   186  021D  3499               	retlw	153
   187  021E  3449               	retlw	73
   188  021F  3441               	retlw	65
   189  0220  341B               	retlw	27
   190  0221  3401               	retlw	1
   191  0222  3409               	retlw	9
   192                           
   193                           ;initializer for _q
   194  0223  3402               	retlw	2
   195  0224  349E               	retlw	158
   196  0225  3424               	retlw	36
   197  0226  340C               	retlw	12
   198  0227  3498               	retlw	152
   199  0228  3448               	retlw	72
   200  0229  3440               	retlw	64
   201  022A  341A               	retlw	26
   202  022B  3400               	retlw	0
   203  022C  3408               	retlw	8
   204                           
   205                           	psect	nvBANK0
   206  004B                     __pnvBANK0:	
   207  004B                     _temp:	
   208  004B                     	ds	4
   209  004F                     _v:	
   210  004F                     	ds	4
   211  000B                     _INTCONbits	set	11
   212  0011                     _PIR1bits	set	17
   213  000C                     _PORTA	set	12
   214  000D                     _PORTB	set	13
   215  0018                     _T1CON	set	24
   216  0017                     _TMR1H	set	23
   217  0016                     _TMR1L	set	22
   218  009D                     _ADCON0	set	157
   219  009E                     _ADCON1	set	158
   220  009C                     _ADRESH	set	156
   221  009B                     _ADRESL	set	155
   222  0095                     _OPTION_REG	set	149
   223  0099                     _OSCCON	set	153
   224  0091                     _PIE1bits	set	145
   225  008C                     _TRISA	set	140
   226  008D                     _TRISB	set	141
   227  0117                     _FVRCON	set	279
   228  018C                     _ANSELA	set	396
   229  018D                     _ANSELB	set	397
   230                           
   231                           ; #config settings
   232  0000                     
   233                           	psect	cinit
   234  001F                     start_initialization:	
   235  001F                     __initialization:	
   236                           
   237                           ; Clear objects allocated to BANK0
   238  001F  01D3               	clrf	__pbssBANK0& (0+127)
   239                           
   240                           ; Initialize objects allocated to BANK0
   241  0020  3019               	movlw	low __pidataBANK0
   242  0021  0084               	movwf	4
   243  0022  3082               	movlw	(high __pidataBANK0)| (0+128)
   244  0023  0085               	movwf	5
   245  0024  3037               	movlw	low __pdataBANK0
   246  0025  0086               	movwf	6
   247  0026  3000               	movlw	high __pdataBANK0
   248  0027  0087               	movwf	7
   249  0028  3014               	movlw	20
   250  0029  3182  222D         	fcall	init_ram
   251  002B                     end_of_initialization:	
   252                           ;End of C runtime variable initialization code
   253                           
   254  002B                     __end_of__initialization:	
   255  002B  107E               	bcf	int$flags,0	;clear compiler interrupt flag (level 1)
   256  002C  0020               	movlb	0
   257  002D  3180  28F6         	ljmp	_main	;jump to C main() function
   258                           
   259                           	psect	bssBANK0
   260  0053                     __pbssBANK0:	
   261  0053                     _i:	
   262  0053                     	ds	1
   263                           
   264                           	psect	dataBANK0
   265  0037                     __pdataBANK0:	
   266  0037                     _p:	
   267  0037                     	ds	10
   268  0041                     _q:	
   269  0041                     	ds	10
   270                           
   271                           	psect	inittext
   272  022D                     init_ram:	
   273  022D  00FE               	movwf	126
   274  022E                     initloop:	
   275  022E  0012               	moviw fsr0++
   276  022F  001E               	movwi fsr1++
   277  0230  0BFE               	decfsz	126,f
   278  0231  2A2E               	goto	initloop
   279  0232  3400               	retlw	0
   280                           
   281                           	psect	cstackCOMMON
   282  0070                     __pcstackCOMMON:	
   283  0070                     ?_isr:	
   284  0070                     ?_main:	
   285                           ; 0 bytes @ 0x0
   286                           
   287  0070                     ?___llmod:	
   288                           ; 2 bytes @ 0x0
   289                           
   290  0070                     ___llmod@divisor:	
   291                           ; 4 bytes @ 0x0
   292                           
   293                           
   294                           ; 4 bytes @ 0x0
   295  0070                     	ds	4
   296  0074                     ___llmod@dividend:	
   297                           
   298                           ; 4 bytes @ 0x4
   299  0074                     	ds	4
   300  0078                     ??___llmod:	
   301                           
   302                           ; 0 bytes @ 0x8
   303  0078                     	ds	1
   304  0079                     ___llmod@counter:	
   305                           
   306                           ; 1 bytes @ 0x9
   307  0079                     	ds	1
   308  007A                     ??___lldiv:	
   309                           
   310                           ; 0 bytes @ 0xA
   311  007A                     	ds	1
   312  007B                     ??_display:	
   313                           
   314                           ; 0 bytes @ 0xB
   315  007B                     	ds	1
   316  007C                     ??_isr:	
   317                           
   318                           ; 0 bytes @ 0xC
   319  007C                     	ds	1
   320                           
   321                           	psect	cstackBANK0
   322  0020                     __pcstackBANK0:	
   323  0020                     ?___lldiv:	
   324  0020                     ___lldiv@divisor:	
   325                           ; 4 bytes @ 0x0
   326                           
   327                           
   328                           ; 4 bytes @ 0x0
   329  0020                     	ds	4
   330  0024                     ___lldiv@dividend:	
   331                           
   332                           ; 4 bytes @ 0x4
   333  0024                     	ds	4
   334  0028                     ___lldiv@quotient:	
   335                           
   336                           ; 4 bytes @ 0x8
   337  0028                     	ds	4
   338  002C                     ___lldiv@counter:	
   339                           
   340                           ; 1 bytes @ 0xC
   341  002C                     	ds	1
   342  002D                     ?_display:	
   343  002D                     display@a:	
   344                           ; 2 bytes @ 0xD
   345                           
   346                           
   347                           ; 4 bytes @ 0xD
   348  002D                     	ds	4
   349  0031                     ?_adc:	
   350                           
   351                           ; 2 bytes @ 0x11
   352  0031                     	ds	2
   353  0033                     ??_adc:	
   354                           
   355                           ; 0 bytes @ 0x13
   356  0033                     	ds	1
   357  0034                     ??_main:	
   358                           
   359                           ; 0 bytes @ 0x14
   360  0034                     	ds	3
   361                           
   362                           	psect	maintext
   363  00F6                     __pmaintext:	
   364 ;;
   365 ;;Main: autosize = 0, tempsize = 3, incstack = 0, save=0
   366 ;;
   367 ;; *************** function _main *****************
   368 ;; Defined at:
   369 ;;		line 75 in file "PIC16F1827-Ammeter03.c"
   370 ;; Parameters:    Size  Location     Type
   371 ;;		None
   372 ;; Auto vars:     Size  Location     Type
   373 ;;		None
   374 ;; Return value:  Size  Location     Type
   375 ;;                  2   72[None  ] int 
   376 ;; Registers used:
   377 ;;		wreg, status,2, status,0, pclath, cstack
   378 ;; Tracked objects:
   379 ;;		On entry : B1F/0
   380 ;;		On exit  : 0/0
   381 ;;		Unchanged: 0/0
   382 ;; Data sizes:     COMMON   BANK0   BANK1   BANK2   BANK3   BANK4
   383 ;;      Params:         0       0       0       0       0       0
   384 ;;      Locals:         0       0       0       0       0       0
   385 ;;      Temps:          0       3       0       0       0       0
   386 ;;      Totals:         0       3       0       0       0       0
   387 ;;Total ram usage:        3 bytes
   388 ;; Hardware stack levels required when called:    4
   389 ;; This function calls:
   390 ;;		_adc
   391 ;; This function is called by:
   392 ;;		Startup code after reset
   393 ;; This function uses a non-reentrant model
   394 ;;
   395                           
   396                           
   397                           ;psect for function _main
   398  00F6                     _main:	
   399                           
   400                           ;PIC16F1827-Ammeter03.c: 76: OSCCON = 0x70;
   401                           
   402                           ;incstack = 0
   403                           ; Regs used in _main: [wreg+status,2+status,0+pclath+cstack]
   404  00F6  3070               	movlw	112
   405  00F7  0021               	movlb	1	; select bank1
   406  00F8  0099               	movwf	25	;volatile
   407                           
   408                           ;PIC16F1827-Ammeter03.c: 77: TRISA = 0b00111000;
   409  00F9  3038               	movlw	56
   410  00FA  008C               	movwf	12	;volatile
   411                           
   412                           ;PIC16F1827-Ammeter03.c: 78: TRISB = 0x00;
   413  00FB  018D               	clrf	13	;volatile
   414                           
   415                           ;PIC16F1827-Ammeter03.c: 79: ANSELA = 0b00011000;
   416  00FC  3018               	movlw	24
   417  00FD  0023               	movlb	3	; select bank3
   418  00FE  008C               	movwf	12	;volatile
   419                           
   420                           ;PIC16F1827-Ammeter03.c: 80: ANSELB = 0x00;
   421  00FF  018D               	clrf	13	;volatile
   422                           
   423                           ;PIC16F1827-Ammeter03.c: 81: ADCON1 = 0b10010011;
   424  0100  3093               	movlw	147
   425  0101  0021               	movlb	1	; select bank1
   426  0102  009E               	movwf	30	;volatile
   427                           
   428                           ;PIC16F1827-Ammeter03.c: 82: FVRCON = 0b10000011;
   429  0103  3083               	movlw	131
   430  0104  0022               	movlb	2	; select bank2
   431  0105  0097               	movwf	23	;volatile
   432                           
   433                           ;PIC16F1827-Ammeter03.c: 84: OPTION_REG = 0b10010011;
   434  0106  3093               	movlw	147
   435  0107  0021               	movlb	1	; select bank1
   436  0108  0095               	movwf	21	;volatile
   437                           
   438                           ;PIC16F1827-Ammeter03.c: 85: INTCONbits.TMR0IE = 1;
   439  0109  168B               	bsf	11,5	;volatile
   440                           
   441                           ;PIC16F1827-Ammeter03.c: 87: T1CON = 0x01;
   442  010A  3001               	movlw	1
   443  010B  0020               	movlb	0	; select bank0
   444  010C  0098               	movwf	24	;volatile
   445                           
   446                           ;PIC16F1827-Ammeter03.c: 88: TMR1H = 0x00;
   447  010D  0197               	clrf	23	;volatile
   448                           
   449                           ;PIC16F1827-Ammeter03.c: 89: TMR1L = 0x00;
   450  010E  0196               	clrf	22	;volatile
   451                           
   452                           ;PIC16F1827-Ammeter03.c: 90: PIE1bits.TMR1IE = 1;
   453  010F  0021               	movlb	1	; select bank1
   454  0110  1411               	bsf	17,0	;volatile
   455                           
   456                           ;PIC16F1827-Ammeter03.c: 91: INTCONbits.PEIE = 1;
   457  0111  170B               	bsf	11,6	;volatile
   458                           
   459                           ;PIC16F1827-Ammeter03.c: 92: INTCONbits.GIE = 1;
   460  0112  178B               	bsf	11,7	;volatile
   461  0113                     l766:	
   462                           ;PIC16F1827-Ammeter03.c: 94: while (1) {
   463                           
   464                           
   465                           ;PIC16F1827-Ammeter03.c: 95: temp = adc();
   466  0113  3182  2200  3180   	fcall	_adc
   467  0116  0020               	movlb	0	; select bank0
   468  0117  0831               	movf	?_adc,w
   469  0118  00CB               	movwf	_temp
   470  0119  0832               	movf	?_adc+1,w
   471  011A  00CC               	movwf	_temp+1
   472  011B  01CD               	clrf	_temp+2
   473  011C  01CE               	clrf	_temp+3
   474                           
   475                           ;PIC16F1827-Ammeter03.c: 96: v = temp * 2;
   476  011D  354B               	lslf	_temp,w
   477  011E  00CF               	movwf	_v
   478  011F  0D4C               	rlf	_temp+1,w
   479  0120  00D0               	movwf	_v+1
   480  0121  0D4D               	rlf	_temp+2,w
   481  0122  00D1               	movwf	_v+2
   482  0123  0D4E               	rlf	_temp+3,w
   483  0124  00D2               	movwf	_v+3
   484                           
   485                           ;PIC16F1827-Ammeter03.c: 97: _delay((unsigned long)((200)*(32000000/4000.0)));
   486  0125  3009               	movlw	9
   487  0126  00B6               	movwf	??_main+2
   488  0127  301E               	movlw	30
   489  0128  00B5               	movwf	??_main+1
   490  0129  30EB               	movlw	235
   491  012A  00B4               	movwf	??_main
   492  012B                     u337:	
   493  012B  0BB4               	decfsz	??_main,f
   494  012C  292B               	goto	u337
   495  012D  0BB5               	decfsz	??_main+1,f
   496  012E  292B               	goto	u337
   497  012F  0BB6               	decfsz	??_main+2,f
   498  0130  292B               	goto	u337
   499  0131  0000               	nop
   500                           
   501                           ;PIC16F1827-Ammeter03.c: 98: _delay((unsigned long)((200)*(32000000/4000.0)));
   502  0132  3009               	movlw	9
   503  0133  0020               	movlb	0	; select bank0
   504  0134  00B6               	movwf	??_main+2
   505  0135  301E               	movlw	30
   506  0136  00B5               	movwf	??_main+1
   507  0137  30EB               	movlw	235
   508  0138  00B4               	movwf	??_main
   509  0139                     u347:	
   510  0139  0BB4               	decfsz	??_main,f
   511  013A  2939               	goto	u347
   512  013B  0BB5               	decfsz	??_main+1,f
   513  013C  2939               	goto	u347
   514  013D  0BB6               	decfsz	??_main+2,f
   515  013E  2939               	goto	u347
   516  013F  0000               	nop
   517                           
   518                           ;PIC16F1827-Ammeter03.c: 99: _delay((unsigned long)((200)*(32000000/4000.0)));
   519  0140  3009               	movlw	9
   520  0141  0020               	movlb	0	; select bank0
   521  0142  00B6               	movwf	??_main+2
   522  0143  301E               	movlw	30
   523  0144  00B5               	movwf	??_main+1
   524  0145  30EB               	movlw	235
   525  0146  00B4               	movwf	??_main
   526  0147                     u357:	
   527  0147  0BB4               	decfsz	??_main,f
   528  0148  2947               	goto	u357
   529  0149  0BB5               	decfsz	??_main+1,f
   530  014A  2947               	goto	u357
   531  014B  0BB6               	decfsz	??_main+2,f
   532  014C  2947               	goto	u357
   533  014D  0000               	nop
   534                           
   535                           ;PIC16F1827-Ammeter03.c: 100: _delay((unsigned long)((200)*(32000000/4000.0)));
   536  014E  3009               	movlw	9
   537  014F  0020               	movlb	0	; select bank0
   538  0150  00B6               	movwf	??_main+2
   539  0151  301E               	movlw	30
   540  0152  00B5               	movwf	??_main+1
   541  0153  30EB               	movlw	235
   542  0154  00B4               	movwf	??_main
   543  0155                     u367:	
   544  0155  0BB4               	decfsz	??_main,f
   545  0156  2955               	goto	u367
   546  0157  0BB5               	decfsz	??_main+1,f
   547  0158  2955               	goto	u367
   548  0159  0BB6               	decfsz	??_main+2,f
   549  015A  2955               	goto	u367
   550  015B  0000               	nop
   551                           
   552                           ;PIC16F1827-Ammeter03.c: 101: _delay((unsigned long)((200)*(32000000/4000.0)));
   553  015C  3009               	movlw	9
   554  015D  0020               	movlb	0	; select bank0
   555  015E  00B6               	movwf	??_main+2
   556  015F  301E               	movlw	30
   557  0160  00B5               	movwf	??_main+1
   558  0161  30EB               	movlw	235
   559  0162  00B4               	movwf	??_main
   560  0163                     u377:	
   561  0163  0BB4               	decfsz	??_main,f
   562  0164  2963               	goto	u377
   563  0165  0BB5               	decfsz	??_main+1,f
   564  0166  2963               	goto	u377
   565  0167  0BB6               	decfsz	??_main+2,f
   566  0168  2963               	goto	u377
   567  0169  0000               	nop
   568  016A  2913               	goto	l766
   569  016B                     __end_of_main:	
   570                           ;PIC16F1827-Ammeter03.c: 102: }
   571                           ;PIC16F1827-Ammeter03.c: 103: return 0;
   572                           ;	Return value of _main is never used
   573                           
   574                           
   575                           	psect	text1
   576  0200                     __ptext1:	
   577 ;; *************** function _adc *****************
   578 ;; Defined at:
   579 ;;		line 30 in file "PIC16F1827-Ammeter03.c"
   580 ;; Parameters:    Size  Location     Type
   581 ;;		None
   582 ;; Auto vars:     Size  Location     Type
   583 ;;		None
   584 ;; Return value:  Size  Location     Type
   585 ;;                  2   17[BANK0 ] unsigned int 
   586 ;; Registers used:
   587 ;;		wreg, status,2, status,0
   588 ;; Tracked objects:
   589 ;;		On entry : 0/0
   590 ;;		On exit  : 0/0
   591 ;;		Unchanged: 0/0
   592 ;; Data sizes:     COMMON   BANK0   BANK1   BANK2   BANK3   BANK4
   593 ;;      Params:         0       2       0       0       0       0
   594 ;;      Locals:         0       0       0       0       0       0
   595 ;;      Temps:          0       1       0       0       0       0
   596 ;;      Totals:         0       3       0       0       0       0
   597 ;;Total ram usage:        3 bytes
   598 ;; Hardware stack levels used:    1
   599 ;; Hardware stack levels required when called:    3
   600 ;; This function calls:
   601 ;;		Nothing
   602 ;; This function is called by:
   603 ;;		_main
   604 ;; This function uses a non-reentrant model
   605 ;;
   606                           
   607                           
   608                           ;psect for function _adc
   609  0200                     _adc:	
   610                           
   611                           ;PIC16F1827-Ammeter03.c: 31: ADCON0 = (ADCON0 & 0b10000010) + 0b00010001;
   612                           
   613                           ;incstack = 0
   614                           ; Regs used in _adc: [wreg+status,2+status,0]
   615  0200  0021               	movlb	1	; select bank1
   616  0201  081D               	movf	29,w	;volatile
   617  0202  3982               	andlw	130
   618  0203  3E11               	addlw	17
   619  0204  009D               	movwf	29	;volatile
   620                           
   621                           ;PIC16F1827-Ammeter03.c: 32: _delay((unsigned long)((50)*(32000000/4000000.0)));
   622  0205  3085               	movlw	133
   623  0206  0020               	movlb	0	; select bank0
   624  0207  00B3               	movwf	??_adc
   625  0208                     u387:	
   626  0208  0BB3               	decfsz	??_adc,f
   627  0209  2A08               	goto	u387
   628                           
   629                           ;PIC16F1827-Ammeter03.c: 33: ADCON0 = (ADCON0 & 0b11111101) + 0b00000010;
   630  020A  0021               	movlb	1	; select bank1
   631  020B  081D               	movf	29,w	;volatile
   632  020C  39FD               	andlw	253
   633  020D  3E02               	addlw	2
   634  020E  009D               	movwf	29	;volatile
   635  020F                     l53:	
   636                           ;PIC16F1827-Ammeter03.c: 34: while (ADCON0 & 0b00000010);
   637                           
   638  020F  189D               	btfsc	29,1	;volatile
   639  0210  2A0F               	goto	l53
   640                           
   641                           ;PIC16F1827-Ammeter03.c: 35: return (ADRESH << 8)+ADRESL;
   642  0211  081C               	movf	28,w	;volatile
   643  0212  0020               	movlb	0	; select bank0
   644  0213  00B2               	movwf	?_adc+1
   645  0214  0021               	movlb	1	; select bank1
   646  0215  081B               	movf	27,w	;volatile
   647  0216  0020               	movlb	0	; select bank0
   648  0217  00B1               	movwf	?_adc
   649  0218  0008               	return
   650  0219                     __end_of_adc:	
   651                           
   652                           	psect	intentry
   653  0004                     __pintentry:	
   654 ;; *************** function _isr *****************
   655 ;; Defined at:
   656 ;;		line 65 in file "PIC16F1827-Ammeter03.c"
   657 ;; Parameters:    Size  Location     Type
   658 ;;		None
   659 ;; Auto vars:     Size  Location     Type
   660 ;;		None
   661 ;; Return value:  Size  Location     Type
   662 ;;		None               void
   663 ;; Registers used:
   664 ;;		wreg, fsr0l, fsr0h, fsr1l, fsr1h, status,2, status,0, pclath, cstack
   665 ;; Tracked objects:
   666 ;;		On entry : 0/0
   667 ;;		On exit  : 0/0
   668 ;;		Unchanged: 0/0
   669 ;; Data sizes:     COMMON   BANK0   BANK1   BANK2   BANK3   BANK4
   670 ;;      Params:         0       0       0       0       0       0
   671 ;;      Locals:         0       0       0       0       0       0
   672 ;;      Temps:          1       0       0       0       0       0
   673 ;;      Totals:         1       0       0       0       0       0
   674 ;;Total ram usage:        1 bytes
   675 ;; Hardware stack levels used:    1
   676 ;; Hardware stack levels required when called:    2
   677 ;; This function calls:
   678 ;;		_display
   679 ;; This function is called by:
   680 ;;		Interrupt level 1
   681 ;; This function uses a non-reentrant model
   682 ;;
   683                           
   684  0004                     _isr:	
   685                           
   686                           ;incstack = 0
   687                           ; Regs used in _isr: [wreg-fsr1h+status,2+status,0+pclath+cstack]
   688  0004  147E               	bsf	126,0	;set compiler interrupt flag (level 1)
   689  0005  3180               	pagesel	$
   690  0006  0020               	movlb	0	; select bank0
   691  0007  087F               	movf	127,w
   692  0008  00FC               	movwf	??_isr
   693                           
   694                           ;PIC16F1827-Ammeter03.c: 66: if (PIR1bits.TMR1IF == 1) {
   695  0009  1811               	btfsc	17,0	;volatile
   696                           
   697                           ;PIC16F1827-Ammeter03.c: 67: PIR1bits.TMR1IF = 0;
   698  000A  1011               	bcf	17,0	;volatile
   699                           
   700                           ;PIC16F1827-Ammeter03.c: 68: }
   701                           ;PIC16F1827-Ammeter03.c: 69: if (INTCONbits.TMR0IF == 1) {
   702  000B  1D0B               	btfss	11,2	;volatile
   703  000C  2818               	goto	i1l70
   704                           
   705                           ;PIC16F1827-Ammeter03.c: 70: INTCONbits.TMR0IF = 0;
   706  000D  110B               	bcf	11,2	;volatile
   707                           
   708                           ;PIC16F1827-Ammeter03.c: 71: display(v);
   709  000E  0852               	movf	_v+3,w
   710  000F  00B0               	movwf	display@a+3
   711  0010  0851               	movf	_v+2,w
   712  0011  00AF               	movwf	display@a+2
   713  0012  0850               	movf	_v+1,w
   714  0013  00AE               	movwf	display@a+1
   715  0014  084F               	movf	_v,w
   716  0015  00AD               	movwf	display@a
   717  0016  3180  202F         	fcall	_display
   718  0018                     i1l70:	
   719  0018  087C               	movf	??_isr,w
   720  0019  0020               	movlb	0	; select bank0
   721  001A  00FF               	movwf	127
   722  001B  107E               	bcf	126,0	;clear compiler interrupt flag (level 1)
   723  001C  0009               	retfie
   724  001D                     __end_of_isr:	
   725                           
   726                           	psect	text3
   727  002F                     __ptext3:	
   728 ;; *************** function _display *****************
   729 ;; Defined at:
   730 ;;		line 38 in file "PIC16F1827-Ammeter03.c"
   731 ;; Parameters:    Size  Location     Type
   732 ;;  a               4   13[BANK0 ] unsigned long 
   733 ;; Auto vars:     Size  Location     Type
   734 ;;		None
   735 ;; Return value:  Size  Location     Type
   736 ;;                  2   13[BANK0 ] int 
   737 ;; Registers used:
   738 ;;		wreg, fsr0l, fsr0h, fsr1l, fsr1h, status,2, status,0, pclath, cstack
   739 ;; Tracked objects:
   740 ;;		On entry : 0/0
   741 ;;		On exit  : 0/0
   742 ;;		Unchanged: 0/0
   743 ;; Data sizes:     COMMON   BANK0   BANK1   BANK2   BANK3   BANK4
   744 ;;      Params:         0       4       0       0       0       0
   745 ;;      Locals:         0       0       0       0       0       0
   746 ;;      Temps:          1       0       0       0       0       0
   747 ;;      Totals:         1       4       0       0       0       0
   748 ;;Total ram usage:        5 bytes
   749 ;; Hardware stack levels used:    1
   750 ;; Hardware stack levels required when called:    1
   751 ;; This function calls:
   752 ;;		___lldiv
   753 ;;		___llmod
   754 ;; This function is called by:
   755 ;;		_isr
   756 ;; This function uses a non-reentrant model
   757 ;;
   758                           
   759                           
   760                           ;psect for function _display
   761  002F                     _display:	
   762                           
   763                           ;PIC16F1827-Ammeter03.c: 39: i++;
   764                           
   765                           ;incstack = 0
   766                           ; Regs used in _display: [wreg-fsr1h+status,2+status,0+pclath+cstack]
   767  002F  3001               	movlw	1
   768  0030  00FB               	movwf	??_display
   769  0031  087B               	movf	??_display,w
   770  0032  0020               	movlb	0	; select bank0
   771  0033  07D3               	addwf	_i,f
   772                           
   773                           ;PIC16F1827-Ammeter03.c: 40: switch (i) {
   774  0034  28EA               	goto	i1l734
   775  0035                     i1l714:	
   776                           ;PIC16F1827-Ammeter03.c: 41: case 1:
   777                           
   778                           
   779                           ;PIC16F1827-Ammeter03.c: 42: PORTB = 0xFF;
   780  0035  30FF               	movlw	255
   781  0036  008D               	movwf	13	;volatile
   782                           
   783                           ;PIC16F1827-Ammeter03.c: 43: PORTA = 0x01;
   784  0037  3001               	movlw	1
   785  0038  008C               	movwf	12	;volatile
   786                           
   787                           ;PIC16F1827-Ammeter03.c: 44: PORTB = p[(a % 10) / 1];
   788  0039  3000               	movlw	0
   789  003A  00F3               	movwf	___llmod@divisor+3
   790  003B  3000               	movlw	0
   791  003C  00F2               	movwf	___llmod@divisor+2
   792  003D  3000               	movlw	0
   793  003E  00F1               	movwf	___llmod@divisor+1
   794  003F  300A               	movlw	10
   795  0040  00F0               	movwf	___llmod@divisor
   796  0041  0830               	movf	display@a+3,w
   797  0042  00F7               	movwf	___llmod@dividend+3
   798  0043  082F               	movf	display@a+2,w
   799  0044  00F6               	movwf	___llmod@dividend+2
   800  0045  082E               	movf	display@a+1,w
   801  0046  00F5               	movwf	___llmod@dividend+1
   802  0047  082D               	movf	display@a,w
   803  0048  00F4               	movwf	___llmod@dividend
   804  0049  3181  21BE         	fcall	___llmod
   805  004B  0870               	movf	?___llmod,w
   806  004C  3E37               	addlw	(low (_p| 0))& (0+255)
   807  004D  0086               	movwf	6
   808  004E  0187               	clrf	7
   809  004F  0801               	movf	1,w
   810  0050  0020               	movlb	0	; select bank0
   811  0051  008D               	movwf	13	;volatile
   812                           
   813                           ;PIC16F1827-Ammeter03.c: 45: break;
   814  0052  0008               	return
   815  0053                     i1l718:	
   816                           ;PIC16F1827-Ammeter03.c: 46: case 2:
   817                           
   818                           
   819                           ;PIC16F1827-Ammeter03.c: 47: PORTB = 0xFF;
   820  0053  30FF               	movlw	255
   821  0054  008D               	movwf	13	;volatile
   822                           
   823                           ;PIC16F1827-Ammeter03.c: 48: PORTA = 0x02;
   824  0055  3002               	movlw	2
   825  0056  008C               	movwf	12	;volatile
   826                           
   827                           ;PIC16F1827-Ammeter03.c: 49: PORTB = p[(a % 100) / 10];
   828  0057  3000               	movlw	0
   829  0058  00A3               	movwf	___lldiv@divisor+3
   830  0059  3000               	movlw	0
   831  005A  00A2               	movwf	___lldiv@divisor+2
   832  005B  3000               	movlw	0
   833  005C  00A1               	movwf	___lldiv@divisor+1
   834  005D  300A               	movlw	10
   835  005E  00A0               	movwf	___lldiv@divisor
   836  005F  0830               	movf	display@a+3,w
   837  0060  00F7               	movwf	___llmod@dividend+3
   838  0061  082F               	movf	display@a+2,w
   839  0062  00F6               	movwf	___llmod@dividend+2
   840  0063  082E               	movf	display@a+1,w
   841  0064  00F5               	movwf	___llmod@dividend+1
   842  0065  082D               	movf	display@a,w
   843  0066  00F4               	movwf	___llmod@dividend
   844  0067  3000               	movlw	0
   845  0068  00F3               	movwf	___llmod@divisor+3
   846  0069  3000               	movlw	0
   847  006A  00F2               	movwf	___llmod@divisor+2
   848  006B  3000               	movlw	0
   849  006C  00F1               	movwf	___llmod@divisor+1
   850  006D  3064               	movlw	100
   851  006E  00F0               	movwf	___llmod@divisor
   852  006F  3181  21BE  3180   	fcall	___llmod
   853  0072  0873               	movf	?___llmod+3,w
   854  0073  0020               	movlb	0	; select bank0
   855  0074  00A7               	movwf	___lldiv@dividend+3
   856  0075  0872               	movf	?___llmod+2,w
   857  0076  00A6               	movwf	___lldiv@dividend+2
   858  0077  0871               	movf	?___llmod+1,w
   859  0078  00A5               	movwf	___lldiv@dividend+1
   860  0079  0870               	movf	?___llmod,w
   861  007A  00A4               	movwf	___lldiv@dividend
   862  007B  3181  216B         	fcall	___lldiv
   863  007D  0020               	movlb	0	; select bank0
   864  007E  0820               	movf	?___lldiv,w
   865  007F  3E37               	addlw	(low (_p| 0))& (0+255)
   866  0080  0086               	movwf	6
   867  0081  0187               	clrf	7
   868  0082  0801               	movf	1,w
   869  0083  008D               	movwf	13	;volatile
   870                           
   871                           ;PIC16F1827-Ammeter03.c: 50: break;
   872  0084  0008               	return
   873  0085                     i1l722:	
   874                           ;PIC16F1827-Ammeter03.c: 51: case 3:
   875                           
   876                           
   877                           ;PIC16F1827-Ammeter03.c: 52: PORTB = 0xFF;
   878  0085  30FF               	movlw	255
   879  0086  008D               	movwf	13	;volatile
   880                           
   881                           ;PIC16F1827-Ammeter03.c: 53: PORTA = 0x04;
   882  0087  3004               	movlw	4
   883  0088  008C               	movwf	12	;volatile
   884                           
   885                           ;PIC16F1827-Ammeter03.c: 54: PORTB = p[(a % 1000) / 100];
   886  0089  3000               	movlw	0
   887  008A  00A3               	movwf	___lldiv@divisor+3
   888  008B  3000               	movlw	0
   889  008C  00A2               	movwf	___lldiv@divisor+2
   890  008D  3000               	movlw	0
   891  008E  00A1               	movwf	___lldiv@divisor+1
   892  008F  3064               	movlw	100
   893  0090  00A0               	movwf	___lldiv@divisor
   894  0091  0830               	movf	display@a+3,w
   895  0092  00F7               	movwf	___llmod@dividend+3
   896  0093  082F               	movf	display@a+2,w
   897  0094  00F6               	movwf	___llmod@dividend+2
   898  0095  082E               	movf	display@a+1,w
   899  0096  00F5               	movwf	___llmod@dividend+1
   900  0097  082D               	movf	display@a,w
   901  0098  00F4               	movwf	___llmod@dividend
   902  0099  3000               	movlw	0
   903  009A  00F3               	movwf	___llmod@divisor+3
   904  009B  3000               	movlw	0
   905  009C  00F2               	movwf	___llmod@divisor+2
   906  009D  3003               	movlw	3
   907  009E  00F1               	movwf	___llmod@divisor+1
   908  009F  30E8               	movlw	232
   909  00A0  00F0               	movwf	___llmod@divisor
   910  00A1  3181  21BE  3180   	fcall	___llmod
   911  00A4  0873               	movf	?___llmod+3,w
   912  00A5  0020               	movlb	0	; select bank0
   913  00A6  00A7               	movwf	___lldiv@dividend+3
   914  00A7  0872               	movf	?___llmod+2,w
   915  00A8  00A6               	movwf	___lldiv@dividend+2
   916  00A9  0871               	movf	?___llmod+1,w
   917  00AA  00A5               	movwf	___lldiv@dividend+1
   918  00AB  0870               	movf	?___llmod,w
   919  00AC  00A4               	movwf	___lldiv@dividend
   920  00AD  3181  216B         	fcall	___lldiv
   921  00AF  0020               	movlb	0	; select bank0
   922  00B0  0820               	movf	?___lldiv,w
   923  00B1  3E37               	addlw	(low (_p| 0))& (0+255)
   924  00B2  0086               	movwf	6
   925  00B3  0187               	clrf	7
   926  00B4  0801               	movf	1,w
   927  00B5  008D               	movwf	13	;volatile
   928                           
   929                           ;PIC16F1827-Ammeter03.c: 55: break;
   930  00B6  0008               	return
   931  00B7                     i1l726:	
   932                           ;PIC16F1827-Ammeter03.c: 56: default:
   933                           
   934                           
   935                           ;PIC16F1827-Ammeter03.c: 57: PORTB = 0xFF;
   936  00B7  30FF               	movlw	255
   937  00B8  008D               	movwf	13	;volatile
   938                           
   939                           ;PIC16F1827-Ammeter03.c: 58: PORTA = 0x40;
   940  00B9  3040               	movlw	64
   941  00BA  008C               	movwf	12	;volatile
   942                           
   943                           ;PIC16F1827-Ammeter03.c: 59: PORTB = q[(a % 10000) / 1000];
   944  00BB  3000               	movlw	0
   945  00BC  00A3               	movwf	___lldiv@divisor+3
   946  00BD  3000               	movlw	0
   947  00BE  00A2               	movwf	___lldiv@divisor+2
   948  00BF  3003               	movlw	3
   949  00C0  00A1               	movwf	___lldiv@divisor+1
   950  00C1  30E8               	movlw	232
   951  00C2  00A0               	movwf	___lldiv@divisor
   952  00C3  0830               	movf	display@a+3,w
   953  00C4  00F7               	movwf	___llmod@dividend+3
   954  00C5  082F               	movf	display@a+2,w
   955  00C6  00F6               	movwf	___llmod@dividend+2
   956  00C7  082E               	movf	display@a+1,w
   957  00C8  00F5               	movwf	___llmod@dividend+1
   958  00C9  082D               	movf	display@a,w
   959  00CA  00F4               	movwf	___llmod@dividend
   960  00CB  3000               	movlw	0
   961  00CC  00F3               	movwf	___llmod@divisor+3
   962  00CD  3000               	movlw	0
   963  00CE  00F2               	movwf	___llmod@divisor+2
   964  00CF  3027               	movlw	39
   965  00D0  00F1               	movwf	___llmod@divisor+1
   966  00D1  3010               	movlw	16
   967  00D2  00F0               	movwf	___llmod@divisor
   968  00D3  3181  21BE  3180   	fcall	___llmod
   969  00D6  0873               	movf	?___llmod+3,w
   970  00D7  0020               	movlb	0	; select bank0
   971  00D8  00A7               	movwf	___lldiv@dividend+3
   972  00D9  0872               	movf	?___llmod+2,w
   973  00DA  00A6               	movwf	___lldiv@dividend+2
   974  00DB  0871               	movf	?___llmod+1,w
   975  00DC  00A5               	movwf	___lldiv@dividend+1
   976  00DD  0870               	movf	?___llmod,w
   977  00DE  00A4               	movwf	___lldiv@dividend
   978  00DF  3181  216B         	fcall	___lldiv
   979  00E1  0020               	movlb	0	; select bank0
   980  00E2  0820               	movf	?___lldiv,w
   981  00E3  3E41               	addlw	(low (_q| 0))& (0+255)
   982  00E4  0086               	movwf	6
   983  00E5  0187               	clrf	7
   984  00E6  0801               	movf	1,w
   985  00E7  008D               	movwf	13	;volatile
   986                           
   987                           ;PIC16F1827-Ammeter03.c: 60: i = 0;
   988  00E8  01D3               	clrf	_i
   989                           
   990                           ;PIC16F1827-Ammeter03.c: 62: }
   991                           
   992                           ;PIC16F1827-Ammeter03.c: 61: break;
   993  00E9  0008               	return
   994  00EA                     i1l734:	
   995  00EA  0853               	movf	_i,w
   996                           
   997                           ; Switch size 1, requested type "space"
   998                           ; Number of cases is 3, Range of values is 1 to 3
   999                           ; switch strategies available:
  1000                           ; Name         Instructions Cycles
  1001                           ; simple_byte           10     6 (average)
  1002                           ; direct_byte           15     9 (fixed)
  1003                           ; jumptable            263     9 (fixed)
  1004                           ;	Chosen strategy is simple_byte
  1005  00EB  3A01               	xorlw	1	; case 1
  1006  00EC  1903               	skipnz
  1007  00ED  2835               	goto	i1l714
  1008  00EE  3A03               	xorlw	3	; case 2
  1009  00EF  1903               	skipnz
  1010  00F0  2853               	goto	i1l718
  1011  00F1  3A01               	xorlw	1	; case 3
  1012  00F2  1903               	skipnz
  1013  00F3  2885               	goto	i1l722
  1014  00F4  28B7               	goto	i1l726
  1015  00F5  0008               	return
  1016  00F6                     __end_of_display:	
  1017                           
  1018                           	psect	text4
  1019  01BE                     __ptext4:	
  1020 ;; *************** function ___llmod *****************
  1021 ;; Defined at:
  1022 ;;		line 6 in file "C:\Program Files (x86)\Microchip\xc8\v1.35\sources\common\llmod.c"
  1023 ;; Parameters:    Size  Location     Type
  1024 ;;  divisor         4    0[COMMON] unsigned long 
  1025 ;;  dividend        4    4[COMMON] unsigned long 
  1026 ;; Auto vars:     Size  Location     Type
  1027 ;;  counter         1    9[COMMON] unsigned char 
  1028 ;; Return value:  Size  Location     Type
  1029 ;;                  4    0[COMMON] unsigned long 
  1030 ;; Registers used:
  1031 ;;		wreg, status,2, status,0
  1032 ;; Tracked objects:
  1033 ;;		On entry : 0/0
  1034 ;;		On exit  : 0/0
  1035 ;;		Unchanged: 0/0
  1036 ;; Data sizes:     COMMON   BANK0   BANK1   BANK2   BANK3   BANK4
  1037 ;;      Params:         8       0       0       0       0       0
  1038 ;;      Locals:         1       0       0       0       0       0
  1039 ;;      Temps:          1       0       0       0       0       0
  1040 ;;      Totals:        10       0       0       0       0       0
  1041 ;;Total ram usage:       10 bytes
  1042 ;; Hardware stack levels used:    1
  1043 ;; This function calls:
  1044 ;;		Nothing
  1045 ;; This function is called by:
  1046 ;;		_display
  1047 ;; This function uses a non-reentrant model
  1048 ;;
  1049                           
  1050                           
  1051                           ;psect for function ___llmod
  1052  01BE                     ___llmod:	
  1053                           
  1054                           ;incstack = 0
  1055                           ; Regs used in ___llmod: [wreg+status,2+status,0]
  1056  01BE  0873               	movf	___llmod@divisor+3,w
  1057  01BF  0472               	iorwf	___llmod@divisor+2,w
  1058  01C0  0471               	iorwf	___llmod@divisor+1,w
  1059  01C1  0470               	iorwf	___llmod@divisor,w
  1060  01C2  1903               	skipnz
  1061  01C3  29F7               	goto	i1l698
  1062  01C4  01F9               	clrf	___llmod@counter
  1063  01C5  0AF9               	incf	___llmod@counter,f
  1064  01C6                     i1l688:	
  1065  01C6  1BF3               	btfsc	___llmod@divisor+3,7
  1066  01C7  29D4               	goto	i1l690
  1067  01C8  3001               	movlw	1
  1068  01C9                     u25_25:	
  1069  01C9  35F0               	lslf	___llmod@divisor,f
  1070  01CA  0DF1               	rlf	___llmod@divisor+1,f
  1071  01CB  0DF2               	rlf	___llmod@divisor+2,f
  1072  01CC  0DF3               	rlf	___llmod@divisor+3,f
  1073  01CD  0B89               	decfsz	9,f
  1074  01CE  29C9               	goto	u25_25
  1075  01CF  3001               	movlw	1
  1076  01D0  00F8               	movwf	??___llmod
  1077  01D1  0878               	movf	??___llmod,w
  1078  01D2  07F9               	addwf	___llmod@counter,f
  1079  01D3  29C6               	goto	i1l688
  1080  01D4                     i1l690:	
  1081  01D4  0873               	movf	___llmod@divisor+3,w
  1082  01D5  0277               	subwf	___llmod@dividend+3,w
  1083  01D6  1D03               	skipz
  1084  01D7  29E2               	goto	u27_25
  1085  01D8  0872               	movf	___llmod@divisor+2,w
  1086  01D9  0276               	subwf	___llmod@dividend+2,w
  1087  01DA  1D03               	skipz
  1088  01DB  29E2               	goto	u27_25
  1089  01DC  0871               	movf	___llmod@divisor+1,w
  1090  01DD  0275               	subwf	___llmod@dividend+1,w
  1091  01DE  1D03               	skipz
  1092  01DF  29E2               	goto	u27_25
  1093  01E0  0870               	movf	___llmod@divisor,w
  1094  01E1  0274               	subwf	___llmod@dividend,w
  1095  01E2                     u27_25:	
  1096  01E2  1C03               	skipc
  1097  01E3  29EC               	goto	i1l694
  1098  01E4  0870               	movf	___llmod@divisor,w
  1099  01E5  02F4               	subwf	___llmod@dividend,f
  1100  01E6  0871               	movf	___llmod@divisor+1,w
  1101  01E7  3BF5               	subwfb	___llmod@dividend+1,f
  1102  01E8  0872               	movf	___llmod@divisor+2,w
  1103  01E9  3BF6               	subwfb	___llmod@dividend+2,f
  1104  01EA  0873               	movf	___llmod@divisor+3,w
  1105  01EB  3BF7               	subwfb	___llmod@dividend+3,f
  1106  01EC                     i1l694:	
  1107  01EC  3001               	movlw	1
  1108  01ED                     u28_25:	
  1109  01ED  36F3               	lsrf	___llmod@divisor+3,f
  1110  01EE  0CF2               	rrf	___llmod@divisor+2,f
  1111  01EF  0CF1               	rrf	___llmod@divisor+1,f
  1112  01F0  0CF0               	rrf	___llmod@divisor,f
  1113  01F1  0B89               	decfsz	9,f
  1114  01F2  29ED               	goto	u28_25
  1115  01F3  3001               	movlw	1
  1116  01F4  02F9               	subwf	___llmod@counter,f
  1117  01F5  1D03               	btfss	3,2
  1118  01F6  29D4               	goto	i1l690
  1119  01F7                     i1l698:	
  1120  01F7  0877               	movf	___llmod@dividend+3,w
  1121  01F8  00F3               	movwf	?___llmod+3
  1122  01F9  0876               	movf	___llmod@dividend+2,w
  1123  01FA  00F2               	movwf	?___llmod+2
  1124  01FB  0875               	movf	___llmod@dividend+1,w
  1125  01FC  00F1               	movwf	?___llmod+1
  1126  01FD  0874               	movf	___llmod@dividend,w
  1127  01FE  00F0               	movwf	?___llmod
  1128  01FF  0008               	return
  1129  0200                     __end_of___llmod:	
  1130                           
  1131                           	psect	text5
  1132  016B                     __ptext5:	
  1133 ;; *************** function ___lldiv *****************
  1134 ;; Defined at:
  1135 ;;		line 6 in file "C:\Program Files (x86)\Microchip\xc8\v1.35\sources\common\lldiv.c"
  1136 ;; Parameters:    Size  Location     Type
  1137 ;;  divisor         4    0[BANK0 ] unsigned long 
  1138 ;;  dividend        4    4[BANK0 ] unsigned long 
  1139 ;; Auto vars:     Size  Location     Type
  1140 ;;  quotient        4    8[BANK0 ] unsigned long 
  1141 ;;  counter         1   12[BANK0 ] unsigned char 
  1142 ;; Return value:  Size  Location     Type
  1143 ;;                  4    0[BANK0 ] unsigned long 
  1144 ;; Registers used:
  1145 ;;		wreg, status,2, status,0
  1146 ;; Tracked objects:
  1147 ;;		On entry : 0/0
  1148 ;;		On exit  : 0/0
  1149 ;;		Unchanged: 0/0
  1150 ;; Data sizes:     COMMON   BANK0   BANK1   BANK2   BANK3   BANK4
  1151 ;;      Params:         0       8       0       0       0       0
  1152 ;;      Locals:         0       5       0       0       0       0
  1153 ;;      Temps:          1       0       0       0       0       0
  1154 ;;      Totals:         1      13       0       0       0       0
  1155 ;;Total ram usage:       14 bytes
  1156 ;; Hardware stack levels used:    1
  1157 ;; This function calls:
  1158 ;;		Nothing
  1159 ;; This function is called by:
  1160 ;;		_display
  1161 ;; This function uses a non-reentrant model
  1162 ;;
  1163                           
  1164                           
  1165                           ;psect for function ___lldiv
  1166  016B                     ___lldiv:	
  1167                           
  1168                           ;incstack = 0
  1169                           ; Regs used in ___lldiv: [wreg+status,2+status,0]
  1170  016B  3000               	movlw	0
  1171  016C  0020               	movlb	0	; select bank0
  1172  016D  00AB               	movwf	___lldiv@quotient+3
  1173  016E  3000               	movlw	0
  1174  016F  00AA               	movwf	___lldiv@quotient+2
  1175  0170  3000               	movlw	0
  1176  0171  00A9               	movwf	___lldiv@quotient+1
  1177  0172  3000               	movlw	0
  1178  0173  00A8               	movwf	___lldiv@quotient
  1179  0174  0823               	movf	___lldiv@divisor+3,w
  1180  0175  0422               	iorwf	___lldiv@divisor+2,w
  1181  0176  0421               	iorwf	___lldiv@divisor+1,w
  1182  0177  0420               	iorwf	___lldiv@divisor,w
  1183  0178  1903               	skipnz
  1184  0179  29B5               	goto	i1l678
  1185  017A  01AC               	clrf	___lldiv@counter
  1186  017B  0AAC               	incf	___lldiv@counter,f
  1187  017C                     i1l664:	
  1188  017C  1BA3               	btfsc	___lldiv@divisor+3,7
  1189  017D  298A               	goto	i1l666
  1190  017E  3001               	movlw	1
  1191  017F                     u18_25:	
  1192  017F  35A0               	lslf	___lldiv@divisor,f
  1193  0180  0DA1               	rlf	___lldiv@divisor+1,f
  1194  0181  0DA2               	rlf	___lldiv@divisor+2,f
  1195  0182  0DA3               	rlf	___lldiv@divisor+3,f
  1196  0183  0B89               	decfsz	9,f
  1197  0184  297F               	goto	u18_25
  1198  0185  3001               	movlw	1
  1199  0186  00FA               	movwf	??___lldiv
  1200  0187  087A               	movf	??___lldiv,w
  1201  0188  07AC               	addwf	___lldiv@counter,f
  1202  0189  297C               	goto	i1l664
  1203  018A                     i1l666:	
  1204  018A  3001               	movlw	1
  1205  018B                     u20_25:	
  1206  018B  35A8               	lslf	___lldiv@quotient,f
  1207  018C  0DA9               	rlf	___lldiv@quotient+1,f
  1208  018D  0DAA               	rlf	___lldiv@quotient+2,f
  1209  018E  0DAB               	rlf	___lldiv@quotient+3,f
  1210  018F  0B89               	decfsz	9,f
  1211  0190  298B               	goto	u20_25
  1212  0191  0823               	movf	___lldiv@divisor+3,w
  1213  0192  0227               	subwf	___lldiv@dividend+3,w
  1214  0193  1D03               	skipz
  1215  0194  299F               	goto	u21_25
  1216  0195  0822               	movf	___lldiv@divisor+2,w
  1217  0196  0226               	subwf	___lldiv@dividend+2,w
  1218  0197  1D03               	skipz
  1219  0198  299F               	goto	u21_25
  1220  0199  0821               	movf	___lldiv@divisor+1,w
  1221  019A  0225               	subwf	___lldiv@dividend+1,w
  1222  019B  1D03               	skipz
  1223  019C  299F               	goto	u21_25
  1224  019D  0820               	movf	___lldiv@divisor,w
  1225  019E  0224               	subwf	___lldiv@dividend,w
  1226  019F                     u21_25:	
  1227  019F  1C03               	skipc
  1228  01A0  29AA               	goto	i1l674
  1229  01A1  0820               	movf	___lldiv@divisor,w
  1230  01A2  02A4               	subwf	___lldiv@dividend,f
  1231  01A3  0821               	movf	___lldiv@divisor+1,w
  1232  01A4  3BA5               	subwfb	___lldiv@dividend+1,f
  1233  01A5  0822               	movf	___lldiv@divisor+2,w
  1234  01A6  3BA6               	subwfb	___lldiv@dividend+2,f
  1235  01A7  0823               	movf	___lldiv@divisor+3,w
  1236  01A8  3BA7               	subwfb	___lldiv@dividend+3,f
  1237  01A9  1428               	bsf	___lldiv@quotient,0
  1238  01AA                     i1l674:	
  1239  01AA  3001               	movlw	1
  1240  01AB                     u22_25:	
  1241  01AB  36A3               	lsrf	___lldiv@divisor+3,f
  1242  01AC  0CA2               	rrf	___lldiv@divisor+2,f
  1243  01AD  0CA1               	rrf	___lldiv@divisor+1,f
  1244  01AE  0CA0               	rrf	___lldiv@divisor,f
  1245  01AF  0B89               	decfsz	9,f
  1246  01B0  29AB               	goto	u22_25
  1247  01B1  3001               	movlw	1
  1248  01B2  02AC               	subwf	___lldiv@counter,f
  1249  01B3  1D03               	btfss	3,2
  1250  01B4  298A               	goto	i1l666
  1251  01B5                     i1l678:	
  1252  01B5  082B               	movf	___lldiv@quotient+3,w
  1253  01B6  00A3               	movwf	?___lldiv+3
  1254  01B7  082A               	movf	___lldiv@quotient+2,w
  1255  01B8  00A2               	movwf	?___lldiv+2
  1256  01B9  0829               	movf	___lldiv@quotient+1,w
  1257  01BA  00A1               	movwf	?___lldiv+1
  1258  01BB  0828               	movf	___lldiv@quotient,w
  1259  01BC  00A0               	movwf	?___lldiv
  1260  01BD  0008               	return
  1261  01BE                     __end_of___lldiv:	
  1262  007E                     btemp	set	126	;btemp
  1263  007E                     int$flags	set	126
  1264  007E                     wtemp	set	126
  1265  007E                     wtemp0	set	126
  1266  0080                     wtemp1	set	128
  1267  0082                     wtemp2	set	130
  1268  0084                     wtemp3	set	132
  1269  0086                     wtemp4	set	134
  1270  0088                     wtemp5	set	136
  1271  007F                     wtemp6	set	127
  1272  007E                     ttemp	set	126
  1273  007E                     ttemp0	set	126
  1274  0081                     ttemp1	set	129
  1275  0084                     ttemp2	set	132
  1276  0087                     ttemp3	set	135
  1277  007F                     ttemp4	set	127
  1278  007E                     ltemp	set	126
  1279  007E                     ltemp0	set	126
  1280  0082                     ltemp1	set	130
  1281  0086                     ltemp2	set	134
  1282  0080                     ltemp3	set	128


Data Sizes:
    Strings     0
    Constant    0
    Data        20
    BSS         1
    Persistent  8
    Stack       0

Auto Spaces:
    Space          Size  Autos    Used
    COMMON           14     13      13
    BANK0            80     23      52
    BANK1            80      0       0
    BANK2            80      0       0
    BANK3            80      0       0
    BANK4            48      0       0

Pointer List with Targets:

    None.

Critical Paths under _main in COMMON

    None.

Critical Paths under _isr in COMMON

    _isr->_display
    _display->___lldiv
    ___lldiv->___llmod

Critical Paths under _main in BANK0

    _main->_adc

Critical Paths under _isr in BANK0

    _isr->_display
    _display->___lldiv

Critical Paths under _main in BANK1

    None.

Critical Paths under _isr in BANK1

    None.

Critical Paths under _main in BANK2

    None.

Critical Paths under _isr in BANK2

    None.

Critical Paths under _main in BANK3

    None.

Critical Paths under _isr in BANK3

    None.

Critical Paths under _main in BANK4

    None.

Critical Paths under _isr in BANK4

    None.

Call Graph Tables:

 ---------------------------------------------------------------------------------
 (Depth) Function   	        Calls       Base Space   Used Autos Params    Refs
 ---------------------------------------------------------------------------------
 (0) _main                                                 3     3      0       0
                                             20 BANK0      3     3      0
                                _adc
 ---------------------------------------------------------------------------------
 (1) _adc                                                  3     1      2       0
                                             17 BANK0      3     1      2
 ---------------------------------------------------------------------------------
 Estimated maximum stack depth 1
 ---------------------------------------------------------------------------------
 (Depth) Function   	        Calls       Base Space   Used Autos Params    Refs
 ---------------------------------------------------------------------------------
 (2) _isr                                                  1     1      0    1204
                                             12 COMMON     1     1      0
                            _display
 ---------------------------------------------------------------------------------
 (3) _display                                              5     1      4    1204
                                             11 COMMON     1     1      0
                                             13 BANK0      4     0      4
                            ___lldiv
                            ___llmod
 ---------------------------------------------------------------------------------
 (4) ___llmod                                             10     2      8     583
                                              0 COMMON    10     2      8
 ---------------------------------------------------------------------------------
 (4) ___lldiv                                             14     6      8     480
                                             10 COMMON     1     1      0
                                              0 BANK0     13     5      8
                            ___llmod (ARG)
 ---------------------------------------------------------------------------------
 Estimated maximum stack depth 4
 ---------------------------------------------------------------------------------

 Call Graph Graphs:

 _main (ROOT)
   _adc

 _isr (ROOT)
   _display
     ___lldiv
       ___llmod (ARG)
     ___llmod

 Address spaces:
Name               Size   Autos  Total    Cost      Usage
BIGRAM             170      0       0       0        0.0%
EEDATA             100      0       0       0        0.0%
NULL                 0      0       0       0        0.0%
CODE                 0      0       0       0        0.0%
BITCOMMON            E      0       0       1        0.0%
BITSFR0              0      0       0       1        0.0%
SFR0                 0      0       0       1        0.0%
COMMON               E      D       D       2       92.9%
BITSFR1              0      0       0       2        0.0%
SFR1                 0      0       0       2        0.0%
BITSFR2              0      0       0       3        0.0%
SFR2                 0      0       0       3        0.0%
STACK                0      0       0       3        0.0%
BITSFR3              0      0       0       4        0.0%
SFR3                 0      0       0       4        0.0%
ABS                  0      0      41       4        0.0%
BITBANK0            50      0       0       5        0.0%
BITSFR4              0      0       0       5        0.0%
SFR4                 0      0       0       5        0.0%
BANK0               50     17      34       6       65.0%
BITSFR5              0      0       0       6        0.0%
SFR5                 0      0       0       6        0.0%
BITBANK1            50      0       0       7        0.0%
BITSFR6              0      0       0       7        0.0%
SFR6                 0      0       0       7        0.0%
BANK1               50      0       0       8        0.0%
BITSFR7              0      0       0       8        0.0%
SFR7                 0      0       0       8        0.0%
BITBANK2            50      0       0       9        0.0%
BITSFR8              0      0       0       9        0.0%
SFR8                 0      0       0       9        0.0%
BANK2               50      0       0      10        0.0%
BITSFR9              0      0       0      10        0.0%
SFR9                 0      0       0      10        0.0%
BITBANK3            50      0       0      11        0.0%
BITSFR10             0      0       0      11        0.0%
SFR10                0      0       0      11        0.0%
BANK3               50      0       0      12        0.0%
BITSFR11             0      0       0      12        0.0%
SFR11                0      0       0      12        0.0%
BITBANK4            30      0       0      13        0.0%
BITSFR12             0      0       0      13        0.0%
SFR12                0      0       0      13        0.0%
BANK4               30      0       0      14        0.0%
BITSFR13             0      0       0      14        0.0%
SFR13                0      0       0      14        0.0%
BITSFR14             0      0       0      15        0.0%
SFR14                0      0       0      15        0.0%
DATA                 0      0      41      15        0.0%
BITSFR15             0      0       0      16        0.0%
SFR15                0      0       0      16        0.0%
BITSFR16             0      0       0      17        0.0%
SFR16                0      0       0      17        0.0%
BITSFR17             0      0       0      18        0.0%
SFR17                0      0       0      18        0.0%
BITSFR18             0      0       0      19        0.0%
SFR18                0      0       0      19        0.0%
BITSFR19             0      0       0      20        0.0%
SFR19                0      0       0      20        0.0%
BITSFR20             0      0       0      21        0.0%
SFR20                0      0       0      21        0.0%
BITSFR21             0      0       0      22        0.0%
SFR21                0      0       0      22        0.0%
BITSFR22             0      0       0      23        0.0%
SFR22                0      0       0      23        0.0%
BITSFR23             0      0       0      24        0.0%
SFR23                0      0       0      24        0.0%
BITSFR24             0      0       0      25        0.0%
SFR24                0      0       0      25        0.0%
BITSFR25             0      0       0      26        0.0%
SFR25                0      0       0      26        0.0%
BITSFR26             0      0       0      27        0.0%
SFR26                0      0       0      27        0.0%
BITSFR27             0      0       0      28        0.0%
SFR27                0      0       0      28        0.0%
BITSFR28             0      0       0      29        0.0%
SFR28                0      0       0      29        0.0%
BITSFR29             0      0       0      30        0.0%
SFR29                0      0       0      30        0.0%
BITSFR30             0      0       0      31        0.0%
SFR30                0      0       0      31        0.0%
BITSFR31             0      0       0      32        0.0%
SFR31                0      0       0      32        0.0%


Microchip Technology PIC Macro Assembler V1.35 build -356382666 
Symbol Table                                                                                   Mon Nov 16 18:37:54 2015

                      _i 0053                        _p 0037                        _q 0041  
                      _v 004F              __CFG_CP$OFF 0000                       l53 020F  
            __CFG_LVP$ON 0000                      l766 0113                      u337 012B  
           __CFG_CPD$OFF 0000                      u347 0139                      u357 0147  
                    u367 0155                      u377 0163                      u387 0208  
                    _adc 0200                      _isr 0004             __CFG_BORV$LO 0000  
                    wreg 0009                     ?_adc 0031                     ?_isr 0070  
                   i1l70 0018             __CFG_WRT$OFF 0000                     _main 00F6  
                   _temp 004B                     fsr0h 0005                     fsr1h 0007  
                   fsr0l 0004                     indf1 0001                     fsr1l 0006  
                   btemp 007E                     ltemp 007E                     start 001D  
                   ttemp 007E                     wtemp 007E            __CFG_IESO$OFF 0000  
                  ??_adc 0033                    ??_isr 007C            __CFG_PLLEN$ON 0000  
                  ?_main 0070            __CFG_WDTE$OFF 0000          __end_of___lldiv 01BE  
                  _T1CON 0018          __end_of___llmod 0200                    i1l722 0085  
                  i1l714 0035                    i1l726 00B7                    i1l718 0053  
                  i1l734 00EA                    i1l664 017C                    i1l674 01AA  
                  i1l666 018A                    i1l690 01D4                    i1l678 01B5  
                  i1l694 01EC                    i1l688 01C6                    i1l698 01F7  
                  u20_25 018B                    u21_25 019F                    u22_25 01AB  
                  _TMR1H 0017                    u25_25 01C9                    _TMR1L 0016  
                  u18_25 017F                    _PORTA 000C                    _PORTB 000D  
                  u27_25 01E2                    u28_25 01ED                    _TRISA 008C  
                  _TRISB 008D           __CFG_FCMEN$OFF 0000          __end_of_display 00F6  
         __CFG_BOREN$OFF 0000                    ltemp0 007E                    ltemp1 0082  
                  ltemp2 0086                    ltemp3 0080                    ttemp0 007E  
                  ttemp1 0081                    ttemp2 0084                    ttemp3 0087  
                  ttemp4 007F                    status 0003                    wtemp0 007E  
                  wtemp1 0080                    wtemp2 0082                    wtemp3 0084  
                  wtemp4 0086                    wtemp5 0088                    wtemp6 007F  
         __CFG_MCLRE$OFF 0000          __initialization 001F             __end_of_main 016B  
                 ??_main 0034                   _ADCON0 009D                   _ADCON1 009E  
       ___llmod@dividend 0074                   _ADRESH 009C                   _ADRESL 009B  
                 _ANSELA 018C                   _ANSELB 018D                   _FVRCON 0117  
                 _OSCCON 0099           __CFG_PWRTE$OFF 0000                ??___lldiv 007A  
              ??___llmod 0078                ??_display 007B  __end_of__initialization 002B  
         __pcstackCOMMON 0070             __pidataBANK0 0219               __pbssBANK0 0053  
             __pmaintext 00F6               __pintentry 0004                  ___lldiv 016B  
                ___llmod 01BE          __CFG_STVREN$OFF 0000                  __ptext1 0200  
                __ptext3 002F                  __ptext4 01BE                  __ptext5 016B  
                _display 002F             __size_of_adc 0019             __size_of_isr 0019  
   end_of_initialization 002B                  init_ram 022D                  initloop 022E  
        ___lldiv@divisor 0020          ___lldiv@counter 002C         __CFG_FOSC$INTOSC 0000  
    start_initialization 001F              __end_of_adc 0219              __end_of_isr 001D  
        ___llmod@divisor 0070          ___llmod@counter 0079              __pdataBANK0 0037  
              ___latbits 0001            __pcstackBANK0 0020                __pnvBANK0 004B  
               ?___lldiv 0020                 ?___llmod 0070                 ?_display 002D  
               _PIE1bits 0091                 _PIR1bits 0011         __size_of___lldiv 0053  
       __size_of___llmod 0042         __size_of_display 00C7            __size_of_main 0075  
               int$flags 007E                 display@a 002D               _INTCONbits 000B  
               intlevel1 0000         ___lldiv@dividend 0024        __CFG_CLKOUTEN$OFF 0000  
             _OPTION_REG 0095         ___lldiv@quotient 0028  
